Using pre-set license
Built from '2022.3/release' branch; Version is '2022.3.5f1 (9674261d40ee) revision 9860134'; Using compiler version '192829333'; Build Type 'Release'
OS: 'Windows 11  (10.0.26100) 64bit CoreSingleLanguage' Language: 'en' Physical Memory: 16002 MB
BatchMode: 1, IsHumanControllingUs: 0, StartBugReporterOnCrash: 0, Is64bit: 1, IsPro: 1

COMMAND LINE ARGUMENTS:
D:\Unity Editors\Unity 2022.3.5f1\Editor\Unity.exe
-adb2
-batchMode
-noUpm
-name
AssetImportWorker10
-projectPath
D:/Unity projects/CognitiveBias/Cognitive_Bias_Simulator/My project
-logFile
Logs/AssetImportWorker10.log
-srvPort
51901
Successfully changed project path to: D:/Unity projects/CognitiveBias/Cognitive_Bias_Simulator/My project
D:/Unity projects/CognitiveBias/Cognitive_Bias_Simulator/My project
[UnityMemory] Configuration Parameters - Can be set up in boot.config
    "memorysetup-bucket-allocator-granularity=16"
    "memorysetup-bucket-allocator-bucket-count=8"
    "memorysetup-bucket-allocator-block-size=33554432"
    "memorysetup-bucket-allocator-block-count=8"
    "memorysetup-main-allocator-block-size=16777216"
    "memorysetup-thread-allocator-block-size=16777216"
    "memorysetup-gfx-main-allocator-block-size=16777216"
    "memorysetup-gfx-thread-allocator-block-size=16777216"
    "memorysetup-cache-allocator-block-size=4194304"
    "memorysetup-typetree-allocator-block-size=2097152"
    "memorysetup-profiler-bucket-allocator-granularity=16"
    "memorysetup-profiler-bucket-allocator-bucket-count=8"
    "memorysetup-profiler-bucket-allocator-block-size=33554432"
    "memorysetup-profiler-bucket-allocator-block-count=8"
    "memorysetup-profiler-allocator-block-size=16777216"
    "memorysetup-profiler-editor-allocator-block-size=1048576"
    "memorysetup-temp-allocator-size-main=16777216"
    "memorysetup-job-temp-allocator-block-size=2097152"
    "memorysetup-job-temp-allocator-block-size-background=1048576"
    "memorysetup-job-temp-allocator-reduction-small-platforms=262144"
    "memorysetup-allocator-temp-initial-block-size-main=262144"
    "memorysetup-allocator-temp-initial-block-size-worker=262144"
    "memorysetup-temp-allocator-size-background-worker=32768"
    "memorysetup-temp-allocator-size-job-worker=262144"
    "memorysetup-temp-allocator-size-preload-manager=33554432"
    "memorysetup-temp-allocator-size-nav-mesh-worker=65536"
    "memorysetup-temp-allocator-size-audio-worker=65536"
    "memorysetup-temp-allocator-size-cloud-worker=32768"
    "memorysetup-temp-allocator-size-gi-baking-worker=262144"
    "memorysetup-temp-allocator-size-gfx=262144"
Player connection [14800] Host "[IP] 192.168.2.151 [Port] 0 [Flags] 2 [Guid] 2904379892 [EditorId] 2904379892 [Version] 1048832 [Id] WindowsEditor(7,George_Asus) [Debug] 1 [PackageName] WindowsEditor [ProjectName] Editor" joined multi-casting on [225.0.0.222:54997]...

Player connection [14800] Host "[IP] 192.168.2.151 [Port] 0 [Flags] 2 [Guid] 2904379892 [EditorId] 2904379892 [Version] 1048832 [Id] WindowsEditor(7,George_Asus) [Debug] 1 [PackageName] WindowsEditor [ProjectName] Editor" joined alternative multi-casting on [225.0.0.222:34997]...

Refreshing native plugins compatible for Editor in 4.60 ms, found 3 plugins.
Preloading 0 native plugins for Editor in 0.00 ms.
Initialize engine version: 2022.3.5f1 (9674261d40ee)
[Subsystems] Discovering subsystems at path D:/Unity Editors/Unity 2022.3.5f1/Editor/Data/Resources/UnitySubsystems
[Subsystems] Discovering subsystems at path D:/Unity projects/CognitiveBias/Cognitive_Bias_Simulator/My project/Assets
GfxDevice: creating device client; threaded=0; jobified=0
Direct3D:
    Version:  Direct3D 11.0 [level 11.1]
    Renderer: NVIDIA GeForce RTX 4070 Laptop GPU (ID=0x2860)
    Vendor:   NVIDIA
    VRAM:     7948 MB
    Driver:   32.0.15.7640
Initialize mono
Mono path[0] = 'D:/Unity Editors/Unity 2022.3.5f1/Editor/Data/Managed'
Mono path[1] = 'D:/Unity Editors/Unity 2022.3.5f1/Editor/Data/MonoBleedingEdge/lib/mono/unityjit-win32'
Mono config path = 'D:/Unity Editors/Unity 2022.3.5f1/Editor/Data/MonoBleedingEdge/etc'
Using monoOptions --debugger-agent=transport=dt_socket,embedding=1,server=y,suspend=n,address=127.0.0.1:56328
Begin MonoManager ReloadAssembly
Registering precompiled unity dll's ...
Register platform support module: D:/Unity Editors/Unity 2022.3.5f1/Editor/Data/PlaybackEngines/WebGLSupport/UnityEditor.WebGL.Extensions.dll
Register platform support module: D:/Unity Editors/Unity 2022.3.5f1/Editor/Data/PlaybackEngines/WindowsStandaloneSupport/UnityEditor.WindowsStandalone.Extensions.dll
Registered in 0.003069 seconds.
- Loaded All Assemblies, in  0.181 seconds
Native extension for WindowsStandalone target not found
Native extension for WebGL target not found
Mono: successfully reloaded assembly
- Finished resetting the current domain, in  0.135 seconds
Domain Reload Profiling: 315ms
	BeginReloadAssembly (53ms)
		ExecutionOrderSort (0ms)
		DisableScriptedObjects (0ms)
		BackupInstance (0ms)
		ReleaseScriptingObjects (0ms)
		CreateAndSetChildDomain (0ms)
	RebuildCommonClasses (19ms)
	RebuildNativeTypeToScriptingClass (5ms)
	initialDomainReloadingComplete (29ms)
	LoadAllAssembliesAndSetupDomain (74ms)
		LoadAssemblies (53ms)
		RebuildTransferFunctionScriptingTraits (0ms)
		AnalyzeDomain (72ms)
			TypeCache.Refresh (71ms)
				TypeCache.ScanAssembly (65ms)
			ScanForSourceGeneratedMonoScriptInfo (0ms)
			ResolveRequiredComponents (0ms)
	FinalizeReload (135ms)
		ReleaseScriptCaches (0ms)
		RebuildScriptCaches (0ms)
		SetupLoadedEditorAssemblies (104ms)
			LogAssemblyErrors (0ms)
			InitializePlatformSupportModulesInManaged (4ms)
			SetLoadedEditorAssemblies (3ms)
			RefreshPlugins (0ms)
			BeforeProcessingInitializeOnLoad (1ms)
			ProcessInitializeOnLoadAttributes (72ms)
			ProcessInitializeOnLoadMethodAttributes (24ms)
			AfterProcessingInitializeOnLoad (0ms)
			EditorAssembliesLoaded (0ms)
		ExecutionOrderSort2 (0ms)
		AwakeInstancesAfterBackupRestoration (0ms)
========================================================================
Worker process is ready to serve import requests
Begin MonoManager ReloadAssembly
- Loaded All Assemblies, in  0.376 seconds
Refreshing native plugins compatible for Editor in 1.43 ms, found 3 plugins.
Native extension for WindowsStandalone target not found
Native extension for WebGL target not found
Mono: successfully reloaded assembly
- Finished resetting the current domain, in  0.266 seconds
Domain Reload Profiling: 642ms
	BeginReloadAssembly (75ms)
		ExecutionOrderSort (0ms)
		DisableScriptedObjects (3ms)
		BackupInstance (0ms)
		ReleaseScriptingObjects (0ms)
		CreateAndSetChildDomain (12ms)
	RebuildCommonClasses (18ms)
	RebuildNativeTypeToScriptingClass (5ms)
	initialDomainReloadingComplete (23ms)
	LoadAllAssembliesAndSetupDomain (255ms)
		LoadAssemblies (147ms)
		RebuildTransferFunctionScriptingTraits (0ms)
		AnalyzeDomain (151ms)
			TypeCache.Refresh (141ms)
				TypeCache.ScanAssembly (135ms)
			ScanForSourceGeneratedMonoScriptInfo (8ms)
			ResolveRequiredComponents (2ms)
	FinalizeReload (266ms)
		ReleaseScriptCaches (0ms)
		RebuildScriptCaches (0ms)
		SetupLoadedEditorAssemblies (192ms)
			LogAssemblyErrors (0ms)
			InitializePlatformSupportModulesInManaged (2ms)
			SetLoadedEditorAssemblies (2ms)
			RefreshPlugins (0ms)
			BeforeProcessingInitializeOnLoad (27ms)
			ProcessInitializeOnLoadAttributes (150ms)
			ProcessInitializeOnLoadMethodAttributes (9ms)
			AfterProcessingInitializeOnLoad (1ms)
			EditorAssembliesLoaded (0ms)
		ExecutionOrderSort2 (0ms)
		AwakeInstancesAfterBackupRestoration (3ms)
Launched and connected shader compiler UnityShaderCompiler.exe after 0.02 seconds
Refreshing native plugins compatible for Editor in 2.77 ms, found 3 plugins.
Preloading 0 native plugins for Editor in 0.00 ms.
Unloading 3261 Unused Serialized files (Serialized files now loaded: 0)
Unloading 45 unused Assets / (1.8 MB). Loaded Objects now: 3714.
Memory consumption went from 135.4 MB to 133.6 MB.
Total: 3.374200 ms (FindLiveObjects: 0.155700 ms CreateObjectMapping: 0.057300 ms MarkObjects: 2.907400 ms  DeleteObjects: 0.253000 ms)

AssetImportParameters requested are different than current active one (requested -> active):
  custom:container-demuxer-ogg: 62fdf1f143b41e24485cea50d1cbac27 -> 
  custom:video-codec-MediaFoundation-h265: 746d11721c4dcdbdad8f713fa42b33f4 -> 
  custom:video-decoder-ogg-theora: a1e56fd34408186e4bbccfd4996cb3dc -> 
  custom:framework-win-MediaFoundation: 216162199b28c13a410421893ffa2e32 -> 
  custom:CustomObjectIndexerAttribute: 756ad292c208cfabdd7b50bc23989ffe -> 
  custom:container-demuxer-webm: 4f35f7cbe854078d1ac9338744f61a02 -> 
  custom:container-muxer-webm: aa71ff27fc2769a1b78a27578f13a17b -> 
  custom:video-decoder-webm-vp8: 9c59270c3fd7afecdb556c50c9e8de78 -> 
  custom:AudioImporter_EditorPlatform: d09bf68614088b80899f8185d706f6e7 -> 
  custom:video-encoder-webm-vp8: eb34c28f22e8b96e1ab97ce403110664 -> 
  custom:audio-decoder-ogg-vorbis: bf7c407c2cedff20999df2af8eb42d56 -> 
  custom:audio-encoder-webm-vorbis: bf7c407c2cedff20999df2af8eb42d56 -> 
========================================================================
Received Import Request.
  Time since last request: 15576.875926 seconds.
  path: Assets/PandazoleHome/Prefabs/Prop_Faucet_03.prefab
  artifactKey: Guid(0234de9bd8e43b340bd1542b6dae6499) Importer(815301076,1909f56bfc062723c751e8b465ee728b)
Start importing Assets/PandazoleHome/Prefabs/Prop_Faucet_03.prefab using Guid(0234de9bd8e43b340bd1542b6dae6499) Importer(815301076,1909f56bfc062723c751e8b465ee728b)  -> (artifact id: 'd4061624956651e8eda8a81ae01b22df') in 0.078108 seconds
Number of updated asset objects reloaded before import = 0
Number of asset objects unloaded after import = 10
========================================================================
Received Import Request.
  Time since last request: 0.000013 seconds.
  path: Assets/PandazoleHome/Prefabs/Prop_Homeplant_01.prefab
  artifactKey: Guid(bc96a176a96d2ad4f9a0c97e053d764b) Importer(815301076,1909f56bfc062723c751e8b465ee728b)
Start importing Assets/PandazoleHome/Prefabs/Prop_Homeplant_01.prefab using Guid(bc96a176a96d2ad4f9a0c97e053d764b) Importer(815301076,1909f56bfc062723c751e8b465ee728b)  -> (artifact id: '3522cbe3562240899db390e8cec7a758') in 0.006545 seconds
Number of updated asset objects reloaded before import = 0
Number of asset objects unloaded after import = 10
========================================================================
Received Import Request.
  Time since last request: 0.000014 seconds.
  path: Assets/PandazoleHome/Prefabs/Prop_HomeLamp_03.prefab
  artifactKey: Guid(8861d859fa131a94aa6deb29053058cc) Importer(815301076,1909f56bfc062723c751e8b465ee728b)
Start importing Assets/PandazoleHome/Prefabs/Prop_HomeLamp_03.prefab using Guid(8861d859fa131a94aa6deb29053058cc) Importer(815301076,1909f56bfc062723c751e8b465ee728b)  -> (artifact id: '0a0ca707c3d8093d13bbdf8936d62481') in 0.006605 seconds
Number of updated asset objects reloaded before import = 0
Number of asset objects unloaded after import = 10
========================================================================
Received Import Request.
  Time since last request: 1.008902 seconds.
  path: Assets/PandazoleHome/Prefabs/Prop_Homeplant_11.prefab
  artifactKey: Guid(daec2da31a06471479c869b9d401962f) Importer(815301076,1909f56bfc062723c751e8b465ee728b)
Start importing Assets/PandazoleHome/Prefabs/Prop_Homeplant_11.prefab using Guid(daec2da31a06471479c869b9d401962f) Importer(815301076,1909f56bfc062723c751e8b465ee728b)  -> (artifact id: 'b215e0fadf83120e4579bef0ccea8a3d') in 0.005778 seconds
Number of updated asset objects reloaded before import = 0
Number of asset objects unloaded after import = 10
========================================================================
Received Import Request.
  Time since last request: 0.000010 seconds.
  path: Assets/PandazoleHome/Prefabs/Prop_HomeTheater_04.prefab
  artifactKey: Guid(87dbb90e313639849a7fe9072b433128) Importer(815301076,1909f56bfc062723c751e8b465ee728b)
Start importing Assets/PandazoleHome/Prefabs/Prop_HomeTheater_04.prefab using Guid(87dbb90e313639849a7fe9072b433128) Importer(815301076,1909f56bfc062723c751e8b465ee728b)  -> (artifact id: '6dc16f27f6a11559d6d734f693eff318') in 0.008034 seconds
Number of updated asset objects reloaded before import = 0
Number of asset objects unloaded after import = 10
========================================================================
Received Import Request.
  Time since last request: 0.023343 seconds.
  path: Assets/PandazoleHome/Prefabs/Prop_KidsCube_A.prefab
  artifactKey: Guid(5af375af61fad404cb9ecd678bc64bff) Importer(815301076,1909f56bfc062723c751e8b465ee728b)
Start importing Assets/PandazoleHome/Prefabs/Prop_KidsCube_A.prefab using Guid(5af375af61fad404cb9ecd678bc64bff) Importer(815301076,1909f56bfc062723c751e8b465ee728b)  -> (artifact id: '1f03c4f51b1a0a96afec0ab578405e20') in 0.005181 seconds
Number of updated asset objects reloaded before import = 0
Number of asset objects unloaded after import = 10
========================================================================
Received Import Request.
  Time since last request: 0.000016 seconds.
  path: Assets/PandazoleHome/Prefabs/Prop_KidsCube_I.prefab
  artifactKey: Guid(f743f9e2f6efe0042b0cb27e4624008b) Importer(815301076,1909f56bfc062723c751e8b465ee728b)
Start importing Assets/PandazoleHome/Prefabs/Prop_KidsCube_I.prefab using Guid(f743f9e2f6efe0042b0cb27e4624008b) Importer(815301076,1909f56bfc062723c751e8b465ee728b)  -> (artifact id: '1f2e7e98b3ce58d70b27fd3f655db93f') in 0.005869 seconds
Number of updated asset objects reloaded before import = 0
Number of asset objects unloaded after import = 10
========================================================================
Received Import Request.
  Time since last request: 0.000022 seconds.
  path: Assets/PandazoleHome/Prefabs/Prop_KidsCube_J.prefab
  artifactKey: Guid(76c7196ae34380a4b946da8d06630510) Importer(815301076,1909f56bfc062723c751e8b465ee728b)
Start importing Assets/PandazoleHome/Prefabs/Prop_KidsCube_J.prefab using Guid(76c7196ae34380a4b946da8d06630510) Importer(815301076,1909f56bfc062723c751e8b465ee728b)  -> (artifact id: 'ebedd08820eaf585234038c11ad79202') in 0.005403 seconds
Number of updated asset objects reloaded before import = 0
Number of asset objects unloaded after import = 10
========================================================================
Received Import Request.
  Time since last request: 0.066952 seconds.
  path: Assets/PandazoleHome/Prefabs/Prop_KidsCube_N.prefab
  artifactKey: Guid(b00e1eae3ec33394d843202336486771) Importer(815301076,1909f56bfc062723c751e8b465ee728b)
Start importing Assets/PandazoleHome/Prefabs/Prop_KidsCube_N.prefab using Guid(b00e1eae3ec33394d843202336486771) Importer(815301076,1909f56bfc062723c751e8b465ee728b)  -> (artifact id: '3bebdaa17e29abb09043ca081c948f32') in 0.006593 seconds
Number of updated asset objects reloaded before import = 0
Number of asset objects unloaded after import = 10
========================================================================
Received Import Request.
  Time since last request: 0.000016 seconds.
  path: Assets/PandazoleHome/Prefabs/Prop_KidsCube_R.prefab
  artifactKey: Guid(9cb1f011b45852548b126dad77df4265) Importer(815301076,1909f56bfc062723c751e8b465ee728b)
Start importing Assets/PandazoleHome/Prefabs/Prop_KidsCube_R.prefab using Guid(9cb1f011b45852548b126dad77df4265) Importer(815301076,1909f56bfc062723c751e8b465ee728b)  -> (artifact id: 'abfb7fa102c041fba9e8d8835691e5c0') in 0.006829 seconds
Number of updated asset objects reloaded before import = 0
Number of asset objects unloaded after import = 10
========================================================================
Received Import Request.
  Time since last request: 0.639163 seconds.
  path: Assets/PandazoleHome/Prefabs/Prop_KitchenCabinet_01_A.prefab
  artifactKey: Guid(e97d0c313c3959e469626d7929162728) Importer(815301076,1909f56bfc062723c751e8b465ee728b)
Start importing Assets/PandazoleHome/Prefabs/Prop_KitchenCabinet_01_A.prefab using Guid(e97d0c313c3959e469626d7929162728) Importer(815301076,1909f56bfc062723c751e8b465ee728b)  -> (artifact id: '2c634d5b4c9fd88685b2dd8847f8574f') in 0.005639 seconds
Number of updated asset objects reloaded before import = 0
Number of asset objects unloaded after import = 10
========================================================================
Received Import Request.
  Time since last request: 0.000011 seconds.
  path: Assets/PandazoleHome/Prefabs/Prop_KitchenCabinet_02_B.prefab
  artifactKey: Guid(47a17588c7032a34f8b0011f7c6bd207) Importer(815301076,1909f56bfc062723c751e8b465ee728b)
Start importing Assets/PandazoleHome/Prefabs/Prop_KitchenCabinet_02_B.prefab using Guid(47a17588c7032a34f8b0011f7c6bd207) Importer(815301076,1909f56bfc062723c751e8b465ee728b)  -> (artifact id: '4e5609a95adec61829e564cc152b9660') in 0.006750 seconds
Number of updated asset objects reloaded before import = 0
Number of asset objects unloaded after import = 10
========================================================================
Received Import Request.
  Time since last request: 0.304509 seconds.
  path: Assets/PandazoleHome/Prefabs/Prop_KitchenCabinet_02_L.prefab
  artifactKey: Guid(87627777ddda07f4d81323e54d6ff51a) Importer(815301076,1909f56bfc062723c751e8b465ee728b)
Start importing Assets/PandazoleHome/Prefabs/Prop_KitchenCabinet_02_L.prefab using Guid(87627777ddda07f4d81323e54d6ff51a) Importer(815301076,1909f56bfc062723c751e8b465ee728b)  -> (artifact id: '3a9e106895562d6cfd768d56ed9f9211') in 0.005721 seconds
Number of updated asset objects reloaded before import = 0
Number of asset objects unloaded after import = 10
========================================================================
Received Import Request.
  Time since last request: 0.000817 seconds.
  path: Assets/PandazoleHome/Prefabs/Prop_KitchenOven.prefab
  artifactKey: Guid(6488299d3b281f04d81730f6a9fe0206) Importer(815301076,1909f56bfc062723c751e8b465ee728b)
Start importing Assets/PandazoleHome/Prefabs/Prop_KitchenOven.prefab using Guid(6488299d3b281f04d81730f6a9fe0206) Importer(815301076,1909f56bfc062723c751e8b465ee728b)  -> (artifact id: 'a35bba4678c62e50fbfca2b94c43df2c') in 0.005302 seconds
Number of updated asset objects reloaded before import = 0
Number of asset objects unloaded after import = 10
========================================================================
Received Import Request.
  Time since last request: 0.656407 seconds.
  path: Assets/PandazoleHome/Prefabs/Prop_MathToy.prefab
  artifactKey: Guid(9e766ac99d061c342820c197b4b4071a) Importer(815301076,1909f56bfc062723c751e8b465ee728b)
Start importing Assets/PandazoleHome/Prefabs/Prop_MathToy.prefab using Guid(9e766ac99d061c342820c197b4b4071a) Importer(815301076,1909f56bfc062723c751e8b465ee728b)  -> (artifact id: '2b899307f61e7cdedc9899ef26001697') in 0.006444 seconds
Number of updated asset objects reloaded before import = 0
Number of asset objects unloaded after import = 10
========================================================================
Received Import Request.
  Time since last request: 0.000012 seconds.
  path: Assets/PandazoleHome/Prefabs/Prop_Mirror_01.prefab
  artifactKey: Guid(43370f2e01c86b048945ae33be0ce755) Importer(815301076,1909f56bfc062723c751e8b465ee728b)
Start importing Assets/PandazoleHome/Prefabs/Prop_Mirror_01.prefab using Guid(43370f2e01c86b048945ae33be0ce755) Importer(815301076,1909f56bfc062723c751e8b465ee728b)  -> (artifact id: '83dbb485c754492e842ab24e934cc5e9') in 0.010536 seconds
Number of updated asset objects reloaded before import = 0
Number of asset objects unloaded after import = 10
========================================================================
Received Import Request.
  Time since last request: 0.035786 seconds.
  path: Assets/PandazoleHome/Prefabs/Prop_Oven.prefab
  artifactKey: Guid(088f769d14eab584596c939818430919) Importer(815301076,1909f56bfc062723c751e8b465ee728b)
Start importing Assets/PandazoleHome/Prefabs/Prop_Oven.prefab using Guid(088f769d14eab584596c939818430919) Importer(815301076,1909f56bfc062723c751e8b465ee728b)  -> (artifact id: 'c717f0d04ab138865443afaa66be3dc2') in 0.006722 seconds
Number of updated asset objects reloaded before import = 0
Number of asset objects unloaded after import = 10
========================================================================
Received Import Request.
  Time since last request: 0.000012 seconds.
  path: Assets/PandazoleHome/Prefabs/Prop_Paint_08.prefab
  artifactKey: Guid(04dd99f49c1492d49847917e762e5f53) Importer(815301076,1909f56bfc062723c751e8b465ee728b)
Start importing Assets/PandazoleHome/Prefabs/Prop_Paint_08.prefab using Guid(04dd99f49c1492d49847917e762e5f53) Importer(815301076,1909f56bfc062723c751e8b465ee728b)  -> (artifact id: '6fdb5398012bab901d1cb83dd528f7fc') in 0.011956 seconds
Number of updated asset objects reloaded before import = 0
Number of asset objects unloaded after import = 10
========================================================================
Received Import Request.
  Time since last request: 0.678675 seconds.
  path: Assets/PandazoleHome/Prefabs/Prop_Pouffes_03.prefab
  artifactKey: Guid(0592f0c31f526bd4d89dd496af123fe0) Importer(815301076,1909f56bfc062723c751e8b465ee728b)
Start importing Assets/PandazoleHome/Prefabs/Prop_Pouffes_03.prefab using Guid(0592f0c31f526bd4d89dd496af123fe0) Importer(815301076,1909f56bfc062723c751e8b465ee728b)  -> (artifact id: '3d9d3a126d5cb8dcf99ae945fbf39443') in 0.005906 seconds
Number of updated asset objects reloaded before import = 0
Number of asset objects unloaded after import = 10
========================================================================
Received Import Request.
  Time since last request: 0.000010 seconds.
  path: Assets/PandazoleHome/Prefabs/Prop_Pouffes_08.prefab
  artifactKey: Guid(f5b6df7400ac5964d96df625df7928cb) Importer(815301076,1909f56bfc062723c751e8b465ee728b)
Start importing Assets/PandazoleHome/Prefabs/Prop_Pouffes_08.prefab using Guid(f5b6df7400ac5964d96df625df7928cb) Importer(815301076,1909f56bfc062723c751e8b465ee728b)  -> (artifact id: '3bdcc8a38560639fedb0ab863f016b98') in 0.005998 seconds
Number of updated asset objects reloaded before import = 0
Number of asset objects unloaded after import = 10
========================================================================
Received Import Request.
  Time since last request: 0.046368 seconds.
  path: Assets/PandazoleHome/Prefabs/Prop_ShapeSortingBlock_Polygon_02.prefab
  artifactKey: Guid(d402afb1efee0a449abf0fede2cc8937) Importer(815301076,1909f56bfc062723c751e8b465ee728b)
Start importing Assets/PandazoleHome/Prefabs/Prop_ShapeSortingBlock_Polygon_02.prefab using Guid(d402afb1efee0a449abf0fede2cc8937) Importer(815301076,1909f56bfc062723c751e8b465ee728b)  -> (artifact id: '21099e1fe82acff3cdff492eb7b940bc') in 0.008005 seconds
Number of updated asset objects reloaded before import = 0
Number of asset objects unloaded after import = 10
========================================================================
Received Import Request.
  Time since last request: 0.001506 seconds.
  path: Assets/PandazoleHome/Prefabs/Prop_Shelve_01.prefab
  artifactKey: Guid(ac11cfc429575ea4faf3e6c7b686c758) Importer(815301076,1909f56bfc062723c751e8b465ee728b)
Start importing Assets/PandazoleHome/Prefabs/Prop_Shelve_01.prefab using Guid(ac11cfc429575ea4faf3e6c7b686c758) Importer(815301076,1909f56bfc062723c751e8b465ee728b)  -> (artifact id: '541767309018480fa4385ffcb9d1854e') in 0.006214 seconds
Number of updated asset objects reloaded before import = 0
Number of asset objects unloaded after import = 10
========================================================================
Received Import Request.
  Time since last request: 0.000011 seconds.
  path: Assets/PandazoleHome/Prefabs/Prop_ShapeSortingToy.prefab
  artifactKey: Guid(c27f938d98f88cc49992e4940f5fbffa) Importer(815301076,1909f56bfc062723c751e8b465ee728b)
Start importing Assets/PandazoleHome/Prefabs/Prop_ShapeSortingToy.prefab using Guid(c27f938d98f88cc49992e4940f5fbffa) Importer(815301076,1909f56bfc062723c751e8b465ee728b)  -> (artifact id: 'b17ba1904b2fd446d815af7ae6e1da29') in 0.007376 seconds
Number of updated asset objects reloaded before import = 0
Number of asset objects unloaded after import = 10
========================================================================
Received Import Request.
  Time since last request: 8.130825 seconds.
  path: Assets/PandazoleHome/Prefabs/Prop_Shelve_09.prefab
  artifactKey: Guid(e601b705a6226b44ca5b28b3746c9175) Importer(815301076,1909f56bfc062723c751e8b465ee728b)
Start importing Assets/PandazoleHome/Prefabs/Prop_Shelve_09.prefab using Guid(e601b705a6226b44ca5b28b3746c9175) Importer(815301076,1909f56bfc062723c751e8b465ee728b)  -> (artifact id: '57b9713b485cc59aafabd99cfb8145fe') in 0.023778 seconds
Number of updated asset objects reloaded before import = 0
Number of asset objects unloaded after import = 10
========================================================================
Received Import Request.
  Time since last request: 0.000010 seconds.
  path: Assets/PandazoleHome/Prefabs/Prop_Shelve_13.prefab
  artifactKey: Guid(8ebf8a48f840d464082061e70a785811) Importer(815301076,1909f56bfc062723c751e8b465ee728b)
Start importing Assets/PandazoleHome/Prefabs/Prop_Shelve_13.prefab using Guid(8ebf8a48f840d464082061e70a785811) Importer(815301076,1909f56bfc062723c751e8b465ee728b)  -> (artifact id: 'dd90e16f51a97a64a6727f6e6bfb6416') in 0.024168 seconds
Number of updated asset objects reloaded before import = 0
Number of asset objects unloaded after import = 10
========================================================================
Received Import Request.
  Time since last request: 0.184377 seconds.
  path: Assets/PandazoleHome/Prefabs/Prop_Sofa_01.prefab
  artifactKey: Guid(3bc36d27fb36c2143af1eb403850a542) Importer(815301076,1909f56bfc062723c751e8b465ee728b)
Start importing Assets/PandazoleHome/Prefabs/Prop_Sofa_01.prefab using Guid(3bc36d27fb36c2143af1eb403850a542) Importer(815301076,1909f56bfc062723c751e8b465ee728b)  -> (artifact id: '803567b5f21d12cab20fb461ccee8f0c') in 0.005730 seconds
Number of updated asset objects reloaded before import = 0
Number of asset objects unloaded after import = 10
========================================================================
Received Import Request.
  Time since last request: 0.000009 seconds.
  path: Assets/PandazoleHome/Prefabs/Prop_Sofa_02_G.prefab
  artifactKey: Guid(6d06f861e7132264aa7aa628258e70c9) Importer(815301076,1909f56bfc062723c751e8b465ee728b)
Start importing Assets/PandazoleHome/Prefabs/Prop_Sofa_02_G.prefab using Guid(6d06f861e7132264aa7aa628258e70c9) Importer(815301076,1909f56bfc062723c751e8b465ee728b)  -> (artifact id: '30a571a2678c67829555ba6c05a5e47d') in 0.005840 seconds
Number of updated asset objects reloaded before import = 0
Number of asset objects unloaded after import = 10
========================================================================
Received Import Request.
  Time since last request: 0.641590 seconds.
  path: Assets/PandazoleHome/Prefabs/Prop_Sofa_05_A.prefab
  artifactKey: Guid(221f375bb3ad198478dd88e058a92637) Importer(815301076,1909f56bfc062723c751e8b465ee728b)
Start importing Assets/PandazoleHome/Prefabs/Prop_Sofa_05_A.prefab using Guid(221f375bb3ad198478dd88e058a92637) Importer(815301076,1909f56bfc062723c751e8b465ee728b)  -> (artifact id: 'b7dcf61dd6758d14a2fccb2c83d25aa4') in 0.007180 seconds
Number of updated asset objects reloaded before import = 0
Number of asset objects unloaded after import = 10
========================================================================
Received Import Request.
  Time since last request: 0.000012 seconds.
  path: Assets/PandazoleHome/Prefabs/Prop_Sofa_06_F.prefab
  artifactKey: Guid(d25993225393b804586fd46f78dfa248) Importer(815301076,1909f56bfc062723c751e8b465ee728b)
Start importing Assets/PandazoleHome/Prefabs/Prop_Sofa_06_F.prefab using Guid(d25993225393b804586fd46f78dfa248) Importer(815301076,1909f56bfc062723c751e8b465ee728b)  -> (artifact id: '753ff11a24979ac16665cec180484865') in 0.005386 seconds
Number of updated asset objects reloaded before import = 0
Number of asset objects unloaded after import = 10
========================================================================
Received Import Request.
  Time since last request: 1.464704 seconds.
  path: Assets/PandazoleHome/Prefabs/Prop_Table_01.prefab
  artifactKey: Guid(9d530da0392d50b4698082be570f2c38) Importer(815301076,1909f56bfc062723c751e8b465ee728b)
Start importing Assets/PandazoleHome/Prefabs/Prop_Table_01.prefab using Guid(9d530da0392d50b4698082be570f2c38) Importer(815301076,1909f56bfc062723c751e8b465ee728b)  -> (artifact id: 'd4aae351e46fe28838f32dd68670ad56') in 0.005979 seconds
Number of updated asset objects reloaded before import = 0
Number of asset objects unloaded after import = 10
========================================================================
Received Import Request.
  Time since last request: 0.000013 seconds.
  path: Assets/PandazoleHome/Prefabs/Prop_Table_09.prefab
  artifactKey: Guid(ed6b5e2d3a443844f84c6d8468332caa) Importer(815301076,1909f56bfc062723c751e8b465ee728b)
Start importing Assets/PandazoleHome/Prefabs/Prop_Table_09.prefab using Guid(ed6b5e2d3a443844f84c6d8468332caa) Importer(815301076,1909f56bfc062723c751e8b465ee728b)  -> (artifact id: 'f2e0373bfe04a13bc695e79d453de6c6') in 0.006453 seconds
Number of updated asset objects reloaded before import = 0
Number of asset objects unloaded after import = 10
========================================================================
Received Import Request.
  Time since last request: 0.848341 seconds.
  path: Assets/PandazoleHome/Prefabs/Prop_Table_14.prefab
  artifactKey: Guid(a7a56e94137616b44ba24d1e4f670a63) Importer(815301076,1909f56bfc062723c751e8b465ee728b)
Start importing Assets/PandazoleHome/Prefabs/Prop_Table_14.prefab using Guid(a7a56e94137616b44ba24d1e4f670a63) Importer(815301076,1909f56bfc062723c751e8b465ee728b)  -> (artifact id: '65ac55dc517818bca9528d48b9ef15bf') in 0.006706 seconds
Number of updated asset objects reloaded before import = 0
Number of asset objects unloaded after import = 10
========================================================================
Received Import Request.
  Time since last request: 0.000012 seconds.
  path: Assets/PandazoleHome/Prefabs/Prop_TeddyBear_03.prefab
  artifactKey: Guid(ddaeb73f60bbfb043a640883d3f6be01) Importer(815301076,1909f56bfc062723c751e8b465ee728b)
Start importing Assets/PandazoleHome/Prefabs/Prop_TeddyBear_03.prefab using Guid(ddaeb73f60bbfb043a640883d3f6be01) Importer(815301076,1909f56bfc062723c751e8b465ee728b)  -> (artifact id: '0ba4f91bb6e556699223791faa195ac2') in 0.013171 seconds
Number of updated asset objects reloaded before import = 0
Number of asset objects unloaded after import = 10
========================================================================
Received Import Request.
  Time since last request: 0.041279 seconds.
  path: Assets/PandazoleHome/Prefabs/Prop_ThrowingStick.prefab
  artifactKey: Guid(e6c23d35595ecb245885ea02d20e225c) Importer(815301076,1909f56bfc062723c751e8b465ee728b)
Start importing Assets/PandazoleHome/Prefabs/Prop_ThrowingStick.prefab using Guid(e6c23d35595ecb245885ea02d20e225c) Importer(815301076,1909f56bfc062723c751e8b465ee728b)  -> (artifact id: 'cd5e333f04a389ee237f6e0538434723') in 0.006463 seconds
Number of updated asset objects reloaded before import = 0
Number of asset objects unloaded after import = 10
========================================================================
Received Import Request.
  Time since last request: 0.000010 seconds.
  path: Assets/PandazoleHome/Prefabs/Prop_TowelRails_01.prefab
  artifactKey: Guid(7e2106ef1068bf84688510cc18d86bc2) Importer(815301076,1909f56bfc062723c751e8b465ee728b)
Start importing Assets/PandazoleHome/Prefabs/Prop_TowelRails_01.prefab using Guid(7e2106ef1068bf84688510cc18d86bc2) Importer(815301076,1909f56bfc062723c751e8b465ee728b)  -> (artifact id: '87d86fdbb5fe6d5fca48b9eaad2c3499') in 0.009435 seconds
Number of updated asset objects reloaded before import = 0
Number of asset objects unloaded after import = 10
========================================================================
Received Import Request.
  Time since last request: 0.736233 seconds.
  path: Assets/PandazoleHome/Prefabs/Prop_ToyTrain_02.prefab
  artifactKey: Guid(f5c81531944f6a043a045b781fc99b12) Importer(815301076,1909f56bfc062723c751e8b465ee728b)
Start importing Assets/PandazoleHome/Prefabs/Prop_ToyTrain_02.prefab using Guid(f5c81531944f6a043a045b781fc99b12) Importer(815301076,1909f56bfc062723c751e8b465ee728b)  -> (artifact id: 'd9c620d8872097a54d6d2cf8571c1275') in 0.033389 seconds
Number of updated asset objects reloaded before import = 0
Number of asset objects unloaded after import = 10
========================================================================
Received Import Request.
  Time since last request: 0.067047 seconds.
  path: Assets/PandazoleHome/Prefabs/Prop_WallHanger_03.prefab
  artifactKey: Guid(149100c91951405448785b677e7475a6) Importer(815301076,1909f56bfc062723c751e8b465ee728b)
Start importing Assets/PandazoleHome/Prefabs/Prop_WallHanger_03.prefab using Guid(149100c91951405448785b677e7475a6) Importer(815301076,1909f56bfc062723c751e8b465ee728b)  -> (artifact id: 'ff05959f810ef1682a356aafab556ed3') in 0.016334 seconds
Number of updated asset objects reloaded before import = 0
Number of asset objects unloaded after import = 10
========================================================================
Received Import Request.
  Time since last request: 0.000022 seconds.
  path: Assets/PandazoleHome/Prefabs/Prop_WallShelf_03.prefab
  artifactKey: Guid(1db9190a29141ba43b918ce960a32a78) Importer(815301076,1909f56bfc062723c751e8b465ee728b)
Start importing Assets/PandazoleHome/Prefabs/Prop_WallShelf_03.prefab using Guid(1db9190a29141ba43b918ce960a32a78) Importer(815301076,1909f56bfc062723c751e8b465ee728b)  -> (artifact id: 'fbc0c6bf25af423642fdf47ca2368d3b') in 0.033218 seconds
Number of updated asset objects reloaded before import = 0
Number of asset objects unloaded after import = 10
========================================================================
Received Import Request.
  Time since last request: 0.036550 seconds.
  path: Assets/PandazoleHome/Prefabs/Prop_WallSwitch.prefab
  artifactKey: Guid(d9cac79e541b09c4c996ff419a009ea9) Importer(815301076,1909f56bfc062723c751e8b465ee728b)
Start importing Assets/PandazoleHome/Prefabs/Prop_WallSwitch.prefab using Guid(d9cac79e541b09c4c996ff419a009ea9) Importer(815301076,1909f56bfc062723c751e8b465ee728b)  -> (artifact id: '7d1654202ed7eea54535ef85c60be1aa') in 0.017153 seconds
Number of updated asset objects reloaded before import = 0
Number of asset objects unloaded after import = 10
========================================================================
Received Import Request.
  Time since last request: 0.000013 seconds.
  path: Assets/PandazoleHome/Prefabs/Prop_Wardrobe_03.prefab
  artifactKey: Guid(d35f1c668850a444289e4b4cff6283ab) Importer(815301076,1909f56bfc062723c751e8b465ee728b)
Start importing Assets/PandazoleHome/Prefabs/Prop_Wardrobe_03.prefab using Guid(d35f1c668850a444289e4b4cff6283ab) Importer(815301076,1909f56bfc062723c751e8b465ee728b)  -> (artifact id: '7ffcc6d3ed0748216cf44acd10f60dba') in 0.010680 seconds
Number of updated asset objects reloaded before import = 0
Number of asset objects unloaded after import = 20
========================================================================
Received Import Request.
  Time since last request: 0.000012 seconds.
  path: Assets/PandazoleHome/Prefabs/Prop_WaterDispenser.prefab
  artifactKey: Guid(930b2b6c70bb2ee4a8c39ef57c51ed02) Importer(815301076,1909f56bfc062723c751e8b465ee728b)
Start importing Assets/PandazoleHome/Prefabs/Prop_WaterDispenser.prefab using Guid(930b2b6c70bb2ee4a8c39ef57c51ed02) Importer(815301076,1909f56bfc062723c751e8b465ee728b)  -> (artifact id: '52f917c3a917d2f80b4f5f4513ea4213') in 0.005085 seconds
Number of updated asset objects reloaded before import = 0
Number of asset objects unloaded after import = 10
Editor requested this worker to shutdown with reason: Scaling down because of idle timeout
TcpMessagingSession - receive error
AssetImportWorkerClient::OnTransportError - code=2 error=End of file
AssetImportWorker is now disconnected from the server
Process exiting
Exiting without the bug reporter. Application will terminate with return code 0