Using pre-set license
Built from '2022.3/release' branch; Version is '2022.3.5f1 (9674261d40ee) revision 9860134'; Using compiler version '192829333'; Build Type 'Release'
OS: 'Windows 11  (10.0.26100) 64bit CoreSingleLanguage' Language: 'en' Physical Memory: 16002 MB
BatchMode: 1, IsHumanControllingUs: 0, StartBugReporterOnCrash: 0, Is64bit: 1, IsPro: 1

COMMAND LINE ARGUMENTS:
D:\Unity Editors\Unity 2022.3.5f1\Editor\Unity.exe
-adb2
-batchMode
-noUpm
-name
AssetImportWorker13
-projectPath
D:/Unity projects/CognitiveBias/Cognitive_Bias_Simulator/My project
-logFile
Logs/AssetImportWorker13.log
-srvPort
51901
Successfully changed project path to: D:/Unity projects/CognitiveBias/Cognitive_Bias_Simulator/My project
D:/Unity projects/CognitiveBias/Cognitive_Bias_Simulator/My project
[UnityMemory] Configuration Parameters - Can be set up in boot.config
    "memorysetup-bucket-allocator-granularity=16"
    "memorysetup-bucket-allocator-bucket-count=8"
    "memorysetup-bucket-allocator-block-size=33554432"
    "memorysetup-bucket-allocator-block-count=8"
    "memorysetup-main-allocator-block-size=16777216"
    "memorysetup-thread-allocator-block-size=16777216"
    "memorysetup-gfx-main-allocator-block-size=16777216"
    "memorysetup-gfx-thread-allocator-block-size=16777216"
    "memorysetup-cache-allocator-block-size=4194304"
    "memorysetup-typetree-allocator-block-size=2097152"
    "memorysetup-profiler-bucket-allocator-granularity=16"
    "memorysetup-profiler-bucket-allocator-bucket-count=8"
    "memorysetup-profiler-bucket-allocator-block-size=33554432"
    "memorysetup-profiler-bucket-allocator-block-count=8"
    "memorysetup-profiler-allocator-block-size=16777216"
    "memorysetup-profiler-editor-allocator-block-size=1048576"
    "memorysetup-temp-allocator-size-main=16777216"
    "memorysetup-job-temp-allocator-block-size=2097152"
    "memorysetup-job-temp-allocator-block-size-background=1048576"
    "memorysetup-job-temp-allocator-reduction-small-platforms=262144"
    "memorysetup-allocator-temp-initial-block-size-main=262144"
    "memorysetup-allocator-temp-initial-block-size-worker=262144"
    "memorysetup-temp-allocator-size-background-worker=32768"
    "memorysetup-temp-allocator-size-job-worker=262144"
    "memorysetup-temp-allocator-size-preload-manager=33554432"
    "memorysetup-temp-allocator-size-nav-mesh-worker=65536"
    "memorysetup-temp-allocator-size-audio-worker=65536"
    "memorysetup-temp-allocator-size-cloud-worker=32768"
    "memorysetup-temp-allocator-size-gi-baking-worker=262144"
    "memorysetup-temp-allocator-size-gfx=262144"
Player connection [17960] Host "[IP] 192.168.2.151 [Port] 0 [Flags] 2 [Guid] 888657355 [EditorId] 888657355 [Version] 1048832 [Id] WindowsEditor(7,George_Asus) [Debug] 1 [PackageName] WindowsEditor [ProjectName] Editor" joined multi-casting on [225.0.0.222:54997]...

Player connection [17960] Host "[IP] 192.168.2.151 [Port] 0 [Flags] 2 [Guid] 888657355 [EditorId] 888657355 [Version] 1048832 [Id] WindowsEditor(7,George_Asus) [Debug] 1 [PackageName] WindowsEditor [ProjectName] Editor" joined alternative multi-casting on [225.0.0.222:34997]...

Refreshing native plugins compatible for Editor in 3.59 ms, found 3 plugins.
Preloading 0 native plugins for Editor in 0.00 ms.
Initialize engine version: 2022.3.5f1 (9674261d40ee)
[Subsystems] Discovering subsystems at path D:/Unity Editors/Unity 2022.3.5f1/Editor/Data/Resources/UnitySubsystems
[Subsystems] Discovering subsystems at path D:/Unity projects/CognitiveBias/Cognitive_Bias_Simulator/My project/Assets
GfxDevice: creating device client; threaded=0; jobified=0
Direct3D:
    Version:  Direct3D 11.0 [level 11.1]
    Renderer: NVIDIA GeForce RTX 4070 Laptop GPU (ID=0x2860)
    Vendor:   NVIDIA
    VRAM:     7948 MB
    Driver:   32.0.15.7640
Initialize mono
Mono path[0] = 'D:/Unity Editors/Unity 2022.3.5f1/Editor/Data/Managed'
Mono path[1] = 'D:/Unity Editors/Unity 2022.3.5f1/Editor/Data/MonoBleedingEdge/lib/mono/unityjit-win32'
Mono config path = 'D:/Unity Editors/Unity 2022.3.5f1/Editor/Data/MonoBleedingEdge/etc'
Using monoOptions --debugger-agent=transport=dt_socket,embedding=1,server=y,suspend=n,address=127.0.0.1:56652
Begin MonoManager ReloadAssembly
Registering precompiled unity dll's ...
Register platform support module: D:/Unity Editors/Unity 2022.3.5f1/Editor/Data/PlaybackEngines/WebGLSupport/UnityEditor.WebGL.Extensions.dll
Register platform support module: D:/Unity Editors/Unity 2022.3.5f1/Editor/Data/PlaybackEngines/WindowsStandaloneSupport/UnityEditor.WindowsStandalone.Extensions.dll
Registered in 0.002038 seconds.
- Loaded All Assemblies, in  0.178 seconds
Native extension for WindowsStandalone target not found
Native extension for WebGL target not found
Mono: successfully reloaded assembly
- Finished resetting the current domain, in  0.131 seconds
Domain Reload Profiling: 310ms
	BeginReloadAssembly (50ms)
		ExecutionOrderSort (0ms)
		DisableScriptedObjects (0ms)
		BackupInstance (0ms)
		ReleaseScriptingObjects (0ms)
		CreateAndSetChildDomain (0ms)
	RebuildCommonClasses (19ms)
	RebuildNativeTypeToScriptingClass (5ms)
	initialDomainReloadingComplete (28ms)
	LoadAllAssembliesAndSetupDomain (76ms)
		LoadAssemblies (50ms)
		RebuildTransferFunctionScriptingTraits (0ms)
		AnalyzeDomain (73ms)
			TypeCache.Refresh (73ms)
				TypeCache.ScanAssembly (67ms)
			ScanForSourceGeneratedMonoScriptInfo (0ms)
			ResolveRequiredComponents (0ms)
	FinalizeReload (132ms)
		ReleaseScriptCaches (0ms)
		RebuildScriptCaches (0ms)
		SetupLoadedEditorAssemblies (102ms)
			LogAssemblyErrors (0ms)
			InitializePlatformSupportModulesInManaged (4ms)
			SetLoadedEditorAssemblies (3ms)
			RefreshPlugins (0ms)
			BeforeProcessingInitializeOnLoad (1ms)
			ProcessInitializeOnLoadAttributes (69ms)
			ProcessInitializeOnLoadMethodAttributes (25ms)
			AfterProcessingInitializeOnLoad (0ms)
			EditorAssembliesLoaded (0ms)
		ExecutionOrderSort2 (0ms)
		AwakeInstancesAfterBackupRestoration (0ms)
========================================================================
Worker process is ready to serve import requests
Begin MonoManager ReloadAssembly
- Loaded All Assemblies, in  0.354 seconds
Refreshing native plugins compatible for Editor in 1.53 ms, found 3 plugins.
Native extension for WindowsStandalone target not found
Native extension for WebGL target not found
Mono: successfully reloaded assembly
- Finished resetting the current domain, in  0.261 seconds
Domain Reload Profiling: 615ms
	BeginReloadAssembly (68ms)
		ExecutionOrderSort (0ms)
		DisableScriptedObjects (3ms)
		BackupInstance (0ms)
		ReleaseScriptingObjects (0ms)
		CreateAndSetChildDomain (10ms)
	RebuildCommonClasses (17ms)
	RebuildNativeTypeToScriptingClass (6ms)
	initialDomainReloadingComplete (20ms)
	LoadAllAssembliesAndSetupDomain (243ms)
		LoadAssemblies (131ms)
		RebuildTransferFunctionScriptingTraits (0ms)
		AnalyzeDomain (150ms)
			TypeCache.Refresh (140ms)
				TypeCache.ScanAssembly (134ms)
			ScanForSourceGeneratedMonoScriptInfo (7ms)
			ResolveRequiredComponents (3ms)
	FinalizeReload (261ms)
		ReleaseScriptCaches (0ms)
		RebuildScriptCaches (0ms)
		SetupLoadedEditorAssemblies (190ms)
			LogAssemblyErrors (0ms)
			InitializePlatformSupportModulesInManaged (2ms)
			SetLoadedEditorAssemblies (2ms)
			RefreshPlugins (0ms)
			BeforeProcessingInitializeOnLoad (27ms)
			ProcessInitializeOnLoadAttributes (149ms)
			ProcessInitializeOnLoadMethodAttributes (9ms)
			AfterProcessingInitializeOnLoad (1ms)
			EditorAssembliesLoaded (0ms)
		ExecutionOrderSort2 (0ms)
		AwakeInstancesAfterBackupRestoration (3ms)
Launched and connected shader compiler UnityShaderCompiler.exe after 0.02 seconds
Refreshing native plugins compatible for Editor in 2.47 ms, found 3 plugins.
Preloading 0 native plugins for Editor in 0.00 ms.
Unloading 3261 Unused Serialized files (Serialized files now loaded: 0)
Unloading 45 unused Assets / (1.8 MB). Loaded Objects now: 3714.
Memory consumption went from 135.5 MB to 133.7 MB.
Total: 2.691800 ms (FindLiveObjects: 0.141300 ms CreateObjectMapping: 0.037100 ms MarkObjects: 2.286500 ms  DeleteObjects: 0.225600 ms)

AssetImportParameters requested are different than current active one (requested -> active):
  custom:container-demuxer-ogg: 62fdf1f143b41e24485cea50d1cbac27 -> 
  custom:video-codec-MediaFoundation-h265: 746d11721c4dcdbdad8f713fa42b33f4 -> 
  custom:video-decoder-ogg-theora: a1e56fd34408186e4bbccfd4996cb3dc -> 
  custom:framework-win-MediaFoundation: 216162199b28c13a410421893ffa2e32 -> 
  custom:CustomObjectIndexerAttribute: 756ad292c208cfabdd7b50bc23989ffe -> 
  custom:container-demuxer-webm: 4f35f7cbe854078d1ac9338744f61a02 -> 
  custom:container-muxer-webm: aa71ff27fc2769a1b78a27578f13a17b -> 
  custom:video-decoder-webm-vp8: 9c59270c3fd7afecdb556c50c9e8de78 -> 
  custom:AudioImporter_EditorPlatform: d09bf68614088b80899f8185d706f6e7 -> 
  custom:video-encoder-webm-vp8: eb34c28f22e8b96e1ab97ce403110664 -> 
  custom:audio-decoder-ogg-vorbis: bf7c407c2cedff20999df2af8eb42d56 -> 
  custom:audio-encoder-webm-vorbis: bf7c407c2cedff20999df2af8eb42d56 -> 
========================================================================
Received Import Request.
  Time since last request: 15588.718039 seconds.
  path: Assets/PandazoleHome/Prefabs/Prop_Shelve_10.prefab
  artifactKey: Guid(a805a5d0b404b154da89c19381e5af0f) Importer(815301076,1909f56bfc062723c751e8b465ee728b)
Start importing Assets/PandazoleHome/Prefabs/Prop_Shelve_10.prefab using Guid(a805a5d0b404b154da89c19381e5af0f) Importer(815301076,1909f56bfc062723c751e8b465ee728b)  -> (artifact id: '058a6d6ea72badcaba2f7ed1408ace9b') in 0.069136 seconds
Number of updated asset objects reloaded before import = 0
Number of asset objects unloaded after import = 10
========================================================================
Received Import Request.
  Time since last request: 0.162779 seconds.
  path: Assets/PandazoleHome/Prefabs/Prop_Sofa_02_A.prefab
  artifactKey: Guid(b14969f5c6066c6449c7cf670dce87a1) Importer(815301076,1909f56bfc062723c751e8b465ee728b)
Start importing Assets/PandazoleHome/Prefabs/Prop_Sofa_02_A.prefab using Guid(b14969f5c6066c6449c7cf670dce87a1) Importer(815301076,1909f56bfc062723c751e8b465ee728b)  -> (artifact id: 'fba9ba5a4d312b4fa3e2abc68b4d6735') in 0.007057 seconds
Number of updated asset objects reloaded before import = 0
Number of asset objects unloaded after import = 10
========================================================================
Received Import Request.
  Time since last request: 0.646318 seconds.
  path: Assets/PandazoleHome/Prefabs/Prop_Sofa_05_B.prefab
  artifactKey: Guid(08b014d722433cc4eb01d7349424a94e) Importer(815301076,1909f56bfc062723c751e8b465ee728b)
Start importing Assets/PandazoleHome/Prefabs/Prop_Sofa_05_B.prefab using Guid(08b014d722433cc4eb01d7349424a94e) Importer(815301076,1909f56bfc062723c751e8b465ee728b)  -> (artifact id: 'bea9978dc760c6e67ee78ccd42bd9b8e') in 0.006986 seconds
Number of updated asset objects reloaded before import = 0
Number of asset objects unloaded after import = 10
========================================================================
Received Import Request.
  Time since last request: 0.000011 seconds.
  path: Assets/PandazoleHome/Prefabs/Prop_Sofa_06_B.prefab
  artifactKey: Guid(7d2ac2fe276065f4d9019073c3bc4c46) Importer(815301076,1909f56bfc062723c751e8b465ee728b)
Start importing Assets/PandazoleHome/Prefabs/Prop_Sofa_06_B.prefab using Guid(7d2ac2fe276065f4d9019073c3bc4c46) Importer(815301076,1909f56bfc062723c751e8b465ee728b)  -> (artifact id: 'dc3336fcebdbdbf5e5d22abf12cfbe6a') in 0.006611 seconds
Number of updated asset objects reloaded before import = 0
Number of asset objects unloaded after import = 10
========================================================================
Received Import Request.
  Time since last request: 1.463931 seconds.
  path: Assets/PandazoleHome/Prefabs/Prop_Table_02.prefab
  artifactKey: Guid(7d6fc961d3306c94c8b9e21024130c02) Importer(815301076,1909f56bfc062723c751e8b465ee728b)
Start importing Assets/PandazoleHome/Prefabs/Prop_Table_02.prefab using Guid(7d6fc961d3306c94c8b9e21024130c02) Importer(815301076,1909f56bfc062723c751e8b465ee728b)  -> (artifact id: '404d4ab06880ab398ecc02126e6b0f3c') in 0.006273 seconds
Number of updated asset objects reloaded before import = 0
Number of asset objects unloaded after import = 10
========================================================================
Received Import Request.
  Time since last request: 0.000013 seconds.
  path: Assets/PandazoleHome/Prefabs/Prop_Table_04.prefab
  artifactKey: Guid(d26c4cfe6b44c274599614db98669c22) Importer(815301076,1909f56bfc062723c751e8b465ee728b)
Start importing Assets/PandazoleHome/Prefabs/Prop_Table_04.prefab using Guid(d26c4cfe6b44c274599614db98669c22) Importer(815301076,1909f56bfc062723c751e8b465ee728b)  -> (artifact id: '3050a95f71abf7c0e7c8ad114e747b84') in 0.005728 seconds
Number of updated asset objects reloaded before import = 0
Number of asset objects unloaded after import = 10
========================================================================
Received Import Request.
  Time since last request: 0.848824 seconds.
  path: Assets/PandazoleHome/Prefabs/Prop_Table_15.prefab
  artifactKey: Guid(898fd78874ed4fd4696de421d80e4d8f) Importer(815301076,1909f56bfc062723c751e8b465ee728b)
Start importing Assets/PandazoleHome/Prefabs/Prop_Table_15.prefab using Guid(898fd78874ed4fd4696de421d80e4d8f) Importer(815301076,1909f56bfc062723c751e8b465ee728b)  -> (artifact id: 'd83f2d9004a0e6fd9dd5cb27e75dc699') in 0.007219 seconds
Number of updated asset objects reloaded before import = 0
Number of asset objects unloaded after import = 10
========================================================================
Received Import Request.
  Time since last request: 0.000120 seconds.
  path: Assets/PandazoleHome/Prefabs/Prop_TeddyBear_02.prefab
  artifactKey: Guid(5c8c7ca7dceb0a741828d99422038859) Importer(815301076,1909f56bfc062723c751e8b465ee728b)
Start importing Assets/PandazoleHome/Prefabs/Prop_TeddyBear_02.prefab using Guid(5c8c7ca7dceb0a741828d99422038859) Importer(815301076,1909f56bfc062723c751e8b465ee728b)  -> (artifact id: '86cd18996c15789909b3e01737753e6f') in 0.014212 seconds
Number of updated asset objects reloaded before import = 0
Number of asset objects unloaded after import = 10
========================================================================
Received Import Request.
  Time since last request: 0.039608 seconds.
  path: Assets/PandazoleHome/Prefabs/Prop_Toilet_01.prefab
  artifactKey: Guid(80514cc491128da4a826009e16202572) Importer(815301076,1909f56bfc062723c751e8b465ee728b)
Start importing Assets/PandazoleHome/Prefabs/Prop_Toilet_01.prefab using Guid(80514cc491128da4a826009e16202572) Importer(815301076,1909f56bfc062723c751e8b465ee728b)  -> (artifact id: '693a33d409dc0fceb47f9314b3902051') in 0.011689 seconds
Number of updated asset objects reloaded before import = 0
Number of asset objects unloaded after import = 10
========================================================================
Received Import Request.
  Time since last request: 0.741172 seconds.
  path: Assets/PandazoleHome/Prefabs/Prop_ToyTrain_03.prefab
  artifactKey: Guid(66c9c94059f6fcf4c96d5f027095adb6) Importer(815301076,1909f56bfc062723c751e8b465ee728b)
Start importing Assets/PandazoleHome/Prefabs/Prop_ToyTrain_03.prefab using Guid(66c9c94059f6fcf4c96d5f027095adb6) Importer(815301076,1909f56bfc062723c751e8b465ee728b)  -> (artifact id: '293ef8c582f6109b32feeedd5cc4d612') in 0.024195 seconds
Number of updated asset objects reloaded before import = 0
Number of asset objects unloaded after import = 10
========================================================================
Received Import Request.
  Time since last request: 0.000086 seconds.
  path: Assets/PandazoleHome/Prefabs/Prop_TrashCan_02.prefab
  artifactKey: Guid(c37ec82a1cd565f49a1171702fb5821e) Importer(815301076,1909f56bfc062723c751e8b465ee728b)
Start importing Assets/PandazoleHome/Prefabs/Prop_TrashCan_02.prefab using Guid(c37ec82a1cd565f49a1171702fb5821e) Importer(815301076,1909f56bfc062723c751e8b465ee728b)  -> (artifact id: '9043635e3d1b171e577e59c60bd9d365') in 0.029763 seconds
Number of updated asset objects reloaded before import = 0
Number of asset objects unloaded after import = 10
========================================================================
Received Import Request.
  Time since last request: 0.044401 seconds.
  path: Assets/PandazoleHome/Prefabs/Prop_WallPlugin.prefab
  artifactKey: Guid(25812bd490e91ce44908ab6131d57d58) Importer(815301076,1909f56bfc062723c751e8b465ee728b)
Start importing Assets/PandazoleHome/Prefabs/Prop_WallPlugin.prefab using Guid(25812bd490e91ce44908ab6131d57d58) Importer(815301076,1909f56bfc062723c751e8b465ee728b)  -> (artifact id: '6fded0c80aa0920ffbf19269f850768a') in 0.017157 seconds
Number of updated asset objects reloaded before import = 0
Number of asset objects unloaded after import = 10
========================================================================
Received Import Request.
  Time since last request: 0.000011 seconds.
  path: Assets/PandazoleHome/Prefabs/Prop_WallShelf_06.prefab
  artifactKey: Guid(3b4cdf2efaa683f468a9008d97d3b216) Importer(815301076,1909f56bfc062723c751e8b465ee728b)
Start importing Assets/PandazoleHome/Prefabs/Prop_WallShelf_06.prefab using Guid(3b4cdf2efaa683f468a9008d97d3b216) Importer(815301076,1909f56bfc062723c751e8b465ee728b)  -> (artifact id: 'c72f51c7532238505b01e40e821f7ce0') in 0.035262 seconds
Number of updated asset objects reloaded before import = 0
Number of asset objects unloaded after import = 10
========================================================================
Received Import Request.
  Time since last request: 0.033884 seconds.
  path: Assets/PandazoleHome/Prefabs/Prop_Wardrobe_01.prefab
  artifactKey: Guid(2d68c323a6a91d74facf8bd291581e6a) Importer(815301076,1909f56bfc062723c751e8b465ee728b)
Start importing Assets/PandazoleHome/Prefabs/Prop_Wardrobe_01.prefab using Guid(2d68c323a6a91d74facf8bd291581e6a) Importer(815301076,1909f56bfc062723c751e8b465ee728b)  -> (artifact id: '6bd1a683f2ecd4feaef33ac2c220a3ed') in 0.020588 seconds
Number of updated asset objects reloaded before import = 0
Number of asset objects unloaded after import = 20
========================================================================
Received Import Request.
  Time since last request: 0.000011 seconds.
  path: Assets/PandazoleHome/Prefabs/Prop_Wardrobe_04.prefab
  artifactKey: Guid(d7fb087ca6326a746bc2d460db02702c) Importer(815301076,1909f56bfc062723c751e8b465ee728b)
Start importing Assets/PandazoleHome/Prefabs/Prop_Wardrobe_04.prefab using Guid(d7fb087ca6326a746bc2d460db02702c) Importer(815301076,1909f56bfc062723c751e8b465ee728b)  -> (artifact id: '00d3a7e3f507bec8a79fcc4d68a88f01') in 0.008126 seconds
Number of updated asset objects reloaded before import = 0
Number of asset objects unloaded after import = 20
Editor requested this worker to shutdown with reason: Scaling down because of idle timeout
TcpMessagingSession - receive error: operation aborted. errorcode: 995, details: The I/O operation has been aborted because of either a thread exit or an application request.
AssetImportWorker is now disconnected from the server
Process exiting
Exiting without the bug reporter. Application will terminate with return code 0