Using pre-set license
Built from '2022.3/staging' branch; Version is '2022.3.51f1 (9f9d16c45e54) revision 10460438'; Using compiler version '192829333'; Build Type 'Release'
OS: 'Windows 10  (10.0.19045) 64bit Enterprise' Language: 'en' Physical Memory: 32703 MB
BatchMode: 1, IsHumanControllingUs: 0, StartBugReporterOnCrash: 0, Is64bit: 1, IsPro: 1

COMMAND LINE ARGUMENTS:
C:\Program Files\Unity 2022.3.51f1\Editor\Unity.exe
-adb2
-batchMode
-noUpm
-name
AssetImportWorker4
-projectPath
C:/Dissertation/Cognitive_Bias_Simulator/My project
-logFile
Logs/AssetImportWorker4.log
-srvPort
60688
Successfully changed project path to: C:/Dissertation/Cognitive_Bias_Simulator/My project
C:/Dissertation/Cognitive_Bias_Simulator/My project
[UnityMemory] Configuration Parameters - Can be set up in boot.config
    "memorysetup-bucket-allocator-granularity=16"
    "memorysetup-bucket-allocator-bucket-count=8"
    "memorysetup-bucket-allocator-block-size=33554432"
    "memorysetup-bucket-allocator-block-count=8"
    "memorysetup-main-allocator-block-size=16777216"
    "memorysetup-thread-allocator-block-size=16777216"
    "memorysetup-gfx-main-allocator-block-size=16777216"
    "memorysetup-gfx-thread-allocator-block-size=16777216"
    "memorysetup-cache-allocator-block-size=4194304"
    "memorysetup-typetree-allocator-block-size=2097152"
    "memorysetup-profiler-bucket-allocator-granularity=16"
    "memorysetup-profiler-bucket-allocator-bucket-count=8"
    "memorysetup-profiler-bucket-allocator-block-size=33554432"
    "memorysetup-profiler-bucket-allocator-block-count=8"
    "memorysetup-profiler-allocator-block-size=16777216"
    "memorysetup-profiler-editor-allocator-block-size=1048576"
    "memorysetup-temp-allocator-size-main=16777216"
    "memorysetup-job-temp-allocator-block-size=2097152"
    "memorysetup-job-temp-allocator-block-size-background=1048576"
    "memorysetup-job-temp-allocator-reduction-small-platforms=262144"
    "memorysetup-allocator-temp-initial-block-size-main=262144"
    "memorysetup-allocator-temp-initial-block-size-worker=262144"
    "memorysetup-temp-allocator-size-background-worker=32768"
    "memorysetup-temp-allocator-size-job-worker=262144"
    "memorysetup-temp-allocator-size-preload-manager=33554432"
    "memorysetup-temp-allocator-size-nav-mesh-worker=65536"
    "memorysetup-temp-allocator-size-audio-worker=65536"
    "memorysetup-temp-allocator-size-cloud-worker=32768"
    "memorysetup-temp-allocator-size-gi-baking-worker=262144"
    "memorysetup-temp-allocator-size-gfx=262144"
Player connection [17304]  Target information:

Player connection [17304]  * "[IP] 10.70.33.81 [Port] 0 [Flags] 2 [Guid] 146442143 [EditorId] 146442143 [Version] 1048832 [Id] WindowsEditor(7,18SCOMPD188) [Debug] 1 [PackageName] WindowsEditor [ProjectName] Editor" 

Player connection [17304] Host joined multi-casting on [225.0.0.222:54997]...
Player connection [17304] Host joined alternative multi-casting on [225.0.0.222:34997]...
[PhysX] Initialized MultithreadedTaskDispatcher with 6 workers.
Refreshing native plugins compatible for Editor in 35.08 ms, found 3 plugins.
Preloading 0 native plugins for Editor in 0.00 ms.
Initialize engine version: 2022.3.51f1 (9f9d16c45e54)
[Subsystems] Discovering subsystems at path C:/Program Files/Unity 2022.3.51f1/Editor/Data/Resources/UnitySubsystems
[Subsystems] Discovering subsystems at path C:/Dissertation/Cognitive_Bias_Simulator/My project/Assets
GfxDevice: creating device client; threaded=0; jobified=0
Direct3D:
    Version:  Direct3D 11.0 [level 11.1]
    Renderer: NVIDIA GeForce GTX 1070 Ti (ID=0x1b82)
    Vendor:   NVIDIA
    VRAM:     8079 MB
    Driver:   27.21.14.6109
Initialize mono
Mono path[0] = 'C:/Program Files/Unity 2022.3.51f1/Editor/Data/Managed'
Mono path[1] = 'C:/Program Files/Unity 2022.3.51f1/Editor/Data/MonoBleedingEdge/lib/mono/unityjit-win32'
Mono config path = 'C:/Program Files/Unity 2022.3.51f1/Editor/Data/MonoBleedingEdge/etc'
Using monoOptions --debugger-agent=transport=dt_socket,embedding=1,server=y,suspend=n,address=127.0.0.1:56300
Begin MonoManager ReloadAssembly
Registering precompiled unity dll's ...
Register platform support module: C:/Program Files/Unity 2022.3.51f1/Editor/Data/PlaybackEngines/WindowsStandaloneSupport/UnityEditor.WindowsStandalone.Extensions.dll
Registered in 0.081087 seconds.
- Loaded All Assemblies, in  0.937 seconds
Native extension for WindowsStandalone target not found
Mono: successfully reloaded assembly
- Finished resetting the current domain, in  0.619 seconds
Domain Reload Profiling: 1554ms
	BeginReloadAssembly (299ms)
		ExecutionOrderSort (0ms)
		DisableScriptedObjects (0ms)
		BackupInstance (0ms)
		ReleaseScriptingObjects (0ms)
		CreateAndSetChildDomain (2ms)
	RebuildCommonClasses (73ms)
	RebuildNativeTypeToScriptingClass (76ms)
	initialDomainReloadingComplete (174ms)
	LoadAllAssembliesAndSetupDomain (312ms)
		LoadAssemblies (295ms)
		RebuildTransferFunctionScriptingTraits (0ms)
		AnalyzeDomain (309ms)
			TypeCache.Refresh (308ms)
				TypeCache.ScanAssembly (281ms)
			ScanForSourceGeneratedMonoScriptInfo (0ms)
			ResolveRequiredComponents (1ms)
	FinalizeReload (620ms)
		ReleaseScriptCaches (0ms)
		RebuildScriptCaches (0ms)
		SetupLoadedEditorAssemblies (513ms)
			LogAssemblyErrors (0ms)
			InitializePlatformSupportModulesInManaged (31ms)
			SetLoadedEditorAssemblies (8ms)
			RefreshPlugins (0ms)
			BeforeProcessingInitializeOnLoad (3ms)
			ProcessInitializeOnLoadAttributes (379ms)
			ProcessInitializeOnLoadMethodAttributes (92ms)
			AfterProcessingInitializeOnLoad (0ms)
			EditorAssembliesLoaded (0ms)
		ExecutionOrderSort2 (0ms)
		AwakeInstancesAfterBackupRestoration (0ms)
========================================================================
Worker process is ready to serve import requests
Caller must complete domain reload
Begin MonoManager ReloadAssembly
- Loaded All Assemblies, in  1.481 seconds
Native extension for WindowsStandalone target not found
Mono: successfully reloaded assembly
- Finished resetting the current domain, in  2.014 seconds
Domain Reload Profiling: 3492ms
	BeginReloadAssembly (494ms)
		ExecutionOrderSort (0ms)
		DisableScriptedObjects (8ms)
		BackupInstance (0ms)
		ReleaseScriptingObjects (0ms)
		CreateAndSetChildDomain (39ms)
	RebuildCommonClasses (84ms)
	RebuildNativeTypeToScriptingClass (70ms)
	initialDomainReloadingComplete (61ms)
	LoadAllAssembliesAndSetupDomain (768ms)
		LoadAssemblies (765ms)
		RebuildTransferFunctionScriptingTraits (0ms)
		AnalyzeDomain (296ms)
			TypeCache.Refresh (255ms)
				TypeCache.ScanAssembly (236ms)
			ScanForSourceGeneratedMonoScriptInfo (21ms)
			ResolveRequiredComponents (19ms)
	FinalizeReload (2015ms)
		ReleaseScriptCaches (0ms)
		RebuildScriptCaches (0ms)
		SetupLoadedEditorAssemblies (1652ms)
			LogAssemblyErrors (0ms)
			InitializePlatformSupportModulesInManaged (14ms)
			SetLoadedEditorAssemblies (29ms)
			RefreshPlugins (0ms)
			BeforeProcessingInitializeOnLoad (285ms)
			ProcessInitializeOnLoadAttributes (1180ms)
			ProcessInitializeOnLoadMethodAttributes (97ms)
			AfterProcessingInitializeOnLoad (46ms)
			EditorAssembliesLoaded (0ms)
		ExecutionOrderSort2 (0ms)
		AwakeInstancesAfterBackupRestoration (9ms)
Launched and connected shader compiler UnityShaderCompiler.exe after 0.51 seconds
Refreshing native plugins compatible for Editor in 3.96 ms, found 3 plugins.
Preloading 0 native plugins for Editor in 0.00 ms.
Unloading 3314 Unused Serialized files (Serialized files now loaded: 0)
Unloading 31 unused Assets / (1.8 MB). Loaded Objects now: 3771.
Memory consumption went from 139.5 MB to 137.8 MB.
Total: 3.580200 ms (FindLiveObjects: 0.337900 ms CreateObjectMapping: 0.323100 ms MarkObjects: 2.485300 ms  DeleteObjects: 0.432900 ms)

AssetImportParameters requested are different than current active one (requested -> active):
  custom:container-demuxer-ogg: 62fdf1f143b41e24485cea50d1cbac27 -> 
  custom:video-decoder-ogg-theora: a1e56fd34408186e4bbccfd4996cb3dc -> 
  custom:framework-win-MediaFoundation: 216162199b28c13a410421893ffa2e32 -> 
  custom:CustomObjectIndexerAttribute: 9a22284fe3817be447336de3de66b15e -> 
  custom:container-demuxer-webm: 4f35f7cbe854078d1ac9338744f61a02 -> 
  custom:container-muxer-webm: aa71ff27fc2769a1b78a27578f13a17b -> 
  custom:video-decoder-webm-vp8: 9c59270c3fd7afecdb556c50c9e8de78 -> 
  custom:SearchIndexIgnoredProperties: e643bd26f0fe6173181afceb89e7c659 -> 
  custom:AudioImporter_EditorPlatform: d09bf68614088b80899f8185d706f6e7 -> 
  custom:video-encoder-webm-vp8: eb34c28f22e8b96e1ab97ce403110664 -> 
  custom:audio-decoder-ogg-vorbis: bf7c407c2cedff20999df2af8eb42d56 -> 
  custom:audio-encoder-webm-vorbis: bf7c407c2cedff20999df2af8eb42d56 -> 
========================================================================
Received Import Request.
  Time since last request: 1638.583578 seconds.
  path: Assets/PandazoleHome/Models/Prop_Shelve_13.fbx
  artifactKey: Guid(248fa22d9b6d42c4a91c1d9132150605) Importer(2089858483,0ecaa5967403d082aa24f35e1b516d23)
Start importing Assets/PandazoleHome/Models/Prop_Shelve_13.fbx using Guid(248fa22d9b6d42c4a91c1d9132150605) Importer(2089858483,0ecaa5967403d082aa24f35e1b516d23) [PhysX] Initialized MultithreadedTaskDispatcher with 6 workers.
 -> (artifact id: '4581dba7b595f5937d8ab15c1348c422') in 0.397445 seconds
Number of updated asset objects reloaded before import = 0
Number of asset objects unloaded after import = 7
========================================================================
Received Import Request.
  Time since last request: 0.000021 seconds.
  path: Assets/PandazoleHome/Models/Prop_Table_10.fbx
  artifactKey: Guid(9d3cf2e0f4a43f24d9200dac4b2ccba6) Importer(2089858483,0ecaa5967403d082aa24f35e1b516d23)
Start importing Assets/PandazoleHome/Models/Prop_Table_10.fbx using Guid(9d3cf2e0f4a43f24d9200dac4b2ccba6) Importer(2089858483,0ecaa5967403d082aa24f35e1b516d23) [PhysX] Initialized MultithreadedTaskDispatcher with 6 workers.
 -> (artifact id: 'ed32cea7d40dbd7ea00b779fe48ee47b') in 0.089749 seconds
Number of updated asset objects reloaded before import = 0
Number of asset objects unloaded after import = 7
========================================================================
Received Import Request.
  Time since last request: 0.002198 seconds.
  path: Assets/PandazoleHome/Models/Prop_BuildingBlockToy_06.fbx
  artifactKey: Guid(230a9b4fcb8e7854ca3e5d683ee3dec5) Importer(2089858483,0ecaa5967403d082aa24f35e1b516d23)
Start importing Assets/PandazoleHome/Models/Prop_BuildingBlockToy_06.fbx using Guid(230a9b4fcb8e7854ca3e5d683ee3dec5) Importer(2089858483,0ecaa5967403d082aa24f35e1b516d23) [PhysX] Initialized MultithreadedTaskDispatcher with 6 workers.
 -> (artifact id: '366d67edba2d4eab760fef6188f55ba5') in 0.159092 seconds
Number of updated asset objects reloaded before import = 0
Number of asset objects unloaded after import = 7
========================================================================
Received Import Request.
  Time since last request: 0.002417 seconds.
  path: Assets/PandazoleHome/Models/Prop_ShapeSortingBlock_Polygon_01.fbx
  artifactKey: Guid(36f251f45a02fe649917cf5db9784049) Importer(2089858483,0ecaa5967403d082aa24f35e1b516d23)
Start importing Assets/PandazoleHome/Models/Prop_ShapeSortingBlock_Polygon_01.fbx using Guid(36f251f45a02fe649917cf5db9784049) Importer(2089858483,0ecaa5967403d082aa24f35e1b516d23) [PhysX] Initialized MultithreadedTaskDispatcher with 6 workers.
 -> (artifact id: '84696851813b11e8d47d63ad5b6e275b') in 0.039661 seconds
Number of updated asset objects reloaded before import = 0
Number of asset objects unloaded after import = 7
========================================================================
Received Import Request.
  Time since last request: 0.000779 seconds.
  path: Assets/PandazoleHome/Models/Prop_SmallStorageBox_02.fbx
  artifactKey: Guid(a13cabd49a33e0347bbcddd4d8d8378f) Importer(2089858483,0ecaa5967403d082aa24f35e1b516d23)
Start importing Assets/PandazoleHome/Models/Prop_SmallStorageBox_02.fbx using Guid(a13cabd49a33e0347bbcddd4d8d8378f) Importer(2089858483,0ecaa5967403d082aa24f35e1b516d23) [PhysX] Initialized MultithreadedTaskDispatcher with 6 workers.
 -> (artifact id: '6c046c929c5ff623611214a7c3430ecd') in 0.063225 seconds
Number of updated asset objects reloaded before import = 0
Number of asset objects unloaded after import = 7
========================================================================
Received Import Request.
  Time since last request: 0.000049 seconds.
  path: Assets/PandazoleHome/Models/Prop_KidsClock.fbx
  artifactKey: Guid(2c3c5b15696b1934f8713060fb974029) Importer(2089858483,0ecaa5967403d082aa24f35e1b516d23)
Start importing Assets/PandazoleHome/Models/Prop_KidsClock.fbx using Guid(2c3c5b15696b1934f8713060fb974029) Importer(2089858483,0ecaa5967403d082aa24f35e1b516d23) [PhysX] Initialized MultithreadedTaskDispatcher with 6 workers.
 -> (artifact id: 'a186f56400152889a0b5fc2b7fb0b97b') in 0.282965 seconds
Number of updated asset objects reloaded before import = 0
Number of asset objects unloaded after import = 7
========================================================================
Received Import Request.
  Time since last request: 0.004297 seconds.
  path: Assets/PandazoleHome/Models/Prop_WallHanger_02.fbx
  artifactKey: Guid(f1fa25a2d47512647b691c427cdad919) Importer(2089858483,0ecaa5967403d082aa24f35e1b516d23)
Start importing Assets/PandazoleHome/Models/Prop_WallHanger_02.fbx using Guid(f1fa25a2d47512647b691c427cdad919) Importer(2089858483,0ecaa5967403d082aa24f35e1b516d23) [PhysX] Initialized MultithreadedTaskDispatcher with 6 workers.
 -> (artifact id: '404b6a9b683aa231899ea8aa6e774123') in 0.150047 seconds
Number of updated asset objects reloaded before import = 0
Number of asset objects unloaded after import = 7
========================================================================
Received Import Request.
  Time since last request: 0.001958 seconds.
  path: Assets/PandazoleHome/Prefabs/Prop_AC.prefab
  artifactKey: Guid(f76b38a89acf9134ea391ff11d86fe8e) Importer(2089858483,0ecaa5967403d082aa24f35e1b516d23)
Start importing Assets/PandazoleHome/Prefabs/Prop_AC.prefab using Guid(f76b38a89acf9134ea391ff11d86fe8e) Importer(2089858483,0ecaa5967403d082aa24f35e1b516d23) [PhysX] Initialized MultithreadedTaskDispatcher with 6 workers.
 -> (artifact id: '6aa14361b2595ba8a3d897de3850d87c') in 0.066220 seconds
Number of updated asset objects reloaded before import = 0
Number of asset objects unloaded after import = 8
========================================================================
Received Import Request.
  Time since last request: 0.000284 seconds.
  path: Assets/PandazoleHome/Prefabs/Prop_Bath_01.prefab
  artifactKey: Guid(20eeb54c8ea8f474a947892c157b9e12) Importer(2089858483,0ecaa5967403d082aa24f35e1b516d23)
Start importing Assets/PandazoleHome/Prefabs/Prop_Bath_01.prefab using Guid(20eeb54c8ea8f474a947892c157b9e12) Importer(2089858483,0ecaa5967403d082aa24f35e1b516d23) [PhysX] Initialized MultithreadedTaskDispatcher with 6 workers.
 -> (artifact id: '4b4cedb64eaa49b760187dd1ad0578ba') in 0.050645 seconds
Number of updated asset objects reloaded before import = 0
Number of asset objects unloaded after import = 8
========================================================================
Received Import Request.
  Time since last request: 0.001499 seconds.
  path: Assets/PandazoleHome/Models/Prop_Wall_01.fbx
  artifactKey: Guid(9e1af8fc68fff594a8e25b17b9895618) Importer(2089858483,0ecaa5967403d082aa24f35e1b516d23)
Start importing Assets/PandazoleHome/Models/Prop_Wall_01.fbx using Guid(9e1af8fc68fff594a8e25b17b9895618) Importer(2089858483,0ecaa5967403d082aa24f35e1b516d23) [PhysX] Initialized MultithreadedTaskDispatcher with 6 workers.
 -> (artifact id: '897ec9e3fc8996ffa52334ce8125594d') in 0.067064 seconds
Number of updated asset objects reloaded before import = 0
Number of asset objects unloaded after import = 7
========================================================================
Received Import Request.
  Time since last request: 0.000955 seconds.
  path: Assets/PandazoleHome/Models/Prop_Wall_04.fbx
  artifactKey: Guid(b69f7286bb6b3f8439afca1e50bd1f16) Importer(2089858483,0ecaa5967403d082aa24f35e1b516d23)
Start importing Assets/PandazoleHome/Models/Prop_Wall_04.fbx using Guid(b69f7286bb6b3f8439afca1e50bd1f16) Importer(2089858483,0ecaa5967403d082aa24f35e1b516d23) [PhysX] Initialized MultithreadedTaskDispatcher with 6 workers.
 -> (artifact id: '74de93a03b3c84c2607aefbf8e6d256b') in 0.059754 seconds
Number of updated asset objects reloaded before import = 0
Number of asset objects unloaded after import = 7
========================================================================
Received Import Request.
  Time since last request: 0.002993 seconds.
  path: Assets/PandazoleHome/Models/Prop_WallCShape_02.fbx
  artifactKey: Guid(aba5fd51c9df39e4b9dc92ce1a9cb130) Importer(2089858483,0ecaa5967403d082aa24f35e1b516d23)
Start importing Assets/PandazoleHome/Models/Prop_WallCShape_02.fbx using Guid(aba5fd51c9df39e4b9dc92ce1a9cb130) Importer(2089858483,0ecaa5967403d082aa24f35e1b516d23) [PhysX] Initialized MultithreadedTaskDispatcher with 6 workers.
 -> (artifact id: 'ae1a9842bb68a5a8a8f83e91370acdf1') in 0.173926 seconds
Number of updated asset objects reloaded before import = 0
Number of asset objects unloaded after import = 7
========================================================================
Received Import Request.
  Time since last request: 0.013831 seconds.
  path: Assets/PandazoleHome/Prefabs/Prop_Book_02.prefab
  artifactKey: Guid(aef7a66dd5ed7b4448dd2eab50c2c4f7) Importer(2089858483,0ecaa5967403d082aa24f35e1b516d23)
Start importing Assets/PandazoleHome/Prefabs/Prop_Book_02.prefab using Guid(aef7a66dd5ed7b4448dd2eab50c2c4f7) Importer(2089858483,0ecaa5967403d082aa24f35e1b516d23) [PhysX] Initialized MultithreadedTaskDispatcher with 6 workers.
 -> (artifact id: 'd763880c3fd9a612925d811c9e72918f') in 0.075864 seconds
Number of updated asset objects reloaded before import = 0
Number of asset objects unloaded after import = 8
========================================================================
Received Import Request.
  Time since last request: 0.000533 seconds.
  path: Assets/PandazoleHome/Prefabs/Prop_Carpet_01.prefab
  artifactKey: Guid(387da3a749befca4fb8e7bd6efd1c3cf) Importer(2089858483,0ecaa5967403d082aa24f35e1b516d23)
Start importing Assets/PandazoleHome/Prefabs/Prop_Carpet_01.prefab using Guid(387da3a749befca4fb8e7bd6efd1c3cf) Importer(2089858483,0ecaa5967403d082aa24f35e1b516d23) [PhysX] Initialized MultithreadedTaskDispatcher with 6 workers.
 -> (artifact id: 'fdeef18d318196bfff1dc45319c7a09d') in 0.096785 seconds
Number of updated asset objects reloaded before import = 0
Number of asset objects unloaded after import = 8
========================================================================
Received Import Request.
  Time since last request: 0.006348 seconds.
  path: Assets/PandazoleHome/Prefabs/Prop_Cabinet_02.prefab
  artifactKey: Guid(3ac025297b975ce4fae03053cc8eb34a) Importer(2089858483,0ecaa5967403d082aa24f35e1b516d23)
Start importing Assets/PandazoleHome/Prefabs/Prop_Cabinet_02.prefab using Guid(3ac025297b975ce4fae03053cc8eb34a) Importer(2089858483,0ecaa5967403d082aa24f35e1b516d23) [PhysX] Initialized MultithreadedTaskDispatcher with 6 workers.
 -> (artifact id: '50dc32b963e8d0ae72885bfaef64b02b') in 0.104549 seconds
Number of updated asset objects reloaded before import = 0
Number of asset objects unloaded after import = 8
========================================================================
Received Import Request.
  Time since last request: 0.000738 seconds.
  path: Assets/PandazoleHome/Prefabs/Prop_Bed_09.prefab
  artifactKey: Guid(ccf89d8d5335df2498ef1a586f615951) Importer(2089858483,0ecaa5967403d082aa24f35e1b516d23)
Start importing Assets/PandazoleHome/Prefabs/Prop_Bed_09.prefab using Guid(ccf89d8d5335df2498ef1a586f615951) Importer(2089858483,0ecaa5967403d082aa24f35e1b516d23) [PhysX] Initialized MultithreadedTaskDispatcher with 6 workers.
 -> (artifact id: '5bda5016e20a876ba102d635625a4281') in 0.124685 seconds
Number of updated asset objects reloaded before import = 0
Number of asset objects unloaded after import = 8
========================================================================
Received Import Request.
  Time since last request: 0.000447 seconds.
  path: Assets/PandazoleHome/Models/Prop_Wardrobe_01.fbx
  artifactKey: Guid(31b87ae090cf4f340865b033dff3eaf8) Importer(2089858483,0ecaa5967403d082aa24f35e1b516d23)
Start importing Assets/PandazoleHome/Models/Prop_Wardrobe_01.fbx using Guid(31b87ae090cf4f340865b033dff3eaf8) Importer(2089858483,0ecaa5967403d082aa24f35e1b516d23) [PhysX] Initialized MultithreadedTaskDispatcher with 6 workers.
 -> (artifact id: 'afa0680ad7542fc6a381c53e850f98f2') in 0.133587 seconds
Number of updated asset objects reloaded before import = 0
Number of asset objects unloaded after import = 17
========================================================================
Received Import Request.
  Time since last request: 0.102468 seconds.
  path: Assets/PandazoleHome/Prefabs/Prop_HomeTheater_03.prefab
  artifactKey: Guid(09974e32f909d734c8f6dd17d141fc16) Importer(2089858483,0ecaa5967403d082aa24f35e1b516d23)
Start importing Assets/PandazoleHome/Prefabs/Prop_HomeTheater_03.prefab using Guid(09974e32f909d734c8f6dd17d141fc16) Importer(2089858483,0ecaa5967403d082aa24f35e1b516d23) [PhysX] Initialized MultithreadedTaskDispatcher with 6 workers.
 -> (artifact id: '20923fcf3c7f93e66b3fbdf25a199983') in 0.113068 seconds
Number of updated asset objects reloaded before import = 0
Number of asset objects unloaded after import = 8
========================================================================
Received Import Request.
  Time since last request: 0.015172 seconds.
  path: Assets/PandazoleHome/Prefabs/Prop_HulaHoop_02.prefab
  artifactKey: Guid(b867725f0364de34fbd8a2984d047cb8) Importer(2089858483,0ecaa5967403d082aa24f35e1b516d23)
Start importing Assets/PandazoleHome/Prefabs/Prop_HulaHoop_02.prefab using Guid(b867725f0364de34fbd8a2984d047cb8) Importer(2089858483,0ecaa5967403d082aa24f35e1b516d23) [PhysX] Initialized MultithreadedTaskDispatcher with 6 workers.
 -> (artifact id: '2a13115ae61b482951f587412ddf8ee7') in 0.050603 seconds
Number of updated asset objects reloaded before import = 0
Number of asset objects unloaded after import = 7
========================================================================
Received Import Request.
  Time since last request: 0.000865 seconds.
  path: Assets/PandazoleHome/Prefabs/Prop_HomeSpeaker_02.prefab
  artifactKey: Guid(e926a1146adc61d4ba6ba0270ee0e09a) Importer(2089858483,0ecaa5967403d082aa24f35e1b516d23)
Start importing Assets/PandazoleHome/Prefabs/Prop_HomeSpeaker_02.prefab using Guid(e926a1146adc61d4ba6ba0270ee0e09a) Importer(2089858483,0ecaa5967403d082aa24f35e1b516d23) [PhysX] Initialized MultithreadedTaskDispatcher with 6 workers.
 -> (artifact id: '4b462f02a5c57d859a680046c31d10db') in 0.044550 seconds
Number of updated asset objects reloaded before import = 0
Number of asset objects unloaded after import = 8
========================================================================
Received Import Request.
  Time since last request: 0.000189 seconds.
  path: Assets/PandazoleHome/Prefabs/Prop_KidsCube_G.prefab
  artifactKey: Guid(3728cdc028320a04692a0d3c523a4e3a) Importer(2089858483,0ecaa5967403d082aa24f35e1b516d23)
Start importing Assets/PandazoleHome/Prefabs/Prop_KidsCube_G.prefab using Guid(3728cdc028320a04692a0d3c523a4e3a) Importer(2089858483,0ecaa5967403d082aa24f35e1b516d23) [PhysX] Initialized MultithreadedTaskDispatcher with 6 workers.
 -> (artifact id: 'f10470e4954731cc51ec0d64febc8257') in 0.102143 seconds
Number of updated asset objects reloaded before import = 0
Number of asset objects unloaded after import = 8
========================================================================
Received Import Request.
  Time since last request: 0.000296 seconds.
  path: Assets/PandazoleHome/Prefabs/Prop_HomeTheater_04.prefab
  artifactKey: Guid(87dbb90e313639849a7fe9072b433128) Importer(2089858483,0ecaa5967403d082aa24f35e1b516d23)
Start importing Assets/PandazoleHome/Prefabs/Prop_HomeTheater_04.prefab using Guid(87dbb90e313639849a7fe9072b433128) Importer(2089858483,0ecaa5967403d082aa24f35e1b516d23) [PhysX] Initialized MultithreadedTaskDispatcher with 6 workers.
 -> (artifact id: '5ac4c06d8694eb6edfe6982c2ded64dc') in 0.127289 seconds
Number of updated asset objects reloaded before import = 0
Number of asset objects unloaded after import = 8
========================================================================
Received Import Request.
  Time since last request: 0.000019 seconds.
  path: Assets/PandazoleHome/Prefabs/Prop_KidsCube_A.prefab
  artifactKey: Guid(5af375af61fad404cb9ecd678bc64bff) Importer(2089858483,0ecaa5967403d082aa24f35e1b516d23)
Start importing Assets/PandazoleHome/Prefabs/Prop_KidsCube_A.prefab using Guid(5af375af61fad404cb9ecd678bc64bff) Importer(2089858483,0ecaa5967403d082aa24f35e1b516d23) [PhysX] Initialized MultithreadedTaskDispatcher with 6 workers.
 -> (artifact id: 'da9120449baba25dad2b923c07f6db10') in 0.047897 seconds
Number of updated asset objects reloaded before import = 0
Number of asset objects unloaded after import = 8
========================================================================
Received Import Request.
  Time since last request: 0.000180 seconds.
  path: Assets/PandazoleHome/Prefabs/Prop_KidsCube_S.prefab
  artifactKey: Guid(8f00d288d55a8c54fae2fa9a17525d20) Importer(2089858483,0ecaa5967403d082aa24f35e1b516d23)
Start importing Assets/PandazoleHome/Prefabs/Prop_KidsCube_S.prefab using Guid(8f00d288d55a8c54fae2fa9a17525d20) Importer(2089858483,0ecaa5967403d082aa24f35e1b516d23) [PhysX] Initialized MultithreadedTaskDispatcher with 6 workers.
 -> (artifact id: '989175f2a3b564454cc2d41eca2b632d') in 0.055155 seconds
Number of updated asset objects reloaded before import = 0
Number of asset objects unloaded after import = 8
========================================================================
Received Import Request.
  Time since last request: 0.000022 seconds.
  path: Assets/PandazoleHome/Prefabs/Prop_KitchenChair_01.prefab
  artifactKey: Guid(49e9e60db13726243b7cd9c564958b4d) Importer(2089858483,0ecaa5967403d082aa24f35e1b516d23)
Start importing Assets/PandazoleHome/Prefabs/Prop_KitchenChair_01.prefab using Guid(49e9e60db13726243b7cd9c564958b4d) Importer(2089858483,0ecaa5967403d082aa24f35e1b516d23) [PhysX] Initialized MultithreadedTaskDispatcher with 6 workers.
 -> (artifact id: 'e984651bf7d2af2b46af25db698dc448') in 0.158394 seconds
Number of updated asset objects reloaded before import = 0
Number of asset objects unloaded after import = 8
========================================================================
Received Import Request.
  Time since last request: 0.001529 seconds.
  path: Assets/PandazoleHome/Prefabs/Prop_KitchenCabinet_02_N.prefab
  artifactKey: Guid(b711e0f039be022438f22f21ececc7e6) Importer(2089858483,0ecaa5967403d082aa24f35e1b516d23)
Start importing Assets/PandazoleHome/Prefabs/Prop_KitchenCabinet_02_N.prefab using Guid(b711e0f039be022438f22f21ececc7e6) Importer(2089858483,0ecaa5967403d082aa24f35e1b516d23) [PhysX] Initialized MultithreadedTaskDispatcher with 6 workers.
 -> (artifact id: '1c885d56efdcd3d8b9b813b3086bee8b') in 0.039240 seconds
Number of updated asset objects reloaded before import = 0
Number of asset objects unloaded after import = 8
========================================================================
Received Import Request.
  Time since last request: 0.000017 seconds.
  path: Assets/PandazoleHome/Prefabs/Prop_Paint_03.prefab
  artifactKey: Guid(ab234495dd338a246b23137afc65957c) Importer(2089858483,0ecaa5967403d082aa24f35e1b516d23)
Start importing Assets/PandazoleHome/Prefabs/Prop_Paint_03.prefab using Guid(ab234495dd338a246b23137afc65957c) Importer(2089858483,0ecaa5967403d082aa24f35e1b516d23) [PhysX] Initialized MultithreadedTaskDispatcher with 6 workers.
 -> (artifact id: '4d442a6c248a0218117195e806ae97de') in 0.037197 seconds
Number of updated asset objects reloaded before import = 0
Number of asset objects unloaded after import = 8
========================================================================
Received Import Request.
  Time since last request: 0.000612 seconds.
  path: Assets/PandazoleHome/Prefabs/Prop_OfficeChair_01.prefab
  artifactKey: Guid(0d942da2243c678459d11c7fcc4c3aa5) Importer(2089858483,0ecaa5967403d082aa24f35e1b516d23)
Start importing Assets/PandazoleHome/Prefabs/Prop_OfficeChair_01.prefab using Guid(0d942da2243c678459d11c7fcc4c3aa5) Importer(2089858483,0ecaa5967403d082aa24f35e1b516d23) [PhysX] Initialized MultithreadedTaskDispatcher with 6 workers.
 -> (artifact id: 'b27b153ec4e5ce42dd1cdc17fc0d1ae8') in 0.149455 seconds
Number of updated asset objects reloaded before import = 0
Number of asset objects unloaded after import = 8
========================================================================
Received Import Request.
  Time since last request: 0.038043 seconds.
  path: Assets/PandazoleHome/Models/Prop_KidsCube_Y.fbx
  artifactKey: Guid(a01db5440b3a27f46a87ff798696e048) Importer(2089858483,0ecaa5967403d082aa24f35e1b516d23)
Start importing Assets/PandazoleHome/Models/Prop_KidsCube_Y.fbx using Guid(a01db5440b3a27f46a87ff798696e048) Importer(2089858483,0ecaa5967403d082aa24f35e1b516d23) [PhysX] Initialized MultithreadedTaskDispatcher with 6 workers.
 -> (artifact id: '08aeed3966328f595be017c1749f7b66') in 0.084184 seconds
Number of updated asset objects reloaded before import = 0
Number of asset objects unloaded after import = 7
========================================================================
Received Import Request.
  Time since last request: 0.000422 seconds.
  path: Assets/PandazoleHome/Prefabs/Prop_Bath_02.prefab
  artifactKey: Guid(42de7c35d566d3b4c914d9598e027e26) Importer(2089858483,0ecaa5967403d082aa24f35e1b516d23)
Start importing Assets/PandazoleHome/Prefabs/Prop_Bath_02.prefab using Guid(42de7c35d566d3b4c914d9598e027e26) Importer(2089858483,0ecaa5967403d082aa24f35e1b516d23) [PhysX] Initialized MultithreadedTaskDispatcher with 6 workers.
 -> (artifact id: 'd72bd70e718df24875f59470f34afcc6') in 0.079015 seconds
Number of updated asset objects reloaded before import = 0
Number of asset objects unloaded after import = 8
========================================================================
Received Import Request.
  Time since last request: 1.222775 seconds.
  path: Assets/PandazoleHome/Prefabs/Prop_Paint_08.prefab
  artifactKey: Guid(04dd99f49c1492d49847917e762e5f53) Importer(2089858483,0ecaa5967403d082aa24f35e1b516d23)
Start importing Assets/PandazoleHome/Prefabs/Prop_Paint_08.prefab using Guid(04dd99f49c1492d49847917e762e5f53) Importer(2089858483,0ecaa5967403d082aa24f35e1b516d23) [PhysX] Initialized MultithreadedTaskDispatcher with 6 workers.
 -> (artifact id: 'df8d2b494e1fa77b025ac0b8cea006da') in 0.068267 seconds
Number of updated asset objects reloaded before import = 0
Number of asset objects unloaded after import = 8
========================================================================
Received Import Request.
  Time since last request: 0.004740 seconds.
  path: Assets/PandazoleHome/Prefabs/Prop_TeddyBear_05.prefab
  artifactKey: Guid(5ffa8ec27fcf036439322b0ef74ca02f) Importer(2089858483,0ecaa5967403d082aa24f35e1b516d23)
Start importing Assets/PandazoleHome/Prefabs/Prop_TeddyBear_05.prefab using Guid(5ffa8ec27fcf036439322b0ef74ca02f) Importer(2089858483,0ecaa5967403d082aa24f35e1b516d23) [PhysX] Initialized MultithreadedTaskDispatcher with 6 workers.
 -> (artifact id: '74acb24da9756a693c8eb2beff1a90ed') in 0.078677 seconds
Number of updated asset objects reloaded before import = 0
Number of asset objects unloaded after import = 8
========================================================================
Received Import Request.
  Time since last request: 0.000282 seconds.
  path: Assets/PandazoleHome/Prefabs/Prop_Refrigerator_02.prefab
  artifactKey: Guid(679007f25f6be8d49a61003ba483cde9) Importer(2089858483,0ecaa5967403d082aa24f35e1b516d23)
Start importing Assets/PandazoleHome/Prefabs/Prop_Refrigerator_02.prefab using Guid(679007f25f6be8d49a61003ba483cde9) Importer(2089858483,0ecaa5967403d082aa24f35e1b516d23) [PhysX] Initialized MultithreadedTaskDispatcher with 6 workers.
 -> (artifact id: '9b32bf740113b75b00525b7f646e9419') in 0.143077 seconds
Number of updated asset objects reloaded before import = 0
Number of asset objects unloaded after import = 8
========================================================================
Received Import Request.
  Time since last request: 0.000277 seconds.
  path: Assets/PandazoleHome/Prefabs/Prop_Table_10.prefab
  artifactKey: Guid(ce84537aafaf10642b4f78f152d0cb53) Importer(2089858483,0ecaa5967403d082aa24f35e1b516d23)
Start importing Assets/PandazoleHome/Prefabs/Prop_Table_10.prefab using Guid(ce84537aafaf10642b4f78f152d0cb53) Importer(2089858483,0ecaa5967403d082aa24f35e1b516d23) [PhysX] Initialized MultithreadedTaskDispatcher with 6 workers.
 -> (artifact id: '9706c4acafaee8cfdb414fb79abf793d') in 0.063649 seconds
Number of updated asset objects reloaded before import = 0
Number of asset objects unloaded after import = 8
========================================================================
Received Import Request.
  Time since last request: 0.000512 seconds.
  path: Assets/PandazoleHome/Prefabs/Prop_Table_05.prefab
  artifactKey: Guid(4ccbd0316b6b9714c8810954bb035dd9) Importer(2089858483,0ecaa5967403d082aa24f35e1b516d23)
Start importing Assets/PandazoleHome/Prefabs/Prop_Table_05.prefab using Guid(4ccbd0316b6b9714c8810954bb035dd9) Importer(2089858483,0ecaa5967403d082aa24f35e1b516d23) [PhysX] Initialized MultithreadedTaskDispatcher with 6 workers.
 -> (artifact id: '1f20cdc3f306642b791b093e6d26820d') in 0.066690 seconds
Number of updated asset objects reloaded before import = 0
Number of asset objects unloaded after import = 8
========================================================================
Received Import Request.
  Time since last request: 0.173213 seconds.
  path: Assets/PandazoleHome/Prefabs/Prop_Shelve_13.prefab
  artifactKey: Guid(8ebf8a48f840d464082061e70a785811) Importer(2089858483,0ecaa5967403d082aa24f35e1b516d23)
Start importing Assets/PandazoleHome/Prefabs/Prop_Shelve_13.prefab using Guid(8ebf8a48f840d464082061e70a785811) Importer(2089858483,0ecaa5967403d082aa24f35e1b516d23) [PhysX] Initialized MultithreadedTaskDispatcher with 6 workers.
 -> (artifact id: 'c6bb66dbd5cb4ff59804e0f1f456ec89') in 0.046158 seconds
Number of updated asset objects reloaded before import = 0
Number of asset objects unloaded after import = 8
========================================================================
Received Import Request.
  Time since last request: 0.020667 seconds.
  path: Assets/PandazoleHome/Prefabs/Prop_ToyTrain_02.prefab
  artifactKey: Guid(f5c81531944f6a043a045b781fc99b12) Importer(2089858483,0ecaa5967403d082aa24f35e1b516d23)
Start importing Assets/PandazoleHome/Prefabs/Prop_ToyTrain_02.prefab using Guid(f5c81531944f6a043a045b781fc99b12) Importer(2089858483,0ecaa5967403d082aa24f35e1b516d23) [PhysX] Initialized MultithreadedTaskDispatcher with 6 workers.
 -> (artifact id: '6bb8a184e3755a7f5337f68cae41c3d6') in 0.089630 seconds
Number of updated asset objects reloaded before import = 0
Number of asset objects unloaded after import = 8
========================================================================
Received Import Request.
  Time since last request: 0.000352 seconds.
  path: Assets/PandazoleHome/Prefabs/Prop_Towel_01.prefab
  artifactKey: Guid(f851d86f5f454c349abb7d2a780f7829) Importer(2089858483,0ecaa5967403d082aa24f35e1b516d23)
Start importing Assets/PandazoleHome/Prefabs/Prop_Towel_01.prefab using Guid(f851d86f5f454c349abb7d2a780f7829) Importer(2089858483,0ecaa5967403d082aa24f35e1b516d23) [PhysX] Initialized MultithreadedTaskDispatcher with 6 workers.
 -> (artifact id: 'c00882a1e8118f6725a58aa672ad4c5e') in 0.057567 seconds
Number of updated asset objects reloaded before import = 0
Number of asset objects unloaded after import = 8
========================================================================
Received Import Request.
  Time since last request: 0.061846 seconds.
  path: Assets/PandazoleHome/Prefabs/Prop_WallShelf_07.prefab
  artifactKey: Guid(c5aa2d3df5d8cc6469e32fbba739d27f) Importer(2089858483,0ecaa5967403d082aa24f35e1b516d23)
Start importing Assets/PandazoleHome/Prefabs/Prop_WallShelf_07.prefab using Guid(c5aa2d3df5d8cc6469e32fbba739d27f) Importer(2089858483,0ecaa5967403d082aa24f35e1b516d23) [PhysX] Initialized MultithreadedTaskDispatcher with 6 workers.
 -> (artifact id: '0bbb4f018c47a2c074dbd800f93e6d82') in 0.227742 seconds
Number of updated asset objects reloaded before import = 0
Number of asset objects unloaded after import = 8
========================================================================
Received Import Request.
  Time since last request: 0.008333 seconds.
  path: Assets/PandazoleHome/Prefabs/Prop_TeddyBear_03.prefab
  artifactKey: Guid(ddaeb73f60bbfb043a640883d3f6be01) Importer(2089858483,0ecaa5967403d082aa24f35e1b516d23)
Start importing Assets/PandazoleHome/Prefabs/Prop_TeddyBear_03.prefab using Guid(ddaeb73f60bbfb043a640883d3f6be01) Importer(2089858483,0ecaa5967403d082aa24f35e1b516d23) [PhysX] Initialized MultithreadedTaskDispatcher with 6 workers.
 -> (artifact id: 'fc31077873c526607dff8461324d43fa') in 0.054902 seconds
Number of updated asset objects reloaded before import = 0
Number of asset objects unloaded after import = 8
========================================================================
Received Import Request.
  Time since last request: 0.000018 seconds.
  path: Assets/PandazoleHome/Prefabs/Prop_Sofa_05_C.prefab
  artifactKey: Guid(0b21ed633e23e084db2cf1e12ee38f58) Importer(2089858483,0ecaa5967403d082aa24f35e1b516d23)
Start importing Assets/PandazoleHome/Prefabs/Prop_Sofa_05_C.prefab using Guid(0b21ed633e23e084db2cf1e12ee38f58) Importer(2089858483,0ecaa5967403d082aa24f35e1b516d23) [PhysX] Initialized MultithreadedTaskDispatcher with 6 workers.
 -> (artifact id: '6cb2383b724ab1ccf840fb91f29f1da1') in 0.051441 seconds
Number of updated asset objects reloaded before import = 0
Number of asset objects unloaded after import = 8
========================================================================
Received Import Request.
  Time since last request: 0.001184 seconds.
  path: Assets/TextMesh Pro/Shaders/TMP_SDF SSD.shader
  artifactKey: Guid(14eb328de4b8eb245bb7cea29e4ac00b) Importer(2089858483,0ecaa5967403d082aa24f35e1b516d23)
Start importing Assets/TextMesh Pro/Shaders/TMP_SDF SSD.shader using Guid(14eb328de4b8eb245bb7cea29e4ac00b) Importer(2089858483,0ecaa5967403d082aa24f35e1b516d23) [PhysX] Initialized MultithreadedTaskDispatcher with 6 workers.
 -> (artifact id: '1f5e4f8c98b1af1cd19e055e9818a31e') in 0.032803 seconds
Number of updated asset objects reloaded before import = 0
Number of asset objects unloaded after import = 1
========================================================================
Received Import Request.
  Time since last request: 0.057944 seconds.
  path: Assets/iPoly3D/Server Room/Models/airvent.fbx
  artifactKey: Guid(23f52b54fe7d69e4884b5cecfc96ea21) Importer(2089858483,0ecaa5967403d082aa24f35e1b516d23)
Start importing Assets/iPoly3D/Server Room/Models/airvent.fbx using Guid(23f52b54fe7d69e4884b5cecfc96ea21) Importer(2089858483,0ecaa5967403d082aa24f35e1b516d23) [PhysX] Initialized MultithreadedTaskDispatcher with 6 workers.
 -> (artifact id: 'b3e03e5ca642905da012f60eabb6e897') in 0.129318 seconds
Number of updated asset objects reloaded before import = 0
Number of asset objects unloaded after import = 8
========================================================================
Received Import Request.
  Time since last request: 0.083694 seconds.
  path: Assets/TextMesh Pro/Shaders/TMP_SDF-Surface.shader
  artifactKey: Guid(f7ada0af4f174f0694ca6a487b8f543d) Importer(2089858483,0ecaa5967403d082aa24f35e1b516d23)
Start importing Assets/TextMesh Pro/Shaders/TMP_SDF-Surface.shader using Guid(f7ada0af4f174f0694ca6a487b8f543d) Importer(2089858483,0ecaa5967403d082aa24f35e1b516d23) [PhysX] Initialized MultithreadedTaskDispatcher with 6 workers.
 -> (artifact id: '3ad1481655b62ac695d6e2ce99eed3e1') in 0.033691 seconds
Number of updated asset objects reloaded before import = 0
Number of asset objects unloaded after import = 1
========================================================================
Received Import Request.
  Time since last request: 0.004113 seconds.
  path: Assets/iPoly3D/Server Room/Prefabs/exit_sign.prefab
  artifactKey: Guid(01416d383f6bdc14e811adfc51255eaa) Importer(2089858483,0ecaa5967403d082aa24f35e1b516d23)
Start importing Assets/iPoly3D/Server Room/Prefabs/exit_sign.prefab using Guid(01416d383f6bdc14e811adfc51255eaa) Importer(2089858483,0ecaa5967403d082aa24f35e1b516d23) [PhysX] Initialized MultithreadedTaskDispatcher with 6 workers.
 -> (artifact id: '5d221f397f652d7c69323057b21ce66a') in 0.086761 seconds
Number of updated asset objects reloaded before import = 0
Number of asset objects unloaded after import = 14
========================================================================
Received Import Request.
  Time since last request: 0.015198 seconds.
  path: Assets/PandazoleHome/Prefabs/Prop_Sink_01.prefab
  artifactKey: Guid(05980c0f108ee0b48b6f5789a21ab200) Importer(2089858483,0ecaa5967403d082aa24f35e1b516d23)
Start importing Assets/PandazoleHome/Prefabs/Prop_Sink_01.prefab using Guid(05980c0f108ee0b48b6f5789a21ab200) Importer(2089858483,0ecaa5967403d082aa24f35e1b516d23) [PhysX] Initialized MultithreadedTaskDispatcher with 6 workers.
 -> (artifact id: 'df95e503532d06267cb42defb2635115') in 0.060980 seconds
Number of updated asset objects reloaded before import = 0
Number of asset objects unloaded after import = 8
========================================================================
Received Import Request.
  Time since last request: 0.001153 seconds.
  path: Assets/iPoly3D/Server Room/Models/pencilbox.fbx
  artifactKey: Guid(eb7e39bb6ef2ad4459440d2e1b336347) Importer(2089858483,0ecaa5967403d082aa24f35e1b516d23)
Start importing Assets/iPoly3D/Server Room/Models/pencilbox.fbx using Guid(eb7e39bb6ef2ad4459440d2e1b336347) Importer(2089858483,0ecaa5967403d082aa24f35e1b516d23) [PhysX] Initialized MultithreadedTaskDispatcher with 6 workers.
 -> (artifact id: 'c92e73da0e415aeeb6a0ed00ba7a00d5') in 0.031964 seconds
Number of updated asset objects reloaded before import = 0
Number of asset objects unloaded after import = 8
========================================================================
Received Import Request.
  Time since last request: 0.001048 seconds.
  path: Assets/TextMesh Pro/Shaders/TMP_SDF.shader
  artifactKey: Guid(68e6db2ebdc24f95958faec2be5558d6) Importer(2089858483,0ecaa5967403d082aa24f35e1b516d23)
Start importing Assets/TextMesh Pro/Shaders/TMP_SDF.shader using Guid(68e6db2ebdc24f95958faec2be5558d6) Importer(2089858483,0ecaa5967403d082aa24f35e1b516d23) [PhysX] Initialized MultithreadedTaskDispatcher with 6 workers.
 -> (artifact id: '4355839b100c35f7d829b76fd939d6e4') in 0.031783 seconds
Number of updated asset objects reloaded before import = 0
Number of asset objects unloaded after import = 1
========================================================================
Received Import Request.
  Time since last request: 0.000248 seconds.
  path: Assets/PandazoleHome/Prefabs/Prop_ToiletBrush_02.prefab
  artifactKey: Guid(dc3aef706a06d0f4f8a08cc19191ab65) Importer(2089858483,0ecaa5967403d082aa24f35e1b516d23)
Start importing Assets/PandazoleHome/Prefabs/Prop_ToiletBrush_02.prefab using Guid(dc3aef706a06d0f4f8a08cc19191ab65) Importer(2089858483,0ecaa5967403d082aa24f35e1b516d23) [PhysX] Initialized MultithreadedTaskDispatcher with 6 workers.
 -> (artifact id: '41d503b2f87a8e9bb33e63f40fb16f8f') in 0.084926 seconds
Number of updated asset objects reloaded before import = 0
Number of asset objects unloaded after import = 8
========================================================================
Received Import Request.
  Time since last request: 0.001590 seconds.
  path: Assets/PandazoleHome/Prefabs/Prop_WallHanger_02.prefab
  artifactKey: Guid(e6611c4ccbf11e74992c9f6f419bd980) Importer(2089858483,0ecaa5967403d082aa24f35e1b516d23)
Start importing Assets/PandazoleHome/Prefabs/Prop_WallHanger_02.prefab using Guid(e6611c4ccbf11e74992c9f6f419bd980) Importer(2089858483,0ecaa5967403d082aa24f35e1b516d23) [PhysX] Initialized MultithreadedTaskDispatcher with 6 workers.
 -> (artifact id: 'f0573df3834fb88a3fdd6f5f378d5f82') in 0.110728 seconds
Number of updated asset objects reloaded before import = 0
Number of asset objects unloaded after import = 8
========================================================================
Received Import Request.
  Time since last request: 0.061323 seconds.
  path: Assets/TextMesh Pro/Examples & Extras/Fonts/Bangers.ttf
  artifactKey: Guid(5dd49b3eacc540408c98eee0de38e0f1) Importer(2089858483,0ecaa5967403d082aa24f35e1b516d23)
Start importing Assets/TextMesh Pro/Examples & Extras/Fonts/Bangers.ttf using Guid(5dd49b3eacc540408c98eee0de38e0f1) Importer(2089858483,0ecaa5967403d082aa24f35e1b516d23) [PhysX] Initialized MultithreadedTaskDispatcher with 6 workers.
 -> (artifact id: 'c1077062a5ee9df21e93dc0b30fdd871') in 0.172558 seconds
Number of updated asset objects reloaded before import = 0
Number of asset objects unloaded after import = 3
========================================================================
Received Import Request.
  Time since last request: 0.012934 seconds.
  path: Assets/iPoly3D/Server Room/Models/mousepad.fbx
  artifactKey: Guid(28d1dcff842471a4ebcd0baa5a16877d) Importer(2089858483,0ecaa5967403d082aa24f35e1b516d23)
Start importing Assets/iPoly3D/Server Room/Models/mousepad.fbx using Guid(28d1dcff842471a4ebcd0baa5a16877d) Importer(2089858483,0ecaa5967403d082aa24f35e1b516d23) [PhysX] Initialized MultithreadedTaskDispatcher with 6 workers.
 -> (artifact id: 'c15fc969fd801f23c78e7a976a4cf9c6') in 0.060471 seconds
Number of updated asset objects reloaded before import = 0
Number of asset objects unloaded after import = 8
========================================================================
Received Import Request.
  Time since last request: 0.003026 seconds.
  path: Assets/PandazoleHome/Prefabs/Walls/Prop_WallCornor_05.prefab
  artifactKey: Guid(5eba546099771304ea84970734249a58) Importer(2089858483,0ecaa5967403d082aa24f35e1b516d23)
Start importing Assets/PandazoleHome/Prefabs/Walls/Prop_WallCornor_05.prefab using Guid(5eba546099771304ea84970734249a58) Importer(2089858483,0ecaa5967403d082aa24f35e1b516d23) [PhysX] Initialized MultithreadedTaskDispatcher with 6 workers.
 -> (artifact id: '57dc8be10db643b46f4a32e5735fc4f3') in 0.102839 seconds
Number of updated asset objects reloaded before import = 0
Number of asset objects unloaded after import = 9
========================================================================
Received Import Request.
  Time since last request: 0.000236 seconds.
  path: Assets/TextMesh Pro/Examples & Extras/Prefabs/TextMeshPro - Prefab 1.prefab
  artifactKey: Guid(a6e39ced0ea046bcb636c3f0b2e2a745) Importer(2089858483,0ecaa5967403d082aa24f35e1b516d23)
Start importing Assets/TextMesh Pro/Examples & Extras/Prefabs/TextMeshPro - Prefab 1.prefab using Guid(a6e39ced0ea046bcb636c3f0b2e2a745) Importer(2089858483,0ecaa5967403d082aa24f35e1b516d23) [PhysX] Initialized MultithreadedTaskDispatcher with 6 workers.
 -> (artifact id: '6b6c08134328145c25f021ef6f0f5712') in 0.729429 seconds
Number of updated asset objects reloaded before import = 0
Number of asset objects unloaded after import = 16
========================================================================
Received Import Request.
  Time since last request: 0.002704 seconds.
  path: Assets/TextMesh Pro/Examples & Extras/Scripts/TMP_TextSelector_A.cs
  artifactKey: Guid(103e0a6a1d404693b9fb1a5173e0e979) Importer(2089858483,0ecaa5967403d082aa24f35e1b516d23)
Start importing Assets/TextMesh Pro/Examples & Extras/Scripts/TMP_TextSelector_A.cs using Guid(103e0a6a1d404693b9fb1a5173e0e979) Importer(2089858483,0ecaa5967403d082aa24f35e1b516d23) [PhysX] Initialized MultithreadedTaskDispatcher with 6 workers.
 -> (artifact id: 'c959d030b9f0f8152f1fd5f6066c45e0') in 0.062155 seconds
Number of updated asset objects reloaded before import = 0
Number of asset objects unloaded after import = 1
========================================================================
Received Import Request.
  Time since last request: 0.016354 seconds.
  path: Assets/Free Stylized Skybox/CubeMap/Materials/Sky_Anime_11_morning_a.mat
  artifactKey: Guid(8162517b6ec2309499f99e303b29f146) Importer(2089858483,0ecaa5967403d082aa24f35e1b516d23)
Start importing Assets/Free Stylized Skybox/CubeMap/Materials/Sky_Anime_11_morning_a.mat using Guid(8162517b6ec2309499f99e303b29f146) Importer(2089858483,0ecaa5967403d082aa24f35e1b516d23) [PhysX] Initialized MultithreadedTaskDispatcher with 6 workers.
 -> (artifact id: '0279028e11152050a2b393c5c164a01f') in 0.270312 seconds
Number of updated asset objects reloaded before import = 0
Number of asset objects unloaded after import = 2
========================================================================
Received Import Request.
  Time since last request: 0.000024 seconds.
  path: Assets/TextMesh Pro/Examples & Extras/Resources/Sprite Assets/Default Sprite Asset.asset
  artifactKey: Guid(fbef3c704dce48f08a44612d6c856c8d) Importer(2089858483,0ecaa5967403d082aa24f35e1b516d23)
Start importing Assets/TextMesh Pro/Examples & Extras/Resources/Sprite Assets/Default Sprite Asset.asset using Guid(fbef3c704dce48f08a44612d6c856c8d) Importer(2089858483,0ecaa5967403d082aa24f35e1b516d23) [PhysX] Initialized MultithreadedTaskDispatcher with 6 workers.
 -> (artifact id: '4b725399de56da2844d0b2a75d2dda72') in 0.056429 seconds
Number of updated asset objects reloaded before import = 0
Number of asset objects unloaded after import = 3
========================================================================
Received Import Request.
  Time since last request: 0.000084 seconds.
  path: Assets/TextMesh Pro/Examples & Extras/Resources/Fonts & Materials/Anton SDF - Sunny Days.mat
  artifactKey: Guid(6522f30e342599e4e9dd4cc2cc03c830) Importer(2089858483,0ecaa5967403d082aa24f35e1b516d23)
Start importing Assets/TextMesh Pro/Examples & Extras/Resources/Fonts & Materials/Anton SDF - Sunny Days.mat using Guid(6522f30e342599e4e9dd4cc2cc03c830) Importer(2089858483,0ecaa5967403d082aa24f35e1b516d23) [PhysX] Initialized MultithreadedTaskDispatcher with 6 workers.
 -> (artifact id: '5c1d40f7196b6b7076e9e93e160f60b2') in 0.078739 seconds
Number of updated asset objects reloaded before import = 0
Number of asset objects unloaded after import = 4
========================================================================
Received Import Request.
  Time since last request: 0.026940 seconds.
  path: Assets/TextMesh Pro/Resources/Fonts & Materials/Jersey15-Regular.ttf
  artifactKey: Guid(b578d2805eeda05488a5c6dea925da3b) Importer(2089858483,0ecaa5967403d082aa24f35e1b516d23)
Start importing Assets/TextMesh Pro/Resources/Fonts & Materials/Jersey15-Regular.ttf using Guid(b578d2805eeda05488a5c6dea925da3b) Importer(2089858483,0ecaa5967403d082aa24f35e1b516d23) [PhysX] Initialized MultithreadedTaskDispatcher with 6 workers.
 -> (artifact id: 'dc357f71f717832e3dd5c726b858c3b2') in 0.032841 seconds
Number of updated asset objects reloaded before import = 0
Number of asset objects unloaded after import = 3
========================================================================
Received Import Request.
  Time since last request: 0.000017 seconds.
  path: Assets/TextMesh Pro/Resources/Fonts & Materials/Kenney Future SDF.asset
  artifactKey: Guid(bb052522dd8bbee43841373c424692a2) Importer(2089858483,0ecaa5967403d082aa24f35e1b516d23)
Start importing Assets/TextMesh Pro/Resources/Fonts & Materials/Kenney Future SDF.asset using Guid(bb052522dd8bbee43841373c424692a2) Importer(2089858483,0ecaa5967403d082aa24f35e1b516d23) [PhysX] Initialized MultithreadedTaskDispatcher with 6 workers.
 -> (artifact id: '1af346a08315f530625a1d65beb00add') in 0.319984 seconds
Number of updated asset objects reloaded before import = 0
Number of asset objects unloaded after import = 5
========================================================================
Received Import Request.
  Time since last request: 0.000020 seconds.
  path: Assets/PandazoleHome/Prefabs/Prop_Sofa_02_G.prefab
  artifactKey: Guid(6d06f861e7132264aa7aa628258e70c9) Importer(2089858483,0ecaa5967403d082aa24f35e1b516d23)
Start importing Assets/PandazoleHome/Prefabs/Prop_Sofa_02_G.prefab using Guid(6d06f861e7132264aa7aa628258e70c9) Importer(2089858483,0ecaa5967403d082aa24f35e1b516d23) [PhysX] Initialized MultithreadedTaskDispatcher with 6 workers.
 -> (artifact id: 'afa77733927278edf9c9e64fc3149c64') in 0.081401 seconds
Number of updated asset objects reloaded before import = 0
Number of asset objects unloaded after import = 8
========================================================================
Received Import Request.
  Time since last request: 0.000027 seconds.
  path: Assets/UI/Materials/tile_0010.mat
  artifactKey: Guid(b3b27fab23fcc9440b15dc18b7625e75) Importer(2089858483,0ecaa5967403d082aa24f35e1b516d23)
Start importing Assets/UI/Materials/tile_0010.mat using Guid(b3b27fab23fcc9440b15dc18b7625e75) Importer(2089858483,0ecaa5967403d082aa24f35e1b516d23) [PhysX] Initialized MultithreadedTaskDispatcher with 6 workers.
 -> (artifact id: 'a0d756171b4261e09b973715a2f18d90') in 0.039173 seconds
Number of updated asset objects reloaded before import = 0
Number of asset objects unloaded after import = 2
========================================================================
Received Import Request.
  Time since last request: 0.000141 seconds.
  path: Assets/PandazoleHome/Prefabs/Prop_Sofa_02_E.prefab
  artifactKey: Guid(1bc62d159543c1f4ab7c4f69e0333ce3) Importer(2089858483,0ecaa5967403d082aa24f35e1b516d23)
Start importing Assets/PandazoleHome/Prefabs/Prop_Sofa_02_E.prefab using Guid(1bc62d159543c1f4ab7c4f69e0333ce3) Importer(2089858483,0ecaa5967403d082aa24f35e1b516d23) [PhysX] Initialized MultithreadedTaskDispatcher with 6 workers.
 -> (artifact id: '2c03f8c118d9965920e3414a5b3d0d16') in 0.057503 seconds
Number of updated asset objects reloaded before import = 0
Number of asset objects unloaded after import = 8
========================================================================
Received Import Request.
  Time since last request: 0.003571 seconds.
  path: Assets/TextMesh Pro/Resources/Fonts & Materials/Jersey15-Regular SDF.asset
  artifactKey: Guid(859ed3c1b32f8f94ebc17a2e7245ccc2) Importer(2089858483,0ecaa5967403d082aa24f35e1b516d23)
Start importing Assets/TextMesh Pro/Resources/Fonts & Materials/Jersey15-Regular SDF.asset using Guid(859ed3c1b32f8f94ebc17a2e7245ccc2) Importer(2089858483,0ecaa5967403d082aa24f35e1b516d23) [PhysX] Initialized MultithreadedTaskDispatcher with 6 workers.
 -> (artifact id: '208fc2f97805b005d6d443a94d922b4f') in 0.077963 seconds
Number of updated asset objects reloaded before import = 0
Number of asset objects unloaded after import = 5
========================================================================
Received Import Request.
  Time since last request: 0.000928 seconds.
  path: Assets/PandazoleHome/Prefabs/Prop_TeddyBear_04.prefab
  artifactKey: Guid(625b27705cf415242913c2cd454718e8) Importer(2089858483,0ecaa5967403d082aa24f35e1b516d23)
Start importing Assets/PandazoleHome/Prefabs/Prop_TeddyBear_04.prefab using Guid(625b27705cf415242913c2cd454718e8) Importer(2089858483,0ecaa5967403d082aa24f35e1b516d23) [PhysX] Initialized MultithreadedTaskDispatcher with 6 workers.
 -> (artifact id: '9d5b2018b3d570d221d6cdbcadb34827') in 0.058493 seconds
Number of updated asset objects reloaded before import = 0
Number of asset objects unloaded after import = 8
========================================================================
Received Import Request.
  Time since last request: 0.003649 seconds.
  path: Assets/TextMesh Pro/Examples & Extras/Scripts/TextMeshSpawner.cs
  artifactKey: Guid(76c11bbcfddf44e0ba17d6c2751c8d84) Importer(2089858483,0ecaa5967403d082aa24f35e1b516d23)
Start importing Assets/TextMesh Pro/Examples & Extras/Scripts/TextMeshSpawner.cs using Guid(76c11bbcfddf44e0ba17d6c2751c8d84) Importer(2089858483,0ecaa5967403d082aa24f35e1b516d23) [PhysX] Initialized MultithreadedTaskDispatcher with 6 workers.
 -> (artifact id: 'd13bc3759aa915eadf0e36073f58f155') in 0.035962 seconds
Number of updated asset objects reloaded before import = 0
Number of asset objects unloaded after import = 1
========================================================================
Received Import Request.
  Time since last request: 0.000967 seconds.
  path: Assets/PandazoleHome/Prefabs/Prop_Table_19.prefab
  artifactKey: Guid(d1a8c4171fb35c547958c4f44ba28941) Importer(2089858483,0ecaa5967403d082aa24f35e1b516d23)
Start importing Assets/PandazoleHome/Prefabs/Prop_Table_19.prefab using Guid(d1a8c4171fb35c547958c4f44ba28941) Importer(2089858483,0ecaa5967403d082aa24f35e1b516d23) [PhysX] Initialized MultithreadedTaskDispatcher with 6 workers.
 -> (artifact id: '412b51182dc87c7d5742f6ec45ba5043') in 0.035600 seconds
Number of updated asset objects reloaded before import = 0
Number of asset objects unloaded after import = 8
========================================================================
Received Import Request.
  Time since last request: 0.000189 seconds.
  path: Assets/PandazoleHome/Prefabs/Prop_Shelve_08.prefab
  artifactKey: Guid(c3e554aab30859d43b89bfd180573de7) Importer(2089858483,0ecaa5967403d082aa24f35e1b516d23)
Start importing Assets/PandazoleHome/Prefabs/Prop_Shelve_08.prefab using Guid(c3e554aab30859d43b89bfd180573de7) Importer(2089858483,0ecaa5967403d082aa24f35e1b516d23) [PhysX] Initialized MultithreadedTaskDispatcher with 6 workers.
 -> (artifact id: '6bfb466256633c4af2c3f1fa9c43c191') in 0.061280 seconds
Number of updated asset objects reloaded before import = 0
Number of asset objects unloaded after import = 8
========================================================================
Received Import Request.
  Time since last request: 0.001109 seconds.
  path: Assets/iPoly3D/Server Room/Models/server.fbx
  artifactKey: Guid(22979a140857f8f49ad4426515414f92) Importer(2089858483,0ecaa5967403d082aa24f35e1b516d23)
Start importing Assets/iPoly3D/Server Room/Models/server.fbx using Guid(22979a140857f8f49ad4426515414f92) Importer(2089858483,0ecaa5967403d082aa24f35e1b516d23) [PhysX] Initialized MultithreadedTaskDispatcher with 6 workers.
 -> (artifact id: '17d917c766a107266dfff9e3c44cabf7') in 0.140712 seconds
Number of updated asset objects reloaded before import = 0
Number of asset objects unloaded after import = 15
========================================================================
Received Import Request.
  Time since last request: 0.003000 seconds.
  path: Assets/PandazoleHome/Prefabs/Prop_Table_08.prefab
  artifactKey: Guid(c495d8460b1f974498a2305cbdc0a517) Importer(2089858483,0ecaa5967403d082aa24f35e1b516d23)
Start importing Assets/PandazoleHome/Prefabs/Prop_Table_08.prefab using Guid(c495d8460b1f974498a2305cbdc0a517) Importer(2089858483,0ecaa5967403d082aa24f35e1b516d23) [PhysX] Initialized MultithreadedTaskDispatcher with 6 workers.
 -> (artifact id: '0d1e5a42bab7af8db2ba51a5568e81f4') in 0.040578 seconds
Number of updated asset objects reloaded before import = 0
Number of asset objects unloaded after import = 8
========================================================================
Received Import Request.
  Time since last request: 0.000124 seconds.
  path: Assets/TextMesh Pro/Examples & Extras/Scenes/21 - Script Example.unity
  artifactKey: Guid(50f52f9274434ecfb34dd87f0836f323) Importer(2089858483,0ecaa5967403d082aa24f35e1b516d23)
Start importing Assets/TextMesh Pro/Examples & Extras/Scenes/21 - Script Example.unity using Guid(50f52f9274434ecfb34dd87f0836f323) Importer(2089858483,0ecaa5967403d082aa24f35e1b516d23) [PhysX] Initialized MultithreadedTaskDispatcher with 6 workers.
 -> (artifact id: '095f8428a3ec3c372e5ca579b0000e17') in 0.019922 seconds
Number of updated asset objects reloaded before import = 0
Number of asset objects unloaded after import = 1
========================================================================
Received Import Request.
  Time since last request: 0.000019 seconds.
  path: Assets/iPoly3D/Server Room/Prefabs/floor.prefab
  artifactKey: Guid(a8d819c88b06d5d479cad532c162c475) Importer(2089858483,0ecaa5967403d082aa24f35e1b516d23)
Start importing Assets/iPoly3D/Server Room/Prefabs/floor.prefab using Guid(a8d819c88b06d5d479cad532c162c475) Importer(2089858483,0ecaa5967403d082aa24f35e1b516d23) [PhysX] Initialized MultithreadedTaskDispatcher with 6 workers.
 -> (artifact id: 'b2f158c1c3993f18232dd2e2f6fcb098') in 0.048051 seconds
Number of updated asset objects reloaded before import = 0
Number of asset objects unloaded after import = 14
========================================================================
Received Import Request.
  Time since last request: 0.000310 seconds.
  path: Assets/PandazoleHome/Prefabs/Prop_Towel_02.prefab
  artifactKey: Guid(7cb17f918a528a34d9e5de9799e8d5b1) Importer(2089858483,0ecaa5967403d082aa24f35e1b516d23)
Start importing Assets/PandazoleHome/Prefabs/Prop_Towel_02.prefab using Guid(7cb17f918a528a34d9e5de9799e8d5b1) Importer(2089858483,0ecaa5967403d082aa24f35e1b516d23) [PhysX] Initialized MultithreadedTaskDispatcher with 6 workers.
 -> (artifact id: '5403d9501dd80950688c57ade324fad9') in 0.037479 seconds
Number of updated asset objects reloaded before import = 0
Number of asset objects unloaded after import = 8
========================================================================
Received Import Request.
  Time since last request: 0.000208 seconds.
  path: Assets/TextMesh Pro/Fonts/LiberationSans - OFL.txt
  artifactKey: Guid(6e59c59b81ab47f9b6ec5781fa725d2c) Importer(2089858483,0ecaa5967403d082aa24f35e1b516d23)
Start importing Assets/TextMesh Pro/Fonts/LiberationSans - OFL.txt using Guid(6e59c59b81ab47f9b6ec5781fa725d2c) Importer(2089858483,0ecaa5967403d082aa24f35e1b516d23) [PhysX] Initialized MultithreadedTaskDispatcher with 6 workers.
 -> (artifact id: '375e1ef27ecf83c8852fb92517e42d55') in 0.043505 seconds
Number of updated asset objects reloaded before import = 0
Number of asset objects unloaded after import = 1
========================================================================
Received Import Request.
  Time since last request: 0.000204 seconds.
  path: Assets/TextMesh Pro/Examples & Extras/Textures/Gradient Diagonal (Color).jpg
  artifactKey: Guid(2ce5c55e85304b819a1826ecbc839aa5) Importer(2089858483,0ecaa5967403d082aa24f35e1b516d23)
Start importing Assets/TextMesh Pro/Examples & Extras/Textures/Gradient Diagonal (Color).jpg using Guid(2ce5c55e85304b819a1826ecbc839aa5) Importer(2089858483,0ecaa5967403d082aa24f35e1b516d23) [PhysX] Initialized MultithreadedTaskDispatcher with 6 workers.
 -> (artifact id: '7dca36f2d48533b3997daca931cacd82') in 0.127066 seconds
Number of updated asset objects reloaded before import = 0
Number of asset objects unloaded after import = 1
========================================================================
Received Import Request.
  Time since last request: 0.002440 seconds.
  path: Assets/Scenes/Main/ReflectionProbe-0.exr
  artifactKey: Guid(2d9493e54a4afbd4ab18ceca9c80b28b) Importer(2089858483,0ecaa5967403d082aa24f35e1b516d23)
Start importing Assets/Scenes/Main/ReflectionProbe-0.exr using Guid(2d9493e54a4afbd4ab18ceca9c80b28b) Importer(2089858483,0ecaa5967403d082aa24f35e1b516d23) [PhysX] Initialized MultithreadedTaskDispatcher with 6 workers.
 -> (artifact id: '0d52deb5012c3b35f665c7fcb0cd2d7a') in 0.076362 seconds
Number of updated asset objects reloaded before import = 0
Number of asset objects unloaded after import = 1
========================================================================
Received Import Request.
  Time since last request: 639.864231 seconds.
  path: Assets/TextMesh Pro/Resources/Fonts & Materials/Jersey15-Regular SDF.asset
  artifactKey: Guid(859ed3c1b32f8f94ebc17a2e7245ccc2) Importer(815301076,1909f56bfc062723c751e8b465ee728b)
Start importing Assets/TextMesh Pro/Resources/Fonts & Materials/Jersey15-Regular SDF.asset using Guid(859ed3c1b32f8f94ebc17a2e7245ccc2) Importer(815301076,1909f56bfc062723c751e8b465ee728b) [PhysX] Initialized MultithreadedTaskDispatcher with 6 workers.
[PhysX] Initialized MultithreadedTaskDispatcher with 6 workers.
[PhysX] Initialized MultithreadedTaskDispatcher with 6 workers.
 -> (artifact id: '0cb57404073ebe0f5bd475542684a77e') in 0.195613 seconds
Number of updated asset objects reloaded before import = 0
Number of asset objects unloaded after import = 6
========================================================================
Received Import Request.
  Time since last request: 0.000132 seconds.
  path: Assets/TextMesh Pro/Resources/Fonts & Materials/LiberationSans SDF.asset
  artifactKey: Guid(8f586378b4e144a9851e7b34d9b748ee) Importer(815301076,1909f56bfc062723c751e8b465ee728b)
Start importing Assets/TextMesh Pro/Resources/Fonts & Materials/LiberationSans SDF.asset using Guid(8f586378b4e144a9851e7b34d9b748ee) Importer(815301076,1909f56bfc062723c751e8b465ee728b) [PhysX] Initialized MultithreadedTaskDispatcher with 6 workers.
[PhysX] Initialized MultithreadedTaskDispatcher with 6 workers.
[PhysX] Initialized MultithreadedTaskDispatcher with 6 workers.
 -> (artifact id: '2e502d9dbe4a89ed5b411155e59b3960') in 0.053645 seconds
Number of updated asset objects reloaded before import = 0
Number of asset objects unloaded after import = 9
========================================================================
Received Import Request.
  Time since last request: 0.000775 seconds.
  path: Assets/TextMesh Pro/Examples & Extras/Resources/Fonts & Materials/Oswald Bold SDF.asset
  artifactKey: Guid(0161d805a3764c089bef00bfe00793f5) Importer(815301076,1909f56bfc062723c751e8b465ee728b)
Start importing Assets/TextMesh Pro/Examples & Extras/Resources/Fonts & Materials/Oswald Bold SDF.asset using Guid(0161d805a3764c089bef00bfe00793f5) Importer(815301076,1909f56bfc062723c751e8b465ee728b) [PhysX] Initialized MultithreadedTaskDispatcher with 6 workers.
[PhysX] Initialized MultithreadedTaskDispatcher with 6 workers.
[PhysX] Initialized MultithreadedTaskDispatcher with 6 workers.
 -> (artifact id: 'a7ca0caa6d83568cba530535cb8a974b') in 0.037204 seconds
Number of updated asset objects reloaded before import = 0
Number of asset objects unloaded after import = 6
========================================================================
Received Import Request.
  Time since last request: 0.858033 seconds.
  path: Assets/TextMesh Pro/Examples & Extras/Resources/Fonts & Materials/Bangers SDF.asset
  artifactKey: Guid(125cb55b44b24c4393181402bc6200e6) Importer(815301076,1909f56bfc062723c751e8b465ee728b)
Start importing Assets/TextMesh Pro/Examples & Extras/Resources/Fonts & Materials/Bangers SDF.asset using Guid(125cb55b44b24c4393181402bc6200e6) Importer(815301076,1909f56bfc062723c751e8b465ee728b) [PhysX] Initialized MultithreadedTaskDispatcher with 6 workers.
[PhysX] Initialized MultithreadedTaskDispatcher with 6 workers.
[PhysX] Initialized MultithreadedTaskDispatcher with 6 workers.
 -> (artifact id: 'dbc7a329d622eacbcebdd8eb5e9374b8') in 0.031378 seconds
Number of updated asset objects reloaded before import = 0
Number of asset objects unloaded after import = 6
Editor requested this worker to shutdown with reason: Scaling down because of idle timeout
TcpMessagingSession - receive error: operation aborted. errorcode: 995, details: The I/O operation has been aborted because of either a thread exit or an application request.
AssetImportWorker is now disconnected from the server
Process exiting
Exiting without the bug reporter. Application will terminate with return code 0