Using pre-set license
Built from '2022.3/release' branch; Version is '2022.3.5f1 (9674261d40ee) revision 9860134'; Using compiler version '192829333'; Build Type 'Release'
OS: 'Windows 11  (10.0.26100) 64bit CoreSingleLanguage' Language: 'en' Physical Memory: 16002 MB
BatchMode: 1, IsHumanControllingUs: 0, StartBugReporterOnCrash: 0, Is64bit: 1, IsPro: 1

COMMAND LINE ARGUMENTS:
D:\Unity Editors\Unity 2022.3.5f1\Editor\Unity.exe
-adb2
-batchMode
-noUpm
-name
AssetImportWorker2
-projectPath
D:/Unity projects/CognitiveBias/Cognitive_Bias_Simulator/My project
-logFile
Logs/AssetImportWorker2.log
-srvPort
51901
Successfully changed project path to: D:/Unity projects/CognitiveBias/Cognitive_Bias_Simulator/My project
D:/Unity projects/CognitiveBias/Cognitive_Bias_Simulator/My project
[UnityMemory] Configuration Parameters - Can be set up in boot.config
    "memorysetup-bucket-allocator-granularity=16"
    "memorysetup-bucket-allocator-bucket-count=8"
    "memorysetup-bucket-allocator-block-size=33554432"
    "memorysetup-bucket-allocator-block-count=8"
    "memorysetup-main-allocator-block-size=16777216"
    "memorysetup-thread-allocator-block-size=16777216"
    "memorysetup-gfx-main-allocator-block-size=16777216"
    "memorysetup-gfx-thread-allocator-block-size=16777216"
    "memorysetup-cache-allocator-block-size=4194304"
    "memorysetup-typetree-allocator-block-size=2097152"
    "memorysetup-profiler-bucket-allocator-granularity=16"
    "memorysetup-profiler-bucket-allocator-bucket-count=8"
    "memorysetup-profiler-bucket-allocator-block-size=33554432"
    "memorysetup-profiler-bucket-allocator-block-count=8"
    "memorysetup-profiler-allocator-block-size=16777216"
    "memorysetup-profiler-editor-allocator-block-size=1048576"
    "memorysetup-temp-allocator-size-main=16777216"
    "memorysetup-job-temp-allocator-block-size=2097152"
    "memorysetup-job-temp-allocator-block-size-background=1048576"
    "memorysetup-job-temp-allocator-reduction-small-platforms=262144"
    "memorysetup-allocator-temp-initial-block-size-main=262144"
    "memorysetup-allocator-temp-initial-block-size-worker=262144"
    "memorysetup-temp-allocator-size-background-worker=32768"
    "memorysetup-temp-allocator-size-job-worker=262144"
    "memorysetup-temp-allocator-size-preload-manager=33554432"
    "memorysetup-temp-allocator-size-nav-mesh-worker=65536"
    "memorysetup-temp-allocator-size-audio-worker=65536"
    "memorysetup-temp-allocator-size-cloud-worker=32768"
    "memorysetup-temp-allocator-size-gi-baking-worker=262144"
    "memorysetup-temp-allocator-size-gfx=262144"
Player connection [28120] Host "[IP] 192.168.2.151 [Port] 0 [Flags] 2 [Guid] 629134472 [EditorId] 629134472 [Version] 1048832 [Id] WindowsEditor(7,George_Asus) [Debug] 1 [PackageName] WindowsEditor [ProjectName] Editor" joined multi-casting on [225.0.0.222:54997]...

Player connection [28120] Host "[IP] 192.168.2.151 [Port] 0 [Flags] 2 [Guid] 629134472 [EditorId] 629134472 [Version] 1048832 [Id] WindowsEditor(7,George_Asus) [Debug] 1 [PackageName] WindowsEditor [ProjectName] Editor" joined alternative multi-casting on [225.0.0.222:34997]...

Refreshing native plugins compatible for Editor in 3.57 ms, found 3 plugins.
Preloading 0 native plugins for Editor in 0.00 ms.
Initialize engine version: 2022.3.5f1 (9674261d40ee)
[Subsystems] Discovering subsystems at path D:/Unity Editors/Unity 2022.3.5f1/Editor/Data/Resources/UnitySubsystems
[Subsystems] Discovering subsystems at path D:/Unity projects/CognitiveBias/Cognitive_Bias_Simulator/My project/Assets
GfxDevice: creating device client; threaded=0; jobified=0
Direct3D:
    Version:  Direct3D 11.0 [level 11.1]
    Renderer: NVIDIA GeForce RTX 4070 Laptop GPU (ID=0x2860)
    Vendor:   NVIDIA
    VRAM:     7948 MB
    Driver:   32.0.15.7640
Initialize mono
Mono path[0] = 'D:/Unity Editors/Unity 2022.3.5f1/Editor/Data/Managed'
Mono path[1] = 'D:/Unity Editors/Unity 2022.3.5f1/Editor/Data/MonoBleedingEdge/lib/mono/unityjit-win32'
Mono config path = 'D:/Unity Editors/Unity 2022.3.5f1/Editor/Data/MonoBleedingEdge/etc'
Using monoOptions --debugger-agent=transport=dt_socket,embedding=1,server=y,suspend=n,address=127.0.0.1:56116
Begin MonoManager ReloadAssembly
Registering precompiled unity dll's ...
Register platform support module: D:/Unity Editors/Unity 2022.3.5f1/Editor/Data/PlaybackEngines/WebGLSupport/UnityEditor.WebGL.Extensions.dll
Register platform support module: D:/Unity Editors/Unity 2022.3.5f1/Editor/Data/PlaybackEngines/WindowsStandaloneSupport/UnityEditor.WindowsStandalone.Extensions.dll
Registered in 0.002105 seconds.
- Loaded All Assemblies, in  0.177 seconds
Native extension for WindowsStandalone target not found
Native extension for WebGL target not found
Mono: successfully reloaded assembly
- Finished resetting the current domain, in  0.134 seconds
Domain Reload Profiling: 312ms
	BeginReloadAssembly (51ms)
		ExecutionOrderSort (0ms)
		DisableScriptedObjects (0ms)
		BackupInstance (0ms)
		ReleaseScriptingObjects (0ms)
		CreateAndSetChildDomain (0ms)
	RebuildCommonClasses (18ms)
	RebuildNativeTypeToScriptingClass (5ms)
	initialDomainReloadingComplete (27ms)
	LoadAllAssembliesAndSetupDomain (75ms)
		LoadAssemblies (51ms)
		RebuildTransferFunctionScriptingTraits (0ms)
		AnalyzeDomain (73ms)
			TypeCache.Refresh (73ms)
				TypeCache.ScanAssembly (66ms)
			ScanForSourceGeneratedMonoScriptInfo (0ms)
			ResolveRequiredComponents (0ms)
	FinalizeReload (135ms)
		ReleaseScriptCaches (0ms)
		RebuildScriptCaches (0ms)
		SetupLoadedEditorAssemblies (104ms)
			LogAssemblyErrors (0ms)
			InitializePlatformSupportModulesInManaged (4ms)
			SetLoadedEditorAssemblies (3ms)
			RefreshPlugins (0ms)
			BeforeProcessingInitializeOnLoad (1ms)
			ProcessInitializeOnLoadAttributes (72ms)
			ProcessInitializeOnLoadMethodAttributes (24ms)
			AfterProcessingInitializeOnLoad (0ms)
			EditorAssembliesLoaded (0ms)
		ExecutionOrderSort2 (0ms)
		AwakeInstancesAfterBackupRestoration (0ms)
========================================================================
Worker process is ready to serve import requests
Begin MonoManager ReloadAssembly
- Loaded All Assemblies, in  0.371 seconds
Refreshing native plugins compatible for Editor in 1.35 ms, found 3 plugins.
Native extension for WindowsStandalone target not found
Native extension for WebGL target not found
Mono: successfully reloaded assembly
- Finished resetting the current domain, in  0.276 seconds
Domain Reload Profiling: 647ms
	BeginReloadAssembly (71ms)
		ExecutionOrderSort (0ms)
		DisableScriptedObjects (3ms)
		BackupInstance (0ms)
		ReleaseScriptingObjects (0ms)
		CreateAndSetChildDomain (12ms)
	RebuildCommonClasses (17ms)
	RebuildNativeTypeToScriptingClass (6ms)
	initialDomainReloadingComplete (20ms)
	LoadAllAssembliesAndSetupDomain (258ms)
		LoadAssemblies (142ms)
		RebuildTransferFunctionScriptingTraits (0ms)
		AnalyzeDomain (154ms)
			TypeCache.Refresh (143ms)
				TypeCache.ScanAssembly (136ms)
			ScanForSourceGeneratedMonoScriptInfo (9ms)
			ResolveRequiredComponents (2ms)
	FinalizeReload (276ms)
		ReleaseScriptCaches (0ms)
		RebuildScriptCaches (0ms)
		SetupLoadedEditorAssemblies (201ms)
			LogAssemblyErrors (0ms)
			InitializePlatformSupportModulesInManaged (3ms)
			SetLoadedEditorAssemblies (2ms)
			RefreshPlugins (0ms)
			BeforeProcessingInitializeOnLoad (27ms)
			ProcessInitializeOnLoadAttributes (159ms)
			ProcessInitializeOnLoadMethodAttributes (10ms)
			AfterProcessingInitializeOnLoad (1ms)
			EditorAssembliesLoaded (0ms)
		ExecutionOrderSort2 (0ms)
		AwakeInstancesAfterBackupRestoration (3ms)
Launched and connected shader compiler UnityShaderCompiler.exe after 0.04 seconds
Refreshing native plugins compatible for Editor in 1.39 ms, found 3 plugins.
Preloading 0 native plugins for Editor in 0.00 ms.
Unloading 3261 Unused Serialized files (Serialized files now loaded: 0)
Unloading 45 unused Assets / (1.8 MB). Loaded Objects now: 3713.
Memory consumption went from 135.3 MB to 133.6 MB.
Total: 2.936600 ms (FindLiveObjects: 0.132900 ms CreateObjectMapping: 0.044000 ms MarkObjects: 2.531600 ms  DeleteObjects: 0.227200 ms)

AssetImportParameters requested are different than current active one (requested -> active):
  custom:container-demuxer-ogg: 62fdf1f143b41e24485cea50d1cbac27 -> 
  custom:video-codec-MediaFoundation-h265: 746d11721c4dcdbdad8f713fa42b33f4 -> 
  custom:video-decoder-ogg-theora: a1e56fd34408186e4bbccfd4996cb3dc -> 
  custom:framework-win-MediaFoundation: 216162199b28c13a410421893ffa2e32 -> 
  custom:container-demuxer-webm: 4f35f7cbe854078d1ac9338744f61a02 -> 
  custom:container-muxer-webm: aa71ff27fc2769a1b78a27578f13a17b -> 
  custom:video-decoder-webm-vp8: 9c59270c3fd7afecdb556c50c9e8de78 -> 
  custom:AudioImporter_EditorPlatform: d09bf68614088b80899f8185d706f6e7 -> 
  custom:video-encoder-webm-vp8: eb34c28f22e8b96e1ab97ce403110664 -> 
  custom:audio-decoder-ogg-vorbis: bf7c407c2cedff20999df2af8eb42d56 -> 
  custom:audio-encoder-webm-vorbis: bf7c407c2cedff20999df2af8eb42d56 -> 
========================================================================
Received Import Request.
  Time since last request: 15085.719020 seconds.
  path: Assets/Free Stylized Skybox/CubeMap
  artifactKey: Guid(8f1c5a5cb73b94a419410c4554e1dd97) Importer(815301076,1909f56bfc062723c751e8b465ee728b)
Start importing Assets/Free Stylized Skybox/CubeMap using Guid(8f1c5a5cb73b94a419410c4554e1dd97) Importer(815301076,1909f56bfc062723c751e8b465ee728b)  -> (artifact id: 'eb428ce9b129211bd260374f36872013') in 0.005597 seconds
Number of updated asset objects reloaded before import = 0
Number of asset objects unloaded after import = 0
========================================================================
Received Import Request.
  Time since last request: 1.091010 seconds.
  path: Assets/Free Stylized Skybox/CubeMap/Materials
  artifactKey: Guid(19743084541fd7f4eb15d11302fbc857) Importer(815301076,1909f56bfc062723c751e8b465ee728b)
Start importing Assets/Free Stylized Skybox/CubeMap/Materials using Guid(19743084541fd7f4eb15d11302fbc857) Importer(815301076,1909f56bfc062723c751e8b465ee728b)  -> (artifact id: 'f44bda2a037a3db0aef44c87dc1ce886') in 0.000326 seconds
Number of updated asset objects reloaded before import = 0
Number of asset objects unloaded after import = 0
========================================================================
Received Import Request.
  Time since last request: 0.062861 seconds.
  path: Assets/Free Stylized Skybox/CubeMap/Materials/Sky_Anime_03_Day_a.mat
  artifactKey: Guid(55e64e617a8bfff4ba846574e2651eb9) Importer(815301076,1909f56bfc062723c751e8b465ee728b)
Start importing Assets/Free Stylized Skybox/CubeMap/Materials/Sky_Anime_03_Day_a.mat using Guid(55e64e617a8bfff4ba846574e2651eb9) Importer(815301076,1909f56bfc062723c751e8b465ee728b)  -> (artifact id: '5e43bc009484d04a34c4ce58bccc65f2') in 0.481485 seconds
Number of updated asset objects reloaded before import = 0
Number of asset objects unloaded after import = 2
========================================================================
Received Import Request.
  Time since last request: 0.000036 seconds.
  path: Assets/Free Stylized Skybox/CubeMap/Materials/Sky_Anime_18_day_a.mat
  artifactKey: Guid(b2f1a98efccfb644f8e084200a249527) Importer(815301076,1909f56bfc062723c751e8b465ee728b)
Start importing Assets/Free Stylized Skybox/CubeMap/Materials/Sky_Anime_18_day_a.mat using Guid(b2f1a98efccfb644f8e084200a249527) Importer(815301076,1909f56bfc062723c751e8b465ee728b)  -> (artifact id: 'ed7297961f7cbb9f94ca86babe3c7d54') in 0.108069 seconds
Number of updated asset objects reloaded before import = 0
Number of asset objects unloaded after import = 2
========================================================================
Received Prepare
Refreshing native plugins compatible for Editor in 4.21 ms, found 3 plugins.
Preloading 0 native plugins for Editor in 0.00 ms.
Unloading 12 Unused Serialized files (Serialized files now loaded: 0)
Unloading 13 unused Assets / (1.7 MB). Loaded Objects now: 3756.
Memory consumption went from 82.5 MB to 80.8 MB.
Total: 7.050900 ms (FindLiveObjects: 0.226300 ms CreateObjectMapping: 0.080000 ms MarkObjects: 6.024700 ms  DeleteObjects: 0.716900 ms)

Prepare: number of updated asset objects reloaded= 0
AssetImportParameters requested are different than current active one (requested -> active):
  custom:container-demuxer-ogg: 62fdf1f143b41e24485cea50d1cbac27 -> 
  custom:video-codec-MediaFoundation-h265: 746d11721c4dcdbdad8f713fa42b33f4 -> 
  custom:video-decoder-ogg-theora: a1e56fd34408186e4bbccfd4996cb3dc -> 
  custom:framework-win-MediaFoundation: 216162199b28c13a410421893ffa2e32 -> 
  custom:CustomObjectIndexerAttribute: 756ad292c208cfabdd7b50bc23989ffe -> 
  custom:container-demuxer-webm: 4f35f7cbe854078d1ac9338744f61a02 -> 
  custom:container-muxer-webm: aa71ff27fc2769a1b78a27578f13a17b -> 
  custom:video-decoder-webm-vp8: 9c59270c3fd7afecdb556c50c9e8de78 -> 
  custom:AudioImporter_EditorPlatform: d09bf68614088b80899f8185d706f6e7 -> 
  custom:video-encoder-webm-vp8: eb34c28f22e8b96e1ab97ce403110664 -> 
  custom:audio-decoder-ogg-vorbis: bf7c407c2cedff20999df2af8eb42d56 -> 
  custom:audio-encoder-webm-vorbis: bf7c407c2cedff20999df2af8eb42d56 -> 
========================================================================
Received Import Request.
  Time since last request: 74.036296 seconds.
  path: Assets/PandazoleHome/Models
  artifactKey: Guid(f8b23322a870e7d42985f3cbcce6f32f) Importer(815301076,1909f56bfc062723c751e8b465ee728b)
Start importing Assets/PandazoleHome/Models using Guid(f8b23322a870e7d42985f3cbcce6f32f) Importer(815301076,1909f56bfc062723c751e8b465ee728b)  -> (artifact id: 'c206b3cac6acf41ae1bb75216f00d8e5') in 0.001204 seconds
Number of updated asset objects reloaded before import = 0
Number of asset objects unloaded after import = 0
========================================================================
Received Import Request.
  Time since last request: 0.043398 seconds.
  path: Assets/PandazoleHome/Models/Prop_AC.fbx
  artifactKey: Guid(a849af36f4559544585d81fa553c1e1f) Importer(815301076,1909f56bfc062723c751e8b465ee728b)
Start importing Assets/PandazoleHome/Models/Prop_AC.fbx using Guid(a849af36f4559544585d81fa553c1e1f) Importer(815301076,1909f56bfc062723c751e8b465ee728b)  -> (artifact id: '5bd858b3450191cf8ca224f4f137629b') in 0.058357 seconds
Number of updated asset objects reloaded before import = 0
Number of asset objects unloaded after import = 7
========================================================================
Received Import Request.
  Time since last request: 0.000022 seconds.
  path: Assets/PandazoleHome/Models/Prop_Beauty_01.fbx
  artifactKey: Guid(bff36084acb50fd43b63599d79087301) Importer(815301076,1909f56bfc062723c751e8b465ee728b)
Start importing Assets/PandazoleHome/Models/Prop_Beauty_01.fbx using Guid(bff36084acb50fd43b63599d79087301) Importer(815301076,1909f56bfc062723c751e8b465ee728b)  -> (artifact id: '7d7f4300e493b8972bf20b23d17df192') in 0.025109 seconds
Number of updated asset objects reloaded before import = 0
Number of asset objects unloaded after import = 7
========================================================================
Received Import Request.
  Time since last request: 0.000017 seconds.
  path: Assets/PandazoleHome/Models/Prop_Bed_06.fbx
  artifactKey: Guid(70081d466ad39314d95ac44973f01c60) Importer(815301076,1909f56bfc062723c751e8b465ee728b)
Start importing Assets/PandazoleHome/Models/Prop_Bed_06.fbx using Guid(70081d466ad39314d95ac44973f01c60) Importer(815301076,1909f56bfc062723c751e8b465ee728b)  -> (artifact id: '8c1d44553d3140e5334f64b6d5915f19') in 0.022559 seconds
Number of updated asset objects reloaded before import = 0
Number of asset objects unloaded after import = 7
========================================================================
Received Import Request.
  Time since last request: 0.000016 seconds.
  path: Assets/PandazoleHome/Models/Prop_Bath_05.fbx
  artifactKey: Guid(10263071825f2dc40adecf848acb3f65) Importer(815301076,1909f56bfc062723c751e8b465ee728b)
Start importing Assets/PandazoleHome/Models/Prop_Bath_05.fbx using Guid(10263071825f2dc40adecf848acb3f65) Importer(815301076,1909f56bfc062723c751e8b465ee728b)  -> (artifact id: 'e89809b94a7e4f2b09ab6553f548da83') in 0.023076 seconds
Number of updated asset objects reloaded before import = 0
Number of asset objects unloaded after import = 7
========================================================================
Received Import Request.
  Time since last request: 0.000025 seconds.
  path: Assets/PandazoleHome/Models/Prop_Beauty_10.fbx
  artifactKey: Guid(ba3b347227504cf4da00c829987ea09d) Importer(815301076,1909f56bfc062723c751e8b465ee728b)
Start importing Assets/PandazoleHome/Models/Prop_Beauty_10.fbx using Guid(ba3b347227504cf4da00c829987ea09d) Importer(815301076,1909f56bfc062723c751e8b465ee728b)  -> (artifact id: '155590c76a9421d88828adc704cfb681') in 0.015485 seconds
Number of updated asset objects reloaded before import = 0
Number of asset objects unloaded after import = 7
========================================================================
Received Import Request.
  Time since last request: 0.000024 seconds.
  path: Assets/PandazoleHome/Models/Prop_Bed_02.fbx
  artifactKey: Guid(be20648d38b9cec41b024978fe018f6b) Importer(815301076,1909f56bfc062723c751e8b465ee728b)
Start importing Assets/PandazoleHome/Models/Prop_Bed_02.fbx using Guid(be20648d38b9cec41b024978fe018f6b) Importer(815301076,1909f56bfc062723c751e8b465ee728b)  -> (artifact id: '6238922899f0891405cb97436ac85a9e') in 0.015993 seconds
Number of updated asset objects reloaded before import = 0
Number of asset objects unloaded after import = 7
========================================================================
Received Import Request.
  Time since last request: 0.000014 seconds.
  path: Assets/PandazoleHome/Models/Prop_Bed_01.fbx
  artifactKey: Guid(59d91be06cfef614ca54988a9d6bcf13) Importer(815301076,1909f56bfc062723c751e8b465ee728b)
Start importing Assets/PandazoleHome/Models/Prop_Bed_01.fbx using Guid(59d91be06cfef614ca54988a9d6bcf13) Importer(815301076,1909f56bfc062723c751e8b465ee728b)  -> (artifact id: 'e4a0eacb2e1cebbdabde8f49d7ae3fe7') in 0.019282 seconds
Number of updated asset objects reloaded before import = 0
Number of asset objects unloaded after import = 7
========================================================================
Received Import Request.
  Time since last request: 0.000019 seconds.
  path: Assets/PandazoleHome/Models/Prop_Bed_08.fbx
  artifactKey: Guid(c414c781fde0fa147b1dcb69a217e6a1) Importer(815301076,1909f56bfc062723c751e8b465ee728b)
Start importing Assets/PandazoleHome/Models/Prop_Bed_08.fbx using Guid(c414c781fde0fa147b1dcb69a217e6a1) Importer(815301076,1909f56bfc062723c751e8b465ee728b)  -> (artifact id: 'dbe4e43b1ec1afef8804b94949f91fec') in 0.021709 seconds
Number of updated asset objects reloaded before import = 0
Number of asset objects unloaded after import = 7
========================================================================
Received Import Request.
  Time since last request: 0.000014 seconds.
  path: Assets/PandazoleHome/Models/Prop_Ball_05.fbx
  artifactKey: Guid(25c4bf8c0db29bd4494044b01a44499e) Importer(815301076,1909f56bfc062723c751e8b465ee728b)
Start importing Assets/PandazoleHome/Models/Prop_Ball_05.fbx using Guid(25c4bf8c0db29bd4494044b01a44499e) Importer(815301076,1909f56bfc062723c751e8b465ee728b)  -> (artifact id: 'ed66b5ccd621c0dbb39b9551687650e5') in 0.014042 seconds
Number of updated asset objects reloaded before import = 0
Number of asset objects unloaded after import = 7
========================================================================
Received Import Request.
  Time since last request: 0.000014 seconds.
  path: Assets/PandazoleHome/Models/Prop_Bed_09.fbx
  artifactKey: Guid(9ca5e5b75cb58824a98eab3c894819c1) Importer(815301076,1909f56bfc062723c751e8b465ee728b)
Start importing Assets/PandazoleHome/Models/Prop_Bed_09.fbx using Guid(9ca5e5b75cb58824a98eab3c894819c1) Importer(815301076,1909f56bfc062723c751e8b465ee728b)  -> (artifact id: 'f864d13d080ddb8433fda1ba20098fa6') in 0.017126 seconds
Number of updated asset objects reloaded before import = 0
Number of asset objects unloaded after import = 7
========================================================================
Received Import Request.
  Time since last request: 0.000018 seconds.
  path: Assets/PandazoleHome/Models/Prop_Bed_11.fbx
  artifactKey: Guid(dbed97b8a915ce44ea6bcf403c317bf3) Importer(815301076,1909f56bfc062723c751e8b465ee728b)
Start importing Assets/PandazoleHome/Models/Prop_Bed_11.fbx using Guid(dbed97b8a915ce44ea6bcf403c317bf3) Importer(815301076,1909f56bfc062723c751e8b465ee728b)  -> (artifact id: 'de76e7bb05b3d65eb7219882467d76f0') in 0.015579 seconds
Number of updated asset objects reloaded before import = 0
Number of asset objects unloaded after import = 7
========================================================================
Received Import Request.
  Time since last request: 0.000017 seconds.
  path: Assets/PandazoleHome/Models/Prop_Brush_02.fbx
  artifactKey: Guid(58b1f29d7675a2548915ea2a70ede5f4) Importer(815301076,1909f56bfc062723c751e8b465ee728b)
Start importing Assets/PandazoleHome/Models/Prop_Brush_02.fbx using Guid(58b1f29d7675a2548915ea2a70ede5f4) Importer(815301076,1909f56bfc062723c751e8b465ee728b)  -> (artifact id: '4d37d2a289340fc556f626e83e5881ce') in 0.016057 seconds
Number of updated asset objects reloaded before import = 0
Number of asset objects unloaded after import = 7
========================================================================
Received Import Request.
  Time since last request: 0.000239 seconds.
  path: Assets/PandazoleHome/Models/Prop_BagChair_04.fbx
  artifactKey: Guid(fa0b25b937722194484bc1f6ee2e4522) Importer(815301076,1909f56bfc062723c751e8b465ee728b)
Start importing Assets/PandazoleHome/Models/Prop_BagChair_04.fbx using Guid(fa0b25b937722194484bc1f6ee2e4522) Importer(815301076,1909f56bfc062723c751e8b465ee728b)  -> (artifact id: '859def3d84939b9ad8add9c92da22dee') in 0.021343 seconds
Number of updated asset objects reloaded before import = 0
Number of asset objects unloaded after import = 7
========================================================================
Received Import Request.
  Time since last request: 0.000014 seconds.
  path: Assets/PandazoleHome/Models/Prop_Book_01.fbx
  artifactKey: Guid(cbdd18d980ddf5c448e082189ce48f6b) Importer(815301076,1909f56bfc062723c751e8b465ee728b)
Start importing Assets/PandazoleHome/Models/Prop_Book_01.fbx using Guid(cbdd18d980ddf5c448e082189ce48f6b) Importer(815301076,1909f56bfc062723c751e8b465ee728b)  -> (artifact id: 'c92f52e42244558fdd57ef60f4a3e2c1') in 0.014674 seconds
Number of updated asset objects reloaded before import = 0
Number of asset objects unloaded after import = 7
========================================================================
Received Import Request.
  Time since last request: 0.000013 seconds.
  path: Assets/PandazoleHome/Models/Prop_Bath_02.fbx
  artifactKey: Guid(2b6ab958531ad0e4686ae3c2ac4ab30d) Importer(815301076,1909f56bfc062723c751e8b465ee728b)
Start importing Assets/PandazoleHome/Models/Prop_Bath_02.fbx using Guid(2b6ab958531ad0e4686ae3c2ac4ab30d) Importer(815301076,1909f56bfc062723c751e8b465ee728b)  -> (artifact id: '2d1500810c824a35175b0c0bdb788002') in 0.027991 seconds
Number of updated asset objects reloaded before import = 0
Number of asset objects unloaded after import = 7
========================================================================
Received Import Request.
  Time since last request: 0.000016 seconds.
  path: Assets/PandazoleHome/Models/Prop_Beauty_08.fbx
  artifactKey: Guid(f0879b6780845364383711cb8b104c77) Importer(815301076,1909f56bfc062723c751e8b465ee728b)
Start importing Assets/PandazoleHome/Models/Prop_Beauty_08.fbx using Guid(f0879b6780845364383711cb8b104c77) Importer(815301076,1909f56bfc062723c751e8b465ee728b)  -> (artifact id: 'bbe40ce378e220fe43273acca4bfeb75') in 0.009540 seconds
Number of updated asset objects reloaded before import = 0
Number of asset objects unloaded after import = 7
========================================================================
Received Import Request.
  Time since last request: 0.000015 seconds.
  path: Assets/PandazoleHome/Models/Prop_Book_03.fbx
  artifactKey: Guid(951d7c12ee70bdc4aa27720f5c6fb523) Importer(815301076,1909f56bfc062723c751e8b465ee728b)
Start importing Assets/PandazoleHome/Models/Prop_Book_03.fbx using Guid(951d7c12ee70bdc4aa27720f5c6fb523) Importer(815301076,1909f56bfc062723c751e8b465ee728b)  -> (artifact id: '0d082d99bafd846ca8ccfc836b454c97') in 0.009135 seconds
Number of updated asset objects reloaded before import = 0
Number of asset objects unloaded after import = 7
========================================================================
Received Import Request.
  Time since last request: 0.000020 seconds.
  path: Assets/PandazoleHome/Models/Prop_Bath_01.fbx
  artifactKey: Guid(8ac1914d3ff51d642a89ad541bc86a0b) Importer(815301076,1909f56bfc062723c751e8b465ee728b)
Start importing Assets/PandazoleHome/Models/Prop_Bath_01.fbx using Guid(8ac1914d3ff51d642a89ad541bc86a0b) Importer(815301076,1909f56bfc062723c751e8b465ee728b)  -> (artifact id: 'dd2b7678644875153e14ae8f1883d705') in 0.010042 seconds
Number of updated asset objects reloaded before import = 0
Number of asset objects unloaded after import = 7
========================================================================
Received Import Request.
  Time since last request: 0.000022 seconds.
  path: Assets/PandazoleHome/Models/Prop_BagChair_03.fbx
  artifactKey: Guid(2895fea8e31738d41a3e914f3f3ddeba) Importer(815301076,1909f56bfc062723c751e8b465ee728b)
Start importing Assets/PandazoleHome/Models/Prop_BagChair_03.fbx using Guid(2895fea8e31738d41a3e914f3f3ddeba) Importer(815301076,1909f56bfc062723c751e8b465ee728b)  -> (artifact id: '804eb7f39f4be9b0fff62c10cfd95d92') in 0.009406 seconds
Number of updated asset objects reloaded before import = 0
Number of asset objects unloaded after import = 7
========================================================================
Received Import Request.
  Time since last request: 0.000015 seconds.
  path: Assets/PandazoleHome/Models/Prop_Beauty_03.fbx
  artifactKey: Guid(b216abf84d5ac0c4ba7229e8a930943f) Importer(815301076,1909f56bfc062723c751e8b465ee728b)
Start importing Assets/PandazoleHome/Models/Prop_Beauty_03.fbx using Guid(b216abf84d5ac0c4ba7229e8a930943f) Importer(815301076,1909f56bfc062723c751e8b465ee728b)  -> (artifact id: '98d704b454045ede09f9e8bcc5afc6f2') in 0.012523 seconds
Number of updated asset objects reloaded before import = 0
Number of asset objects unloaded after import = 7
========================================================================
Received Import Request.
  Time since last request: 0.000015 seconds.
  path: Assets/PandazoleHome/Models/Prop_Bed_04.fbx
  artifactKey: Guid(2a4f2ab031466e748a752d23e4fb7c2f) Importer(815301076,1909f56bfc062723c751e8b465ee728b)
Start importing Assets/PandazoleHome/Models/Prop_Bed_04.fbx using Guid(2a4f2ab031466e748a752d23e4fb7c2f) Importer(815301076,1909f56bfc062723c751e8b465ee728b)  -> (artifact id: 'c59cd92e8312b14712355b790b5a8622') in 0.009247 seconds
Number of updated asset objects reloaded before import = 0
Number of asset objects unloaded after import = 7
========================================================================
Received Import Request.
  Time since last request: 0.000013 seconds.
  path: Assets/PandazoleHome/Models/Prop_Beauty_09.fbx
  artifactKey: Guid(d8dd1c1af2ea45d45aec031473196963) Importer(815301076,1909f56bfc062723c751e8b465ee728b)
Start importing Assets/PandazoleHome/Models/Prop_Beauty_09.fbx using Guid(d8dd1c1af2ea45d45aec031473196963) Importer(815301076,1909f56bfc062723c751e8b465ee728b)  -> (artifact id: 'ae16bf6f7eaac208fb2bc3e729d257a3') in 0.010462 seconds
Number of updated asset objects reloaded before import = 0
Number of asset objects unloaded after import = 7
========================================================================
Received Import Request.
  Time since last request: 0.000018 seconds.
  path: Assets/PandazoleHome/Models/Prop_BuildingBlockToy_06.fbx
  artifactKey: Guid(230a9b4fcb8e7854ca3e5d683ee3dec5) Importer(815301076,1909f56bfc062723c751e8b465ee728b)
Start importing Assets/PandazoleHome/Models/Prop_BuildingBlockToy_06.fbx using Guid(230a9b4fcb8e7854ca3e5d683ee3dec5) Importer(815301076,1909f56bfc062723c751e8b465ee728b)  -> (artifact id: '0d3a9d85e366dfa81faee3a63f3147f4') in 0.011416 seconds
Number of updated asset objects reloaded before import = 0
Number of asset objects unloaded after import = 7
========================================================================
Received Import Request.
  Time since last request: 0.000015 seconds.
  path: Assets/PandazoleHome/Models/Prop_Bed_05.fbx
  artifactKey: Guid(017e3451612d9ca41a1189fb1377da54) Importer(815301076,1909f56bfc062723c751e8b465ee728b)
Start importing Assets/PandazoleHome/Models/Prop_Bed_05.fbx using Guid(017e3451612d9ca41a1189fb1377da54) Importer(815301076,1909f56bfc062723c751e8b465ee728b)  -> (artifact id: '026c4ecc2f8e594b040e7b399a3a68a1') in 0.012278 seconds
Number of updated asset objects reloaded before import = 0
Number of asset objects unloaded after import = 7
========================================================================
Received Import Request.
  Time since last request: 0.000016 seconds.
  path: Assets/PandazoleHome/Models/Prop_Book_04.fbx
  artifactKey: Guid(027784968f9fe244782952e5d874349c) Importer(815301076,1909f56bfc062723c751e8b465ee728b)
Start importing Assets/PandazoleHome/Models/Prop_Book_04.fbx using Guid(027784968f9fe244782952e5d874349c) Importer(815301076,1909f56bfc062723c751e8b465ee728b)  -> (artifact id: '51569f336c7113ff376591c5f4e9e80c') in 0.010006 seconds
Number of updated asset objects reloaded before import = 0
Number of asset objects unloaded after import = 7
========================================================================
Received Import Request.
  Time since last request: 0.000015 seconds.
  path: Assets/PandazoleHome/Models/Prop_Beauty_06.fbx
  artifactKey: Guid(27a43b755b5012c4d8cbe19850407102) Importer(815301076,1909f56bfc062723c751e8b465ee728b)
Start importing Assets/PandazoleHome/Models/Prop_Beauty_06.fbx using Guid(27a43b755b5012c4d8cbe19850407102) Importer(815301076,1909f56bfc062723c751e8b465ee728b)  -> (artifact id: 'b13f56064b329919f9bdcb2b7faa7ed3') in 0.011122 seconds
Number of updated asset objects reloaded before import = 0
Number of asset objects unloaded after import = 7
========================================================================
Received Import Request.
  Time since last request: 1.459817 seconds.
  path: Assets/PandazoleHome/Prefabs
  artifactKey: Guid(a2ff1aa2c7d66534ba23a3daf4f73f66) Importer(815301076,1909f56bfc062723c751e8b465ee728b)
Start importing Assets/PandazoleHome/Prefabs using Guid(a2ff1aa2c7d66534ba23a3daf4f73f66) Importer(815301076,1909f56bfc062723c751e8b465ee728b)  -> (artifact id: 'b19450b6eaa800cfb5fd310e2678ae49') in 0.000804 seconds
Number of updated asset objects reloaded before import = 0
Number of asset objects unloaded after import = 0
========================================================================
Received Import Request.
  Time since last request: 0.047899 seconds.
  path: Assets/PandazoleHome/Prefabs/Prop_AC.prefab
  artifactKey: Guid(f76b38a89acf9134ea391ff11d86fe8e) Importer(815301076,1909f56bfc062723c751e8b465ee728b)
Start importing Assets/PandazoleHome/Prefabs/Prop_AC.prefab using Guid(f76b38a89acf9134ea391ff11d86fe8e) Importer(815301076,1909f56bfc062723c751e8b465ee728b)  -> (artifact id: 'd20d891e468d4efdd9069a9394df23fe') in 0.011245 seconds
Number of updated asset objects reloaded before import = 0
Number of asset objects unloaded after import = 10
========================================================================
Received Import Request.
  Time since last request: 0.000019 seconds.
  path: Assets/PandazoleHome/Prefabs/Prop_Bath_05.prefab
  artifactKey: Guid(8504709a366caf54a8a7fe801b6ba58e) Importer(815301076,1909f56bfc062723c751e8b465ee728b)
Start importing Assets/PandazoleHome/Prefabs/Prop_Bath_05.prefab using Guid(8504709a366caf54a8a7fe801b6ba58e) Importer(815301076,1909f56bfc062723c751e8b465ee728b)  -> (artifact id: '0175dc587c67e501208a9c66b646fad5') in 0.009682 seconds
Number of updated asset objects reloaded before import = 0
Number of asset objects unloaded after import = 10
========================================================================
Received Import Request.
  Time since last request: 0.000017 seconds.
  path: Assets/PandazoleHome/Prefabs/Prop_Bed_05.prefab
  artifactKey: Guid(1a3290b4b7b94f342b31827af4248aa5) Importer(815301076,1909f56bfc062723c751e8b465ee728b)
Start importing Assets/PandazoleHome/Prefabs/Prop_Bed_05.prefab using Guid(1a3290b4b7b94f342b31827af4248aa5) Importer(815301076,1909f56bfc062723c751e8b465ee728b)  -> (artifact id: '8964681f1237cfb26fbda6217519ffdf') in 0.008219 seconds
Number of updated asset objects reloaded before import = 0
Number of asset objects unloaded after import = 10
========================================================================
Received Import Request.
  Time since last request: 0.000019 seconds.
  path: Assets/PandazoleHome/Prefabs/Prop_Bed_09.prefab
  artifactKey: Guid(ccf89d8d5335df2498ef1a586f615951) Importer(815301076,1909f56bfc062723c751e8b465ee728b)
Start importing Assets/PandazoleHome/Prefabs/Prop_Bed_09.prefab using Guid(ccf89d8d5335df2498ef1a586f615951) Importer(815301076,1909f56bfc062723c751e8b465ee728b)  -> (artifact id: '74f1cb5757fc1ec901944fd91aee74af') in 0.007316 seconds
Number of updated asset objects reloaded before import = 0
Number of asset objects unloaded after import = 10
========================================================================
Received Import Request.
  Time since last request: 0.000026 seconds.
  path: Assets/PandazoleHome/Prefabs/Prop_Beauty_10.prefab
  artifactKey: Guid(83f324328aa642d4b95ca75262ab00ec) Importer(815301076,1909f56bfc062723c751e8b465ee728b)
Start importing Assets/PandazoleHome/Prefabs/Prop_Beauty_10.prefab using Guid(83f324328aa642d4b95ca75262ab00ec) Importer(815301076,1909f56bfc062723c751e8b465ee728b)  -> (artifact id: '90241185a1f99b4430312eac013cfc35') in 0.007636 seconds
Number of updated asset objects reloaded before import = 0
Number of asset objects unloaded after import = 10
========================================================================
Received Import Request.
  Time since last request: 0.000038 seconds.
  path: Assets/PandazoleHome/Prefabs/Prop_Beauty_06.prefab
  artifactKey: Guid(da31803eeee04a6439edc36a95f4378e) Importer(815301076,1909f56bfc062723c751e8b465ee728b)
Start importing Assets/PandazoleHome/Prefabs/Prop_Beauty_06.prefab using Guid(da31803eeee04a6439edc36a95f4378e) Importer(815301076,1909f56bfc062723c751e8b465ee728b)  -> (artifact id: '0dc0aeec548e57a4ac3d578060c15f3a') in 0.007447 seconds
Number of updated asset objects reloaded before import = 0
Number of asset objects unloaded after import = 10
========================================================================
Received Import Request.
  Time since last request: 0.000017 seconds.
  path: Assets/PandazoleHome/Prefabs/Prop_Ball_01.prefab
  artifactKey: Guid(641606249ac0ef04b8f3f30c58b0d9e6) Importer(815301076,1909f56bfc062723c751e8b465ee728b)
Start importing Assets/PandazoleHome/Prefabs/Prop_Ball_01.prefab using Guid(641606249ac0ef04b8f3f30c58b0d9e6) Importer(815301076,1909f56bfc062723c751e8b465ee728b)  -> (artifact id: 'e8c6408299f8443db4dbcde3aaa385de') in 0.007824 seconds
Number of updated asset objects reloaded before import = 0
Number of asset objects unloaded after import = 10
========================================================================
Received Import Request.
  Time since last request: 0.000014 seconds.
  path: Assets/PandazoleHome/Prefabs/Prop_Beauty_04.prefab
  artifactKey: Guid(c485c5b5b45a4854b98c3403d6b784a3) Importer(815301076,1909f56bfc062723c751e8b465ee728b)
Start importing Assets/PandazoleHome/Prefabs/Prop_Beauty_04.prefab using Guid(c485c5b5b45a4854b98c3403d6b784a3) Importer(815301076,1909f56bfc062723c751e8b465ee728b)  -> (artifact id: '46863b105191a65234d4813687f561b8') in 0.007801 seconds
Number of updated asset objects reloaded before import = 0
Number of asset objects unloaded after import = 10
========================================================================
Received Import Request.
  Time since last request: 0.000015 seconds.
  path: Assets/PandazoleHome/Prefabs/Prop_BagChair_01.prefab
  artifactKey: Guid(c84e56bfcd9d6e945b9781a759cad020) Importer(815301076,1909f56bfc062723c751e8b465ee728b)
Start importing Assets/PandazoleHome/Prefabs/Prop_BagChair_01.prefab using Guid(c84e56bfcd9d6e945b9781a759cad020) Importer(815301076,1909f56bfc062723c751e8b465ee728b)  -> (artifact id: '1527be9b07a8a0aa5df470676bd093b9') in 0.008446 seconds
Number of updated asset objects reloaded before import = 0
Number of asset objects unloaded after import = 10
========================================================================
Received Import Request.
  Time since last request: 0.000016 seconds.
  path: Assets/PandazoleHome/Prefabs/Prop_Bed_04.prefab
  artifactKey: Guid(09d7d3ab8dc3eb84aa466d754c74ea39) Importer(815301076,1909f56bfc062723c751e8b465ee728b)
Start importing Assets/PandazoleHome/Prefabs/Prop_Bed_04.prefab using Guid(09d7d3ab8dc3eb84aa466d754c74ea39) Importer(815301076,1909f56bfc062723c751e8b465ee728b)  -> (artifact id: '27f611b7fc8bda06d7ce0e4e5f8831a5') in 0.007944 seconds
Number of updated asset objects reloaded before import = 0
Number of asset objects unloaded after import = 10
========================================================================
Received Import Request.
  Time since last request: 0.000018 seconds.
  path: Assets/PandazoleHome/Prefabs/Prop_Book_04.prefab
  artifactKey: Guid(eb217c5bf1e28a34cb6ce5266f25fb6d) Importer(815301076,1909f56bfc062723c751e8b465ee728b)
Start importing Assets/PandazoleHome/Prefabs/Prop_Book_04.prefab using Guid(eb217c5bf1e28a34cb6ce5266f25fb6d) Importer(815301076,1909f56bfc062723c751e8b465ee728b)  -> (artifact id: '71172a295bc481d2a262e0b00ce79b14') in 0.007884 seconds
Number of updated asset objects reloaded before import = 0
Number of asset objects unloaded after import = 10
========================================================================
Received Import Request.
  Time since last request: 0.000023 seconds.
  path: Assets/PandazoleHome/Prefabs/Prop_Beauty_03.prefab
  artifactKey: Guid(ee54cf40481c88a4187a79aef2ac9bf0) Importer(815301076,1909f56bfc062723c751e8b465ee728b)
Start importing Assets/PandazoleHome/Prefabs/Prop_Beauty_03.prefab using Guid(ee54cf40481c88a4187a79aef2ac9bf0) Importer(815301076,1909f56bfc062723c751e8b465ee728b)  -> (artifact id: 'c827840f5273531e2720ae7e6b9979d3') in 0.007636 seconds
Number of updated asset objects reloaded before import = 0
Number of asset objects unloaded after import = 10
========================================================================
Received Import Request.
  Time since last request: 0.000015 seconds.
  path: Assets/PandazoleHome/Prefabs/Prop_BuildingBlockToy_04.prefab
  artifactKey: Guid(2e93d5fa678210c48bae8e7cdad4e9e6) Importer(815301076,1909f56bfc062723c751e8b465ee728b)
Start importing Assets/PandazoleHome/Prefabs/Prop_BuildingBlockToy_04.prefab using Guid(2e93d5fa678210c48bae8e7cdad4e9e6) Importer(815301076,1909f56bfc062723c751e8b465ee728b)  -> (artifact id: 'cba1c7aa548c8df4dcae26f245f398eb') in 0.008142 seconds
Number of updated asset objects reloaded before import = 0
Number of asset objects unloaded after import = 10
========================================================================
Received Import Request.
  Time since last request: 0.000013 seconds.
  path: Assets/PandazoleHome/Prefabs/Prop_Brush_01.prefab
  artifactKey: Guid(68d220a65d615a245bdaea7641253539) Importer(815301076,1909f56bfc062723c751e8b465ee728b)
Start importing Assets/PandazoleHome/Prefabs/Prop_Brush_01.prefab using Guid(68d220a65d615a245bdaea7641253539) Importer(815301076,1909f56bfc062723c751e8b465ee728b)  -> (artifact id: 'd22d8257e3c096e2446b9bafc245c31e') in 0.007556 seconds
Number of updated asset objects reloaded before import = 0
Number of asset objects unloaded after import = 9
========================================================================
Received Import Request.
  Time since last request: 0.000018 seconds.
  path: Assets/PandazoleHome/Prefabs/Prop_Brush_02.prefab
  artifactKey: Guid(c51bd935e4212404096fbc7958faee4a) Importer(815301076,1909f56bfc062723c751e8b465ee728b)
Start importing Assets/PandazoleHome/Prefabs/Prop_Brush_02.prefab using Guid(c51bd935e4212404096fbc7958faee4a) Importer(815301076,1909f56bfc062723c751e8b465ee728b)  -> (artifact id: 'a9a67f326d73d57f83827c8ba1d7af07') in 0.008046 seconds
Number of updated asset objects reloaded before import = 0
Number of asset objects unloaded after import = 9
========================================================================
Received Import Request.
  Time since last request: 0.000017 seconds.
  path: Assets/PandazoleHome/Prefabs/Prop_Ball_05.prefab
  artifactKey: Guid(3f8e8c9284831e94da7f8e9691b02314) Importer(815301076,1909f56bfc062723c751e8b465ee728b)
Start importing Assets/PandazoleHome/Prefabs/Prop_Ball_05.prefab using Guid(3f8e8c9284831e94da7f8e9691b02314) Importer(815301076,1909f56bfc062723c751e8b465ee728b)  -> (artifact id: '0886e83f890cb41249ab504c43ba18d0') in 0.006685 seconds
Number of updated asset objects reloaded before import = 0
Number of asset objects unloaded after import = 10
========================================================================
Received Import Request.
  Time since last request: 0.000012 seconds.
  path: Assets/PandazoleHome/Prefabs/Prop_Book_02.prefab
  artifactKey: Guid(aef7a66dd5ed7b4448dd2eab50c2c4f7) Importer(815301076,1909f56bfc062723c751e8b465ee728b)
Start importing Assets/PandazoleHome/Prefabs/Prop_Book_02.prefab using Guid(aef7a66dd5ed7b4448dd2eab50c2c4f7) Importer(815301076,1909f56bfc062723c751e8b465ee728b)  -> (artifact id: 'd29a379ce286847208faba49ed5b3028') in 0.009372 seconds
Number of updated asset objects reloaded before import = 0
Number of asset objects unloaded after import = 10
========================================================================
Received Import Request.
  Time since last request: 0.000017 seconds.
  path: Assets/PandazoleHome/Prefabs/Prop_BuildingBlockToy_02.prefab
  artifactKey: Guid(2d915f7561753534ab37d9a11bfd61ef) Importer(815301076,1909f56bfc062723c751e8b465ee728b)
Start importing Assets/PandazoleHome/Prefabs/Prop_BuildingBlockToy_02.prefab using Guid(2d915f7561753534ab37d9a11bfd61ef) Importer(815301076,1909f56bfc062723c751e8b465ee728b)  -> (artifact id: '2b47f481762b9377b874cbe5f721d8c4') in 0.008323 seconds
Number of updated asset objects reloaded before import = 0
Number of asset objects unloaded after import = 10
========================================================================
Received Import Request.
  Time since last request: 0.000018 seconds.
  path: Assets/PandazoleHome/Prefabs/Prop_Bed_02.prefab
  artifactKey: Guid(ab4f2aa8e5463214390b9a543c4848b0) Importer(815301076,1909f56bfc062723c751e8b465ee728b)
Start importing Assets/PandazoleHome/Prefabs/Prop_Bed_02.prefab using Guid(ab4f2aa8e5463214390b9a543c4848b0) Importer(815301076,1909f56bfc062723c751e8b465ee728b)  -> (artifact id: '42ccea47a24b4fd6814182832d2320e4') in 0.008153 seconds
Number of updated asset objects reloaded before import = 0
Number of asset objects unloaded after import = 10
========================================================================
Received Import Request.
  Time since last request: 0.000014 seconds.
  path: Assets/PandazoleHome/Prefabs/Prop_BagChair_03.prefab
  artifactKey: Guid(a27ebda50ef194146a054b3b6cebb4ce) Importer(815301076,1909f56bfc062723c751e8b465ee728b)
Start importing Assets/PandazoleHome/Prefabs/Prop_BagChair_03.prefab using Guid(a27ebda50ef194146a054b3b6cebb4ce) Importer(815301076,1909f56bfc062723c751e8b465ee728b)  -> (artifact id: 'faba681d3c64c0aafe656a0d69fb2f16') in 0.008050 seconds
Number of updated asset objects reloaded before import = 0
Number of asset objects unloaded after import = 10
========================================================================
Received Import Request.
  Time since last request: 0.000021 seconds.
  path: Assets/PandazoleHome/Prefabs/Prop_Beauty_08.prefab
  artifactKey: Guid(d90e7481f7d980849a493aff5d8565dd) Importer(815301076,1909f56bfc062723c751e8b465ee728b)
Start importing Assets/PandazoleHome/Prefabs/Prop_Beauty_08.prefab using Guid(d90e7481f7d980849a493aff5d8565dd) Importer(815301076,1909f56bfc062723c751e8b465ee728b)  -> (artifact id: '7d2a88b4ab83cf150a4212f39e5fa113') in 0.008409 seconds
Number of updated asset objects reloaded before import = 0
Number of asset objects unloaded after import = 10
========================================================================
Received Import Request.
  Time since last request: 0.000016 seconds.
  path: Assets/PandazoleHome/Prefabs/Prop_Ball_03.prefab
  artifactKey: Guid(f296379057ff5cd429c9d0cd2c03eb7b) Importer(815301076,1909f56bfc062723c751e8b465ee728b)
Start importing Assets/PandazoleHome/Prefabs/Prop_Ball_03.prefab using Guid(f296379057ff5cd429c9d0cd2c03eb7b) Importer(815301076,1909f56bfc062723c751e8b465ee728b)  -> (artifact id: 'be1fb34eb0c25f2076d37d365ee5cbc0') in 0.008426 seconds
Number of updated asset objects reloaded before import = 0
Number of asset objects unloaded after import = 10
========================================================================
Received Import Request.
  Time since last request: 0.000020 seconds.
  path: Assets/PandazoleHome/Prefabs/Prop_Bath_03.prefab
  artifactKey: Guid(4e2b46211d6514d47b1a810fb4e75244) Importer(815301076,1909f56bfc062723c751e8b465ee728b)
Start importing Assets/PandazoleHome/Prefabs/Prop_Bath_03.prefab using Guid(4e2b46211d6514d47b1a810fb4e75244) Importer(815301076,1909f56bfc062723c751e8b465ee728b)  -> (artifact id: '5a63b3aad48ee86da7d981893745c81c') in 0.009514 seconds
Number of updated asset objects reloaded before import = 0
Number of asset objects unloaded after import = 10
========================================================================
Received Import Request.
  Time since last request: 0.000023 seconds.
  path: Assets/PandazoleHome/Prefabs/Prop_Beauty_05.prefab
  artifactKey: Guid(02f5ce050695735468679fd5d4e9cdf4) Importer(815301076,1909f56bfc062723c751e8b465ee728b)
Start importing Assets/PandazoleHome/Prefabs/Prop_Beauty_05.prefab using Guid(02f5ce050695735468679fd5d4e9cdf4) Importer(815301076,1909f56bfc062723c751e8b465ee728b)  -> (artifact id: 'c0e12a030657e1118531d04c1d1e00f7') in 0.008329 seconds
Number of updated asset objects reloaded before import = 0
Number of asset objects unloaded after import = 10
========================================================================
Received Import Request.
  Time since last request: 0.000023 seconds.
  path: Assets/PandazoleHome/Prefabs/Prop_Bed_07.prefab
  artifactKey: Guid(4d46da9568dbb7c48b8d98c594a9a551) Importer(815301076,1909f56bfc062723c751e8b465ee728b)
Start importing Assets/PandazoleHome/Prefabs/Prop_Bed_07.prefab using Guid(4d46da9568dbb7c48b8d98c594a9a551) Importer(815301076,1909f56bfc062723c751e8b465ee728b)  -> (artifact id: '67fde3e7ffc57a33f82bb5b48d4adf50') in 0.009607 seconds
Number of updated asset objects reloaded before import = 0
Number of asset objects unloaded after import = 10
========================================================================
Received Import Request.
  Time since last request: 1.886300 seconds.
  path: Assets/PandazoleHome/Prefabs/Prop_BuildingBlockToy_08.prefab
  artifactKey: Guid(2f40e7152dcb17f479adef26a07e2e21) Importer(815301076,1909f56bfc062723c751e8b465ee728b)
Start importing Assets/PandazoleHome/Prefabs/Prop_BuildingBlockToy_08.prefab using Guid(2f40e7152dcb17f479adef26a07e2e21) Importer(815301076,1909f56bfc062723c751e8b465ee728b)  -> (artifact id: '4a3be234c3178eccdf1ec84373f43103') in 0.008434 seconds
Number of updated asset objects reloaded before import = 0
Number of asset objects unloaded after import = 10
========================================================================
Received Import Request.
  Time since last request: 0.000025 seconds.
  path: Assets/PandazoleHome/Prefabs/Prop_Carpet_04.prefab
  artifactKey: Guid(0c706a1d88fef0e4c96341faa2a4ff23) Importer(815301076,1909f56bfc062723c751e8b465ee728b)
Start importing Assets/PandazoleHome/Prefabs/Prop_Carpet_04.prefab using Guid(0c706a1d88fef0e4c96341faa2a4ff23) Importer(815301076,1909f56bfc062723c751e8b465ee728b)  -> (artifact id: 'b50debd6f36c36bbf30cd87fea0aba28') in 0.010317 seconds
Number of updated asset objects reloaded before import = 0
Number of asset objects unloaded after import = 10
========================================================================
Received Import Request.
  Time since last request: 0.000056 seconds.
  path: Assets/PandazoleHome/Prefabs/Prop_Carpet_03.prefab
  artifactKey: Guid(4ffcc8a315578ef4d81e4d3f78e1b9c3) Importer(815301076,1909f56bfc062723c751e8b465ee728b)
Start importing Assets/PandazoleHome/Prefabs/Prop_Carpet_03.prefab using Guid(4ffcc8a315578ef4d81e4d3f78e1b9c3) Importer(815301076,1909f56bfc062723c751e8b465ee728b)  -> (artifact id: '03a7ec49ae1326177ea48cd102d2e9ce') in 0.011923 seconds
Number of updated asset objects reloaded before import = 0
Number of asset objects unloaded after import = 10
========================================================================
Received Import Request.
  Time since last request: 0.365145 seconds.
  path: Assets/PandazoleHome/Prefabs/Prop_Carpet_06.prefab
  artifactKey: Guid(658776daa5d72d4419285ae401149676) Importer(815301076,1909f56bfc062723c751e8b465ee728b)
Start importing Assets/PandazoleHome/Prefabs/Prop_Carpet_06.prefab using Guid(658776daa5d72d4419285ae401149676) Importer(815301076,1909f56bfc062723c751e8b465ee728b)  -> (artifact id: 'b77e9e773aa7d467b6d37dfe9897c184') in 0.009126 seconds
Number of updated asset objects reloaded before import = 0
Number of asset objects unloaded after import = 10
========================================================================
Received Import Request.
  Time since last request: 0.000222 seconds.
  path: Assets/PandazoleHome/Prefabs/Prop_Chest.prefab
  artifactKey: Guid(053fef6cc17b11f4485e27a5d11ffafe) Importer(815301076,1909f56bfc062723c751e8b465ee728b)
Start importing Assets/PandazoleHome/Prefabs/Prop_Chest.prefab using Guid(053fef6cc17b11f4485e27a5d11ffafe) Importer(815301076,1909f56bfc062723c751e8b465ee728b)  -> (artifact id: 'b2c61af24ffcd350a25233c00245848b') in 0.009688 seconds
Number of updated asset objects reloaded before import = 0
Number of asset objects unloaded after import = 10
========================================================================
Received Import Request.
  Time since last request: 2.748604 seconds.
  path: Assets/PandazoleHome/Prefabs/Walls/Prop_Wall_02.prefab
  artifactKey: Guid(fb26572de0eab9546988285b183fcbc6) Importer(815301076,1909f56bfc062723c751e8b465ee728b)
Start importing Assets/PandazoleHome/Prefabs/Walls/Prop_Wall_02.prefab using Guid(fb26572de0eab9546988285b183fcbc6) Importer(815301076,1909f56bfc062723c751e8b465ee728b)  -> (artifact id: '8e6452e64e429d34cc22d7cedafe2f75') in 0.013379 seconds
Number of updated asset objects reloaded before import = 0
Number of asset objects unloaded after import = 10
========================================================================
Received Import Request.
  Time since last request: 0.000486 seconds.
  path: Assets/PandazoleHome/Prefabs/Walls/Prop_WallCornor_04.prefab
  artifactKey: Guid(1ce140a9c07ef164ca570f33febcbed4) Importer(815301076,1909f56bfc062723c751e8b465ee728b)
Start importing Assets/PandazoleHome/Prefabs/Walls/Prop_WallCornor_04.prefab using Guid(1ce140a9c07ef164ca570f33febcbed4) Importer(815301076,1909f56bfc062723c751e8b465ee728b)  -> (artifact id: '7fbe16313291358c71ed6eb6847e2eba') in 0.042496 seconds
Number of updated asset objects reloaded before import = 0
Number of asset objects unloaded after import = 11
========================================================================
Received Import Request.
  Time since last request: 0.000013 seconds.
  path: Assets/PandazoleHome/Prefabs/Walls/Prop_WallCShape_03.prefab
  artifactKey: Guid(e842b5ab165759245b344ad7c7ff11f0) Importer(815301076,1909f56bfc062723c751e8b465ee728b)
Start importing Assets/PandazoleHome/Prefabs/Walls/Prop_WallCShape_03.prefab using Guid(e842b5ab165759245b344ad7c7ff11f0) Importer(815301076,1909f56bfc062723c751e8b465ee728b)  -> (artifact id: 'bba83598c872a321f7fa9d3d6cdf9704') in 0.037934 seconds
Number of updated asset objects reloaded before import = 0
Number of asset objects unloaded after import = 12
========================================================================
Received Import Request.
  Time since last request: 395.295063 seconds.
  path: Assets/PandazoleHome/Prefabs/Ground Bases/Prop_GroundBase_02.prefab
  artifactKey: Guid(ad566f2f7b5f1e740bc867cec5d0e790) Importer(815301076,1909f56bfc062723c751e8b465ee728b)
Start importing Assets/PandazoleHome/Prefabs/Ground Bases/Prop_GroundBase_02.prefab using Guid(ad566f2f7b5f1e740bc867cec5d0e790) Importer(815301076,1909f56bfc062723c751e8b465ee728b)  -> (artifact id: 'd3c9640ad2cd218650391fb4fa20f8d4') in 0.009037 seconds
Number of updated asset objects reloaded before import = 0
Number of asset objects unloaded after import = 10
========================================================================
Received Import Request.
  Time since last request: 0.000011 seconds.
  path: Assets/PandazoleHome/Prefabs/Ground Bases/Prop_GroundBase_05.prefab
  artifactKey: Guid(6d09ef5a6f0d8d94d87dcfe2d99ccafc) Importer(815301076,1909f56bfc062723c751e8b465ee728b)
Start importing Assets/PandazoleHome/Prefabs/Ground Bases/Prop_GroundBase_05.prefab using Guid(6d09ef5a6f0d8d94d87dcfe2d99ccafc) Importer(815301076,1909f56bfc062723c751e8b465ee728b)  -> (artifact id: 'd3279a3d00484ba4423fec5ba7587b40') in 0.005814 seconds
Number of updated asset objects reloaded before import = 0
Number of asset objects unloaded after import = 10
========================================================================
Received Import Request.
  Time since last request: 0.000010 seconds.
  path: Assets/PandazoleHome/Prefabs/Ground Bases/Prop_GroundBase_07.prefab
  artifactKey: Guid(a9a04f9e82a88594da2e378aba6e10bd) Importer(815301076,1909f56bfc062723c751e8b465ee728b)
Start importing Assets/PandazoleHome/Prefabs/Ground Bases/Prop_GroundBase_07.prefab using Guid(a9a04f9e82a88594da2e378aba6e10bd) Importer(815301076,1909f56bfc062723c751e8b465ee728b)  -> (artifact id: 'f40f90a59a2267161a9f0c2aa0b12b1f') in 0.007369 seconds
Number of updated asset objects reloaded before import = 0
Number of asset objects unloaded after import = 10
========================================================================
Received Import Request.
  Time since last request: 0.000011 seconds.
  path: Assets/PandazoleHome/Prefabs/Ground Bases/Prop_GroundBase_04.prefab
  artifactKey: Guid(caa2c28eb7b1b4f4d808914ea9904d41) Importer(815301076,1909f56bfc062723c751e8b465ee728b)
Start importing Assets/PandazoleHome/Prefabs/Ground Bases/Prop_GroundBase_04.prefab using Guid(caa2c28eb7b1b4f4d808914ea9904d41) Importer(815301076,1909f56bfc062723c751e8b465ee728b)  -> (artifact id: 'b934b746bb8986319f14a8b31c07e755') in 0.007592 seconds
Number of updated asset objects reloaded before import = 0
Number of asset objects unloaded after import = 10
========================================================================
Received Import Request.
  Time since last request: 10.642299 seconds.
  path: Assets/PandazoleHome/Prefabs/Prop_Console_02.prefab
  artifactKey: Guid(6e895ac7314252246a78dd4d457660a8) Importer(815301076,1909f56bfc062723c751e8b465ee728b)
Start importing Assets/PandazoleHome/Prefabs/Prop_Console_02.prefab using Guid(6e895ac7314252246a78dd4d457660a8) Importer(815301076,1909f56bfc062723c751e8b465ee728b)  -> (artifact id: 'ea33ceeae87c23cd983adba968f21fad') in 0.007749 seconds
Number of updated asset objects reloaded before import = 0
Number of asset objects unloaded after import = 10
========================================================================
Received Import Request.
  Time since last request: 0.001522 seconds.
  path: Assets/PandazoleHome/Prefabs/Prop_Console_05.prefab
  artifactKey: Guid(7a61af0c447087345aee8730e8016b66) Importer(815301076,1909f56bfc062723c751e8b465ee728b)
Start importing Assets/PandazoleHome/Prefabs/Prop_Console_05.prefab using Guid(7a61af0c447087345aee8730e8016b66) Importer(815301076,1909f56bfc062723c751e8b465ee728b)  -> (artifact id: '3bb58b1eb61f0e0b487bcd30d5d90ffc') in 0.007523 seconds
Number of updated asset objects reloaded before import = 0
Number of asset objects unloaded after import = 10
========================================================================
Received Import Request.
  Time since last request: 0.000347 seconds.
  path: Assets/PandazoleHome/Prefabs/Prop_Desk_04.prefab
  artifactKey: Guid(d12bb9511c616294cb28472c8d1bdf78) Importer(815301076,1909f56bfc062723c751e8b465ee728b)
Start importing Assets/PandazoleHome/Prefabs/Prop_Desk_04.prefab using Guid(d12bb9511c616294cb28472c8d1bdf78) Importer(815301076,1909f56bfc062723c751e8b465ee728b)  -> (artifact id: 'eedc7b265f7683d9444021b5a98f937a') in 0.011326 seconds
Number of updated asset objects reloaded before import = 0
Number of asset objects unloaded after import = 10
========================================================================
Received Import Request.
  Time since last request: 0.000016 seconds.
  path: Assets/PandazoleHome/Prefabs/Prop_Desk_07.prefab
  artifactKey: Guid(754cd322b0deb424eb48d0902d3d629d) Importer(815301076,1909f56bfc062723c751e8b465ee728b)
Start importing Assets/PandazoleHome/Prefabs/Prop_Desk_07.prefab using Guid(754cd322b0deb424eb48d0902d3d629d) Importer(815301076,1909f56bfc062723c751e8b465ee728b)  -> (artifact id: '587b3aebd9ffe7a95f7bf1249acad72f') in 0.012445 seconds
Number of updated asset objects reloaded before import = 0
Number of asset objects unloaded after import = 10
========================================================================
Received Import Request.
  Time since last request: 0.000051 seconds.
  path: Assets/PandazoleHome/Prefabs/Prop_Desk_08.prefab
  artifactKey: Guid(ef235f10188ca0240bd8e6a7d4e29d64) Importer(815301076,1909f56bfc062723c751e8b465ee728b)
Start importing Assets/PandazoleHome/Prefabs/Prop_Desk_08.prefab using Guid(ef235f10188ca0240bd8e6a7d4e29d64) Importer(815301076,1909f56bfc062723c751e8b465ee728b)  -> (artifact id: '701e1dd6cfa845c53c98ba003e588f02') in 0.007245 seconds
Number of updated asset objects reloaded before import = 0
Number of asset objects unloaded after import = 10
========================================================================
Received Import Request.
  Time since last request: 0.000014 seconds.
  path: Assets/PandazoleHome/Prefabs/Prop_Desk_01.prefab
  artifactKey: Guid(b86b4db3613b6c34db8159dee086b52b) Importer(815301076,1909f56bfc062723c751e8b465ee728b)
Start importing Assets/PandazoleHome/Prefabs/Prop_Desk_01.prefab using Guid(b86b4db3613b6c34db8159dee086b52b) Importer(815301076,1909f56bfc062723c751e8b465ee728b)  -> (artifact id: '835c63fcdb18b771df664c17e67e0ab4') in 0.014969 seconds
Number of updated asset objects reloaded before import = 0
Number of asset objects unloaded after import = 10
========================================================================
Received Import Request.
  Time since last request: 1.889016 seconds.
  path: Assets/PandazoleHome/Prefabs/Prop_Faucet_01.prefab
  artifactKey: Guid(7eed55408f5c314439b3cc196aca4b55) Importer(815301076,1909f56bfc062723c751e8b465ee728b)
Start importing Assets/PandazoleHome/Prefabs/Prop_Faucet_01.prefab using Guid(7eed55408f5c314439b3cc196aca4b55) Importer(815301076,1909f56bfc062723c751e8b465ee728b)  -> (artifact id: '65d04617f6c8e57ff471b74fa0f2c494') in 0.005954 seconds
Number of updated asset objects reloaded before import = 0
Number of asset objects unloaded after import = 10
========================================================================
Received Import Request.
  Time since last request: 0.005102 seconds.
  path: Assets/PandazoleHome/Prefabs/Prop_GenericHandle_02.prefab
  artifactKey: Guid(bef042ea8a9aea34cb9e48ae6c517d68) Importer(815301076,1909f56bfc062723c751e8b465ee728b)
Start importing Assets/PandazoleHome/Prefabs/Prop_GenericHandle_02.prefab using Guid(bef042ea8a9aea34cb9e48ae6c517d68) Importer(815301076,1909f56bfc062723c751e8b465ee728b)  -> (artifact id: '0254f0b3ad127eca8d17d16f975e9a6a') in 0.006736 seconds
Number of updated asset objects reloaded before import = 0
Number of asset objects unloaded after import = 10
========================================================================
Received Import Request.
  Time since last request: 0.000019 seconds.
  path: Assets/PandazoleHome/Prefabs/Prop_Faucet_07.prefab
  artifactKey: Guid(c86b1386556ff0c4f9489fb98b889905) Importer(815301076,1909f56bfc062723c751e8b465ee728b)
Start importing Assets/PandazoleHome/Prefabs/Prop_Faucet_07.prefab using Guid(c86b1386556ff0c4f9489fb98b889905) Importer(815301076,1909f56bfc062723c751e8b465ee728b)  -> (artifact id: '47505ae870a9fe330df3b8ab7d9348d5') in 0.006838 seconds
Number of updated asset objects reloaded before import = 0
Number of asset objects unloaded after import = 10
========================================================================
Received Import Request.
  Time since last request: 0.000021 seconds.
  path: Assets/PandazoleHome/Prefabs/Prop_Faucet_05.prefab
  artifactKey: Guid(d18dc5d4f28986942a922b9cbf0bb147) Importer(815301076,1909f56bfc062723c751e8b465ee728b)
Start importing Assets/PandazoleHome/Prefabs/Prop_Faucet_05.prefab using Guid(d18dc5d4f28986942a922b9cbf0bb147) Importer(815301076,1909f56bfc062723c751e8b465ee728b)  -> (artifact id: '49a9200e0d8911ef9f28e315c44e437f') in 0.007453 seconds
Number of updated asset objects reloaded before import = 0
Number of asset objects unloaded after import = 10
========================================================================
Received Import Request.
  Time since last request: 0.038384 seconds.
  path: Assets/PandazoleHome/Prefabs/Prop_GenericPillow_02.prefab
  artifactKey: Guid(9d05a8a92dc3bc04cbdf76da307fa4a0) Importer(815301076,1909f56bfc062723c751e8b465ee728b)
Start importing Assets/PandazoleHome/Prefabs/Prop_GenericPillow_02.prefab using Guid(9d05a8a92dc3bc04cbdf76da307fa4a0) Importer(815301076,1909f56bfc062723c751e8b465ee728b)  -> (artifact id: 'd2f60cf941dd9e3fe7d954a01656c973') in 0.006301 seconds
Number of updated asset objects reloaded before import = 0
Number of asset objects unloaded after import = 10
========================================================================
Received Import Request.
  Time since last request: 0.000010 seconds.
  path: Assets/PandazoleHome/Prefabs/Prop_Homeplant_02.prefab
  artifactKey: Guid(ab4bb5778e2aea64d8afbe6ccff09798) Importer(815301076,1909f56bfc062723c751e8b465ee728b)
Start importing Assets/PandazoleHome/Prefabs/Prop_Homeplant_02.prefab using Guid(ab4bb5778e2aea64d8afbe6ccff09798) Importer(815301076,1909f56bfc062723c751e8b465ee728b)  -> (artifact id: '5a758f31b23cce02f305e81e9adbc52f') in 0.007726 seconds
Number of updated asset objects reloaded before import = 0
Number of asset objects unloaded after import = 10
========================================================================
Received Import Request.
  Time since last request: 0.000017 seconds.
  path: Assets/PandazoleHome/Prefabs/Prop_HomeLamp_04.prefab
  artifactKey: Guid(16dc4a415aa867240bb05bb29dfbcc68) Importer(815301076,1909f56bfc062723c751e8b465ee728b)
Start importing Assets/PandazoleHome/Prefabs/Prop_HomeLamp_04.prefab using Guid(16dc4a415aa867240bb05bb29dfbcc68) Importer(815301076,1909f56bfc062723c751e8b465ee728b)  -> (artifact id: 'f8e7b02d1f55dcc0bacf521ce7989322') in 0.005451 seconds
Number of updated asset objects reloaded before import = 0
Number of asset objects unloaded after import = 10
========================================================================
Received Import Request.
  Time since last request: 1.006673 seconds.
  path: Assets/PandazoleHome/Prefabs/Prop_Homeplant_09.prefab
  artifactKey: Guid(9354dbb08c81abc4f95a1f5a1ca93828) Importer(815301076,1909f56bfc062723c751e8b465ee728b)
Start importing Assets/PandazoleHome/Prefabs/Prop_Homeplant_09.prefab using Guid(9354dbb08c81abc4f95a1f5a1ca93828) Importer(815301076,1909f56bfc062723c751e8b465ee728b)  -> (artifact id: '46cf5cf94484554156a922f569dceef0') in 0.006170 seconds
Number of updated asset objects reloaded before import = 0
Number of asset objects unloaded after import = 10
========================================================================
Received Import Request.
  Time since last request: 0.000013 seconds.
  path: Assets/PandazoleHome/Prefabs/Prop_HomeTheater_01.prefab
  artifactKey: Guid(1f526eb366a6d85448860f129d353dde) Importer(815301076,1909f56bfc062723c751e8b465ee728b)
Start importing Assets/PandazoleHome/Prefabs/Prop_HomeTheater_01.prefab using Guid(1f526eb366a6d85448860f129d353dde) Importer(815301076,1909f56bfc062723c751e8b465ee728b)  -> (artifact id: '744e890e43e8196793973a9f0479c591') in 0.008855 seconds
Number of updated asset objects reloaded before import = 0
Number of asset objects unloaded after import = 10
========================================================================
Received Import Request.
  Time since last request: 0.000014 seconds.
  path: Assets/PandazoleHome/Prefabs/Prop_HomeTheater_05.prefab
  artifactKey: Guid(354f4fe5d0f0f294db56d720e13cd727) Importer(815301076,1909f56bfc062723c751e8b465ee728b)
Start importing Assets/PandazoleHome/Prefabs/Prop_HomeTheater_05.prefab using Guid(354f4fe5d0f0f294db56d720e13cd727) Importer(815301076,1909f56bfc062723c751e8b465ee728b)  -> (artifact id: 'e84137a3319716fd75dec874b33ff9f7') in 0.005540 seconds
Number of updated asset objects reloaded before import = 0
Number of asset objects unloaded after import = 10
========================================================================
Received Import Request.
  Time since last request: 0.016615 seconds.
  path: Assets/PandazoleHome/Prefabs/Prop_KidsChair.prefab
  artifactKey: Guid(bdd4b959ccae63c4eb04f340d0e91d5f) Importer(815301076,1909f56bfc062723c751e8b465ee728b)
Start importing Assets/PandazoleHome/Prefabs/Prop_KidsChair.prefab using Guid(bdd4b959ccae63c4eb04f340d0e91d5f) Importer(815301076,1909f56bfc062723c751e8b465ee728b)  -> (artifact id: 'e6a986b98a4870087cdc110d60a6bbc0') in 0.005205 seconds
Number of updated asset objects reloaded before import = 0
Number of asset objects unloaded after import = 10
========================================================================
Received Import Request.
  Time since last request: 0.000010 seconds.
  path: Assets/PandazoleHome/Prefabs/Prop_KidsCube_C.prefab
  artifactKey: Guid(9887b53a8426f90439242df25a89269d) Importer(815301076,1909f56bfc062723c751e8b465ee728b)
Start importing Assets/PandazoleHome/Prefabs/Prop_KidsCube_C.prefab using Guid(9887b53a8426f90439242df25a89269d) Importer(815301076,1909f56bfc062723c751e8b465ee728b)  -> (artifact id: '5c1c94c730f1542a908b049e4f5c06ad') in 0.005980 seconds
Number of updated asset objects reloaded before import = 0
Number of asset objects unloaded after import = 10
========================================================================
Received Import Request.
  Time since last request: 0.000021 seconds.
  path: Assets/PandazoleHome/Prefabs/Prop_KidsCube_D.prefab
  artifactKey: Guid(25a93d6aff829d446853aa357de9f5ce) Importer(815301076,1909f56bfc062723c751e8b465ee728b)
Start importing Assets/PandazoleHome/Prefabs/Prop_KidsCube_D.prefab using Guid(25a93d6aff829d446853aa357de9f5ce) Importer(815301076,1909f56bfc062723c751e8b465ee728b)  -> (artifact id: 'ab32e2fd84bba018ed43d0107adb5bfa') in 0.005875 seconds
Number of updated asset objects reloaded before import = 0
Number of asset objects unloaded after import = 10
========================================================================
Received Import Request.
  Time since last request: 0.066520 seconds.
  path: Assets/PandazoleHome/Prefabs/Prop_KidsCube_L.prefab
  artifactKey: Guid(b3e9f2b4f42d44e4f8247d628b741278) Importer(815301076,1909f56bfc062723c751e8b465ee728b)
Start importing Assets/PandazoleHome/Prefabs/Prop_KidsCube_L.prefab using Guid(b3e9f2b4f42d44e4f8247d628b741278) Importer(815301076,1909f56bfc062723c751e8b465ee728b)  -> (artifact id: '51d8e3516f8e588b7d000c738492c558') in 0.005195 seconds
Number of updated asset objects reloaded before import = 0
Number of asset objects unloaded after import = 10
========================================================================
Received Import Request.
  Time since last request: 0.000021 seconds.
  path: Assets/PandazoleHome/Prefabs/Prop_KidsCube_U.prefab
  artifactKey: Guid(04cee286df3cabf48b365aedbb23fdb6) Importer(815301076,1909f56bfc062723c751e8b465ee728b)
Start importing Assets/PandazoleHome/Prefabs/Prop_KidsCube_U.prefab using Guid(04cee286df3cabf48b365aedbb23fdb6) Importer(815301076,1909f56bfc062723c751e8b465ee728b)  -> (artifact id: '585ec9d7ff67f07eb3c085526f40d7b9') in 0.006477 seconds
Number of updated asset objects reloaded before import = 0
Number of asset objects unloaded after import = 10
========================================================================
Received Import Request.
  Time since last request: 0.000014 seconds.
  path: Assets/PandazoleHome/Prefabs/Prop_KidsCube_V.prefab
  artifactKey: Guid(f2b76968a7349aa4ab142b26bf31f82b) Importer(815301076,1909f56bfc062723c751e8b465ee728b)
Start importing Assets/PandazoleHome/Prefabs/Prop_KidsCube_V.prefab using Guid(f2b76968a7349aa4ab142b26bf31f82b) Importer(815301076,1909f56bfc062723c751e8b465ee728b)  -> (artifact id: 'd90c61a212270b4551b6179e399009b7') in 0.006157 seconds
Number of updated asset objects reloaded before import = 0
Number of asset objects unloaded after import = 10
========================================================================
Received Import Request.
  Time since last request: 0.632051 seconds.
  path: Assets/PandazoleHome/Prefabs/Prop_KidsCube_Y.prefab
  artifactKey: Guid(4e2de4f161cc6934681555a5ace29b97) Importer(815301076,1909f56bfc062723c751e8b465ee728b)
Start importing Assets/PandazoleHome/Prefabs/Prop_KidsCube_Y.prefab using Guid(4e2de4f161cc6934681555a5ace29b97) Importer(815301076,1909f56bfc062723c751e8b465ee728b)  -> (artifact id: 'c035640f9400637731f1eb9704fbac10') in 0.006289 seconds
Number of updated asset objects reloaded before import = 0
Number of asset objects unloaded after import = 10
========================================================================
Received Import Request.
  Time since last request: 0.000132 seconds.
  path: Assets/PandazoleHome/Prefabs/Prop_KitchenCabinet_01_D.prefab
  artifactKey: Guid(ec54cb597f178d546a3bbc89470415f0) Importer(815301076,1909f56bfc062723c751e8b465ee728b)
Start importing Assets/PandazoleHome/Prefabs/Prop_KitchenCabinet_01_D.prefab using Guid(ec54cb597f178d546a3bbc89470415f0) Importer(815301076,1909f56bfc062723c751e8b465ee728b)  -> (artifact id: 'dfcba8e8ce023cbc19bf7c68ecdd2a46') in 0.006976 seconds
Number of updated asset objects reloaded before import = 0
Number of asset objects unloaded after import = 10
========================================================================
Received Import Request.
  Time since last request: 0.304176 seconds.
  path: Assets/PandazoleHome/Prefabs/Prop_KitchenCabinet_02_G.prefab
  artifactKey: Guid(63bd477cb8b356549b2a2e1e1ba31f69) Importer(815301076,1909f56bfc062723c751e8b465ee728b)
Start importing Assets/PandazoleHome/Prefabs/Prop_KitchenCabinet_02_G.prefab using Guid(63bd477cb8b356549b2a2e1e1ba31f69) Importer(815301076,1909f56bfc062723c751e8b465ee728b)  -> (artifact id: 'a31af04ae90a88117d0710c6ad074ad1') in 0.005977 seconds
Number of updated asset objects reloaded before import = 0
Number of asset objects unloaded after import = 10
========================================================================
Received Import Request.
  Time since last request: 0.000011 seconds.
  path: Assets/PandazoleHome/Prefabs/Prop_KitchenChair_01.prefab
  artifactKey: Guid(49e9e60db13726243b7cd9c564958b4d) Importer(815301076,1909f56bfc062723c751e8b465ee728b)
Start importing Assets/PandazoleHome/Prefabs/Prop_KitchenChair_01.prefab using Guid(49e9e60db13726243b7cd9c564958b4d) Importer(815301076,1909f56bfc062723c751e8b465ee728b)  -> (artifact id: 'f699eda78464dd30f539c81043fc481b') in 0.004929 seconds
Number of updated asset objects reloaded before import = 0
Number of asset objects unloaded after import = 10
========================================================================
Received Import Request.
  Time since last request: 0.658692 seconds.
  path: Assets/PandazoleHome/Prefabs/Prop_KitchenShelf_04.prefab
  artifactKey: Guid(b154eaed30ffaf04781740329d021514) Importer(815301076,1909f56bfc062723c751e8b465ee728b)
Start importing Assets/PandazoleHome/Prefabs/Prop_KitchenShelf_04.prefab using Guid(b154eaed30ffaf04781740329d021514) Importer(815301076,1909f56bfc062723c751e8b465ee728b)  -> (artifact id: '12302ba0064de7a52ad0f974f1269036') in 0.006828 seconds
Number of updated asset objects reloaded before import = 0
Number of asset objects unloaded after import = 10
========================================================================
Received Import Request.
  Time since last request: 0.000010 seconds.
  path: Assets/PandazoleHome/Prefabs/Prop_Microwave_02.prefab
  artifactKey: Guid(b889df99cba78bd40b0b9180d740fc7e) Importer(815301076,1909f56bfc062723c751e8b465ee728b)
Start importing Assets/PandazoleHome/Prefabs/Prop_Microwave_02.prefab using Guid(b889df99cba78bd40b0b9180d740fc7e) Importer(815301076,1909f56bfc062723c751e8b465ee728b)  -> (artifact id: '5d3f15b8f852946a134b37a29852f9b1') in 0.008909 seconds
Number of updated asset objects reloaded before import = 0
Number of asset objects unloaded after import = 10
========================================================================
Received Import Request.
  Time since last request: 0.036039 seconds.
  path: Assets/PandazoleHome/Prefabs/Prop_OfficeChair_02.prefab
  artifactKey: Guid(1684937b26a2f70469a26d8569d58c7e) Importer(815301076,1909f56bfc062723c751e8b465ee728b)
Start importing Assets/PandazoleHome/Prefabs/Prop_OfficeChair_02.prefab using Guid(1684937b26a2f70469a26d8569d58c7e) Importer(815301076,1909f56bfc062723c751e8b465ee728b)  -> (artifact id: 'e44bc1e75ddc4b109ed94dd1dbf1a5c5') in 0.007250 seconds
Number of updated asset objects reloaded before import = 0
Number of asset objects unloaded after import = 10
========================================================================
Received Import Request.
  Time since last request: 0.000008 seconds.
  path: Assets/PandazoleHome/Prefabs/Prop_Paint_06.prefab
  artifactKey: Guid(ebfd52e8a984e344eace3103e73736aa) Importer(815301076,1909f56bfc062723c751e8b465ee728b)
Start importing Assets/PandazoleHome/Prefabs/Prop_Paint_06.prefab using Guid(ebfd52e8a984e344eace3103e73736aa) Importer(815301076,1909f56bfc062723c751e8b465ee728b)  -> (artifact id: 'a90efa6b4cf42956920a3ae2a5596de7') in 0.007170 seconds
Number of updated asset objects reloaded before import = 0
Number of asset objects unloaded after import = 10
========================================================================
Received Import Request.
  Time since last request: 0.684269 seconds.
  path: Assets/PandazoleHome/Prefabs/Prop_PictureFrame_02.prefab
  artifactKey: Guid(90e736403d880c5459f3ca85351118b5) Importer(815301076,1909f56bfc062723c751e8b465ee728b)
Start importing Assets/PandazoleHome/Prefabs/Prop_PictureFrame_02.prefab using Guid(90e736403d880c5459f3ca85351118b5) Importer(815301076,1909f56bfc062723c751e8b465ee728b)  -> (artifact id: '0bd072c63bc998e77b6bcb34f2a0ee10') in 0.008454 seconds
Number of updated asset objects reloaded before import = 0
Number of asset objects unloaded after import = 10
========================================================================
Received Import Request.
  Time since last request: 0.000010 seconds.
  path: Assets/PandazoleHome/Prefabs/Prop_Pouffes_06.prefab
  artifactKey: Guid(4e4ea366fc86420458c29220f6761751) Importer(815301076,1909f56bfc062723c751e8b465ee728b)
Start importing Assets/PandazoleHome/Prefabs/Prop_Pouffes_06.prefab using Guid(4e4ea366fc86420458c29220f6761751) Importer(815301076,1909f56bfc062723c751e8b465ee728b)  -> (artifact id: '106fe1fcc4863aa76ea1da0e73a871a6') in 0.013064 seconds
Number of updated asset objects reloaded before import = 0
Number of asset objects unloaded after import = 10
========================================================================
Received Import Request.
  Time since last request: 0.036454 seconds.
  path: Assets/PandazoleHome/Prefabs/Prop_ShapeSortingBlock_FiveCornerStar.prefab
  artifactKey: Guid(af5ee5ff90339094b8703a859cf81987) Importer(815301076,1909f56bfc062723c751e8b465ee728b)
Start importing Assets/PandazoleHome/Prefabs/Prop_ShapeSortingBlock_FiveCornerStar.prefab using Guid(af5ee5ff90339094b8703a859cf81987) Importer(815301076,1909f56bfc062723c751e8b465ee728b)  -> (artifact id: '30275e11fc0ba793fa2a89a5239fe2ee') in 0.007620 seconds
Number of updated asset objects reloaded before import = 0
Number of asset objects unloaded after import = 10
========================================================================
Received Import Request.
  Time since last request: 0.003542 seconds.
  path: Assets/PandazoleHome/Prefabs/Prop_ShapeSortingBlock_Triangle.prefab
  artifactKey: Guid(87a6aa5ce79d0e34081f7bffee3448d3) Importer(815301076,1909f56bfc062723c751e8b465ee728b)
Start importing Assets/PandazoleHome/Prefabs/Prop_ShapeSortingBlock_Triangle.prefab using Guid(87a6aa5ce79d0e34081f7bffee3448d3) Importer(815301076,1909f56bfc062723c751e8b465ee728b)  -> (artifact id: 'f488205dbaa225f5c4d916b90d20d6c2') in 0.011308 seconds
Number of updated asset objects reloaded before import = 0
Number of asset objects unloaded after import = 10
========================================================================
Received Import Request.
  Time since last request: 8.131841 seconds.
  path: Assets/PandazoleHome/Prefabs/Prop_Shelve_06.prefab
  artifactKey: Guid(17a2dbbc08272c54596da392f724183d) Importer(815301076,1909f56bfc062723c751e8b465ee728b)
Start importing Assets/PandazoleHome/Prefabs/Prop_Shelve_06.prefab using Guid(17a2dbbc08272c54596da392f724183d) Importer(815301076,1909f56bfc062723c751e8b465ee728b)  -> (artifact id: '371f236594e902166f3ce25e9aea670a') in 0.020195 seconds
Number of updated asset objects reloaded before import = 0
Number of asset objects unloaded after import = 10
========================================================================
Received Import Request.
  Time since last request: 0.000012 seconds.
  path: Assets/PandazoleHome/Prefabs/Prop_Sink_01.prefab
  artifactKey: Guid(05980c0f108ee0b48b6f5789a21ab200) Importer(815301076,1909f56bfc062723c751e8b465ee728b)
Start importing Assets/PandazoleHome/Prefabs/Prop_Sink_01.prefab using Guid(05980c0f108ee0b48b6f5789a21ab200) Importer(815301076,1909f56bfc062723c751e8b465ee728b)  -> (artifact id: '0eaa204d29358dfcb558ac237fdbe104') in 0.030520 seconds
Number of updated asset objects reloaded before import = 0
Number of asset objects unloaded after import = 10
========================================================================
Received Import Request.
  Time since last request: 0.181790 seconds.
  path: Assets/PandazoleHome/Prefabs/Prop_SmallStorageBox_02.prefab
  artifactKey: Guid(47c725d3548d6384192e503e2e7aa339) Importer(815301076,1909f56bfc062723c751e8b465ee728b)
Start importing Assets/PandazoleHome/Prefabs/Prop_SmallStorageBox_02.prefab using Guid(47c725d3548d6384192e503e2e7aa339) Importer(815301076,1909f56bfc062723c751e8b465ee728b)  -> (artifact id: '622fb1ec3022b29c196d313b362bd018') in 0.005823 seconds
Number of updated asset objects reloaded before import = 0
Number of asset objects unloaded after import = 10
========================================================================
Received Import Request.
  Time since last request: 0.000011 seconds.
  path: Assets/PandazoleHome/Prefabs/Prop_Sofa_02_D.prefab
  artifactKey: Guid(d03045e3f97c8f44d91be76e9c077604) Importer(815301076,1909f56bfc062723c751e8b465ee728b)
Start importing Assets/PandazoleHome/Prefabs/Prop_Sofa_02_D.prefab using Guid(d03045e3f97c8f44d91be76e9c077604) Importer(815301076,1909f56bfc062723c751e8b465ee728b)  -> (artifact id: '7fca755111894737c970ed097b3b0c93') in 0.005120 seconds
Number of updated asset objects reloaded before import = 0
Number of asset objects unloaded after import = 10
========================================================================
Received Import Request.
  Time since last request: 0.641568 seconds.
  path: Assets/PandazoleHome/Prefabs/Prop_Sofa_03_C.prefab
  artifactKey: Guid(78de45f4f8be8e04ebb0ff2068a3625c) Importer(815301076,1909f56bfc062723c751e8b465ee728b)
Start importing Assets/PandazoleHome/Prefabs/Prop_Sofa_03_C.prefab using Guid(78de45f4f8be8e04ebb0ff2068a3625c) Importer(815301076,1909f56bfc062723c751e8b465ee728b)  -> (artifact id: '94dc57bef86b5b532b40e5d6539954c0') in 0.008654 seconds
Number of updated asset objects reloaded before import = 0
Number of asset objects unloaded after import = 10
========================================================================
Received Import Request.
  Time since last request: 0.000009 seconds.
  path: Assets/PandazoleHome/Prefabs/Prop_Sofa_06_A.prefab
  artifactKey: Guid(5cfcb2dcd389124489a4c21f3835b89f) Importer(815301076,1909f56bfc062723c751e8b465ee728b)
Start importing Assets/PandazoleHome/Prefabs/Prop_Sofa_06_A.prefab using Guid(5cfcb2dcd389124489a4c21f3835b89f) Importer(815301076,1909f56bfc062723c751e8b465ee728b)  -> (artifact id: 'e0bd722c0de8ce870bc74a9c4479003d') in 0.007622 seconds
Number of updated asset objects reloaded before import = 0
Number of asset objects unloaded after import = 11
========================================================================
Received Import Request.
  Time since last request: 1.461565 seconds.
  path: Assets/PandazoleHome/Prefabs/Prop_SoupDispenser.prefab
  artifactKey: Guid(9b022d150377c304792420f31941d0b3) Importer(815301076,1909f56bfc062723c751e8b465ee728b)
Start importing Assets/PandazoleHome/Prefabs/Prop_SoupDispenser.prefab using Guid(9b022d150377c304792420f31941d0b3) Importer(815301076,1909f56bfc062723c751e8b465ee728b)  -> (artifact id: '5a21f02f77c056901a654275f304b41b') in 0.005107 seconds
Number of updated asset objects reloaded before import = 0
Number of asset objects unloaded after import = 10
========================================================================
Received Import Request.
  Time since last request: 0.000145 seconds.
  path: Assets/PandazoleHome/Prefabs/Prop_Table_06.prefab
  artifactKey: Guid(41d0bc9a43c41ac4daa46518db94cb1b) Importer(815301076,1909f56bfc062723c751e8b465ee728b)
Start importing Assets/PandazoleHome/Prefabs/Prop_Table_06.prefab using Guid(41d0bc9a43c41ac4daa46518db94cb1b) Importer(815301076,1909f56bfc062723c751e8b465ee728b)  -> (artifact id: '73839b0cf67d0dd279454659d328c2a2') in 0.006030 seconds
Number of updated asset objects reloaded before import = 0
Number of asset objects unloaded after import = 10
========================================================================
Received Import Request.
  Time since last request: 0.848655 seconds.
  path: Assets/PandazoleHome/Prefabs/Prop_Table_11.prefab
  artifactKey: Guid(e26c923f3820f474593065db31bc5b17) Importer(815301076,1909f56bfc062723c751e8b465ee728b)
Start importing Assets/PandazoleHome/Prefabs/Prop_Table_11.prefab using Guid(e26c923f3820f474593065db31bc5b17) Importer(815301076,1909f56bfc062723c751e8b465ee728b)  -> (artifact id: '9f1a2277c0efed38e7fc30969f7ffd56') in 0.005494 seconds
Number of updated asset objects reloaded before import = 0
Number of asset objects unloaded after import = 10
========================================================================
Received Import Request.
  Time since last request: 0.000014 seconds.
  path: Assets/PandazoleHome/Prefabs/Prop_Table_18.prefab
  artifactKey: Guid(10f630f606d05c44281a065fed56818a) Importer(815301076,1909f56bfc062723c751e8b465ee728b)
Start importing Assets/PandazoleHome/Prefabs/Prop_Table_18.prefab using Guid(10f630f606d05c44281a065fed56818a) Importer(815301076,1909f56bfc062723c751e8b465ee728b)  -> (artifact id: 'bcb49e154a552b8fe64acc8383917bb1') in 0.005814 seconds
Number of updated asset objects reloaded before import = 0
Number of asset objects unloaded after import = 10
========================================================================
Received Import Request.
  Time since last request: 0.050310 seconds.
  path: Assets/PandazoleHome/Prefabs/Prop_TeddyBear_05.prefab
  artifactKey: Guid(5ffa8ec27fcf036439322b0ef74ca02f) Importer(815301076,1909f56bfc062723c751e8b465ee728b)
Start importing Assets/PandazoleHome/Prefabs/Prop_TeddyBear_05.prefab using Guid(5ffa8ec27fcf036439322b0ef74ca02f) Importer(815301076,1909f56bfc062723c751e8b465ee728b)  -> (artifact id: '146b346723c6717c6c540e387b9bebed') in 0.007255 seconds
Number of updated asset objects reloaded before import = 0
Number of asset objects unloaded after import = 10
========================================================================
Received Import Request.
  Time since last request: 0.000010 seconds.
  path: Assets/PandazoleHome/Prefabs/Prop_ToiletBrush_01.prefab
  artifactKey: Guid(1a993766383113d43b75c250fed3bedc) Importer(815301076,1909f56bfc062723c751e8b465ee728b)
Start importing Assets/PandazoleHome/Prefabs/Prop_ToiletBrush_01.prefab using Guid(1a993766383113d43b75c250fed3bedc) Importer(815301076,1909f56bfc062723c751e8b465ee728b)  -> (artifact id: '7ad6cb340ae52357e7dd03f73878988b') in 0.007232 seconds
Number of updated asset objects reloaded before import = 0
Number of asset objects unloaded after import = 10
========================================================================
Received Import Request.
  Time since last request: 0.738186 seconds.
  path: Assets/PandazoleHome/Prefabs/Prop_Toy_01.prefab
  artifactKey: Guid(7958bf0f86632a740b8ec46394e8d36c) Importer(815301076,1909f56bfc062723c751e8b465ee728b)
Start importing Assets/PandazoleHome/Prefabs/Prop_Toy_01.prefab using Guid(7958bf0f86632a740b8ec46394e8d36c) Importer(815301076,1909f56bfc062723c751e8b465ee728b)  -> (artifact id: 'f3722ed1240d192cc2c6e215d3fd7c69') in 0.008613 seconds
Number of updated asset objects reloaded before import = 0
Number of asset objects unloaded after import = 10
========================================================================
Received Import Request.
  Time since last request: 0.000026 seconds.
  path: Assets/PandazoleHome/Prefabs/Prop_TrashCan_03.prefab
  artifactKey: Guid(0e717faa5274daf4e88e296b99f69687) Importer(815301076,1909f56bfc062723c751e8b465ee728b)
Start importing Assets/PandazoleHome/Prefabs/Prop_TrashCan_03.prefab using Guid(0e717faa5274daf4e88e296b99f69687) Importer(815301076,1909f56bfc062723c751e8b465ee728b)  -> (artifact id: 'f79a4f1c30b4691afeb6c610e5a38b13') in 0.031687 seconds
Number of updated asset objects reloaded before import = 0
Number of asset objects unloaded after import = 10
========================================================================
Received Import Request.
  Time since last request: 0.059331 seconds.
  path: Assets/PandazoleHome/Prefabs/Prop_WallDecor_01.prefab
  artifactKey: Guid(30b106200cab0de4d9c57ef79607d454) Importer(815301076,1909f56bfc062723c751e8b465ee728b)
Start importing Assets/PandazoleHome/Prefabs/Prop_WallDecor_01.prefab using Guid(30b106200cab0de4d9c57ef79607d454) Importer(815301076,1909f56bfc062723c751e8b465ee728b)  -> (artifact id: 'b31c8952bdd33e088bbcbef44cf8e404') in 0.021185 seconds
Number of updated asset objects reloaded before import = 0
Number of asset objects unloaded after import = 10
========================================================================
Received Import Request.
  Time since last request: 0.000017 seconds.
  path: Assets/PandazoleHome/Prefabs/Prop_WallShelf_07.prefab
  artifactKey: Guid(c5aa2d3df5d8cc6469e32fbba739d27f) Importer(815301076,1909f56bfc062723c751e8b465ee728b)
Start importing Assets/PandazoleHome/Prefabs/Prop_WallShelf_07.prefab using Guid(c5aa2d3df5d8cc6469e32fbba739d27f) Importer(815301076,1909f56bfc062723c751e8b465ee728b)  -> (artifact id: 'efb77eef99636558a919c15bab715ce2') in 0.034822 seconds
Number of updated asset objects reloaded before import = 0
Number of asset objects unloaded after import = 10
========================================================================
Received Import Request.
  Time since last request: 0.029544 seconds.
  path: Assets/PandazoleHome/Prefabs/Prop_WallShelf_09.prefab
  artifactKey: Guid(532b083a09454d849a545ec02bb1a7e0) Importer(815301076,1909f56bfc062723c751e8b465ee728b)
Start importing Assets/PandazoleHome/Prefabs/Prop_WallShelf_09.prefab using Guid(532b083a09454d849a545ec02bb1a7e0) Importer(815301076,1909f56bfc062723c751e8b465ee728b)  -> (artifact id: 'a4fdf793ea5885681618ac7c536a2c1a') in 0.014398 seconds
Number of updated asset objects reloaded before import = 0
Number of asset objects unloaded after import = 10
========================================================================
Received Import Request.
  Time since last request: 0.000010 seconds.
  path: Assets/PandazoleHome/Prefabs/Prop_Washer_02.prefab
  artifactKey: Guid(aed32ad18d6ab3b46ad4d4566cbdf85e) Importer(815301076,1909f56bfc062723c751e8b465ee728b)
Start importing Assets/PandazoleHome/Prefabs/Prop_Washer_02.prefab using Guid(aed32ad18d6ab3b46ad4d4566cbdf85e) Importer(815301076,1909f56bfc062723c751e8b465ee728b)  -> (artifact id: '9330f9d3ddb8bda1197517aebe856092') in 0.017868 seconds
Number of updated asset objects reloaded before import = 0
Number of asset objects unloaded after import = 10
========================================================================
Received Import Request.
  Time since last request: 1.089895 seconds.
  path: Assets/PandazoleHome/Prefabs/Prop_WorkoutMat_01.prefab
  artifactKey: Guid(7dc08dd1d2e3a3441b1a3acb353274bf) Importer(815301076,1909f56bfc062723c751e8b465ee728b)
Start importing Assets/PandazoleHome/Prefabs/Prop_WorkoutMat_01.prefab using Guid(7dc08dd1d2e3a3441b1a3acb353274bf) Importer(815301076,1909f56bfc062723c751e8b465ee728b)  -> (artifact id: '4196e5d93c368713acf18891e14003c8') in 0.005703 seconds
Number of updated asset objects reloaded before import = 0
Number of asset objects unloaded after import = 10
========================================================================
Received Import Request.
  Time since last request: 414.499047 seconds.
  path: Assets/PandazoleHome/Models/Prop_Cabinet_06.fbx
  artifactKey: Guid(9240e018f245f5443b2977e6ff80abf2) Importer(815301076,1909f56bfc062723c751e8b465ee728b)
Start importing Assets/PandazoleHome/Models/Prop_Cabinet_06.fbx using Guid(9240e018f245f5443b2977e6ff80abf2) Importer(815301076,1909f56bfc062723c751e8b465ee728b)  -> (artifact id: 'fdb7af8ecf89100eb9fb6fcd63a54742') in 0.026567 seconds
Number of updated asset objects reloaded before import = 0
Number of asset objects unloaded after import = 17
========================================================================
Received Import Request.
  Time since last request: 0.000019 seconds.
  path: Assets/PandazoleHome/Models/Prop_Wardrobe_03.fbx
  artifactKey: Guid(f0fdac78d967217428a4c9f9c749d182) Importer(815301076,1909f56bfc062723c751e8b465ee728b)
Start importing Assets/PandazoleHome/Models/Prop_Wardrobe_03.fbx using Guid(f0fdac78d967217428a4c9f9c749d182) Importer(815301076,1909f56bfc062723c751e8b465ee728b)  -> (artifact id: '7a682c44d9097825645234c8f62cde7c') in 0.035713 seconds
Number of updated asset objects reloaded before import = 0
Number of asset objects unloaded after import = 17
========================================================================
Received Import Request.
  Time since last request: 0.000043 seconds.
  path: Assets/PandazoleHome/Models/Prop_Wardrobe_02.fbx
  artifactKey: Guid(44e0938636b989f40ab081cfb84ed115) Importer(815301076,1909f56bfc062723c751e8b465ee728b)
Start importing Assets/PandazoleHome/Models/Prop_Wardrobe_02.fbx using Guid(44e0938636b989f40ab081cfb84ed115) Importer(815301076,1909f56bfc062723c751e8b465ee728b)  -> (artifact id: '3b6b70b192c31ed98dd3e2180c2563f6') in 0.015883 seconds
Number of updated asset objects reloaded before import = 0
Number of asset objects unloaded after import = 17
========================================================================
Received Import Request.
  Time since last request: 0.000010 seconds.
  path: Assets/iPoly3D/Server Room/Models/wall_door.fbx
  artifactKey: Guid(df9b6c39d226c004598b50edd4b1885f) Importer(815301076,1909f56bfc062723c751e8b465ee728b)
Start importing Assets/iPoly3D/Server Room/Models/wall_door.fbx using Guid(df9b6c39d226c004598b50edd4b1885f) Importer(815301076,1909f56bfc062723c751e8b465ee728b)  -> (artifact id: 'ec3d7ba29a9105e5a71e3e17d9247b58') in 0.010060 seconds
Number of updated asset objects reloaded before import = 0
Number of asset objects unloaded after import = 8
========================================================================
Received Import Request.
  Time since last request: 0.000011 seconds.
  path: Assets/PandazoleHome/Models/Prop_Wardrobe_04.fbx
  artifactKey: Guid(d5531a20542466841859a13092afc649) Importer(815301076,1909f56bfc062723c751e8b465ee728b)
Start importing Assets/PandazoleHome/Models/Prop_Wardrobe_04.fbx using Guid(d5531a20542466841859a13092afc649) Importer(815301076,1909f56bfc062723c751e8b465ee728b)  -> (artifact id: 'e27059e1a2c6d4f8fa3d3f12f2d46f20') in 0.016380 seconds
Number of updated asset objects reloaded before import = 0
Number of asset objects unloaded after import = 17
========================================================================
Received Import Request.
  Time since last request: 0.000022 seconds.
  path: Assets/iPoly3D/Server Room/Prefabs/wall_door.prefab
  artifactKey: Guid(ba08e2e36c3186d47bb5bff407ef271e) Importer(815301076,1909f56bfc062723c751e8b465ee728b)
Start importing Assets/iPoly3D/Server Room/Prefabs/wall_door.prefab using Guid(ba08e2e36c3186d47bb5bff407ef271e) Importer(815301076,1909f56bfc062723c751e8b465ee728b)  -> (artifact id: 'aaa39b85ca5c307d3310e3ca9f33ea13') in 0.007066 seconds
Number of updated asset objects reloaded before import = 0
Number of asset objects unloaded after import = 19
========================================================================
Received Import Request.
  Time since last request: 0.000084 seconds.
  path: Assets/PandazoleHome/Models/Prop_Wardrobe_01.fbx
  artifactKey: Guid(31b87ae090cf4f340865b033dff3eaf8) Importer(815301076,1909f56bfc062723c751e8b465ee728b)
Start importing Assets/PandazoleHome/Models/Prop_Wardrobe_01.fbx using Guid(31b87ae090cf4f340865b033dff3eaf8) Importer(815301076,1909f56bfc062723c751e8b465ee728b)  -> (artifact id: '081251700cdd9cdf3710d165fceb2ac4') in 0.015847 seconds
Number of updated asset objects reloaded before import = 0
Number of asset objects unloaded after import = 17
Editor requested this worker to shutdown with reason: Scaling down because of idle timeout
TcpMessagingSession - receive error: operation aborted. errorcode: 995, details: The I/O operation has been aborted because of either a thread exit or an application request.
AssetImportWorker is now disconnected from the server
Process exiting
Exiting without the bug reporter. Application will terminate with return code 0