Using pre-set license
Built from '2022.3/staging' branch; Version is '2022.3.51f1 (9f9d16c45e54) revision 10460438'; Using compiler version '192829333'; Build Type 'Release'
OS: 'Windows 10  (10.0.19045) 64bit Enterprise' Language: 'en' Physical Memory: 32703 MB
BatchMode: 1, IsHumanControllingUs: 0, StartBugReporterOnCrash: 0, Is64bit: 1, IsPro: 1

COMMAND LINE ARGUMENTS:
C:\Program Files\Unity 2022.3.51f1\Editor\Unity.exe
-adb2
-batchMode
-noUpm
-name
AssetImportWorker9
-projectPath
C:/Dissertation/Cognitive_Bias_Simulator/My project
-logFile
Logs/AssetImportWorker9.log
-srvPort
60688
Successfully changed project path to: C:/Dissertation/Cognitive_Bias_Simulator/My project
C:/Dissertation/Cognitive_Bias_Simulator/My project
[UnityMemory] Configuration Parameters - Can be set up in boot.config
    "memorysetup-bucket-allocator-granularity=16"
    "memorysetup-bucket-allocator-bucket-count=8"
    "memorysetup-bucket-allocator-block-size=33554432"
    "memorysetup-bucket-allocator-block-count=8"
    "memorysetup-main-allocator-block-size=16777216"
    "memorysetup-thread-allocator-block-size=16777216"
    "memorysetup-gfx-main-allocator-block-size=16777216"
    "memorysetup-gfx-thread-allocator-block-size=16777216"
    "memorysetup-cache-allocator-block-size=4194304"
    "memorysetup-typetree-allocator-block-size=2097152"
    "memorysetup-profiler-bucket-allocator-granularity=16"
    "memorysetup-profiler-bucket-allocator-bucket-count=8"
    "memorysetup-profiler-bucket-allocator-block-size=33554432"
    "memorysetup-profiler-bucket-allocator-block-count=8"
    "memorysetup-profiler-allocator-block-size=16777216"
    "memorysetup-profiler-editor-allocator-block-size=1048576"
    "memorysetup-temp-allocator-size-main=16777216"
    "memorysetup-job-temp-allocator-block-size=2097152"
    "memorysetup-job-temp-allocator-block-size-background=1048576"
    "memorysetup-job-temp-allocator-reduction-small-platforms=262144"
    "memorysetup-allocator-temp-initial-block-size-main=262144"
    "memorysetup-allocator-temp-initial-block-size-worker=262144"
    "memorysetup-temp-allocator-size-background-worker=32768"
    "memorysetup-temp-allocator-size-job-worker=262144"
    "memorysetup-temp-allocator-size-preload-manager=33554432"
    "memorysetup-temp-allocator-size-nav-mesh-worker=65536"
    "memorysetup-temp-allocator-size-audio-worker=65536"
    "memorysetup-temp-allocator-size-cloud-worker=32768"
    "memorysetup-temp-allocator-size-gi-baking-worker=262144"
    "memorysetup-temp-allocator-size-gfx=262144"
Player connection [15992]  Target information:

Player connection [15992]  * "[IP] 10.70.33.81 [Port] 0 [Flags] 2 [Guid] 937543979 [EditorId] 937543979 [Version] 1048832 [Id] WindowsEditor(7,18SCOMPD188) [Debug] 1 [PackageName] WindowsEditor [ProjectName] Editor" 

Player connection [15992] Host joined multi-casting on [225.0.0.222:54997]...
Player connection [15992] Host joined alternative multi-casting on [225.0.0.222:34997]...
[PhysX] Initialized MultithreadedTaskDispatcher with 6 workers.
Refreshing native plugins compatible for Editor in 13.66 ms, found 3 plugins.
Preloading 0 native plugins for Editor in 0.00 ms.
Initialize engine version: 2022.3.51f1 (9f9d16c45e54)
[Subsystems] Discovering subsystems at path C:/Program Files/Unity 2022.3.51f1/Editor/Data/Resources/UnitySubsystems
[Subsystems] Discovering subsystems at path C:/Dissertation/Cognitive_Bias_Simulator/My project/Assets
GfxDevice: creating device client; threaded=0; jobified=0
Direct3D:
    Version:  Direct3D 11.0 [level 11.1]
    Renderer: NVIDIA GeForce GTX 1070 Ti (ID=0x1b82)
    Vendor:   NVIDIA
    VRAM:     8079 MB
    Driver:   27.21.14.6109
Initialize mono
Mono path[0] = 'C:/Program Files/Unity 2022.3.51f1/Editor/Data/Managed'
Mono path[1] = 'C:/Program Files/Unity 2022.3.51f1/Editor/Data/MonoBleedingEdge/lib/mono/unityjit-win32'
Mono config path = 'C:/Program Files/Unity 2022.3.51f1/Editor/Data/MonoBleedingEdge/etc'
Using monoOptions --debugger-agent=transport=dt_socket,embedding=1,server=y,suspend=n,address=127.0.0.1:56592
Begin MonoManager ReloadAssembly
Registering precompiled unity dll's ...
Register platform support module: C:/Program Files/Unity 2022.3.51f1/Editor/Data/PlaybackEngines/WindowsStandaloneSupport/UnityEditor.WindowsStandalone.Extensions.dll
Registered in 0.007902 seconds.
- Loaded All Assemblies, in  1.245 seconds
Native extension for WindowsStandalone target not found
Mono: successfully reloaded assembly
- Finished resetting the current domain, in  0.660 seconds
Domain Reload Profiling: 1903ms
	BeginReloadAssembly (252ms)
		ExecutionOrderSort (0ms)
		DisableScriptedObjects (0ms)
		BackupInstance (0ms)
		ReleaseScriptingObjects (0ms)
		CreateAndSetChildDomain (1ms)
	RebuildCommonClasses (80ms)
	RebuildNativeTypeToScriptingClass (11ms)
	initialDomainReloadingComplete (195ms)
	LoadAllAssembliesAndSetupDomain (705ms)
		LoadAssemblies (249ms)
		RebuildTransferFunctionScriptingTraits (0ms)
		AnalyzeDomain (703ms)
			TypeCache.Refresh (702ms)
				TypeCache.ScanAssembly (618ms)
			ScanForSourceGeneratedMonoScriptInfo (0ms)
			ResolveRequiredComponents (0ms)
	FinalizeReload (660ms)
		ReleaseScriptCaches (0ms)
		RebuildScriptCaches (0ms)
		SetupLoadedEditorAssemblies (523ms)
			LogAssemblyErrors (0ms)
			InitializePlatformSupportModulesInManaged (11ms)
			SetLoadedEditorAssemblies (58ms)
			RefreshPlugins (0ms)
			BeforeProcessingInitializeOnLoad (2ms)
			ProcessInitializeOnLoadAttributes (378ms)
			ProcessInitializeOnLoadMethodAttributes (73ms)
			AfterProcessingInitializeOnLoad (0ms)
			EditorAssembliesLoaded (0ms)
		ExecutionOrderSort2 (0ms)
		AwakeInstancesAfterBackupRestoration (0ms)
========================================================================
Worker process is ready to serve import requests
Caller must complete domain reload
Begin MonoManager ReloadAssembly
- Loaded All Assemblies, in  1.427 seconds
Native extension for WindowsStandalone target not found
Mono: successfully reloaded assembly
- Finished resetting the current domain, in  1.720 seconds
Domain Reload Profiling: 3144ms
	BeginReloadAssembly (498ms)
		ExecutionOrderSort (0ms)
		DisableScriptedObjects (6ms)
		BackupInstance (0ms)
		ReleaseScriptingObjects (0ms)
		CreateAndSetChildDomain (132ms)
	RebuildCommonClasses (63ms)
	RebuildNativeTypeToScriptingClass (14ms)
	initialDomainReloadingComplete (100ms)
	LoadAllAssembliesAndSetupDomain (749ms)
		LoadAssemblies (669ms)
		RebuildTransferFunctionScriptingTraits (0ms)
		AnalyzeDomain (352ms)
			TypeCache.Refresh (318ms)
				TypeCache.ScanAssembly (300ms)
			ScanForSourceGeneratedMonoScriptInfo (20ms)
			ResolveRequiredComponents (13ms)
	FinalizeReload (1721ms)
		ReleaseScriptCaches (0ms)
		RebuildScriptCaches (0ms)
		SetupLoadedEditorAssemblies (1389ms)
			LogAssemblyErrors (0ms)
			InitializePlatformSupportModulesInManaged (14ms)
			SetLoadedEditorAssemblies (8ms)
			RefreshPlugins (0ms)
			BeforeProcessingInitializeOnLoad (293ms)
			ProcessInitializeOnLoadAttributes (996ms)
			ProcessInitializeOnLoadMethodAttributes (70ms)
			AfterProcessingInitializeOnLoad (8ms)
			EditorAssembliesLoaded (0ms)
		ExecutionOrderSort2 (0ms)
		AwakeInstancesAfterBackupRestoration (63ms)
Launched and connected shader compiler UnityShaderCompiler.exe after 0.25 seconds
Refreshing native plugins compatible for Editor in 6.62 ms, found 3 plugins.
Preloading 0 native plugins for Editor in 0.00 ms.
Unloading 3314 Unused Serialized files (Serialized files now loaded: 0)
Unloading 31 unused Assets / (1.8 MB). Loaded Objects now: 3771.
Memory consumption went from 139.6 MB to 137.8 MB.
Total: 12.111400 ms (FindLiveObjects: 8.684000 ms CreateObjectMapping: 0.355500 ms MarkObjects: 2.661600 ms  DeleteObjects: 0.409100 ms)

AssetImportParameters requested are different than current active one (requested -> active):
  custom:container-demuxer-ogg: 62fdf1f143b41e24485cea50d1cbac27 -> 
  custom:video-decoder-ogg-theora: a1e56fd34408186e4bbccfd4996cb3dc -> 
  custom:framework-win-MediaFoundation: 216162199b28c13a410421893ffa2e32 -> 
  custom:CustomObjectIndexerAttribute: 9a22284fe3817be447336de3de66b15e -> 
  custom:container-demuxer-webm: 4f35f7cbe854078d1ac9338744f61a02 -> 
  custom:container-muxer-webm: aa71ff27fc2769a1b78a27578f13a17b -> 
  custom:video-decoder-webm-vp8: 9c59270c3fd7afecdb556c50c9e8de78 -> 
  custom:SearchIndexIgnoredProperties: e643bd26f0fe6173181afceb89e7c659 -> 
  custom:AudioImporter_EditorPlatform: d09bf68614088b80899f8185d706f6e7 -> 
  custom:video-encoder-webm-vp8: eb34c28f22e8b96e1ab97ce403110664 -> 
  custom:audio-decoder-ogg-vorbis: bf7c407c2cedff20999df2af8eb42d56 -> 
  custom:audio-encoder-webm-vorbis: bf7c407c2cedff20999df2af8eb42d56 -> 
========================================================================
Received Import Request.
  Time since last request: 1637.834390 seconds.
  path: Assets/PandazoleHome/Models/Prop_Table_12.fbx
  artifactKey: Guid(a0f888799b07a1e44a4bb937754fec07) Importer(2089858483,0ecaa5967403d082aa24f35e1b516d23)
Start importing Assets/PandazoleHome/Models/Prop_Table_12.fbx using Guid(a0f888799b07a1e44a4bb937754fec07) Importer(2089858483,0ecaa5967403d082aa24f35e1b516d23) [PhysX] Initialized MultithreadedTaskDispatcher with 6 workers.
 -> (artifact id: 'd5acbe0f21beddd8451e747910fdb22d') in 0.792316 seconds
Number of updated asset objects reloaded before import = 0
Number of asset objects unloaded after import = 7
========================================================================
Received Import Request.
  Time since last request: 0.023117 seconds.
  path: Assets/PandazoleHome/Models/Prop_TrashCan_05.fbx
  artifactKey: Guid(4a8a784a9c895ee4496dc129f68663cd) Importer(2089858483,0ecaa5967403d082aa24f35e1b516d23)
Start importing Assets/PandazoleHome/Models/Prop_TrashCan_05.fbx using Guid(4a8a784a9c895ee4496dc129f68663cd) Importer(2089858483,0ecaa5967403d082aa24f35e1b516d23) [PhysX] Initialized MultithreadedTaskDispatcher with 6 workers.
 -> (artifact id: 'b944ccfec9a5c01d1cea1b954f0a110d') in 0.041014 seconds
Number of updated asset objects reloaded before import = 0
Number of asset objects unloaded after import = 7
========================================================================
Received Import Request.
  Time since last request: 0.081176 seconds.
  path: Assets/PandazoleHome/Models/Prop_ToiletBrush_01.fbx
  artifactKey: Guid(4c7cbf9e3d2d58e43aa5e4fd59e66674) Importer(2089858483,0ecaa5967403d082aa24f35e1b516d23)
Start importing Assets/PandazoleHome/Models/Prop_ToiletBrush_01.fbx using Guid(4c7cbf9e3d2d58e43aa5e4fd59e66674) Importer(2089858483,0ecaa5967403d082aa24f35e1b516d23) [PhysX] Initialized MultithreadedTaskDispatcher with 6 workers.
 -> (artifact id: 'c58da11ef0766e5bc56445f7d5db774d') in 0.196100 seconds
Number of updated asset objects reloaded before import = 0
Number of asset objects unloaded after import = 7
========================================================================
Received Import Request.
  Time since last request: 0.007230 seconds.
  path: Assets/PandazoleHome/Models/Prop_ToyTrain_05.fbx
  artifactKey: Guid(2e1f54caadc7b494190fb01aae32142c) Importer(2089858483,0ecaa5967403d082aa24f35e1b516d23)
Start importing Assets/PandazoleHome/Models/Prop_ToyTrain_05.fbx using Guid(2e1f54caadc7b494190fb01aae32142c) Importer(2089858483,0ecaa5967403d082aa24f35e1b516d23) [PhysX] Initialized MultithreadedTaskDispatcher with 6 workers.
 -> (artifact id: 'af79c5a772d8f7c6df5e6dd878052791') in 0.177152 seconds
Number of updated asset objects reloaded before import = 0
Number of asset objects unloaded after import = 7
========================================================================
Received Import Request.
  Time since last request: 0.022476 seconds.
  path: Assets/PandazoleHome/Models/Prop_Cabinet_01.fbx
  artifactKey: Guid(04c0c51832260404bbe37631e1d89629) Importer(2089858483,0ecaa5967403d082aa24f35e1b516d23)
Start importing Assets/PandazoleHome/Models/Prop_Cabinet_01.fbx using Guid(04c0c51832260404bbe37631e1d89629) Importer(2089858483,0ecaa5967403d082aa24f35e1b516d23) [PhysX] Initialized MultithreadedTaskDispatcher with 6 workers.
 -> (artifact id: 'b885d56e208eab9034d7e458c6b49d1d') in 0.046648 seconds
Number of updated asset objects reloaded before import = 0
Number of asset objects unloaded after import = 7
========================================================================
Received Import Request.
  Time since last request: 0.001496 seconds.
  path: Assets/PandazoleHome/Models/Prop_Console_03.fbx
  artifactKey: Guid(446fc41ed500c244eb796401e2d894c6) Importer(2089858483,0ecaa5967403d082aa24f35e1b516d23)
Start importing Assets/PandazoleHome/Models/Prop_Console_03.fbx using Guid(446fc41ed500c244eb796401e2d894c6) Importer(2089858483,0ecaa5967403d082aa24f35e1b516d23) [PhysX] Initialized MultithreadedTaskDispatcher with 6 workers.
 -> (artifact id: '4d58b9e14a2c97edd3cef04e93961f8e') in 0.045311 seconds
Number of updated asset objects reloaded before import = 0
Number of asset objects unloaded after import = 7
========================================================================
Received Import Request.
  Time since last request: 0.000128 seconds.
  path: Assets/PandazoleHome/Models/Prop_Towel_02.fbx
  artifactKey: Guid(23270232dccb5854f80504678f0bc584) Importer(2089858483,0ecaa5967403d082aa24f35e1b516d23)
Start importing Assets/PandazoleHome/Models/Prop_Towel_02.fbx using Guid(23270232dccb5854f80504678f0bc584) Importer(2089858483,0ecaa5967403d082aa24f35e1b516d23) [PhysX] Initialized MultithreadedTaskDispatcher with 6 workers.
 -> (artifact id: '1ddb1826d8eaed1f2879a3712d14aa63') in 0.056714 seconds
Number of updated asset objects reloaded before import = 0
Number of asset objects unloaded after import = 7
========================================================================
Received Import Request.
  Time since last request: 0.000264 seconds.
  path: Assets/PandazoleHome/Models/Prop_Beauty_06.fbx
  artifactKey: Guid(27a43b755b5012c4d8cbe19850407102) Importer(2089858483,0ecaa5967403d082aa24f35e1b516d23)
Start importing Assets/PandazoleHome/Models/Prop_Beauty_06.fbx using Guid(27a43b755b5012c4d8cbe19850407102) Importer(2089858483,0ecaa5967403d082aa24f35e1b516d23) [PhysX] Initialized MultithreadedTaskDispatcher with 6 workers.
 -> (artifact id: 'f0051b5fc1c78df155603513043341b6') in 0.060681 seconds
Number of updated asset objects reloaded before import = 0
Number of asset objects unloaded after import = 7
========================================================================
Received Import Request.
  Time since last request: 0.003864 seconds.
  path: Assets/PandazoleHome/Models/Prop_OfficeChair_03.fbx
  artifactKey: Guid(20808f0807bf5ac4985eda017f362ce8) Importer(2089858483,0ecaa5967403d082aa24f35e1b516d23)
Start importing Assets/PandazoleHome/Models/Prop_OfficeChair_03.fbx using Guid(20808f0807bf5ac4985eda017f362ce8) Importer(2089858483,0ecaa5967403d082aa24f35e1b516d23) [PhysX] Initialized MultithreadedTaskDispatcher with 6 workers.
 -> (artifact id: '6d3a515268a47a3d12a78a83ab4a87fc') in 0.076840 seconds
Number of updated asset objects reloaded before import = 0
Number of asset objects unloaded after import = 7
========================================================================
Received Import Request.
  Time since last request: 0.001267 seconds.
  path: Assets/PandazoleHome/Models/Prop_WallCShape_06.fbx
  artifactKey: Guid(06f681e28e4414a47ab538fb67cdcdda) Importer(2089858483,0ecaa5967403d082aa24f35e1b516d23)
Start importing Assets/PandazoleHome/Models/Prop_WallCShape_06.fbx using Guid(06f681e28e4414a47ab538fb67cdcdda) Importer(2089858483,0ecaa5967403d082aa24f35e1b516d23) [PhysX] Initialized MultithreadedTaskDispatcher with 6 workers.
 -> (artifact id: '392d664b81ab98b6e8396981481ba4cb') in 0.097032 seconds
Number of updated asset objects reloaded before import = 0
Number of asset objects unloaded after import = 7
========================================================================
Received Import Request.
  Time since last request: 0.002283 seconds.
  path: Assets/PandazoleHome/Models/Prop_WallHanger_03.fbx
  artifactKey: Guid(a439083c5820b4349b296357cd903ebe) Importer(2089858483,0ecaa5967403d082aa24f35e1b516d23)
Start importing Assets/PandazoleHome/Models/Prop_WallHanger_03.fbx using Guid(a439083c5820b4349b296357cd903ebe) Importer(2089858483,0ecaa5967403d082aa24f35e1b516d23) [PhysX] Initialized MultithreadedTaskDispatcher with 6 workers.
 -> (artifact id: '254e5ea4f799be0e43f7b173d0ddae46') in 0.071823 seconds
Number of updated asset objects reloaded before import = 0
Number of asset objects unloaded after import = 7
========================================================================
Received Import Request.
  Time since last request: 0.000021 seconds.
  path: Assets/PandazoleHome/Prefabs/Prop_BabyBed_01.prefab
  artifactKey: Guid(4d0c48d8fee06c64caba5b70f05edeb4) Importer(2089858483,0ecaa5967403d082aa24f35e1b516d23)
Start importing Assets/PandazoleHome/Prefabs/Prop_BabyBed_01.prefab using Guid(4d0c48d8fee06c64caba5b70f05edeb4) Importer(2089858483,0ecaa5967403d082aa24f35e1b516d23) [PhysX] Initialized MultithreadedTaskDispatcher with 6 workers.
 -> (artifact id: '604e8380d082f019f0a7542ba9677a47') in 0.112786 seconds
Number of updated asset objects reloaded before import = 0
Number of asset objects unloaded after import = 8
========================================================================
Received Import Request.
  Time since last request: 0.002852 seconds.
  path: Assets/PandazoleHome/Models/Prop_WallCornor_06.fbx
  artifactKey: Guid(37e89a160e158aa4792a6531faab903d) Importer(2089858483,0ecaa5967403d082aa24f35e1b516d23)
Start importing Assets/PandazoleHome/Models/Prop_WallCornor_06.fbx using Guid(37e89a160e158aa4792a6531faab903d) Importer(2089858483,0ecaa5967403d082aa24f35e1b516d23) [PhysX] Initialized MultithreadedTaskDispatcher with 6 workers.
 -> (artifact id: '375439abe1de3ccea99f799534fc6b41') in 0.088678 seconds
Number of updated asset objects reloaded before import = 0
Number of asset objects unloaded after import = 7
========================================================================
Received Import Request.
  Time since last request: 0.002499 seconds.
  path: Assets/PandazoleHome/Models/Prop_WaterDispenser.fbx
  artifactKey: Guid(c40505202890c8949b3d5bf429f67d49) Importer(2089858483,0ecaa5967403d082aa24f35e1b516d23)
Start importing Assets/PandazoleHome/Models/Prop_WaterDispenser.fbx using Guid(c40505202890c8949b3d5bf429f67d49) Importer(2089858483,0ecaa5967403d082aa24f35e1b516d23) [PhysX] Initialized MultithreadedTaskDispatcher with 6 workers.
 -> (artifact id: 'c5e089bad8b935dfb78430f849ba334e') in 0.063873 seconds
Number of updated asset objects reloaded before import = 0
Number of asset objects unloaded after import = 7
========================================================================
Received Import Request.
  Time since last request: 0.002367 seconds.
  path: Assets/PandazoleHome/Prefabs/Prop_Bed_02.prefab
  artifactKey: Guid(ab4f2aa8e5463214390b9a543c4848b0) Importer(2089858483,0ecaa5967403d082aa24f35e1b516d23)
Start importing Assets/PandazoleHome/Prefabs/Prop_Bed_02.prefab using Guid(ab4f2aa8e5463214390b9a543c4848b0) Importer(2089858483,0ecaa5967403d082aa24f35e1b516d23) [PhysX] Initialized MultithreadedTaskDispatcher with 6 workers.
 -> (artifact id: '9515931eeadb8d92f759212e875e84fc') in 0.063857 seconds
Number of updated asset objects reloaded before import = 0
Number of asset objects unloaded after import = 8
========================================================================
Received Import Request.
  Time since last request: 0.000739 seconds.
  path: Assets/PandazoleHome/Models/Prop_Wall_02.fbx
  artifactKey: Guid(95cd4a2599fb3b74ca4b1237d8e79810) Importer(2089858483,0ecaa5967403d082aa24f35e1b516d23)
Start importing Assets/PandazoleHome/Models/Prop_Wall_02.fbx using Guid(95cd4a2599fb3b74ca4b1237d8e79810) Importer(2089858483,0ecaa5967403d082aa24f35e1b516d23) [PhysX] Initialized MultithreadedTaskDispatcher with 6 workers.
 -> (artifact id: 'f34cd332309013ba7d27b245d49cda08') in 0.107588 seconds
Number of updated asset objects reloaded before import = 0
Number of asset objects unloaded after import = 7
========================================================================
Received Import Request.
  Time since last request: 0.000741 seconds.
  path: Assets/PandazoleHome/Models/Prop_WallShelf_02.fbx
  artifactKey: Guid(b23af098aee611948bc93cc150ed5c75) Importer(2089858483,0ecaa5967403d082aa24f35e1b516d23)
Start importing Assets/PandazoleHome/Models/Prop_WallShelf_02.fbx using Guid(b23af098aee611948bc93cc150ed5c75) Importer(2089858483,0ecaa5967403d082aa24f35e1b516d23) [PhysX] Initialized MultithreadedTaskDispatcher with 6 workers.
 -> (artifact id: '193b22495ae443f8e7c5f6107803fbec') in 0.139391 seconds
Number of updated asset objects reloaded before import = 0
Number of asset objects unloaded after import = 7
========================================================================
Received Import Request.
  Time since last request: 0.007006 seconds.
  path: Assets/PandazoleHome/Prefabs/Prop_Bed_05.prefab
  artifactKey: Guid(1a3290b4b7b94f342b31827af4248aa5) Importer(2089858483,0ecaa5967403d082aa24f35e1b516d23)
Start importing Assets/PandazoleHome/Prefabs/Prop_Bed_05.prefab using Guid(1a3290b4b7b94f342b31827af4248aa5) Importer(2089858483,0ecaa5967403d082aa24f35e1b516d23) [PhysX] Initialized MultithreadedTaskDispatcher with 6 workers.
 -> (artifact id: 'df3b2471956338264e25425a1b1b3382') in 0.065440 seconds
Number of updated asset objects reloaded before import = 0
Number of asset objects unloaded after import = 8
========================================================================
Received Import Request.
  Time since last request: 0.004467 seconds.
  path: Assets/PandazoleHome/Prefabs/Prop_Console_02.prefab
  artifactKey: Guid(6e895ac7314252246a78dd4d457660a8) Importer(2089858483,0ecaa5967403d082aa24f35e1b516d23)
Start importing Assets/PandazoleHome/Prefabs/Prop_Console_02.prefab using Guid(6e895ac7314252246a78dd4d457660a8) Importer(2089858483,0ecaa5967403d082aa24f35e1b516d23) [PhysX] Initialized MultithreadedTaskDispatcher with 6 workers.
 -> (artifact id: '8262a46bd8a5d0295edc4edb6038a441') in 0.059715 seconds
Number of updated asset objects reloaded before import = 0
Number of asset objects unloaded after import = 8
========================================================================
Received Import Request.
  Time since last request: 0.010775 seconds.
  path: Assets/PandazoleHome/Prefabs/Prop_Carpet_02.prefab
  artifactKey: Guid(7c0ee0a5e57cb4c4d92030f3c0812d2c) Importer(2089858483,0ecaa5967403d082aa24f35e1b516d23)
Start importing Assets/PandazoleHome/Prefabs/Prop_Carpet_02.prefab using Guid(7c0ee0a5e57cb4c4d92030f3c0812d2c) Importer(2089858483,0ecaa5967403d082aa24f35e1b516d23) [PhysX] Initialized MultithreadedTaskDispatcher with 6 workers.
 -> (artifact id: '211e8698819f7307d3509397c891ad36') in 0.059588 seconds
Number of updated asset objects reloaded before import = 0
Number of asset objects unloaded after import = 8
========================================================================
Received Import Request.
  Time since last request: 0.003518 seconds.
  path: Assets/PandazoleHome/Prefabs/Prop_Cabinet_04.prefab
  artifactKey: Guid(1f5e14e7573745e41ac4f9c55011f3cc) Importer(2089858483,0ecaa5967403d082aa24f35e1b516d23)
Start importing Assets/PandazoleHome/Prefabs/Prop_Cabinet_04.prefab using Guid(1f5e14e7573745e41ac4f9c55011f3cc) Importer(2089858483,0ecaa5967403d082aa24f35e1b516d23) [PhysX] Initialized MultithreadedTaskDispatcher with 6 workers.
 -> (artifact id: '59fac3c34453fd0d1ec93c1747aafae3') in 0.039060 seconds
Number of updated asset objects reloaded before import = 0
Number of asset objects unloaded after import = 8
========================================================================
Received Import Request.
  Time since last request: 0.002744 seconds.
  path: Assets/PandazoleHome/Prefabs/Prop_Book_04.prefab
  artifactKey: Guid(eb217c5bf1e28a34cb6ce5266f25fb6d) Importer(2089858483,0ecaa5967403d082aa24f35e1b516d23)
Start importing Assets/PandazoleHome/Prefabs/Prop_Book_04.prefab using Guid(eb217c5bf1e28a34cb6ce5266f25fb6d) Importer(2089858483,0ecaa5967403d082aa24f35e1b516d23) [PhysX] Initialized MultithreadedTaskDispatcher with 6 workers.
 -> (artifact id: 'b043abb92296e3de9eb841df4be71ac5') in 0.043012 seconds
Number of updated asset objects reloaded before import = 0
Number of asset objects unloaded after import = 8
========================================================================
Received Import Request.
  Time since last request: 0.000497 seconds.
  path: Assets/PandazoleHome/Prefabs/Prop_Chair_01.prefab
  artifactKey: Guid(ab68eec296106bc488f0fb51fb175389) Importer(2089858483,0ecaa5967403d082aa24f35e1b516d23)
Start importing Assets/PandazoleHome/Prefabs/Prop_Chair_01.prefab using Guid(ab68eec296106bc488f0fb51fb175389) Importer(2089858483,0ecaa5967403d082aa24f35e1b516d23) [PhysX] Initialized MultithreadedTaskDispatcher with 6 workers.
 -> (artifact id: '9350d2492e478504f30ba15d50afa135') in 0.055446 seconds
Number of updated asset objects reloaded before import = 0
Number of asset objects unloaded after import = 8
========================================================================
Received Import Request.
  Time since last request: 0.000408 seconds.
  path: Assets/PandazoleHome/Prefabs/Prop_Desk_05.prefab
  artifactKey: Guid(82e6f29752d7d404f99b3b91cd106bbb) Importer(2089858483,0ecaa5967403d082aa24f35e1b516d23)
Start importing Assets/PandazoleHome/Prefabs/Prop_Desk_05.prefab using Guid(82e6f29752d7d404f99b3b91cd106bbb) Importer(2089858483,0ecaa5967403d082aa24f35e1b516d23) [PhysX] Initialized MultithreadedTaskDispatcher with 6 workers.
 -> (artifact id: 'bebd540a115a1239e7f8c6f7f3098074') in 0.055015 seconds
Number of updated asset objects reloaded before import = 0
Number of asset objects unloaded after import = 8
========================================================================
Received Import Request.
  Time since last request: 0.001570 seconds.
  path: Assets/PandazoleHome/Prefabs/Prop_Ball_01.prefab
  artifactKey: Guid(641606249ac0ef04b8f3f30c58b0d9e6) Importer(2089858483,0ecaa5967403d082aa24f35e1b516d23)
Start importing Assets/PandazoleHome/Prefabs/Prop_Ball_01.prefab using Guid(641606249ac0ef04b8f3f30c58b0d9e6) Importer(2089858483,0ecaa5967403d082aa24f35e1b516d23) [PhysX] Initialized MultithreadedTaskDispatcher with 6 workers.
 -> (artifact id: 'c4a36278905120a583ff43e580b9626e') in 0.055379 seconds
Number of updated asset objects reloaded before import = 0
Number of asset objects unloaded after import = 8
========================================================================
Received Import Request.
  Time since last request: 0.005739 seconds.
  path: Assets/PandazoleHome/Models/Prop_KidsCube_D.fbx
  artifactKey: Guid(5cc834573db026741b52168cc79f2f66) Importer(2089858483,0ecaa5967403d082aa24f35e1b516d23)
Start importing Assets/PandazoleHome/Models/Prop_KidsCube_D.fbx using Guid(5cc834573db026741b52168cc79f2f66) Importer(2089858483,0ecaa5967403d082aa24f35e1b516d23) [PhysX] Initialized MultithreadedTaskDispatcher with 6 workers.
 -> (artifact id: '96d7264aa3f557ef0d8c369c7fd0b338') in 0.081071 seconds
Number of updated asset objects reloaded before import = 0
Number of asset objects unloaded after import = 7
========================================================================
Received Import Request.
  Time since last request: 0.000601 seconds.
  path: Assets/PandazoleHome/Prefabs/Prop_Homeplant_07.prefab
  artifactKey: Guid(cc98aa33a8b15a64381c437a2624e579) Importer(2089858483,0ecaa5967403d082aa24f35e1b516d23)
Start importing Assets/PandazoleHome/Prefabs/Prop_Homeplant_07.prefab using Guid(cc98aa33a8b15a64381c437a2624e579) Importer(2089858483,0ecaa5967403d082aa24f35e1b516d23) [PhysX] Initialized MultithreadedTaskDispatcher with 6 workers.
 -> (artifact id: '920624e6c2daff2874bfc3da1556a07c') in 0.044073 seconds
Number of updated asset objects reloaded before import = 0
Number of asset objects unloaded after import = 8
========================================================================
Received Import Request.
  Time since last request: 0.001157 seconds.
  path: Assets/PandazoleHome/Prefabs/Prop_KidsChair.prefab
  artifactKey: Guid(bdd4b959ccae63c4eb04f340d0e91d5f) Importer(2089858483,0ecaa5967403d082aa24f35e1b516d23)
Start importing Assets/PandazoleHome/Prefabs/Prop_KidsChair.prefab using Guid(bdd4b959ccae63c4eb04f340d0e91d5f) Importer(2089858483,0ecaa5967403d082aa24f35e1b516d23) [PhysX] Initialized MultithreadedTaskDispatcher with 6 workers.
 -> (artifact id: 'abade62a18c49cff189dd0bb3ee85e07') in 0.073443 seconds
Number of updated asset objects reloaded before import = 0
Number of asset objects unloaded after import = 8
========================================================================
Received Import Request.
  Time since last request: 0.036675 seconds.
  path: Assets/PandazoleHome/Prefabs/Prop_Fireplace.prefab
  artifactKey: Guid(a72227eb0d3779245b716fce94fb1fa8) Importer(2089858483,0ecaa5967403d082aa24f35e1b516d23)
Start importing Assets/PandazoleHome/Prefabs/Prop_Fireplace.prefab using Guid(a72227eb0d3779245b716fce94fb1fa8) Importer(2089858483,0ecaa5967403d082aa24f35e1b516d23) [PhysX] Initialized MultithreadedTaskDispatcher with 6 workers.
 -> (artifact id: 'd618e58b6c64886b6931f56415bd5258') in 0.136519 seconds
Number of updated asset objects reloaded before import = 0
Number of asset objects unloaded after import = 8
========================================================================
Received Import Request.
  Time since last request: 0.003924 seconds.
  path: Assets/PandazoleHome/Prefabs/Prop_Faucet_06.prefab
  artifactKey: Guid(58d3f816dca80134d879f1e54805f19e) Importer(2089858483,0ecaa5967403d082aa24f35e1b516d23)
Start importing Assets/PandazoleHome/Prefabs/Prop_Faucet_06.prefab using Guid(58d3f816dca80134d879f1e54805f19e) Importer(2089858483,0ecaa5967403d082aa24f35e1b516d23) [PhysX] Initialized MultithreadedTaskDispatcher with 6 workers.
 -> (artifact id: '117fcf3524464be76f5e2cad9f19d91a') in 0.114321 seconds
Number of updated asset objects reloaded before import = 0
Number of asset objects unloaded after import = 8
========================================================================
Received Import Request.
  Time since last request: 0.002925 seconds.
  path: Assets/PandazoleHome/Prefabs/Prop_Desk_07.prefab
  artifactKey: Guid(754cd322b0deb424eb48d0902d3d629d) Importer(2089858483,0ecaa5967403d082aa24f35e1b516d23)
Start importing Assets/PandazoleHome/Prefabs/Prop_Desk_07.prefab using Guid(754cd322b0deb424eb48d0902d3d629d) Importer(2089858483,0ecaa5967403d082aa24f35e1b516d23) [PhysX] Initialized MultithreadedTaskDispatcher with 6 workers.
 -> (artifact id: '4bdc248a43cece5c52a0ecb237c9af2d') in 0.035911 seconds
Number of updated asset objects reloaded before import = 0
Number of asset objects unloaded after import = 8
========================================================================
Received Import Request.
  Time since last request: 0.001423 seconds.
  path: Assets/PandazoleHome/Prefabs/Prop_Homeplant_03.prefab
  artifactKey: Guid(49d434d412061c34b9c20366cb1bd289) Importer(2089858483,0ecaa5967403d082aa24f35e1b516d23)
Start importing Assets/PandazoleHome/Prefabs/Prop_Homeplant_03.prefab using Guid(49d434d412061c34b9c20366cb1bd289) Importer(2089858483,0ecaa5967403d082aa24f35e1b516d23) [PhysX] Initialized MultithreadedTaskDispatcher with 6 workers.
 -> (artifact id: '004b8a8580f4603b630de65b92a1020c') in 0.062604 seconds
Number of updated asset objects reloaded before import = 0
Number of asset objects unloaded after import = 8
========================================================================
Received Import Request.
  Time since last request: 0.001064 seconds.
  path: Assets/PandazoleHome/Prefabs/Prop_Homeplant_02.prefab
  artifactKey: Guid(ab4bb5778e2aea64d8afbe6ccff09798) Importer(2089858483,0ecaa5967403d082aa24f35e1b516d23)
Start importing Assets/PandazoleHome/Prefabs/Prop_Homeplant_02.prefab using Guid(ab4bb5778e2aea64d8afbe6ccff09798) Importer(2089858483,0ecaa5967403d082aa24f35e1b516d23) [PhysX] Initialized MultithreadedTaskDispatcher with 6 workers.
 -> (artifact id: 'e0438281002258faac232d0a7746a542') in 0.057103 seconds
Number of updated asset objects reloaded before import = 0
Number of asset objects unloaded after import = 8
========================================================================
Received Import Request.
  Time since last request: 0.016796 seconds.
  path: Assets/PandazoleHome/Prefabs/Prop_KidsCube_U.prefab
  artifactKey: Guid(04cee286df3cabf48b365aedbb23fdb6) Importer(2089858483,0ecaa5967403d082aa24f35e1b516d23)
Start importing Assets/PandazoleHome/Prefabs/Prop_KidsCube_U.prefab using Guid(04cee286df3cabf48b365aedbb23fdb6) Importer(2089858483,0ecaa5967403d082aa24f35e1b516d23) [PhysX] Initialized MultithreadedTaskDispatcher with 6 workers.
 -> (artifact id: 'd44a4e56b0a143da5d47d227e58ce474') in 0.036646 seconds
Number of updated asset objects reloaded before import = 0
Number of asset objects unloaded after import = 8
========================================================================
Received Import Request.
  Time since last request: 0.000249 seconds.
  path: Assets/PandazoleHome/Prefabs/Prop_Paint_07.prefab
  artifactKey: Guid(247c8f6b69cd7fd49a96d963ed8afbdd) Importer(2089858483,0ecaa5967403d082aa24f35e1b516d23)
Start importing Assets/PandazoleHome/Prefabs/Prop_Paint_07.prefab using Guid(247c8f6b69cd7fd49a96d963ed8afbdd) Importer(2089858483,0ecaa5967403d082aa24f35e1b516d23) [PhysX] Initialized MultithreadedTaskDispatcher with 6 workers.
 -> (artifact id: '3be0726569a123b8df5f4604c39c5762') in 0.036007 seconds
Number of updated asset objects reloaded before import = 0
Number of asset objects unloaded after import = 8
========================================================================
Received Import Request.
  Time since last request: 0.000276 seconds.
  path: Assets/PandazoleHome/Prefabs/Prop_KitchenOven.prefab
  artifactKey: Guid(6488299d3b281f04d81730f6a9fe0206) Importer(2089858483,0ecaa5967403d082aa24f35e1b516d23)
Start importing Assets/PandazoleHome/Prefabs/Prop_KitchenOven.prefab using Guid(6488299d3b281f04d81730f6a9fe0206) Importer(2089858483,0ecaa5967403d082aa24f35e1b516d23) [PhysX] Initialized MultithreadedTaskDispatcher with 6 workers.
 -> (artifact id: '64baeb2c09b028234ad92cb7d4658cdf') in 0.046834 seconds
Number of updated asset objects reloaded before import = 0
Number of asset objects unloaded after import = 8
========================================================================
Received Import Request.
  Time since last request: 0.000301 seconds.
  path: Assets/PandazoleHome/Prefabs/Prop_Mirror_01.prefab
  artifactKey: Guid(43370f2e01c86b048945ae33be0ce755) Importer(2089858483,0ecaa5967403d082aa24f35e1b516d23)
Start importing Assets/PandazoleHome/Prefabs/Prop_Mirror_01.prefab using Guid(43370f2e01c86b048945ae33be0ce755) Importer(2089858483,0ecaa5967403d082aa24f35e1b516d23) [PhysX] Initialized MultithreadedTaskDispatcher with 6 workers.
 -> (artifact id: 'fd8ffea1fc423857543b220af73284d1') in 0.047374 seconds
Number of updated asset objects reloaded before import = 0
Number of asset objects unloaded after import = 8
========================================================================
Received Import Request.
  Time since last request: 0.002518 seconds.
  path: Assets/PandazoleHome/Prefabs/Prop_Nightstand_01.prefab
  artifactKey: Guid(62d48be5c4655ae4e8e5e2750e7d3c03) Importer(2089858483,0ecaa5967403d082aa24f35e1b516d23)
Start importing Assets/PandazoleHome/Prefabs/Prop_Nightstand_01.prefab using Guid(62d48be5c4655ae4e8e5e2750e7d3c03) Importer(2089858483,0ecaa5967403d082aa24f35e1b516d23) [PhysX] Initialized MultithreadedTaskDispatcher with 6 workers.
 -> (artifact id: '68973fcfcd363e84a34535b9d33b5dc8') in 0.036707 seconds
Number of updated asset objects reloaded before import = 0
Number of asset objects unloaded after import = 8
========================================================================
Received Import Request.
  Time since last request: 0.000215 seconds.
  path: Assets/PandazoleHome/Prefabs/Prop_KitchenShelf_04.prefab
  artifactKey: Guid(b154eaed30ffaf04781740329d021514) Importer(2089858483,0ecaa5967403d082aa24f35e1b516d23)
Start importing Assets/PandazoleHome/Prefabs/Prop_KitchenShelf_04.prefab using Guid(b154eaed30ffaf04781740329d021514) Importer(2089858483,0ecaa5967403d082aa24f35e1b516d23) [PhysX] Initialized MultithreadedTaskDispatcher with 6 workers.
 -> (artifact id: 'bf513218ad8e5a1ae5dfcb41c0d087ff') in 0.053842 seconds
Number of updated asset objects reloaded before import = 0
Number of asset objects unloaded after import = 8
========================================================================
Received Import Request.
  Time since last request: 0.000736 seconds.
  path: Assets/PandazoleHome/Prefabs/Prop_ModernTV.prefab
  artifactKey: Guid(cbb101066286a4d4988a8886ded30e67) Importer(2089858483,0ecaa5967403d082aa24f35e1b516d23)
Start importing Assets/PandazoleHome/Prefabs/Prop_ModernTV.prefab using Guid(cbb101066286a4d4988a8886ded30e67) Importer(2089858483,0ecaa5967403d082aa24f35e1b516d23) [PhysX] Initialized MultithreadedTaskDispatcher with 6 workers.
 -> (artifact id: 'e1978eccb19cf34b4f7319a238abce7f') in 0.037015 seconds
Number of updated asset objects reloaded before import = 0
Number of asset objects unloaded after import = 8
========================================================================
Received Import Request.
  Time since last request: 0.001825 seconds.
  path: Assets/PandazoleHome/Prefabs/Prop_KitchenCabinet_01_D.prefab
  artifactKey: Guid(ec54cb597f178d546a3bbc89470415f0) Importer(2089858483,0ecaa5967403d082aa24f35e1b516d23)
Start importing Assets/PandazoleHome/Prefabs/Prop_KitchenCabinet_01_D.prefab using Guid(ec54cb597f178d546a3bbc89470415f0) Importer(2089858483,0ecaa5967403d082aa24f35e1b516d23) [PhysX] Initialized MultithreadedTaskDispatcher with 6 workers.
 -> (artifact id: 'ebee752b03336ff89020022481256c4c') in 0.039896 seconds
Number of updated asset objects reloaded before import = 0
Number of asset objects unloaded after import = 8
========================================================================
Received Import Request.
  Time since last request: 0.001381 seconds.
  path: Assets/PandazoleHome/Models/Prop_WallCShape_03.fbx
  artifactKey: Guid(bb7da72b2069d1549bd57e831ba6bf64) Importer(2089858483,0ecaa5967403d082aa24f35e1b516d23)
Start importing Assets/PandazoleHome/Models/Prop_WallCShape_03.fbx using Guid(bb7da72b2069d1549bd57e831ba6bf64) Importer(2089858483,0ecaa5967403d082aa24f35e1b516d23) [PhysX] Initialized MultithreadedTaskDispatcher with 6 workers.
 -> (artifact id: 'd2bc03bda613a235627a110f9b542e76') in 0.055737 seconds
Number of updated asset objects reloaded before import = 0
Number of asset objects unloaded after import = 7
========================================================================
Received Import Request.
  Time since last request: 0.003652 seconds.
  path: Assets/PandazoleHome/Models/Prop_KitchenCabinet_02_H.fbx
  artifactKey: Guid(2ec91ef3482a8ab4ba58fc5eb5ba6756) Importer(2089858483,0ecaa5967403d082aa24f35e1b516d23)
Start importing Assets/PandazoleHome/Models/Prop_KitchenCabinet_02_H.fbx using Guid(2ec91ef3482a8ab4ba58fc5eb5ba6756) Importer(2089858483,0ecaa5967403d082aa24f35e1b516d23) [PhysX] Initialized MultithreadedTaskDispatcher with 6 workers.
 -> (artifact id: '5d6ad6b94b916a98ec8c25f35692338d') in 0.038354 seconds
Number of updated asset objects reloaded before import = 0
Number of asset objects unloaded after import = 7
========================================================================
Received Import Request.
  Time since last request: 0.017807 seconds.
  path: Assets/PandazoleHome/Prefabs/Prop_KidsCube_R.prefab
  artifactKey: Guid(9cb1f011b45852548b126dad77df4265) Importer(2089858483,0ecaa5967403d082aa24f35e1b516d23)
Start importing Assets/PandazoleHome/Prefabs/Prop_KidsCube_R.prefab using Guid(9cb1f011b45852548b126dad77df4265) Importer(2089858483,0ecaa5967403d082aa24f35e1b516d23) [PhysX] Initialized MultithreadedTaskDispatcher with 6 workers.
 -> (artifact id: '18eac746da5aebff60f73163fe67eaf1') in 0.060122 seconds
Number of updated asset objects reloaded before import = 0
Number of asset objects unloaded after import = 8
========================================================================
Received Import Request.
  Time since last request: 0.000020 seconds.
  path: Assets/PandazoleHome/Models/Prop_WallHanger_01.fbx
  artifactKey: Guid(95883c57d14725847bc31f6790b31eb0) Importer(2089858483,0ecaa5967403d082aa24f35e1b516d23)
Start importing Assets/PandazoleHome/Models/Prop_WallHanger_01.fbx using Guid(95883c57d14725847bc31f6790b31eb0) Importer(2089858483,0ecaa5967403d082aa24f35e1b516d23) [PhysX] Initialized MultithreadedTaskDispatcher with 6 workers.
 -> (artifact id: '6a0cbd3f40cddd7d6402e8556f012cfb') in 0.038514 seconds
Number of updated asset objects reloaded before import = 0
Number of asset objects unloaded after import = 7
========================================================================
Received Import Request.
  Time since last request: 0.002898 seconds.
  path: Assets/PandazoleHome/Prefabs/Prop_Book_01.prefab
  artifactKey: Guid(bc21045d3561b68418c96017335c4a9f) Importer(2089858483,0ecaa5967403d082aa24f35e1b516d23)
Start importing Assets/PandazoleHome/Prefabs/Prop_Book_01.prefab using Guid(bc21045d3561b68418c96017335c4a9f) Importer(2089858483,0ecaa5967403d082aa24f35e1b516d23) [PhysX] Initialized MultithreadedTaskDispatcher with 6 workers.
 -> (artifact id: '994aa2c81280600e1185aabbd15ee7f3') in 0.033995 seconds
Number of updated asset objects reloaded before import = 0
Number of asset objects unloaded after import = 8
========================================================================
Received Import Request.
  Time since last request: 1.202126 seconds.
  path: Assets/PandazoleHome/Prefabs/Prop_Pouffes_04.prefab
  artifactKey: Guid(563a7e89fc9ec3c408187be3c600e7fd) Importer(2089858483,0ecaa5967403d082aa24f35e1b516d23)
Start importing Assets/PandazoleHome/Prefabs/Prop_Pouffes_04.prefab using Guid(563a7e89fc9ec3c408187be3c600e7fd) Importer(2089858483,0ecaa5967403d082aa24f35e1b516d23) [PhysX] Initialized MultithreadedTaskDispatcher with 6 workers.
 -> (artifact id: '698f6a0b899bf40a7cad2d0849909772') in 0.050178 seconds
Number of updated asset objects reloaded before import = 0
Number of asset objects unloaded after import = 8
========================================================================
Received Import Request.
  Time since last request: 0.008160 seconds.
  path: Assets/PandazoleHome/Prefabs/Prop_TeddyBear_02.prefab
  artifactKey: Guid(5c8c7ca7dceb0a741828d99422038859) Importer(2089858483,0ecaa5967403d082aa24f35e1b516d23)
Start importing Assets/PandazoleHome/Prefabs/Prop_TeddyBear_02.prefab using Guid(5c8c7ca7dceb0a741828d99422038859) Importer(2089858483,0ecaa5967403d082aa24f35e1b516d23) [PhysX] Initialized MultithreadedTaskDispatcher with 6 workers.
 -> (artifact id: 'f577c7c44bb07092df729a4a17372b35') in 0.047223 seconds
Number of updated asset objects reloaded before import = 0
Number of asset objects unloaded after import = 8
========================================================================
Received Import Request.
  Time since last request: 0.002099 seconds.
  path: Assets/PandazoleHome/Prefabs/Prop_Sofa_03_A.prefab
  artifactKey: Guid(9dd054929012f0c4d9d7ffcab7907016) Importer(2089858483,0ecaa5967403d082aa24f35e1b516d23)
Start importing Assets/PandazoleHome/Prefabs/Prop_Sofa_03_A.prefab using Guid(9dd054929012f0c4d9d7ffcab7907016) Importer(2089858483,0ecaa5967403d082aa24f35e1b516d23) [PhysX] Initialized MultithreadedTaskDispatcher with 6 workers.
 -> (artifact id: '6cf5b11f4a00d1abe2ada5dd994555a8') in 0.066909 seconds
Number of updated asset objects reloaded before import = 0
Number of asset objects unloaded after import = 8
========================================================================
Received Import Request.
  Time since last request: 0.002302 seconds.
  path: Assets/PandazoleHome/Prefabs/Prop_Telephone.prefab
  artifactKey: Guid(b95bfe9b76badbe47b2b7f910c57bffe) Importer(2089858483,0ecaa5967403d082aa24f35e1b516d23)
Start importing Assets/PandazoleHome/Prefabs/Prop_Telephone.prefab using Guid(b95bfe9b76badbe47b2b7f910c57bffe) Importer(2089858483,0ecaa5967403d082aa24f35e1b516d23) [PhysX] Initialized MultithreadedTaskDispatcher with 6 workers.
 -> (artifact id: '377181d284aa66e99892d9dda553e1ba') in 0.096908 seconds
Number of updated asset objects reloaded before import = 0
Number of asset objects unloaded after import = 8
========================================================================
Received Import Request.
  Time since last request: 0.000020 seconds.
  path: Assets/PandazoleHome/Prefabs/Prop_Table_16.prefab
  artifactKey: Guid(f387079a14e45fc4bbfd884a1e7f69f5) Importer(2089858483,0ecaa5967403d082aa24f35e1b516d23)
Start importing Assets/PandazoleHome/Prefabs/Prop_Table_16.prefab using Guid(f387079a14e45fc4bbfd884a1e7f69f5) Importer(2089858483,0ecaa5967403d082aa24f35e1b516d23) [PhysX] Initialized MultithreadedTaskDispatcher with 6 workers.
 -> (artifact id: 'e6d44e50925d5d2cee8630036f32d1b1') in 0.047944 seconds
Number of updated asset objects reloaded before import = 0
Number of asset objects unloaded after import = 8
========================================================================
Received Import Request.
  Time since last request: 0.001350 seconds.
  path: Assets/PandazoleHome/Prefabs/Prop_ShapeSortingBlock_Polygon_01.prefab
  artifactKey: Guid(e4dc9f87d48af0a4f96aac5f30749b3d) Importer(2089858483,0ecaa5967403d082aa24f35e1b516d23)
Start importing Assets/PandazoleHome/Prefabs/Prop_ShapeSortingBlock_Polygon_01.prefab using Guid(e4dc9f87d48af0a4f96aac5f30749b3d) Importer(2089858483,0ecaa5967403d082aa24f35e1b516d23) [PhysX] Initialized MultithreadedTaskDispatcher with 6 workers.
 -> (artifact id: 'f49db93229a2cde42d19775748e80d16') in 0.077110 seconds
Number of updated asset objects reloaded before import = 0
Number of asset objects unloaded after import = 8
========================================================================
Received Import Request.
  Time since last request: 0.017088 seconds.
  path: Assets/PandazoleHome/Prefabs/Prop_Shelve_07.prefab
  artifactKey: Guid(2dadf8897227a1a4fac8ad82271f3850) Importer(2089858483,0ecaa5967403d082aa24f35e1b516d23)
Start importing Assets/PandazoleHome/Prefabs/Prop_Shelve_07.prefab using Guid(2dadf8897227a1a4fac8ad82271f3850) Importer(2089858483,0ecaa5967403d082aa24f35e1b516d23) [PhysX] Initialized MultithreadedTaskDispatcher with 6 workers.
 -> (artifact id: '84f93c4415a4f5e49599e1871ec6e8ad') in 0.059315 seconds
Number of updated asset objects reloaded before import = 0
Number of asset objects unloaded after import = 8
========================================================================
Received Import Request.
  Time since last request: 0.002939 seconds.
  path: Assets/PandazoleHome/Prefabs/Prop_Sofa_02_F.prefab
  artifactKey: Guid(3e40bca8db210f947adaa5d227fa8f6b) Importer(2089858483,0ecaa5967403d082aa24f35e1b516d23)
Start importing Assets/PandazoleHome/Prefabs/Prop_Sofa_02_F.prefab using Guid(3e40bca8db210f947adaa5d227fa8f6b) Importer(2089858483,0ecaa5967403d082aa24f35e1b516d23) [PhysX] Initialized MultithreadedTaskDispatcher with 6 workers.
 -> (artifact id: 'a2ceb615d2d44201f44d8e20c66b22c9') in 0.074730 seconds
Number of updated asset objects reloaded before import = 0
Number of asset objects unloaded after import = 8
========================================================================
Received Import Request.
  Time since last request: 0.056726 seconds.
  path: Assets/PandazoleHome/Prefabs/Prop_Wardrobe_02.prefab
  artifactKey: Guid(e5562752a5501d846921e53f65dee4c9) Importer(2089858483,0ecaa5967403d082aa24f35e1b516d23)
Start importing Assets/PandazoleHome/Prefabs/Prop_Wardrobe_02.prefab using Guid(e5562752a5501d846921e53f65dee4c9) Importer(2089858483,0ecaa5967403d082aa24f35e1b516d23) [PhysX] Initialized MultithreadedTaskDispatcher with 6 workers.
 -> (artifact id: 'ce0b51da72c92bf5f2e5d46bd148c5af') in 0.076508 seconds
Number of updated asset objects reloaded before import = 0
Number of asset objects unloaded after import = 18
========================================================================
Received Import Request.
  Time since last request: 0.020790 seconds.
  path: Assets/PandazoleHome/Prefabs/Prop_WorkoutMat_01.prefab
  artifactKey: Guid(7dc08dd1d2e3a3441b1a3acb353274bf) Importer(2089858483,0ecaa5967403d082aa24f35e1b516d23)
Start importing Assets/PandazoleHome/Prefabs/Prop_WorkoutMat_01.prefab using Guid(7dc08dd1d2e3a3441b1a3acb353274bf) Importer(2089858483,0ecaa5967403d082aa24f35e1b516d23) [PhysX] Initialized MultithreadedTaskDispatcher with 6 workers.
 -> (artifact id: 'd47321c210008970a46b1bc8bd78c699') in 0.050105 seconds
Number of updated asset objects reloaded before import = 0
Number of asset objects unloaded after import = 8
========================================================================
Received Import Request.
  Time since last request: 0.002974 seconds.
  path: Assets/TextMesh Pro/Documentation/TextMesh Pro User Guide 2016.pdf
  artifactKey: Guid(1b8d251f9af63b746bf2f7ffe00ebb9b) Importer(2089858483,0ecaa5967403d082aa24f35e1b516d23)
Start importing Assets/TextMesh Pro/Documentation/TextMesh Pro User Guide 2016.pdf using Guid(1b8d251f9af63b746bf2f7ffe00ebb9b) Importer(2089858483,0ecaa5967403d082aa24f35e1b516d23) [PhysX] Initialized MultithreadedTaskDispatcher with 6 workers.
 -> (artifact id: 'f27cf67267acf2e115f46f215cefaf86') in 0.023195 seconds
Number of updated asset objects reloaded before import = 0
Number of asset objects unloaded after import = 1
========================================================================
Received Import Request.
  Time since last request: 0.000025 seconds.
  path: Assets/PandazoleHome/Prefabs/Prop_WallPlugin.prefab
  artifactKey: Guid(25812bd490e91ce44908ab6131d57d58) Importer(2089858483,0ecaa5967403d082aa24f35e1b516d23)
Start importing Assets/PandazoleHome/Prefabs/Prop_WallPlugin.prefab using Guid(25812bd490e91ce44908ab6131d57d58) Importer(2089858483,0ecaa5967403d082aa24f35e1b516d23) [PhysX] Initialized MultithreadedTaskDispatcher with 6 workers.
 -> (artifact id: '2942460b676681b73bc19e0764d21306') in 0.041731 seconds
Number of updated asset objects reloaded before import = 0
Number of asset objects unloaded after import = 8
========================================================================
Received Import Request.
  Time since last request: 0.000027 seconds.
  path: Assets/TextMesh Pro/Shaders/TMP_SDF-Mobile Masking.shader
  artifactKey: Guid(bc1ede39bf3643ee8e493720e4259791) Importer(2089858483,0ecaa5967403d082aa24f35e1b516d23)
Start importing Assets/TextMesh Pro/Shaders/TMP_SDF-Mobile Masking.shader using Guid(bc1ede39bf3643ee8e493720e4259791) Importer(2089858483,0ecaa5967403d082aa24f35e1b516d23) [PhysX] Initialized MultithreadedTaskDispatcher with 6 workers.
 -> (artifact id: 'e34f4b1ed0e8fd46ce79748cf41ec6b1') in 0.042070 seconds
Number of updated asset objects reloaded before import = 0
Number of asset objects unloaded after import = 1
========================================================================
Received Import Request.
  Time since last request: 0.000974 seconds.
  path: Assets/PandazoleHome/Prefabs/Prop_WallShelf_05.prefab
  artifactKey: Guid(42bd9f120b81dd143826470232c2d1b9) Importer(2089858483,0ecaa5967403d082aa24f35e1b516d23)
Start importing Assets/PandazoleHome/Prefabs/Prop_WallShelf_05.prefab using Guid(42bd9f120b81dd143826470232c2d1b9) Importer(2089858483,0ecaa5967403d082aa24f35e1b516d23) [PhysX] Initialized MultithreadedTaskDispatcher with 6 workers.
 -> (artifact id: 'cb2a81a22a60194534e50f010d65da4d') in 0.090498 seconds
Number of updated asset objects reloaded before import = 0
Number of asset objects unloaded after import = 8
========================================================================
Received Import Request.
  Time since last request: 0.003301 seconds.
  path: Assets/TextMesh Pro/Shaders/TMP_SDF Overlay.shader
  artifactKey: Guid(dd89cf5b9246416f84610a006f916af7) Importer(2089858483,0ecaa5967403d082aa24f35e1b516d23)
Start importing Assets/TextMesh Pro/Shaders/TMP_SDF Overlay.shader using Guid(dd89cf5b9246416f84610a006f916af7) Importer(2089858483,0ecaa5967403d082aa24f35e1b516d23) [PhysX] Initialized MultithreadedTaskDispatcher with 6 workers.
 -> (artifact id: '38eb48282d1bd3f8956237621a95a50e') in 0.030769 seconds
Number of updated asset objects reloaded before import = 0
Number of asset objects unloaded after import = 1
========================================================================
Received Import Request.
  Time since last request: 0.000115 seconds.
  path: Assets/iPoly3D/Server Room/Models/display.004.fbx
  artifactKey: Guid(d30cb5d26d27a5a4cbd8502a38533ea3) Importer(2089858483,0ecaa5967403d082aa24f35e1b516d23)
Start importing Assets/iPoly3D/Server Room/Models/display.004.fbx using Guid(d30cb5d26d27a5a4cbd8502a38533ea3) Importer(2089858483,0ecaa5967403d082aa24f35e1b516d23) [PhysX] Initialized MultithreadedTaskDispatcher with 6 workers.
 -> (artifact id: '5b83e8d073ce0add791b6929e6bfc4c1') in 0.121371 seconds
Number of updated asset objects reloaded before import = 0
Number of asset objects unloaded after import = 8
========================================================================
Received Import Request.
  Time since last request: 0.000028 seconds.
  path: Assets/PandazoleHome/Prefabs/Prop_Table_06.prefab
  artifactKey: Guid(41d0bc9a43c41ac4daa46518db94cb1b) Importer(2089858483,0ecaa5967403d082aa24f35e1b516d23)
Start importing Assets/PandazoleHome/Prefabs/Prop_Table_06.prefab using Guid(41d0bc9a43c41ac4daa46518db94cb1b) Importer(2089858483,0ecaa5967403d082aa24f35e1b516d23) [PhysX] Initialized MultithreadedTaskDispatcher with 6 workers.
 -> (artifact id: '4a5bc05ad1c9b537c4a3b21fe161d790') in 0.057358 seconds
Number of updated asset objects reloaded before import = 0
Number of asset objects unloaded after import = 8
========================================================================
Received Import Request.
  Time since last request: 0.000249 seconds.
  path: Assets/TextMesh Pro/Shaders/TMP_SDF-Mobile.shader
  artifactKey: Guid(fe393ace9b354375a9cb14cdbbc28be4) Importer(2089858483,0ecaa5967403d082aa24f35e1b516d23)
Start importing Assets/TextMesh Pro/Shaders/TMP_SDF-Mobile.shader using Guid(fe393ace9b354375a9cb14cdbbc28be4) Importer(2089858483,0ecaa5967403d082aa24f35e1b516d23) [PhysX] Initialized MultithreadedTaskDispatcher with 6 workers.
 -> (artifact id: '0f0ed2cdb71f5fdb33f555d4288f7884') in 0.135157 seconds
Number of updated asset objects reloaded before import = 0
Number of asset objects unloaded after import = 1
========================================================================
Received Import Request.
  Time since last request: 0.017235 seconds.
  path: Assets/iPoly3D/Server Room/Models/chair.fbx
  artifactKey: Guid(020b98f52c31cc1408b7f931a6eca991) Importer(2089858483,0ecaa5967403d082aa24f35e1b516d23)
Start importing Assets/iPoly3D/Server Room/Models/chair.fbx using Guid(020b98f52c31cc1408b7f931a6eca991) Importer(2089858483,0ecaa5967403d082aa24f35e1b516d23) [PhysX] Initialized MultithreadedTaskDispatcher with 6 workers.
 -> (artifact id: '5bdcf9aa38b0f10726642090d0ee939c') in 0.070343 seconds
Number of updated asset objects reloaded before import = 0
Number of asset objects unloaded after import = 8
========================================================================
Received Import Request.
  Time since last request: 0.072889 seconds.
  path: Assets/Free Stylized Skybox/Panoramic/Materials/Sky_LowPoly_02_Night_a.mat
  artifactKey: Guid(aa87107d0c3535c4983a4edb2d0e9f7b) Importer(2089858483,0ecaa5967403d082aa24f35e1b516d23)
Start importing Assets/Free Stylized Skybox/Panoramic/Materials/Sky_LowPoly_02_Night_a.mat using Guid(aa87107d0c3535c4983a4edb2d0e9f7b) Importer(2089858483,0ecaa5967403d082aa24f35e1b516d23) [PhysX] Initialized MultithreadedTaskDispatcher with 6 workers.
 -> (artifact id: 'f60d61f3d9a550b5f8f36111c2675777') in 0.287837 seconds
Number of updated asset objects reloaded before import = 0
Number of asset objects unloaded after import = 2
========================================================================
Received Import Request.
  Time since last request: 0.001922 seconds.
  path: Assets/PandazoleHome/Prefabs/Prop_Sofa_03_C.prefab
  artifactKey: Guid(78de45f4f8be8e04ebb0ff2068a3625c) Importer(2089858483,0ecaa5967403d082aa24f35e1b516d23)
Start importing Assets/PandazoleHome/Prefabs/Prop_Sofa_03_C.prefab using Guid(78de45f4f8be8e04ebb0ff2068a3625c) Importer(2089858483,0ecaa5967403d082aa24f35e1b516d23) [PhysX] Initialized MultithreadedTaskDispatcher with 6 workers.
 -> (artifact id: '55585919a7e456ea4b6d9e01542c8ebd') in 0.051832 seconds
Number of updated asset objects reloaded before import = 0
Number of asset objects unloaded after import = 8
========================================================================
Received Import Request.
  Time since last request: 0.071153 seconds.
  path: Assets/Free Stylized Skybox/Panoramic/Materials/Sky_Anime_15_Day_a.mat
  artifactKey: Guid(d04fa9ef91692c6429efccdf42970c46) Importer(2089858483,0ecaa5967403d082aa24f35e1b516d23)
Start importing Assets/Free Stylized Skybox/Panoramic/Materials/Sky_Anime_15_Day_a.mat using Guid(d04fa9ef91692c6429efccdf42970c46) Importer(2089858483,0ecaa5967403d082aa24f35e1b516d23) [PhysX] Initialized MultithreadedTaskDispatcher with 6 workers.
 -> (artifact id: 'e30510b36a3e89e839e95f6719a1ab0e') in 0.413799 seconds
Number of updated asset objects reloaded before import = 0
Number of asset objects unloaded after import = 2
========================================================================
Received Import Request.
  Time since last request: 0.000033 seconds.
  path: Assets/iPoly3D/Server Room/Models/password_panel.fbx
  artifactKey: Guid(d87d158441839f446a077a0b00461f87) Importer(2089858483,0ecaa5967403d082aa24f35e1b516d23)
Start importing Assets/iPoly3D/Server Room/Models/password_panel.fbx using Guid(d87d158441839f446a077a0b00461f87) Importer(2089858483,0ecaa5967403d082aa24f35e1b516d23) [PhysX] Initialized MultithreadedTaskDispatcher with 6 workers.
 -> (artifact id: 'c82e0abc3b3871bb4edff565e84309f3') in 0.043453 seconds
Number of updated asset objects reloaded before import = 0
Number of asset objects unloaded after import = 8
========================================================================
Received Import Request.
  Time since last request: 0.000206 seconds.
  path: Assets/PandazoleHome/Scenes/Demo.unity
  artifactKey: Guid(ffae76db989ed2643957e0f5bd9abc19) Importer(2089858483,0ecaa5967403d082aa24f35e1b516d23)
Start importing Assets/PandazoleHome/Scenes/Demo.unity using Guid(ffae76db989ed2643957e0f5bd9abc19) Importer(2089858483,0ecaa5967403d082aa24f35e1b516d23) [PhysX] Initialized MultithreadedTaskDispatcher with 6 workers.
 -> (artifact id: 'd6f039ca5d3cc7519980d1b94b80d795') in 0.024977 seconds
Number of updated asset objects reloaded before import = 0
Number of asset objects unloaded after import = 1
========================================================================
Received Import Request.
  Time since last request: 0.000022 seconds.
  path: Assets/iPoly3D/Server Room/Models/wall.fbx
  artifactKey: Guid(0d7740f4e5905354fbbe8fb78d75ce92) Importer(2089858483,0ecaa5967403d082aa24f35e1b516d23)
Start importing Assets/iPoly3D/Server Room/Models/wall.fbx using Guid(0d7740f4e5905354fbbe8fb78d75ce92) Importer(2089858483,0ecaa5967403d082aa24f35e1b516d23) [PhysX] Initialized MultithreadedTaskDispatcher with 6 workers.
 -> (artifact id: '0dcdc161130694ddc1cee51d78b784c8') in 0.044902 seconds
Number of updated asset objects reloaded before import = 0
Number of asset objects unloaded after import = 8
========================================================================
Received Import Request.
  Time since last request: 0.000300 seconds.
  path: Assets/PandazoleHome/Prefabs/Ground Bases/Prop_GroundBase_07.prefab
  artifactKey: Guid(a9a04f9e82a88594da2e378aba6e10bd) Importer(2089858483,0ecaa5967403d082aa24f35e1b516d23)
Start importing Assets/PandazoleHome/Prefabs/Ground Bases/Prop_GroundBase_07.prefab using Guid(a9a04f9e82a88594da2e378aba6e10bd) Importer(2089858483,0ecaa5967403d082aa24f35e1b516d23) [PhysX] Initialized MultithreadedTaskDispatcher with 6 workers.
 -> (artifact id: 'a666d64021c07a56d6f6631520d5ee1e') in 0.074369 seconds
Number of updated asset objects reloaded before import = 0
Number of asset objects unloaded after import = 8
========================================================================
Received Import Request.
  Time since last request: 0.000027 seconds.
  path: Assets/TextMesh Pro/Examples & Extras/Materials/Small Crate_diffuse.mat
  artifactKey: Guid(22262639920f43d6be32430e4e58350d) Importer(2089858483,0ecaa5967403d082aa24f35e1b516d23)
Start importing Assets/TextMesh Pro/Examples & Extras/Materials/Small Crate_diffuse.mat using Guid(22262639920f43d6be32430e4e58350d) Importer(2089858483,0ecaa5967403d082aa24f35e1b516d23) [PhysX] Initialized MultithreadedTaskDispatcher with 6 workers.
 -> (artifact id: 'd853b2364e67981a31d1d9507fde736c') in 0.193696 seconds
Number of updated asset objects reloaded before import = 0
Number of asset objects unloaded after import = 3
========================================================================
Received Import Request.
  Time since last request: 0.000412 seconds.
  path: Assets/TextMesh Pro/Examples & Extras/Scripts/Benchmark02.cs
  artifactKey: Guid(e8538afcddc14efbb5d9e94b7ae50197) Importer(2089858483,0ecaa5967403d082aa24f35e1b516d23)
Start importing Assets/TextMesh Pro/Examples & Extras/Scripts/Benchmark02.cs using Guid(e8538afcddc14efbb5d9e94b7ae50197) Importer(2089858483,0ecaa5967403d082aa24f35e1b516d23) [PhysX] Initialized MultithreadedTaskDispatcher with 6 workers.
 -> (artifact id: 'b5e33519040ded3cdc8a3f20d2d86f8f') in 0.046288 seconds
Number of updated asset objects reloaded before import = 0
Number of asset objects unloaded after import = 1
========================================================================
Received Import Request.
  Time since last request: 0.001350 seconds.
  path: Assets/TextMesh Pro/Examples & Extras/Scenes/24 - Surface Shader Example.unity
  artifactKey: Guid(8c4969fd8ba94a68b07cf11f3e7a5137) Importer(2089858483,0ecaa5967403d082aa24f35e1b516d23)
Start importing Assets/TextMesh Pro/Examples & Extras/Scenes/24 - Surface Shader Example.unity using Guid(8c4969fd8ba94a68b07cf11f3e7a5137) Importer(2089858483,0ecaa5967403d082aa24f35e1b516d23) [PhysX] Initialized MultithreadedTaskDispatcher with 6 workers.
 -> (artifact id: '4a059628b56f446be60047349cd5ee1c') in 0.035315 seconds
Number of updated asset objects reloaded before import = 0
Number of asset objects unloaded after import = 1
========================================================================
Received Import Request.
  Time since last request: 0.000409 seconds.
  path: Assets/TextMesh Pro/Examples & Extras/Scripts/ChatController.cs
  artifactKey: Guid(53d91f98a2664f5cb9af11de72ac54ec) Importer(2089858483,0ecaa5967403d082aa24f35e1b516d23)
Start importing Assets/TextMesh Pro/Examples & Extras/Scripts/ChatController.cs using Guid(53d91f98a2664f5cb9af11de72ac54ec) Importer(2089858483,0ecaa5967403d082aa24f35e1b516d23) [PhysX] Initialized MultithreadedTaskDispatcher with 6 workers.
 -> (artifact id: '65ceedd447039d6b01408cbadd414aac') in 0.023706 seconds
Number of updated asset objects reloaded before import = 0
Number of asset objects unloaded after import = 1
========================================================================
Received Import Request.
  Time since last request: 0.000871 seconds.
  path: Assets/TextMesh Pro/Examples & Extras/Scenes/04 - Word Wrapping.unity
  artifactKey: Guid(8f7137eacd7042d5b17ef0efe5e744f5) Importer(2089858483,0ecaa5967403d082aa24f35e1b516d23)
Start importing Assets/TextMesh Pro/Examples & Extras/Scenes/04 - Word Wrapping.unity using Guid(8f7137eacd7042d5b17ef0efe5e744f5) Importer(2089858483,0ecaa5967403d082aa24f35e1b516d23) [PhysX] Initialized MultithreadedTaskDispatcher with 6 workers.
 -> (artifact id: '945cf0726d80eb7c8a952d81a3f0be85') in 0.030950 seconds
Number of updated asset objects reloaded before import = 0
Number of asset objects unloaded after import = 1
========================================================================
Received Import Request.
  Time since last request: 0.014038 seconds.
  path: Assets/TextMesh Pro/Examples & Extras/Scenes/06 - Extra Rich Text Examples.unity
  artifactKey: Guid(39a1fa96ad2a449b908fca29d4297a74) Importer(2089858483,0ecaa5967403d082aa24f35e1b516d23)
Start importing Assets/TextMesh Pro/Examples & Extras/Scenes/06 - Extra Rich Text Examples.unity using Guid(39a1fa96ad2a449b908fca29d4297a74) Importer(2089858483,0ecaa5967403d082aa24f35e1b516d23) [PhysX] Initialized MultithreadedTaskDispatcher with 6 workers.
 -> (artifact id: '37b0ca03473b84e212ab03c3ac14d9a5') in 0.025948 seconds
Number of updated asset objects reloaded before import = 0
Number of asset objects unloaded after import = 1
========================================================================
Received Import Request.
  Time since last request: 0.000984 seconds.
  path: Assets/PandazoleHome/Prefabs/Prop_WallHanger_01.prefab
  artifactKey: Guid(824ba5949d959c048932fc6314717e3a) Importer(2089858483,0ecaa5967403d082aa24f35e1b516d23)
Start importing Assets/PandazoleHome/Prefabs/Prop_WallHanger_01.prefab using Guid(824ba5949d959c048932fc6314717e3a) Importer(2089858483,0ecaa5967403d082aa24f35e1b516d23) [PhysX] Initialized MultithreadedTaskDispatcher with 6 workers.
 -> (artifact id: '1316acbc282148947fbf7118fd9963d9') in 0.050618 seconds
Number of updated asset objects reloaded before import = 0
Number of asset objects unloaded after import = 8
========================================================================
Received Import Request.
  Time since last request: 0.000031 seconds.
  path: Assets/PandazoleHome/Prefabs/Prop_TrashCan_01.prefab
  artifactKey: Guid(62e7ace1d34703d4d8433b9c50e909cb) Importer(2089858483,0ecaa5967403d082aa24f35e1b516d23)
Start importing Assets/PandazoleHome/Prefabs/Prop_TrashCan_01.prefab using Guid(62e7ace1d34703d4d8433b9c50e909cb) Importer(2089858483,0ecaa5967403d082aa24f35e1b516d23) [PhysX] Initialized MultithreadedTaskDispatcher with 6 workers.
 -> (artifact id: 'fe7fa0e77eb9fddd16c247ddbd40919c') in 0.042215 seconds
Number of updated asset objects reloaded before import = 0
Number of asset objects unloaded after import = 8
========================================================================
Received Import Request.
  Time since last request: 0.000350 seconds.
  path: Assets/PandazoleHome/Prefabs/Prop_WallShelf_03.prefab
  artifactKey: Guid(1db9190a29141ba43b918ce960a32a78) Importer(2089858483,0ecaa5967403d082aa24f35e1b516d23)
Start importing Assets/PandazoleHome/Prefabs/Prop_WallShelf_03.prefab using Guid(1db9190a29141ba43b918ce960a32a78) Importer(2089858483,0ecaa5967403d082aa24f35e1b516d23) [PhysX] Initialized MultithreadedTaskDispatcher with 6 workers.
 -> (artifact id: 'fc2fc1435fdd2355e7275171a453a156') in 0.041395 seconds
Number of updated asset objects reloaded before import = 0
Number of asset objects unloaded after import = 8
========================================================================
Received Import Request.
  Time since last request: 0.002442 seconds.
  path: Assets/TextMesh Pro/Examples & Extras/Scripts/ShaderPropAnimator.cs
  artifactKey: Guid(2787a46a4dc848c1b4b7b9307b614bfd) Importer(2089858483,0ecaa5967403d082aa24f35e1b516d23)
Start importing Assets/TextMesh Pro/Examples & Extras/Scripts/ShaderPropAnimator.cs using Guid(2787a46a4dc848c1b4b7b9307b614bfd) Importer(2089858483,0ecaa5967403d082aa24f35e1b516d23) [PhysX] Initialized MultithreadedTaskDispatcher with 6 workers.
 -> (artifact id: '4f0ab7ce77051bd32f3a1cb347e49aaa') in 0.019836 seconds
Number of updated asset objects reloaded before import = 0
Number of asset objects unloaded after import = 1
========================================================================
Received Import Request.
  Time since last request: 0.000026 seconds.
  path: Assets/TextMesh Pro/Examples & Extras/Textures/Text Overflow - Linked Text Image 1.png
  artifactKey: Guid(4ccf43d26c4748c792174516f4a8fcef) Importer(2089858483,0ecaa5967403d082aa24f35e1b516d23)
Start importing Assets/TextMesh Pro/Examples & Extras/Textures/Text Overflow - Linked Text Image 1.png using Guid(4ccf43d26c4748c792174516f4a8fcef) Importer(2089858483,0ecaa5967403d082aa24f35e1b516d23) [PhysX] Initialized MultithreadedTaskDispatcher with 6 workers.
 -> (artifact id: '49d73dab76f4080d52662797fe62557a') in 0.263340 seconds
Number of updated asset objects reloaded before import = 0
Number of asset objects unloaded after import = 1
========================================================================
Received Import Request.
  Time since last request: 0.027718 seconds.
  path: Assets/iPoly3D/Server Room/Prefabs/electric cable.prefab
  artifactKey: Guid(62e70069d36571e41b6fa07f1eeb764b) Importer(2089858483,0ecaa5967403d082aa24f35e1b516d23)
Start importing Assets/iPoly3D/Server Room/Prefabs/electric cable.prefab using Guid(62e70069d36571e41b6fa07f1eeb764b) Importer(2089858483,0ecaa5967403d082aa24f35e1b516d23) [PhysX] Initialized MultithreadedTaskDispatcher with 6 workers.
 -> (artifact id: '3d016c6b35d2b63f19d1f3476404c650') in 0.060238 seconds
Number of updated asset objects reloaded before import = 0
Number of asset objects unloaded after import = 14
========================================================================
Received Import Request.
  Time since last request: 0.000320 seconds.
  path: Assets/iPoly3D/Server Room/Models/fire_extinguisher.fbx
  artifactKey: Guid(5b17bde83b8bf5549b577056ab462087) Importer(2089858483,0ecaa5967403d082aa24f35e1b516d23)
Start importing Assets/iPoly3D/Server Room/Models/fire_extinguisher.fbx using Guid(5b17bde83b8bf5549b577056ab462087) Importer(2089858483,0ecaa5967403d082aa24f35e1b516d23) [PhysX] Initialized MultithreadedTaskDispatcher with 6 workers.
 -> (artifact id: '79565730f61236981f9a9b4c6db6bc4e') in 0.115132 seconds
Number of updated asset objects reloaded before import = 0
Number of asset objects unloaded after import = 8
========================================================================
Received Import Request.
  Time since last request: 0.000538 seconds.
  path: Assets/TextMesh Pro/Examples & Extras/Resources/Color Gradient Presets/Yellow to Orange - Vertical.asset
  artifactKey: Guid(69a525efa7e6472eab268f6ea605f06e) Importer(2089858483,0ecaa5967403d082aa24f35e1b516d23)
Start importing Assets/TextMesh Pro/Examples & Extras/Resources/Color Gradient Presets/Yellow to Orange - Vertical.asset using Guid(69a525efa7e6472eab268f6ea605f06e) Importer(2089858483,0ecaa5967403d082aa24f35e1b516d23) [PhysX] Initialized MultithreadedTaskDispatcher with 6 workers.
 -> (artifact id: '94470f173e0a69d8e5764e8d6cdc8311') in 0.059376 seconds
Number of updated asset objects reloaded before import = 0
Number of asset objects unloaded after import = 1
========================================================================
Received Import Request.
  Time since last request: 0.000024 seconds.
  path: Assets/TextMesh Pro/Examples & Extras/Resources/Fonts & Materials/LiberationSans SDF - Metalic Green.mat
  artifactKey: Guid(8b29aaa3eec7468097ff07adfcf29ac9) Importer(2089858483,0ecaa5967403d082aa24f35e1b516d23)
Start importing Assets/TextMesh Pro/Examples & Extras/Resources/Fonts & Materials/LiberationSans SDF - Metalic Green.mat using Guid(8b29aaa3eec7468097ff07adfcf29ac9) Importer(2089858483,0ecaa5967403d082aa24f35e1b516d23) [PhysX] Initialized MultithreadedTaskDispatcher with 6 workers.
 -> (artifact id: '8357337b7a4d99fff94a56a204de7a5b') in 0.157728 seconds
Number of updated asset objects reloaded before import = 0
Number of asset objects unloaded after import = 4
========================================================================
Received Import Request.
  Time since last request: 0.000168 seconds.
  path: Assets/TextMesh Pro/Examples & Extras/Resources/Fonts & Materials/Anton SDF.asset
  artifactKey: Guid(8a89fa14b10d46a99122fd4f73fca9a2) Importer(2089858483,0ecaa5967403d082aa24f35e1b516d23)
Start importing Assets/TextMesh Pro/Examples & Extras/Resources/Fonts & Materials/Anton SDF.asset using Guid(8a89fa14b10d46a99122fd4f73fca9a2) Importer(2089858483,0ecaa5967403d082aa24f35e1b516d23) [PhysX] Initialized MultithreadedTaskDispatcher with 6 workers.
 -> (artifact id: '4ec9ca2a09838ab66d64a15c59c69836') in 0.094315 seconds
Number of updated asset objects reloaded before import = 0
Number of asset objects unloaded after import = 5
========================================================================
Received Import Request.
  Time since last request: 0.000215 seconds.
  path: Assets/PandazoleHome/Prefabs/Walls/Prop_Wall_05.prefab
  artifactKey: Guid(dcc3240582fd179409b393c6a9752fec) Importer(2089858483,0ecaa5967403d082aa24f35e1b516d23)
Start importing Assets/PandazoleHome/Prefabs/Walls/Prop_Wall_05.prefab using Guid(dcc3240582fd179409b393c6a9752fec) Importer(2089858483,0ecaa5967403d082aa24f35e1b516d23) [PhysX] Initialized MultithreadedTaskDispatcher with 6 workers.
 -> (artifact id: '0d720229f2159ab0403b65ffcae362da') in 0.091707 seconds
Number of updated asset objects reloaded before import = 0
Number of asset objects unloaded after import = 8
========================================================================
Received Import Request.
  Time since last request: 0.001029 seconds.
  path: Assets/PandazoleHome/Prefabs/Prop_Table_03.prefab
  artifactKey: Guid(5072c069607d14240a7a2691cdc97d93) Importer(2089858483,0ecaa5967403d082aa24f35e1b516d23)
Start importing Assets/PandazoleHome/Prefabs/Prop_Table_03.prefab using Guid(5072c069607d14240a7a2691cdc97d93) Importer(2089858483,0ecaa5967403d082aa24f35e1b516d23) [PhysX] Initialized MultithreadedTaskDispatcher with 6 workers.
 -> (artifact id: '2ddad6b230016763416a57eb0c5fcd35') in 0.065971 seconds
Number of updated asset objects reloaded before import = 0
Number of asset objects unloaded after import = 8
========================================================================
Received Import Request.
  Time since last request: 0.002809 seconds.
  path: Assets/TextMesh Pro/Examples & Extras/Textures/Small Crate_diffuse.jpg
  artifactKey: Guid(602cb87b6a29443b8636370ea0751574) Importer(2089858483,0ecaa5967403d082aa24f35e1b516d23)
Start importing Assets/TextMesh Pro/Examples & Extras/Textures/Small Crate_diffuse.jpg using Guid(602cb87b6a29443b8636370ea0751574) Importer(2089858483,0ecaa5967403d082aa24f35e1b516d23) [PhysX] Initialized MultithreadedTaskDispatcher with 6 workers.
 -> (artifact id: 'e1689786cdad499b218d31926c097f77') in 0.037287 seconds
Number of updated asset objects reloaded before import = 0
Number of asset objects unloaded after import = 1
========================================================================
Received Import Request.
  Time since last request: 0.003766 seconds.
  path: Assets/PandazoleHome/Prefabs/Prop_ToyTrain_01.prefab
  artifactKey: Guid(9457934fe0c66914a9b0e7dcadac76fc) Importer(2089858483,0ecaa5967403d082aa24f35e1b516d23)
Start importing Assets/PandazoleHome/Prefabs/Prop_ToyTrain_01.prefab using Guid(9457934fe0c66914a9b0e7dcadac76fc) Importer(2089858483,0ecaa5967403d082aa24f35e1b516d23) [PhysX] Initialized MultithreadedTaskDispatcher with 6 workers.
 -> (artifact id: '8653a68cba240e4eba12491e830b2a40') in 0.184722 seconds
Number of updated asset objects reloaded before import = 0
Number of asset objects unloaded after import = 8
========================================================================
Received Import Request.
  Time since last request: 0.000565 seconds.
  path: Assets/PandazoleHome/Prefabs/Prop_ShapeSortingBlock_Oval.prefab
  artifactKey: Guid(49bf59875ec36e24d8aa57b12a727e3f) Importer(2089858483,0ecaa5967403d082aa24f35e1b516d23)
Start importing Assets/PandazoleHome/Prefabs/Prop_ShapeSortingBlock_Oval.prefab using Guid(49bf59875ec36e24d8aa57b12a727e3f) Importer(2089858483,0ecaa5967403d082aa24f35e1b516d23) [PhysX] Initialized MultithreadedTaskDispatcher with 6 workers.
 -> (artifact id: '53b6fd88bf25d71f37dc11e7b3955555') in 0.058073 seconds
Number of updated asset objects reloaded before import = 0
Number of asset objects unloaded after import = 8
========================================================================
Received Import Request.
  Time since last request: 0.001979 seconds.
  path: Assets/TextMesh Pro/Examples & Extras/Scripts/TMP_FrameRateCounter.cs
  artifactKey: Guid(686ec78b56aa445795335fbadafcfaa4) Importer(2089858483,0ecaa5967403d082aa24f35e1b516d23)
Start importing Assets/TextMesh Pro/Examples & Extras/Scripts/TMP_FrameRateCounter.cs using Guid(686ec78b56aa445795335fbadafcfaa4) Importer(2089858483,0ecaa5967403d082aa24f35e1b516d23) [PhysX] Initialized MultithreadedTaskDispatcher with 6 workers.
 -> (artifact id: '12e25c064c7ae502697c3dcb28159066') in 0.018398 seconds
Number of updated asset objects reloaded before import = 0
Number of asset objects unloaded after import = 1
========================================================================
Received Import Request.
  Time since last request: 0.000057 seconds.
  path: Assets/TextMesh Pro/Examples & Extras/Scenes/18 - ScrollRect & Masking & Layout.unity
  artifactKey: Guid(03f9d74cec8e4b94a29d2dfd177c821b) Importer(2089858483,0ecaa5967403d082aa24f35e1b516d23)
Start importing Assets/TextMesh Pro/Examples & Extras/Scenes/18 - ScrollRect & Masking & Layout.unity using Guid(03f9d74cec8e4b94a29d2dfd177c821b) Importer(2089858483,0ecaa5967403d082aa24f35e1b516d23) [PhysX] Initialized MultithreadedTaskDispatcher with 6 workers.
 -> (artifact id: 'bc5ca49c5652bbca27ce8b23ff50afa9') in 0.018255 seconds
Number of updated asset objects reloaded before import = 0
Number of asset objects unloaded after import = 1
========================================================================
Received Import Request.
  Time since last request: 0.000027 seconds.
  path: Assets/PandazoleHome/Prefabs/Prop_Toy_01.prefab
  artifactKey: Guid(7958bf0f86632a740b8ec46394e8d36c) Importer(2089858483,0ecaa5967403d082aa24f35e1b516d23)
Start importing Assets/PandazoleHome/Prefabs/Prop_Toy_01.prefab using Guid(7958bf0f86632a740b8ec46394e8d36c) Importer(2089858483,0ecaa5967403d082aa24f35e1b516d23) [PhysX] Initialized MultithreadedTaskDispatcher with 6 workers.
 -> (artifact id: '8934f822350bebd55129af73d426a9d2') in 0.061280 seconds
Number of updated asset objects reloaded before import = 0
Number of asset objects unloaded after import = 8
========================================================================
Received Import Request.
  Time since last request: 0.000700 seconds.
  path: Assets/PandazoleHome/Prefabs/Prop_Soup.prefab
  artifactKey: Guid(b7148af1dcc6def4b8b7d6a09b0d5498) Importer(2089858483,0ecaa5967403d082aa24f35e1b516d23)
Start importing Assets/PandazoleHome/Prefabs/Prop_Soup.prefab using Guid(b7148af1dcc6def4b8b7d6a09b0d5498) Importer(2089858483,0ecaa5967403d082aa24f35e1b516d23) [PhysX] Initialized MultithreadedTaskDispatcher with 6 workers.
 -> (artifact id: 'c1f43711e9a601a3d0ec25aeeabeaa8a') in 0.043130 seconds
Number of updated asset objects reloaded before import = 0
Number of asset objects unloaded after import = 8
========================================================================
Received Import Request.
  Time since last request: 0.005148 seconds.
  path: Assets/PandazoleHome/Prefabs/Prop_Sofa_06_F.prefab
  artifactKey: Guid(d25993225393b804586fd46f78dfa248) Importer(2089858483,0ecaa5967403d082aa24f35e1b516d23)
Start importing Assets/PandazoleHome/Prefabs/Prop_Sofa_06_F.prefab using Guid(d25993225393b804586fd46f78dfa248) Importer(2089858483,0ecaa5967403d082aa24f35e1b516d23) [PhysX] Initialized MultithreadedTaskDispatcher with 6 workers.
 -> (artifact id: '63c1eb74747782e755ed5990f4b24afb') in 0.152424 seconds
Number of updated asset objects reloaded before import = 0
Number of asset objects unloaded after import = 8
========================================================================
Received Import Request.
  Time since last request: 0.000149 seconds.
  path: Assets/iPoly3D/Server Room/Models/box.fbx
  artifactKey: Guid(c9c6ccaa5a4cfd34388852fcd337ddcf) Importer(2089858483,0ecaa5967403d082aa24f35e1b516d23)
Start importing Assets/iPoly3D/Server Room/Models/box.fbx using Guid(c9c6ccaa5a4cfd34388852fcd337ddcf) Importer(2089858483,0ecaa5967403d082aa24f35e1b516d23) [PhysX] Initialized MultithreadedTaskDispatcher with 6 workers.
 -> (artifact id: '69f09989e7e7cee6372f1f29ac9569cd') in 0.066776 seconds
Number of updated asset objects reloaded before import = 0
Number of asset objects unloaded after import = 9
========================================================================
Received Import Request.
  Time since last request: 0.012023 seconds.
  path: Assets/PandazoleHome/Prefabs/Prop_WallShelf_09.prefab
  artifactKey: Guid(532b083a09454d849a545ec02bb1a7e0) Importer(2089858483,0ecaa5967403d082aa24f35e1b516d23)
Start importing Assets/PandazoleHome/Prefabs/Prop_WallShelf_09.prefab using Guid(532b083a09454d849a545ec02bb1a7e0) Importer(2089858483,0ecaa5967403d082aa24f35e1b516d23) [PhysX] Initialized MultithreadedTaskDispatcher with 6 workers.
 -> (artifact id: '76cfab7725fe191baf8205ee10799208') in 0.062668 seconds
Number of updated asset objects reloaded before import = 0
Number of asset objects unloaded after import = 8
========================================================================
Received Import Request.
  Time since last request: 0.001082 seconds.
  path: Assets/TextMesh Pro/Examples & Extras/Resources/Fonts & Materials/LiberationSans SDF - Soft Mask.mat
  artifactKey: Guid(42df1c7856584b6b8db9a509b6b10074) Importer(2089858483,0ecaa5967403d082aa24f35e1b516d23)
Start importing Assets/TextMesh Pro/Examples & Extras/Resources/Fonts & Materials/LiberationSans SDF - Soft Mask.mat using Guid(42df1c7856584b6b8db9a509b6b10074) Importer(2089858483,0ecaa5967403d082aa24f35e1b516d23) [PhysX] Initialized MultithreadedTaskDispatcher with 6 workers.
 -> (artifact id: '842432dd8b5e77525ab085d8dd3e1303') in 0.061394 seconds
Number of updated asset objects reloaded before import = 0
Number of asset objects unloaded after import = 3
========================================================================
Received Import Request.
  Time since last request: 0.000023 seconds.
  path: Assets/PandazoleHome/Prefabs/Prop_Sofa_05_A.prefab
  artifactKey: Guid(221f375bb3ad198478dd88e058a92637) Importer(2089858483,0ecaa5967403d082aa24f35e1b516d23)
Start importing Assets/PandazoleHome/Prefabs/Prop_Sofa_05_A.prefab using Guid(221f375bb3ad198478dd88e058a92637) Importer(2089858483,0ecaa5967403d082aa24f35e1b516d23) [PhysX] Initialized MultithreadedTaskDispatcher with 6 workers.
 -> (artifact id: '2316e980053fc5f06e9975d61d914ec0') in 0.042429 seconds
Number of updated asset objects reloaded before import = 0
Number of asset objects unloaded after import = 8
========================================================================
Received Import Request.
  Time since last request: 0.000127 seconds.
  path: Assets/iPoly3D/Server Room/Models/laptop.fbx
  artifactKey: Guid(93022fe0d96179447ad61a75d40fe493) Importer(2089858483,0ecaa5967403d082aa24f35e1b516d23)
Start importing Assets/iPoly3D/Server Room/Models/laptop.fbx using Guid(93022fe0d96179447ad61a75d40fe493) Importer(2089858483,0ecaa5967403d082aa24f35e1b516d23) [PhysX] Initialized MultithreadedTaskDispatcher with 6 workers.
 -> (artifact id: 'e3b981bbb4657b4e43730a4007cf4c08') in 0.029242 seconds
Number of updated asset objects reloaded before import = 0
Number of asset objects unloaded after import = 8
========================================================================
Received Import Request.
  Time since last request: 0.000485 seconds.
  path: Assets/Free Stylized Skybox/Panoramic/Materials/Sky_Anime_11_morning_a.mat
  artifactKey: Guid(3f698c5d47507d54db2dcb930054532e) Importer(2089858483,0ecaa5967403d082aa24f35e1b516d23)
Start importing Assets/Free Stylized Skybox/Panoramic/Materials/Sky_Anime_11_morning_a.mat using Guid(3f698c5d47507d54db2dcb930054532e) Importer(2089858483,0ecaa5967403d082aa24f35e1b516d23) [PhysX] Initialized MultithreadedTaskDispatcher with 6 workers.
 -> (artifact id: 'b7bdc76ea69e03b258a0cb826f7b2724') in 0.092760 seconds
Number of updated asset objects reloaded before import = 0
Number of asset objects unloaded after import = 2
========================================================================
Received Import Request.
  Time since last request: 0.000030 seconds.
  path: Assets/TextMesh Pro/Examples & Extras/Resources/Fonts & Materials/Roboto-Bold SDF - Drop Shadow.mat
  artifactKey: Guid(b246c4190f4e46ec9352fe15a7b09ce0) Importer(2089858483,0ecaa5967403d082aa24f35e1b516d23)
Start importing Assets/TextMesh Pro/Examples & Extras/Resources/Fonts & Materials/Roboto-Bold SDF - Drop Shadow.mat using Guid(b246c4190f4e46ec9352fe15a7b09ce0) Importer(2089858483,0ecaa5967403d082aa24f35e1b516d23) [PhysX] Initialized MultithreadedTaskDispatcher with 6 workers.
 -> (artifact id: '28553dec62baf8544001ccf559d2de31') in 0.044392 seconds
Number of updated asset objects reloaded before import = 0
Number of asset objects unloaded after import = 2
========================================================================
Received Import Request.
  Time since last request: 0.009265 seconds.
  path: Assets/PandazoleHome/Prefabs/Prop_WallHanger_03.prefab
  artifactKey: Guid(149100c91951405448785b677e7475a6) Importer(2089858483,0ecaa5967403d082aa24f35e1b516d23)
Start importing Assets/PandazoleHome/Prefabs/Prop_WallHanger_03.prefab using Guid(149100c91951405448785b677e7475a6) Importer(2089858483,0ecaa5967403d082aa24f35e1b516d23) [PhysX] Initialized MultithreadedTaskDispatcher with 6 workers.
 -> (artifact id: '74dd137b173ab1b77e6d61d7c2d84a73') in 0.046168 seconds
Number of updated asset objects reloaded before import = 0
Number of asset objects unloaded after import = 8
========================================================================
Received Import Request.
  Time since last request: 0.001402 seconds.
  path: Assets/TextMesh Pro/Examples & Extras/Scripts/VertexColorCycler.cs
  artifactKey: Guid(91b8ba3d52e041fab2d0e0f169855539) Importer(2089858483,0ecaa5967403d082aa24f35e1b516d23)
Start importing Assets/TextMesh Pro/Examples & Extras/Scripts/VertexColorCycler.cs using Guid(91b8ba3d52e041fab2d0e0f169855539) Importer(2089858483,0ecaa5967403d082aa24f35e1b516d23) [PhysX] Initialized MultithreadedTaskDispatcher with 6 workers.
 -> (artifact id: 'ea79da239c058931646ffc75eeaa7a90') in 0.027110 seconds
Number of updated asset objects reloaded before import = 0
Number of asset objects unloaded after import = 1
Editor requested this worker to shutdown with reason: Scaling down because of idle timeout
TcpMessagingSession - receive error: operation aborted. errorcode: 995, details: The I/O operation has been aborted because of either a thread exit or an application request.
AssetImportWorker is now disconnected from the server
Process exiting
Exiting without the bug reporter. Application will terminate with return code 0