Using pre-set license
Built from '2022.3/release' branch; Version is '2022.3.5f1 (9674261d40ee) revision 9860134'; Using compiler version '192829333'; Build Type 'Release'
OS: 'Windows 11  (10.0.26100) 64bit CoreSingleLanguage' Language: 'en' Physical Memory: 16002 MB
BatchMode: 1, IsHumanControllingUs: 0, StartBugReporterOnCrash: 0, Is64bit: 1, IsPro: 1

COMMAND LINE ARGUMENTS:
D:\Unity Editors\Unity 2022.3.5f1\Editor\Unity.exe
-adb2
-batchMode
-noUpm
-name
AssetImportWorker4
-projectPath
D:/Unity projects/CognitiveBias/Cognitive_Bias_Simulator/My project
-logFile
Logs/AssetImportWorker4.log
-srvPort
51901
Successfully changed project path to: D:/Unity projects/CognitiveBias/Cognitive_Bias_Simulator/My project
D:/Unity projects/CognitiveBias/Cognitive_Bias_Simulator/My project
[UnityMemory] Configuration Parameters - Can be set up in boot.config
    "memorysetup-bucket-allocator-granularity=16"
    "memorysetup-bucket-allocator-bucket-count=8"
    "memorysetup-bucket-allocator-block-size=33554432"
    "memorysetup-bucket-allocator-block-count=8"
    "memorysetup-main-allocator-block-size=16777216"
    "memorysetup-thread-allocator-block-size=16777216"
    "memorysetup-gfx-main-allocator-block-size=16777216"
    "memorysetup-gfx-thread-allocator-block-size=16777216"
    "memorysetup-cache-allocator-block-size=4194304"
    "memorysetup-typetree-allocator-block-size=2097152"
    "memorysetup-profiler-bucket-allocator-granularity=16"
    "memorysetup-profiler-bucket-allocator-bucket-count=8"
    "memorysetup-profiler-bucket-allocator-block-size=33554432"
    "memorysetup-profiler-bucket-allocator-block-count=8"
    "memorysetup-profiler-allocator-block-size=16777216"
    "memorysetup-profiler-editor-allocator-block-size=1048576"
    "memorysetup-temp-allocator-size-main=16777216"
    "memorysetup-job-temp-allocator-block-size=2097152"
    "memorysetup-job-temp-allocator-block-size-background=1048576"
    "memorysetup-job-temp-allocator-reduction-small-platforms=262144"
    "memorysetup-allocator-temp-initial-block-size-main=262144"
    "memorysetup-allocator-temp-initial-block-size-worker=262144"
    "memorysetup-temp-allocator-size-background-worker=32768"
    "memorysetup-temp-allocator-size-job-worker=262144"
    "memorysetup-temp-allocator-size-preload-manager=33554432"
    "memorysetup-temp-allocator-size-nav-mesh-worker=65536"
    "memorysetup-temp-allocator-size-audio-worker=65536"
    "memorysetup-temp-allocator-size-cloud-worker=32768"
    "memorysetup-temp-allocator-size-gi-baking-worker=262144"
    "memorysetup-temp-allocator-size-gfx=262144"
Player connection [30608] Host "[IP] 192.168.2.151 [Port] 0 [Flags] 2 [Guid] 3390747112 [EditorId] 3390747112 [Version] 1048832 [Id] WindowsEditor(7,George_Asus) [Debug] 1 [PackageName] WindowsEditor [ProjectName] Editor" joined multi-casting on [225.0.0.222:54997]...

Player connection [30608] Host "[IP] 192.168.2.151 [Port] 0 [Flags] 2 [Guid] 3390747112 [EditorId] 3390747112 [Version] 1048832 [Id] WindowsEditor(7,George_Asus) [Debug] 1 [PackageName] WindowsEditor [ProjectName] Editor" joined alternative multi-casting on [225.0.0.222:34997]...

Refreshing native plugins compatible for Editor in 5.53 ms, found 3 plugins.
Preloading 0 native plugins for Editor in 0.00 ms.
Initialize engine version: 2022.3.5f1 (9674261d40ee)
[Subsystems] Discovering subsystems at path D:/Unity Editors/Unity 2022.3.5f1/Editor/Data/Resources/UnitySubsystems
[Subsystems] Discovering subsystems at path D:/Unity projects/CognitiveBias/Cognitive_Bias_Simulator/My project/Assets
GfxDevice: creating device client; threaded=0; jobified=0
Direct3D:
    Version:  Direct3D 11.0 [level 11.1]
    Renderer: NVIDIA GeForce RTX 4070 Laptop GPU (ID=0x2860)
    Vendor:   NVIDIA
    VRAM:     7948 MB
    Driver:   32.0.15.7640
Initialize mono
Mono path[0] = 'D:/Unity Editors/Unity 2022.3.5f1/Editor/Data/Managed'
Mono path[1] = 'D:/Unity Editors/Unity 2022.3.5f1/Editor/Data/MonoBleedingEdge/lib/mono/unityjit-win32'
Mono config path = 'D:/Unity Editors/Unity 2022.3.5f1/Editor/Data/MonoBleedingEdge/etc'
Using monoOptions --debugger-agent=transport=dt_socket,embedding=1,server=y,suspend=n,address=127.0.0.1:56612
Begin MonoManager ReloadAssembly
Registering precompiled unity dll's ...
Register platform support module: D:/Unity Editors/Unity 2022.3.5f1/Editor/Data/PlaybackEngines/WebGLSupport/UnityEditor.WebGL.Extensions.dll
Register platform support module: D:/Unity Editors/Unity 2022.3.5f1/Editor/Data/PlaybackEngines/WindowsStandaloneSupport/UnityEditor.WindowsStandalone.Extensions.dll
Registered in 0.002475 seconds.
- Loaded All Assemblies, in  0.242 seconds
Native extension for WindowsStandalone target not found
Native extension for WebGL target not found
Mono: successfully reloaded assembly
- Finished resetting the current domain, in  0.172 seconds
Domain Reload Profiling: 414ms
	BeginReloadAssembly (86ms)
		ExecutionOrderSort (0ms)
		DisableScriptedObjects (0ms)
		BackupInstance (0ms)
		ReleaseScriptingObjects (0ms)
		CreateAndSetChildDomain (0ms)
	RebuildCommonClasses (22ms)
	RebuildNativeTypeToScriptingClass (7ms)
	initialDomainReloadingComplete (32ms)
	LoadAllAssembliesAndSetupDomain (95ms)
		LoadAssemblies (86ms)
		RebuildTransferFunctionScriptingTraits (0ms)
		AnalyzeDomain (93ms)
			TypeCache.Refresh (93ms)
				TypeCache.ScanAssembly (85ms)
			ScanForSourceGeneratedMonoScriptInfo (0ms)
			ResolveRequiredComponents (0ms)
	FinalizeReload (172ms)
		ReleaseScriptCaches (0ms)
		RebuildScriptCaches (0ms)
		SetupLoadedEditorAssemblies (131ms)
			LogAssemblyErrors (0ms)
			InitializePlatformSupportModulesInManaged (7ms)
			SetLoadedEditorAssemblies (4ms)
			RefreshPlugins (0ms)
			BeforeProcessingInitializeOnLoad (1ms)
			ProcessInitializeOnLoadAttributes (87ms)
			ProcessInitializeOnLoadMethodAttributes (32ms)
			AfterProcessingInitializeOnLoad (0ms)
			EditorAssembliesLoaded (0ms)
		ExecutionOrderSort2 (0ms)
		AwakeInstancesAfterBackupRestoration (0ms)
========================================================================
Worker process is ready to serve import requests
Begin MonoManager ReloadAssembly
- Loaded All Assemblies, in  0.722 seconds
Refreshing native plugins compatible for Editor in 1.74 ms, found 3 plugins.
Native extension for WindowsStandalone target not found
Native extension for WebGL target not found
Mono: successfully reloaded assembly
- Finished resetting the current domain, in  0.331 seconds
Domain Reload Profiling: 1054ms
	BeginReloadAssembly (145ms)
		ExecutionOrderSort (0ms)
		DisableScriptedObjects (3ms)
		BackupInstance (0ms)
		ReleaseScriptingObjects (0ms)
		CreateAndSetChildDomain (15ms)
	RebuildCommonClasses (29ms)
	RebuildNativeTypeToScriptingClass (7ms)
	initialDomainReloadingComplete (28ms)
	LoadAllAssembliesAndSetupDomain (513ms)
		LoadAssemblies (344ms)
		RebuildTransferFunctionScriptingTraits (0ms)
		AnalyzeDomain (273ms)
			TypeCache.Refresh (260ms)
				TypeCache.ScanAssembly (251ms)
			ScanForSourceGeneratedMonoScriptInfo (10ms)
			ResolveRequiredComponents (3ms)
	FinalizeReload (332ms)
		ReleaseScriptCaches (0ms)
		RebuildScriptCaches (0ms)
		SetupLoadedEditorAssemblies (242ms)
			LogAssemblyErrors (0ms)
			InitializePlatformSupportModulesInManaged (3ms)
			SetLoadedEditorAssemblies (2ms)
			RefreshPlugins (0ms)
			BeforeProcessingInitializeOnLoad (34ms)
			ProcessInitializeOnLoadAttributes (190ms)
			ProcessInitializeOnLoadMethodAttributes (11ms)
			AfterProcessingInitializeOnLoad (1ms)
			EditorAssembliesLoaded (0ms)
		ExecutionOrderSort2 (0ms)
		AwakeInstancesAfterBackupRestoration (4ms)
Launched and connected shader compiler UnityShaderCompiler.exe after 0.04 seconds
Refreshing native plugins compatible for Editor in 3.87 ms, found 3 plugins.
Preloading 0 native plugins for Editor in 0.00 ms.
Unloading 3261 Unused Serialized files (Serialized files now loaded: 0)
Unloading 45 unused Assets / (1.8 MB). Loaded Objects now: 3714.
Memory consumption went from 135.4 MB to 133.6 MB.
Total: 4.818000 ms (FindLiveObjects: 0.454900 ms CreateObjectMapping: 0.164200 ms MarkObjects: 3.622900 ms  DeleteObjects: 0.574800 ms)

AssetImportParameters requested are different than current active one (requested -> active):
  custom:container-demuxer-ogg: 62fdf1f143b41e24485cea50d1cbac27 -> 
  custom:video-codec-MediaFoundation-h265: 746d11721c4dcdbdad8f713fa42b33f4 -> 
  custom:video-decoder-ogg-theora: a1e56fd34408186e4bbccfd4996cb3dc -> 
  custom:framework-win-MediaFoundation: 216162199b28c13a410421893ffa2e32 -> 
  custom:CustomObjectIndexerAttribute: 756ad292c208cfabdd7b50bc23989ffe -> 
  custom:container-demuxer-webm: 4f35f7cbe854078d1ac9338744f61a02 -> 
  custom:container-muxer-webm: aa71ff27fc2769a1b78a27578f13a17b -> 
  custom:video-decoder-webm-vp8: 9c59270c3fd7afecdb556c50c9e8de78 -> 
  custom:AudioImporter_EditorPlatform: d09bf68614088b80899f8185d706f6e7 -> 
  custom:video-encoder-webm-vp8: eb34c28f22e8b96e1ab97ce403110664 -> 
  custom:audio-decoder-ogg-vorbis: bf7c407c2cedff20999df2af8eb42d56 -> 
  custom:audio-encoder-webm-vorbis: bf7c407c2cedff20999df2af8eb42d56 -> 
========================================================================
Received Import Request.
  Time since last request: 15165.682836 seconds.
  path: Assets/PandazoleHome/Prefabs/Prop_BuildingBlockToy_07.prefab
  artifactKey: Guid(2685fec46257f6c408369e580a246a2b) Importer(815301076,1909f56bfc062723c751e8b465ee728b)
Start importing Assets/PandazoleHome/Prefabs/Prop_BuildingBlockToy_07.prefab using Guid(2685fec46257f6c408369e580a246a2b) Importer(815301076,1909f56bfc062723c751e8b465ee728b)  -> (artifact id: '81833ce4a3dfb332c2724a3697b6b0de') in 0.107641 seconds
Number of updated asset objects reloaded before import = 0
Number of asset objects unloaded after import = 10
========================================================================
Received Import Request.
  Time since last request: 0.287485 seconds.
  path: Assets/PandazoleHome/Prefabs/Prop_Carpet_05.prefab
  artifactKey: Guid(e2d47ee28c8a1fa49b5516837e09c1eb) Importer(815301076,1909f56bfc062723c751e8b465ee728b)
Start importing Assets/PandazoleHome/Prefabs/Prop_Carpet_05.prefab using Guid(e2d47ee28c8a1fa49b5516837e09c1eb) Importer(815301076,1909f56bfc062723c751e8b465ee728b)  -> (artifact id: '2c5a4e7f1e5d7b9ad689f05874881930') in 0.010478 seconds
Number of updated asset objects reloaded before import = 0
Number of asset objects unloaded after import = 10
========================================================================
Received Import Request.
  Time since last request: 0.000013 seconds.
  path: Assets/PandazoleHome/Prefabs/Prop_Chair_07.prefab
  artifactKey: Guid(ec00b78e1fafc064e9d1bfab60dbd762) Importer(815301076,1909f56bfc062723c751e8b465ee728b)
Start importing Assets/PandazoleHome/Prefabs/Prop_Chair_07.prefab using Guid(ec00b78e1fafc064e9d1bfab60dbd762) Importer(815301076,1909f56bfc062723c751e8b465ee728b)  -> (artifact id: 'fd59fcd3903414d9ca7b08dbbd671dc8') in 0.019271 seconds
Number of updated asset objects reloaded before import = 0
Number of asset objects unloaded after import = 10
========================================================================
Received Import Request.
  Time since last request: 2.680649 seconds.
  path: Assets/PandazoleHome/Prefabs/Walls
  artifactKey: Guid(6c183a4f2f42c064f8a2445c752933f7) Importer(815301076,1909f56bfc062723c751e8b465ee728b)
Start importing Assets/PandazoleHome/Prefabs/Walls using Guid(6c183a4f2f42c064f8a2445c752933f7) Importer(815301076,1909f56bfc062723c751e8b465ee728b)  -> (artifact id: '910399ea94a7ba43fbf997e9e87b056a') in 0.000485 seconds
Number of updated asset objects reloaded before import = 0
Number of asset objects unloaded after import = 0
========================================================================
Received Import Request.
  Time since last request: 0.056160 seconds.
  path: Assets/PandazoleHome/Prefabs/Walls/Prop_Wall_01.prefab
  artifactKey: Guid(3eee8ed9c9081f149a546a3b2145157f) Importer(815301076,1909f56bfc062723c751e8b465ee728b)
Start importing Assets/PandazoleHome/Prefabs/Walls/Prop_Wall_01.prefab using Guid(3eee8ed9c9081f149a546a3b2145157f) Importer(815301076,1909f56bfc062723c751e8b465ee728b)  -> (artifact id: 'd0f6bf43b74e4f68f8c7c76e1fc565c0') in 0.018240 seconds
Number of updated asset objects reloaded before import = 0
Number of asset objects unloaded after import = 10
========================================================================
Received Import Request.
  Time since last request: 0.000037 seconds.
  path: Assets/PandazoleHome/Prefabs/Walls/Prop_WallCornor_05.prefab
  artifactKey: Guid(5eba546099771304ea84970734249a58) Importer(815301076,1909f56bfc062723c751e8b465ee728b)
Start importing Assets/PandazoleHome/Prefabs/Walls/Prop_WallCornor_05.prefab using Guid(5eba546099771304ea84970734249a58) Importer(815301076,1909f56bfc062723c751e8b465ee728b)  -> (artifact id: '494a816c12aa59161cfb5b28eda036a9') in 0.047256 seconds
Number of updated asset objects reloaded before import = 0
Number of asset objects unloaded after import = 11
========================================================================
Received Import Request.
  Time since last request: 0.000012 seconds.
  path: Assets/PandazoleHome/Prefabs/Walls/Prop_WallCornor_06.prefab
  artifactKey: Guid(7f6e540588895614ab6bd6ec6b110f4a) Importer(815301076,1909f56bfc062723c751e8b465ee728b)
Start importing Assets/PandazoleHome/Prefabs/Walls/Prop_WallCornor_06.prefab using Guid(7f6e540588895614ab6bd6ec6b110f4a) Importer(815301076,1909f56bfc062723c751e8b465ee728b)  -> (artifact id: 'c1da310d9f76c833a247e3803288ee9a') in 0.030510 seconds
Number of updated asset objects reloaded before import = 0
Number of asset objects unloaded after import = 11
========================================================================
Received Import Request.
  Time since last request: 395.245722 seconds.
  path: Assets/PandazoleHome/Prefabs/Ground Bases
  artifactKey: Guid(e82ae545a07167e4c9512a036aad2ee6) Importer(815301076,1909f56bfc062723c751e8b465ee728b)
Start importing Assets/PandazoleHome/Prefabs/Ground Bases using Guid(e82ae545a07167e4c9512a036aad2ee6) Importer(815301076,1909f56bfc062723c751e8b465ee728b)  -> (artifact id: '50c8b649922f20eddecd45f7ba7a193b') in 0.000721 seconds
Number of updated asset objects reloaded before import = 0
Number of asset objects unloaded after import = 0
========================================================================
Received Import Request.
  Time since last request: 0.046487 seconds.
  path: Assets/PandazoleHome/Prefabs/Ground Bases/Prop_GroundBase_01.prefab
  artifactKey: Guid(ed0c0750d2e1b2f4bb772c2a28fac506) Importer(815301076,1909f56bfc062723c751e8b465ee728b)
Start importing Assets/PandazoleHome/Prefabs/Ground Bases/Prop_GroundBase_01.prefab using Guid(ed0c0750d2e1b2f4bb772c2a28fac506) Importer(815301076,1909f56bfc062723c751e8b465ee728b)  -> (artifact id: 'a40783b7dfa085ff894d717a1f8ab001') in 0.007172 seconds
Number of updated asset objects reloaded before import = 0
Number of asset objects unloaded after import = 10
========================================================================
Received Import Request.
  Time since last request: 0.001203 seconds.
  path: Assets/PandazoleHome/Prefabs/Ground Bases/Prop_GroundBase_03.prefab
  artifactKey: Guid(727dc2e660b06e44285d3db58cc20b46) Importer(815301076,1909f56bfc062723c751e8b465ee728b)
Start importing Assets/PandazoleHome/Prefabs/Ground Bases/Prop_GroundBase_03.prefab using Guid(727dc2e660b06e44285d3db58cc20b46) Importer(815301076,1909f56bfc062723c751e8b465ee728b)  -> (artifact id: '4b7c2f693b0d201cb5268d5662d3106e') in 0.006367 seconds
Number of updated asset objects reloaded before import = 0
Number of asset objects unloaded after import = 10
========================================================================
Received Import Request.
  Time since last request: 0.000010 seconds.
  path: Assets/PandazoleHome/Prefabs/Ground Bases/Prop_GroundBase_08.prefab
  artifactKey: Guid(09aa0d24a2f1fb7448da901b9037914e) Importer(815301076,1909f56bfc062723c751e8b465ee728b)
Start importing Assets/PandazoleHome/Prefabs/Ground Bases/Prop_GroundBase_08.prefab using Guid(09aa0d24a2f1fb7448da901b9037914e) Importer(815301076,1909f56bfc062723c751e8b465ee728b)  -> (artifact id: '50d67d0e4c014e1226c0d2e499299acd') in 0.008110 seconds
Number of updated asset objects reloaded before import = 0
Number of asset objects unloaded after import = 10
========================================================================
Received Import Request.
  Time since last request: 0.000017 seconds.
  path: Assets/PandazoleHome/Prefabs/Ground Bases/Prop_GroundBase_06.prefab
  artifactKey: Guid(4d0c996710c90ee42a92975f9d47a745) Importer(815301076,1909f56bfc062723c751e8b465ee728b)
Start importing Assets/PandazoleHome/Prefabs/Ground Bases/Prop_GroundBase_06.prefab using Guid(4d0c996710c90ee42a92975f9d47a745) Importer(815301076,1909f56bfc062723c751e8b465ee728b)  -> (artifact id: '75ac03b529dd501961cfba1cf919b4af') in 0.006599 seconds
Number of updated asset objects reloaded before import = 0
Number of asset objects unloaded after import = 10
========================================================================
Received Import Request.
  Time since last request: 7.061808 seconds.
  path: Assets/PandazoleHome/Prefabs/Demo
  artifactKey: Guid(1d2bd89169ae1d84380f3c713cc5cdf0) Importer(815301076,1909f56bfc062723c751e8b465ee728b)
Start importing Assets/PandazoleHome/Prefabs/Demo using Guid(1d2bd89169ae1d84380f3c713cc5cdf0) Importer(815301076,1909f56bfc062723c751e8b465ee728b)  -> (artifact id: '3e35d0e6c9990b48b134e5732911b1f6') in 0.000524 seconds
Number of updated asset objects reloaded before import = 0
Number of asset objects unloaded after import = 0
========================================================================
Received Import Request.
  Time since last request: 3.579356 seconds.
  path: Assets/PandazoleHome/Prefabs/Prop_Console_01.prefab
  artifactKey: Guid(130e1d3f517529c48866d451ac40c395) Importer(815301076,1909f56bfc062723c751e8b465ee728b)
Start importing Assets/PandazoleHome/Prefabs/Prop_Console_01.prefab using Guid(130e1d3f517529c48866d451ac40c395) Importer(815301076,1909f56bfc062723c751e8b465ee728b)  -> (artifact id: '6807abcfaaa7d02f5008dace96479423') in 0.008328 seconds
Number of updated asset objects reloaded before import = 0
Number of asset objects unloaded after import = 10
========================================================================
Received Import Request.
  Time since last request: 0.001782 seconds.
  path: Assets/PandazoleHome/Prefabs/Prop_Desk_02.prefab
  artifactKey: Guid(84cc6f29985397d479eb0c61931c148c) Importer(815301076,1909f56bfc062723c751e8b465ee728b)
Start importing Assets/PandazoleHome/Prefabs/Prop_Desk_02.prefab using Guid(84cc6f29985397d479eb0c61931c148c) Importer(815301076,1909f56bfc062723c751e8b465ee728b)  -> (artifact id: '8bdfafa3dbd0aa7bf24f9d4477dfb890') in 0.006869 seconds
Number of updated asset objects reloaded before import = 0
Number of asset objects unloaded after import = 10
========================================================================
Received Import Request.
  Time since last request: 0.001085 seconds.
  path: Assets/PandazoleHome/Prefabs/Prop_Desk_03.prefab
  artifactKey: Guid(798cdb91a0e769b4e98951f3aac351b9) Importer(815301076,1909f56bfc062723c751e8b465ee728b)
Start importing Assets/PandazoleHome/Prefabs/Prop_Desk_03.prefab using Guid(798cdb91a0e769b4e98951f3aac351b9) Importer(815301076,1909f56bfc062723c751e8b465ee728b)  -> (artifact id: 'c500b9109c321759c4d5a710cfa95a61') in 0.019532 seconds
Number of updated asset objects reloaded before import = 0
Number of asset objects unloaded after import = 10
========================================================================
Received Import Request.
  Time since last request: 0.000015 seconds.
  path: Assets/PandazoleHome/Prefabs/Prop_Desk_05.prefab
  artifactKey: Guid(82e6f29752d7d404f99b3b91cd106bbb) Importer(815301076,1909f56bfc062723c751e8b465ee728b)
Start importing Assets/PandazoleHome/Prefabs/Prop_Desk_05.prefab using Guid(82e6f29752d7d404f99b3b91cd106bbb) Importer(815301076,1909f56bfc062723c751e8b465ee728b)  -> (artifact id: 'f44f2de9cd8c7f2e01f9f24bfddb872f') in 0.009480 seconds
Number of updated asset objects reloaded before import = 0
Number of asset objects unloaded after import = 10
========================================================================
Received Import Request.
  Time since last request: 0.000014 seconds.
  path: Assets/PandazoleHome/Prefabs/Prop_Console_04.prefab
  artifactKey: Guid(0911eb968726bf54e970386f8e9e1635) Importer(815301076,1909f56bfc062723c751e8b465ee728b)
Start importing Assets/PandazoleHome/Prefabs/Prop_Console_04.prefab using Guid(0911eb968726bf54e970386f8e9e1635) Importer(815301076,1909f56bfc062723c751e8b465ee728b)  -> (artifact id: '3f9330b76e3592999acf52a192a712a9') in 0.013310 seconds
Number of updated asset objects reloaded before import = 0
Number of asset objects unloaded after import = 10
========================================================================
Received Import Request.
  Time since last request: 0.000011 seconds.
  path: Assets/PandazoleHome/Prefabs/Prop_Desk_06.prefab
  artifactKey: Guid(41c5081334a21674cb0a7c88bfada655) Importer(815301076,1909f56bfc062723c751e8b465ee728b)
Start importing Assets/PandazoleHome/Prefabs/Prop_Desk_06.prefab using Guid(41c5081334a21674cb0a7c88bfada655) Importer(815301076,1909f56bfc062723c751e8b465ee728b)  -> (artifact id: '32d3f99286d525e5d13c0fae84a6cbc1') in 0.014188 seconds
Number of updated asset objects reloaded before import = 0
Number of asset objects unloaded after import = 10
========================================================================
Received Import Request.
  Time since last request: 1.878034 seconds.
  path: Assets/PandazoleHome/Prefabs/Prop_EarthMapBall.prefab
  artifactKey: Guid(a49b32dc9efad8f4b8e5e16c67a9873f) Importer(815301076,1909f56bfc062723c751e8b465ee728b)
Start importing Assets/PandazoleHome/Prefabs/Prop_EarthMapBall.prefab using Guid(a49b32dc9efad8f4b8e5e16c67a9873f) Importer(815301076,1909f56bfc062723c751e8b465ee728b)  -> (artifact id: '91502a0b739764489986f98d5ff78b9e') in 0.006415 seconds
Number of updated asset objects reloaded before import = 0
Number of asset objects unloaded after import = 10
========================================================================
Received Import Request.
  Time since last request: 0.005362 seconds.
  path: Assets/PandazoleHome/Prefabs/Prop_Faucet_06.prefab
  artifactKey: Guid(58d3f816dca80134d879f1e54805f19e) Importer(815301076,1909f56bfc062723c751e8b465ee728b)
Start importing Assets/PandazoleHome/Prefabs/Prop_Faucet_06.prefab using Guid(58d3f816dca80134d879f1e54805f19e) Importer(815301076,1909f56bfc062723c751e8b465ee728b)  -> (artifact id: 'db065f39b44605a08fd9804dd0e5cf3b') in 0.006944 seconds
Number of updated asset objects reloaded before import = 0
Number of asset objects unloaded after import = 10
========================================================================
Received Import Request.
  Time since last request: 0.000012 seconds.
  path: Assets/PandazoleHome/Prefabs/Prop_GenericHandle_03.prefab
  artifactKey: Guid(e407620f567fd804197c76ddd3edb277) Importer(815301076,1909f56bfc062723c751e8b465ee728b)
Start importing Assets/PandazoleHome/Prefabs/Prop_GenericHandle_03.prefab using Guid(e407620f567fd804197c76ddd3edb277) Importer(815301076,1909f56bfc062723c751e8b465ee728b)  -> (artifact id: 'c9d1f4d12a9f4b68b5a97bbb65e7b89a') in 0.007217 seconds
Number of updated asset objects reloaded before import = 0
Number of asset objects unloaded after import = 10
========================================================================
Received Import Request.
  Time since last request: 0.000017 seconds.
  path: Assets/PandazoleHome/Prefabs/Prop_GenericHandle_04.prefab
  artifactKey: Guid(436ecce75b395004f8db0e840d41c139) Importer(815301076,1909f56bfc062723c751e8b465ee728b)
Start importing Assets/PandazoleHome/Prefabs/Prop_GenericHandle_04.prefab using Guid(436ecce75b395004f8db0e840d41c139) Importer(815301076,1909f56bfc062723c751e8b465ee728b)  -> (artifact id: '35a487a68c474d00601a94fb97b6fd0e') in 0.006289 seconds
Number of updated asset objects reloaded before import = 0
Number of asset objects unloaded after import = 10
========================================================================
Received Import Request.
  Time since last request: 0.038324 seconds.
  path: Assets/PandazoleHome/Prefabs/Prop_GenericPillow_01.prefab
  artifactKey: Guid(91a8deccd62eada41bfaeebe619a93bc) Importer(815301076,1909f56bfc062723c751e8b465ee728b)
Start importing Assets/PandazoleHome/Prefabs/Prop_GenericPillow_01.prefab using Guid(91a8deccd62eada41bfaeebe619a93bc) Importer(815301076,1909f56bfc062723c751e8b465ee728b)  -> (artifact id: '771a74c6ab9f407978aa2d42ff3413e4') in 0.006664 seconds
Number of updated asset objects reloaded before import = 0
Number of asset objects unloaded after import = 10
========================================================================
Received Import Request.
  Time since last request: 0.000014 seconds.
  path: Assets/PandazoleHome/Prefabs/Prop_Homeplant_03.prefab
  artifactKey: Guid(49d434d412061c34b9c20366cb1bd289) Importer(815301076,1909f56bfc062723c751e8b465ee728b)
Start importing Assets/PandazoleHome/Prefabs/Prop_Homeplant_03.prefab using Guid(49d434d412061c34b9c20366cb1bd289) Importer(815301076,1909f56bfc062723c751e8b465ee728b)  -> (artifact id: '6f1246a1e3ec9a355f0beb03b807ce01') in 0.006343 seconds
Number of updated asset objects reloaded before import = 0
Number of asset objects unloaded after import = 10
========================================================================
Received Import Request.
  Time since last request: 0.000031 seconds.
  path: Assets/PandazoleHome/Prefabs/Prop_Homeplant_05.prefab
  artifactKey: Guid(875802cb96bef89419c2f4f6b5daa8ba) Importer(815301076,1909f56bfc062723c751e8b465ee728b)
Start importing Assets/PandazoleHome/Prefabs/Prop_Homeplant_05.prefab using Guid(875802cb96bef89419c2f4f6b5daa8ba) Importer(815301076,1909f56bfc062723c751e8b465ee728b)  -> (artifact id: '9e10256adc10273440bf5c3ae21125fc') in 0.006970 seconds
Number of updated asset objects reloaded before import = 0
Number of asset objects unloaded after import = 10
========================================================================
Received Import Request.
  Time since last request: 1.006468 seconds.
  path: Assets/PandazoleHome/Prefabs/Prop_Homeplant_08.prefab
  artifactKey: Guid(17040e010b1c47746a9ad01ba1a57688) Importer(815301076,1909f56bfc062723c751e8b465ee728b)
Start importing Assets/PandazoleHome/Prefabs/Prop_Homeplant_08.prefab using Guid(17040e010b1c47746a9ad01ba1a57688) Importer(815301076,1909f56bfc062723c751e8b465ee728b)  -> (artifact id: '0be5d9c39d3aceca81d9c0b1d439727c') in 0.007313 seconds
Number of updated asset objects reloaded before import = 0
Number of asset objects unloaded after import = 10
========================================================================
Received Import Request.
  Time since last request: 0.000011 seconds.
  path: Assets/PandazoleHome/Prefabs/Prop_HomeSpeaker_02.prefab
  artifactKey: Guid(e926a1146adc61d4ba6ba0270ee0e09a) Importer(815301076,1909f56bfc062723c751e8b465ee728b)
Start importing Assets/PandazoleHome/Prefabs/Prop_HomeSpeaker_02.prefab using Guid(e926a1146adc61d4ba6ba0270ee0e09a) Importer(815301076,1909f56bfc062723c751e8b465ee728b)  -> (artifact id: 'a230e5bcf25402181112c86f0b35d42d') in 0.005829 seconds
Number of updated asset objects reloaded before import = 0
Number of asset objects unloaded after import = 10
========================================================================
Received Import Request.
  Time since last request: 0.000107 seconds.
  path: Assets/PandazoleHome/Prefabs/Prop_HulaHoop_02.prefab
  artifactKey: Guid(b867725f0364de34fbd8a2984d047cb8) Importer(815301076,1909f56bfc062723c751e8b465ee728b)
Start importing Assets/PandazoleHome/Prefabs/Prop_HulaHoop_02.prefab using Guid(b867725f0364de34fbd8a2984d047cb8) Importer(815301076,1909f56bfc062723c751e8b465ee728b)  -> (artifact id: '19bf9381a558728e7d9941a2f45f95c9') in 0.005929 seconds
Number of updated asset objects reloaded before import = 0
Number of asset objects unloaded after import = 9
========================================================================
Received Import Request.
  Time since last request: 0.017926 seconds.
  path: Assets/PandazoleHome/Prefabs/Prop_HulaHoop_03.prefab
  artifactKey: Guid(38fc058efd0077047ae14b565f48d406) Importer(815301076,1909f56bfc062723c751e8b465ee728b)
Start importing Assets/PandazoleHome/Prefabs/Prop_HulaHoop_03.prefab using Guid(38fc058efd0077047ae14b565f48d406) Importer(815301076,1909f56bfc062723c751e8b465ee728b)  -> (artifact id: 'b47f309214550b9d4fa820fbe8afc81e') in 0.005499 seconds
Number of updated asset objects reloaded before import = 0
Number of asset objects unloaded after import = 9
========================================================================
Received Import Request.
  Time since last request: 0.000010 seconds.
  path: Assets/PandazoleHome/Prefabs/Prop_KidsCube_E.prefab
  artifactKey: Guid(17e851b9fc74cdf4ba5af4c4ba62e385) Importer(815301076,1909f56bfc062723c751e8b465ee728b)
Start importing Assets/PandazoleHome/Prefabs/Prop_KidsCube_E.prefab using Guid(17e851b9fc74cdf4ba5af4c4ba62e385) Importer(815301076,1909f56bfc062723c751e8b465ee728b)  -> (artifact id: '8467f9fcfec399377c61827487efaf42') in 0.005515 seconds
Number of updated asset objects reloaded before import = 0
Number of asset objects unloaded after import = 10
========================================================================
Received Import Request.
  Time since last request: 0.000015 seconds.
  path: Assets/PandazoleHome/Prefabs/Prop_KidsCube_G.prefab
  artifactKey: Guid(3728cdc028320a04692a0d3c523a4e3a) Importer(815301076,1909f56bfc062723c751e8b465ee728b)
Start importing Assets/PandazoleHome/Prefabs/Prop_KidsCube_G.prefab using Guid(3728cdc028320a04692a0d3c523a4e3a) Importer(815301076,1909f56bfc062723c751e8b465ee728b)  -> (artifact id: '9fde20e39c29abd69e92ff92295f9773') in 0.006538 seconds
Number of updated asset objects reloaded before import = 0
Number of asset objects unloaded after import = 10
========================================================================
Received Import Request.
  Time since last request: 0.065705 seconds.
  path: Assets/PandazoleHome/Prefabs/Prop_KidsCube_K.prefab
  artifactKey: Guid(24f00a7879bd0b04ebec708c7c136294) Importer(815301076,1909f56bfc062723c751e8b465ee728b)
Start importing Assets/PandazoleHome/Prefabs/Prop_KidsCube_K.prefab using Guid(24f00a7879bd0b04ebec708c7c136294) Importer(815301076,1909f56bfc062723c751e8b465ee728b)  -> (artifact id: '09926bb9a071f91f36d87ec9f48519bd') in 0.005560 seconds
Number of updated asset objects reloaded before import = 0
Number of asset objects unloaded after import = 10
========================================================================
Received Import Request.
  Time since last request: 0.000011 seconds.
  path: Assets/PandazoleHome/Prefabs/Prop_KidsCube_Q.prefab
  artifactKey: Guid(e553bb1f28d5f7441a364f1adb0bd0e8) Importer(815301076,1909f56bfc062723c751e8b465ee728b)
Start importing Assets/PandazoleHome/Prefabs/Prop_KidsCube_Q.prefab using Guid(e553bb1f28d5f7441a364f1adb0bd0e8) Importer(815301076,1909f56bfc062723c751e8b465ee728b)  -> (artifact id: 'c34a1080cee4d772b1ab2b5923e7cdcd') in 0.006780 seconds
Number of updated asset objects reloaded before import = 0
Number of asset objects unloaded after import = 10
========================================================================
Received Import Request.
  Time since last request: 0.000014 seconds.
  path: Assets/PandazoleHome/Prefabs/Prop_KidsCube_P.prefab
  artifactKey: Guid(2cc588d7cf201e148964657789c612b4) Importer(815301076,1909f56bfc062723c751e8b465ee728b)
Start importing Assets/PandazoleHome/Prefabs/Prop_KidsCube_P.prefab using Guid(2cc588d7cf201e148964657789c612b4) Importer(815301076,1909f56bfc062723c751e8b465ee728b)  -> (artifact id: 'b27c0fec14096c6b58946b37801ada5c') in 0.006262 seconds
Number of updated asset objects reloaded before import = 0
Number of asset objects unloaded after import = 10
========================================================================
Received Import Request.
  Time since last request: 0.631251 seconds.
  path: Assets/PandazoleHome/Prefabs/Prop_KidsCube_X.prefab
  artifactKey: Guid(4c0cafb86cc108b4683d80eb0d463707) Importer(815301076,1909f56bfc062723c751e8b465ee728b)
Start importing Assets/PandazoleHome/Prefabs/Prop_KidsCube_X.prefab using Guid(4c0cafb86cc108b4683d80eb0d463707) Importer(815301076,1909f56bfc062723c751e8b465ee728b)  -> (artifact id: '89bf75f2badc42550b8dbc392d6e806d') in 0.007148 seconds
Number of updated asset objects reloaded before import = 0
Number of asset objects unloaded after import = 10
========================================================================
Received Import Request.
  Time since last request: 0.000009 seconds.
  path: Assets/PandazoleHome/Prefabs/Prop_KitchenCabinet_02_C.prefab
  artifactKey: Guid(17214baabb069d74ba0f02326660eb79) Importer(815301076,1909f56bfc062723c751e8b465ee728b)
Start importing Assets/PandazoleHome/Prefabs/Prop_KitchenCabinet_02_C.prefab using Guid(17214baabb069d74ba0f02326660eb79) Importer(815301076,1909f56bfc062723c751e8b465ee728b)  -> (artifact id: 'a665ed41d68c30647c77ab94dc000c5c') in 0.006022 seconds
Number of updated asset objects reloaded before import = 0
Number of asset objects unloaded after import = 10
========================================================================
Received Import Request.
  Time since last request: 0.000032 seconds.
  path: Assets/PandazoleHome/Prefabs/Prop_KitchenCabinet_01_C.prefab
  artifactKey: Guid(94b88ed5b3c59be47ad14ed208249931) Importer(815301076,1909f56bfc062723c751e8b465ee728b)
Start importing Assets/PandazoleHome/Prefabs/Prop_KitchenCabinet_01_C.prefab using Guid(94b88ed5b3c59be47ad14ed208249931) Importer(815301076,1909f56bfc062723c751e8b465ee728b)  -> (artifact id: '17afb42aea82ad279efece184aae5b25') in 0.006301 seconds
Number of updated asset objects reloaded before import = 0
Number of asset objects unloaded after import = 10
========================================================================
Received Import Request.
  Time since last request: 0.296559 seconds.
  path: Assets/PandazoleHome/Prefabs/Prop_KitchenCabinet_02_F.prefab
  artifactKey: Guid(e29fed39803512448a9a1a720d4c246d) Importer(815301076,1909f56bfc062723c751e8b465ee728b)
Start importing Assets/PandazoleHome/Prefabs/Prop_KitchenCabinet_02_F.prefab using Guid(e29fed39803512448a9a1a720d4c246d) Importer(815301076,1909f56bfc062723c751e8b465ee728b)  -> (artifact id: 'cf22c2473904f1cb8eb0a3efe8a35be3') in 0.005335 seconds
Number of updated asset objects reloaded before import = 0
Number of asset objects unloaded after import = 10
========================================================================
Received Import Request.
  Time since last request: 0.000013 seconds.
  path: Assets/PandazoleHome/Prefabs/Prop_KitchenCabinet_02_N.prefab
  artifactKey: Guid(b711e0f039be022438f22f21ececc7e6) Importer(815301076,1909f56bfc062723c751e8b465ee728b)
Start importing Assets/PandazoleHome/Prefabs/Prop_KitchenCabinet_02_N.prefab using Guid(b711e0f039be022438f22f21ececc7e6) Importer(815301076,1909f56bfc062723c751e8b465ee728b)  -> (artifact id: 'e8c87cfe18bddbe6a67670dc7324e8dd') in 0.005392 seconds
Number of updated asset objects reloaded before import = 0
Number of asset objects unloaded after import = 10
========================================================================
Received Import Request.
  Time since last request: 0.000710 seconds.
  path: Assets/PandazoleHome/Prefabs/Prop_KitchenShelf_02.prefab
  artifactKey: Guid(86146fe8e1e34124b956c23d5184bc91) Importer(815301076,1909f56bfc062723c751e8b465ee728b)
Start importing Assets/PandazoleHome/Prefabs/Prop_KitchenShelf_02.prefab using Guid(86146fe8e1e34124b956c23d5184bc91) Importer(815301076,1909f56bfc062723c751e8b465ee728b)  -> (artifact id: 'edfb9b0997f70f3e90c78ed0f6f363e0') in 0.004645 seconds
Number of updated asset objects reloaded before import = 0
Number of asset objects unloaded after import = 10
========================================================================
Received Import Request.
  Time since last request: 0.653059 seconds.
  path: Assets/PandazoleHome/Prefabs/Prop_KitchenShelf_03.prefab
  artifactKey: Guid(5620d8cda8f8ff643afa3b55bf8a72c3) Importer(815301076,1909f56bfc062723c751e8b465ee728b)
Start importing Assets/PandazoleHome/Prefabs/Prop_KitchenShelf_03.prefab using Guid(5620d8cda8f8ff643afa3b55bf8a72c3) Importer(815301076,1909f56bfc062723c751e8b465ee728b)  -> (artifact id: 'b3e19f79a2bb6bfb1a5e9cf717438f47') in 0.005238 seconds
Number of updated asset objects reloaded before import = 0
Number of asset objects unloaded after import = 10
========================================================================
Received Import Request.
  Time since last request: 0.000009 seconds.
  path: Assets/PandazoleHome/Prefabs/Prop_Mirror_02.prefab
  artifactKey: Guid(8fa2124e52ae2ad4e8cd2ea99f019894) Importer(815301076,1909f56bfc062723c751e8b465ee728b)
Start importing Assets/PandazoleHome/Prefabs/Prop_Mirror_02.prefab using Guid(8fa2124e52ae2ad4e8cd2ea99f019894) Importer(815301076,1909f56bfc062723c751e8b465ee728b)  -> (artifact id: 'd624122c539a34a127035c682f6b6a84') in 0.006701 seconds
Number of updated asset objects reloaded before import = 0
Number of asset objects unloaded after import = 10
========================================================================
Received Import Request.
  Time since last request: 0.000014 seconds.
  path: Assets/PandazoleHome/Prefabs/Prop_Nightstand_02.prefab
  artifactKey: Guid(a0acb16d2eeac1b44ab26422085a116b) Importer(815301076,1909f56bfc062723c751e8b465ee728b)
Start importing Assets/PandazoleHome/Prefabs/Prop_Nightstand_02.prefab using Guid(a0acb16d2eeac1b44ab26422085a116b) Importer(815301076,1909f56bfc062723c751e8b465ee728b)  -> (artifact id: 'fd75f9513bc1c99d0709be359a260f0b') in 0.008723 seconds
Number of updated asset objects reloaded before import = 0
Number of asset objects unloaded after import = 10
========================================================================
Received Import Request.
  Time since last request: 0.029893 seconds.
  path: Assets/PandazoleHome/Prefabs/Prop_OfficeChair_01.prefab
  artifactKey: Guid(0d942da2243c678459d11c7fcc4c3aa5) Importer(815301076,1909f56bfc062723c751e8b465ee728b)
Start importing Assets/PandazoleHome/Prefabs/Prop_OfficeChair_01.prefab using Guid(0d942da2243c678459d11c7fcc4c3aa5) Importer(815301076,1909f56bfc062723c751e8b465ee728b)  -> (artifact id: '438397285fa37ab574176b955feb2fe7') in 0.006139 seconds
Number of updated asset objects reloaded before import = 0
Number of asset objects unloaded after import = 10
========================================================================
Received Import Request.
  Time since last request: 0.000010 seconds.
  path: Assets/PandazoleHome/Prefabs/Prop_Paint_03.prefab
  artifactKey: Guid(ab234495dd338a246b23137afc65957c) Importer(815301076,1909f56bfc062723c751e8b465ee728b)
Start importing Assets/PandazoleHome/Prefabs/Prop_Paint_03.prefab using Guid(ab234495dd338a246b23137afc65957c) Importer(815301076,1909f56bfc062723c751e8b465ee728b)  -> (artifact id: '68863f520db10662a5b7b98b0f899abf') in 0.005477 seconds
Number of updated asset objects reloaded before import = 0
Number of asset objects unloaded after import = 10
========================================================================
Received Import Request.
  Time since last request: 0.000012 seconds.
  path: Assets/PandazoleHome/Prefabs/Prop_Paint_04.prefab
  artifactKey: Guid(c59be4c6d5c99ec46b0fcede8bb3a0ed) Importer(815301076,1909f56bfc062723c751e8b465ee728b)
Start importing Assets/PandazoleHome/Prefabs/Prop_Paint_04.prefab using Guid(c59be4c6d5c99ec46b0fcede8bb3a0ed) Importer(815301076,1909f56bfc062723c751e8b465ee728b)  -> (artifact id: '40fa0439ee456b9dd6ee0bcfb6507948') in 0.008420 seconds
Number of updated asset objects reloaded before import = 0
Number of asset objects unloaded after import = 10
========================================================================
Received Import Request.
  Time since last request: 0.677340 seconds.
  path: Assets/PandazoleHome/Prefabs/Prop_PictureFrame_01.prefab
  artifactKey: Guid(e71fd30b99eb17941b906ddf1aa38509) Importer(815301076,1909f56bfc062723c751e8b465ee728b)
Start importing Assets/PandazoleHome/Prefabs/Prop_PictureFrame_01.prefab using Guid(e71fd30b99eb17941b906ddf1aa38509) Importer(815301076,1909f56bfc062723c751e8b465ee728b)  -> (artifact id: '4d8aed2e3db2a1202bad2c2efd8f8145') in 0.005824 seconds
Number of updated asset objects reloaded before import = 0
Number of asset objects unloaded after import = 10
========================================================================
Received Import Request.
  Time since last request: 0.000015 seconds.
  path: Assets/PandazoleHome/Prefabs/Prop_Pouffes_07.prefab
  artifactKey: Guid(4c69c213514274f46b47c91794abeb64) Importer(815301076,1909f56bfc062723c751e8b465ee728b)
Start importing Assets/PandazoleHome/Prefabs/Prop_Pouffes_07.prefab using Guid(4c69c213514274f46b47c91794abeb64) Importer(815301076,1909f56bfc062723c751e8b465ee728b)  -> (artifact id: '7d7c69b1cd3242b3bf9bd83c9ec317a5') in 0.008008 seconds
Number of updated asset objects reloaded before import = 0
Number of asset objects unloaded after import = 10
========================================================================
Received Import Request.
  Time since last request: 0.044116 seconds.
  path: Assets/PandazoleHome/Prefabs/Prop_ShapeSortingBlock_Cube.prefab
  artifactKey: Guid(0dde478918548294e8ebc4b7b7ef9859) Importer(815301076,1909f56bfc062723c751e8b465ee728b)
Start importing Assets/PandazoleHome/Prefabs/Prop_ShapeSortingBlock_Cube.prefab using Guid(0dde478918548294e8ebc4b7b7ef9859) Importer(815301076,1909f56bfc062723c751e8b465ee728b)  -> (artifact id: '4984e6b5b00c831c4e8e07ab7d59e7b4') in 0.009216 seconds
Number of updated asset objects reloaded before import = 0
Number of asset objects unloaded after import = 10
========================================================================
Received Import Request.
  Time since last request: 0.002531 seconds.
  path: Assets/PandazoleHome/Prefabs/Prop_Shelve_04.prefab
  artifactKey: Guid(35cd39788d15b2048a61744f967c8e4f) Importer(815301076,1909f56bfc062723c751e8b465ee728b)
Start importing Assets/PandazoleHome/Prefabs/Prop_Shelve_04.prefab using Guid(35cd39788d15b2048a61744f967c8e4f) Importer(815301076,1909f56bfc062723c751e8b465ee728b)  -> (artifact id: 'a9180760e7a1308babb6042360ba9eb2') in 0.016252 seconds
Number of updated asset objects reloaded before import = 0
Number of asset objects unloaded after import = 10
========================================================================
Received Import Request.
  Time since last request: 8.126194 seconds.
  path: Assets/PandazoleHome/Prefabs/Prop_Shelve_05.prefab
  artifactKey: Guid(90a046def2ef22f4086e36500ba78a66) Importer(815301076,1909f56bfc062723c751e8b465ee728b)
Start importing Assets/PandazoleHome/Prefabs/Prop_Shelve_05.prefab using Guid(90a046def2ef22f4086e36500ba78a66) Importer(815301076,1909f56bfc062723c751e8b465ee728b)  -> (artifact id: '37663140033ae301cab7b9adb7ae4eee') in 0.012871 seconds
Number of updated asset objects reloaded before import = 0
Number of asset objects unloaded after import = 10
========================================================================
Received Import Request.
  Time since last request: 0.000012 seconds.
  path: Assets/PandazoleHome/Prefabs/Prop_Sink_03.prefab
  artifactKey: Guid(6a2878022fe5bb54a9a22f75a7439be9) Importer(815301076,1909f56bfc062723c751e8b465ee728b)
Start importing Assets/PandazoleHome/Prefabs/Prop_Sink_03.prefab using Guid(6a2878022fe5bb54a9a22f75a7439be9) Importer(815301076,1909f56bfc062723c751e8b465ee728b)  -> (artifact id: 'af16ce74c6c6cff09da9eb9dfe7317ca') in 0.019671 seconds
Number of updated asset objects reloaded before import = 0
Number of asset objects unloaded after import = 10
========================================================================
Received Import Request.
  Time since last request: 0.199891 seconds.
  path: Assets/PandazoleHome/Prefabs/Prop_SmallStorageBox_01.prefab
  artifactKey: Guid(48f270c9ce58e894f8655ac4d8853941) Importer(815301076,1909f56bfc062723c751e8b465ee728b)
Start importing Assets/PandazoleHome/Prefabs/Prop_SmallStorageBox_01.prefab using Guid(48f270c9ce58e894f8655ac4d8853941) Importer(815301076,1909f56bfc062723c751e8b465ee728b)  -> (artifact id: 'c65144f3a7b42a36a667fcbaaa1a71cf') in 0.006267 seconds
Number of updated asset objects reloaded before import = 0
Number of asset objects unloaded after import = 10
========================================================================
Received Import Request.
  Time since last request: 0.000420 seconds.
  path: Assets/PandazoleHome/Prefabs/Prop_Sofa_02_C.prefab
  artifactKey: Guid(932c343dbd0ef0147a583d572e95e58b) Importer(815301076,1909f56bfc062723c751e8b465ee728b)
Start importing Assets/PandazoleHome/Prefabs/Prop_Sofa_02_C.prefab using Guid(932c343dbd0ef0147a583d572e95e58b) Importer(815301076,1909f56bfc062723c751e8b465ee728b)  -> (artifact id: 'bcdfdf03624a24db044b8e9a89f6617d') in 0.005549 seconds
Number of updated asset objects reloaded before import = 0
Number of asset objects unloaded after import = 10
========================================================================
Received Import Request.
  Time since last request: 0.640711 seconds.
  path: Assets/PandazoleHome/Prefabs/Prop_Sofa_03_B.prefab
  artifactKey: Guid(358f10e27271ff14db8565b6ced7ed5f) Importer(815301076,1909f56bfc062723c751e8b465ee728b)
Start importing Assets/PandazoleHome/Prefabs/Prop_Sofa_03_B.prefab using Guid(358f10e27271ff14db8565b6ced7ed5f) Importer(815301076,1909f56bfc062723c751e8b465ee728b)  -> (artifact id: 'f9586a9589cad251283ed12915320e3e') in 0.006995 seconds
Number of updated asset objects reloaded before import = 0
Number of asset objects unloaded after import = 10
========================================================================
Received Import Request.
  Time since last request: 0.000013 seconds.
  path: Assets/PandazoleHome/Prefabs/Prop_Sofa_06_D.prefab
  artifactKey: Guid(6dae976ee728f814396e000fd2afdf56) Importer(815301076,1909f56bfc062723c751e8b465ee728b)
Start importing Assets/PandazoleHome/Prefabs/Prop_Sofa_06_D.prefab using Guid(6dae976ee728f814396e000fd2afdf56) Importer(815301076,1909f56bfc062723c751e8b465ee728b)  -> (artifact id: 'd07d0f3ab9ba8c356a425bed18273679') in 0.006914 seconds
Number of updated asset objects reloaded before import = 0
Number of asset objects unloaded after import = 10
========================================================================
Received Import Request.
  Time since last request: 1.463648 seconds.
  path: Assets/PandazoleHome/Prefabs/Prop_Soup.prefab
  artifactKey: Guid(b7148af1dcc6def4b8b7d6a09b0d5498) Importer(815301076,1909f56bfc062723c751e8b465ee728b)
Start importing Assets/PandazoleHome/Prefabs/Prop_Soup.prefab using Guid(b7148af1dcc6def4b8b7d6a09b0d5498) Importer(815301076,1909f56bfc062723c751e8b465ee728b)  -> (artifact id: '79f37a4da81ea1ee59a36039dab96bc2') in 0.005362 seconds
Number of updated asset objects reloaded before import = 0
Number of asset objects unloaded after import = 10
========================================================================
Received Import Request.
  Time since last request: 0.000183 seconds.
  path: Assets/PandazoleHome/Prefabs/Prop_Table_07.prefab
  artifactKey: Guid(315167b772dc9154a8c4982fb45aaede) Importer(815301076,1909f56bfc062723c751e8b465ee728b)
Start importing Assets/PandazoleHome/Prefabs/Prop_Table_07.prefab using Guid(315167b772dc9154a8c4982fb45aaede) Importer(815301076,1909f56bfc062723c751e8b465ee728b)  -> (artifact id: 'bce034c3ff7e273f1090ee5c2f1f1530') in 0.006306 seconds
Number of updated asset objects reloaded before import = 0
Number of asset objects unloaded after import = 10
========================================================================
Received Import Request.
  Time since last request: 0.847883 seconds.
  path: Assets/PandazoleHome/Prefabs/Prop_Table_10.prefab
  artifactKey: Guid(ce84537aafaf10642b4f78f152d0cb53) Importer(815301076,1909f56bfc062723c751e8b465ee728b)
Start importing Assets/PandazoleHome/Prefabs/Prop_Table_10.prefab using Guid(ce84537aafaf10642b4f78f152d0cb53) Importer(815301076,1909f56bfc062723c751e8b465ee728b)  -> (artifact id: '59df1424e9ec6eac2117fd5b21c5a4eb') in 0.005504 seconds
Number of updated asset objects reloaded before import = 0
Number of asset objects unloaded after import = 10
========================================================================
Received Import Request.
  Time since last request: 0.000011 seconds.
  path: Assets/PandazoleHome/Prefabs/Prop_Table_17.prefab
  artifactKey: Guid(396d07c3645624241ace99abaeb6d520) Importer(815301076,1909f56bfc062723c751e8b465ee728b)
Start importing Assets/PandazoleHome/Prefabs/Prop_Table_17.prefab using Guid(396d07c3645624241ace99abaeb6d520) Importer(815301076,1909f56bfc062723c751e8b465ee728b)  -> (artifact id: 'e270f0fd3f0a556009ae70fe7ef4971e') in 0.008359 seconds
Number of updated asset objects reloaded before import = 0
Number of asset objects unloaded after import = 10
========================================================================
Received Import Request.
  Time since last request: 0.047999 seconds.
  path: Assets/PandazoleHome/Prefabs/Prop_TeddyBear_04.prefab
  artifactKey: Guid(625b27705cf415242913c2cd454718e8) Importer(815301076,1909f56bfc062723c751e8b465ee728b)
Start importing Assets/PandazoleHome/Prefabs/Prop_TeddyBear_04.prefab using Guid(625b27705cf415242913c2cd454718e8) Importer(815301076,1909f56bfc062723c751e8b465ee728b)  -> (artifact id: 'd018b87f3e2f8828fef61495ec60e702') in 0.007040 seconds
Number of updated asset objects reloaded before import = 0
Number of asset objects unloaded after import = 10
========================================================================
Received Import Request.
  Time since last request: 0.000010 seconds.
  path: Assets/PandazoleHome/Prefabs/Prop_Towel_02.prefab
  artifactKey: Guid(7cb17f918a528a34d9e5de9799e8d5b1) Importer(815301076,1909f56bfc062723c751e8b465ee728b)
Start importing Assets/PandazoleHome/Prefabs/Prop_Towel_02.prefab using Guid(7cb17f918a528a34d9e5de9799e8d5b1) Importer(815301076,1909f56bfc062723c751e8b465ee728b)  -> (artifact id: '58df05985b1a4e2bdc97bd6145488382') in 0.009488 seconds
Number of updated asset objects reloaded before import = 0
Number of asset objects unloaded after import = 10
========================================================================
Received Import Request.
  Time since last request: 0.735962 seconds.
  path: Assets/PandazoleHome/Prefabs/Prop_TowelRails_02.prefab
  artifactKey: Guid(75c64a2c73abaa64cbe1acbc1f72a457) Importer(815301076,1909f56bfc062723c751e8b465ee728b)
Start importing Assets/PandazoleHome/Prefabs/Prop_TowelRails_02.prefab using Guid(75c64a2c73abaa64cbe1acbc1f72a457) Importer(815301076,1909f56bfc062723c751e8b465ee728b)  -> (artifact id: '6bc05becbf36cdc78032be08c1639e05') in 0.006980 seconds
Number of updated asset objects reloaded before import = 0
Number of asset objects unloaded after import = 10
========================================================================
Received Import Request.
  Time since last request: 0.000008 seconds.
  path: Assets/PandazoleHome/Prefabs/Prop_ToyXylophone.prefab
  artifactKey: Guid(90035a9892dd65e4986373bc91a13393) Importer(815301076,1909f56bfc062723c751e8b465ee728b)
Start importing Assets/PandazoleHome/Prefabs/Prop_ToyXylophone.prefab using Guid(90035a9892dd65e4986373bc91a13393) Importer(815301076,1909f56bfc062723c751e8b465ee728b)  -> (artifact id: '72d671c03b6a1ade0e9125d6d2ac8d50') in 0.023918 seconds
Number of updated asset objects reloaded before import = 0
Number of asset objects unloaded after import = 20
========================================================================
Received Import Request.
  Time since last request: 0.000046 seconds.
  path: Assets/PandazoleHome/Prefabs/Prop_TrashCan_01.prefab
  artifactKey: Guid(62e7ace1d34703d4d8433b9c50e909cb) Importer(815301076,1909f56bfc062723c751e8b465ee728b)
Start importing Assets/PandazoleHome/Prefabs/Prop_TrashCan_01.prefab using Guid(62e7ace1d34703d4d8433b9c50e909cb) Importer(815301076,1909f56bfc062723c751e8b465ee728b)  -> (artifact id: '5d5df67a1e50fa57a6649eefc7a59fc2') in 0.027624 seconds
Number of updated asset objects reloaded before import = 0
Number of asset objects unloaded after import = 10
========================================================================
Received Import Request.
  Time since last request: 0.040700 seconds.
  path: Assets/PandazoleHome/Prefabs/Prop_TrashCan_05.prefab
  artifactKey: Guid(2456e902a262fa448b29f93aa6e5e347) Importer(815301076,1909f56bfc062723c751e8b465ee728b)
Start importing Assets/PandazoleHome/Prefabs/Prop_TrashCan_05.prefab using Guid(2456e902a262fa448b29f93aa6e5e347) Importer(815301076,1909f56bfc062723c751e8b465ee728b)  -> (artifact id: '9ee9ba00debf02ac15a3e9cfe6cf0f52') in 0.008041 seconds
Number of updated asset objects reloaded before import = 0
Number of asset objects unloaded after import = 10
========================================================================
Received Import Request.
  Time since last request: 0.000176 seconds.
  path: Assets/PandazoleHome/Prefabs/Prop_WallShelf_05.prefab
  artifactKey: Guid(42bd9f120b81dd143826470232c2d1b9) Importer(815301076,1909f56bfc062723c751e8b465ee728b)
Start importing Assets/PandazoleHome/Prefabs/Prop_WallShelf_05.prefab using Guid(42bd9f120b81dd143826470232c2d1b9) Importer(815301076,1909f56bfc062723c751e8b465ee728b)  -> (artifact id: '284a6c506698a0d0ca81ebf5f123fdb7') in 0.016751 seconds
Number of updated asset objects reloaded before import = 0
Number of asset objects unloaded after import = 10
========================================================================
Received Import Request.
  Time since last request: 0.060629 seconds.
  path: Assets/PandazoleHome/Prefabs/Prop_WallShelf_08.prefab
  artifactKey: Guid(fb3ee80fd4c958d42b57aff18628d442) Importer(815301076,1909f56bfc062723c751e8b465ee728b)
Start importing Assets/PandazoleHome/Prefabs/Prop_WallShelf_08.prefab using Guid(fb3ee80fd4c958d42b57aff18628d442) Importer(815301076,1909f56bfc062723c751e8b465ee728b)  -> (artifact id: 'd88d596d8ea79febc58652fff22c5f94') in 0.008777 seconds
Number of updated asset objects reloaded before import = 0
Number of asset objects unloaded after import = 10
========================================================================
Received Import Request.
  Time since last request: 0.000011 seconds.
  path: Assets/PandazoleHome/Prefabs/Prop_Washer_01.prefab
  artifactKey: Guid(a7ab1bb90a3206b4b83bff2c6fef346d) Importer(815301076,1909f56bfc062723c751e8b465ee728b)
Start importing Assets/PandazoleHome/Prefabs/Prop_Washer_01.prefab using Guid(a7ab1bb90a3206b4b83bff2c6fef346d) Importer(815301076,1909f56bfc062723c751e8b465ee728b)  -> (artifact id: 'bca762828d75f077e17b104f81312df4') in 0.024541 seconds
Number of updated asset objects reloaded before import = 0
Number of asset objects unloaded after import = 10
========================================================================
Received Import Request.
  Time since last request: 1.088980 seconds.
  path: Assets/PandazoleHome/Prefabs/Prop_WaterGallon.prefab
  artifactKey: Guid(4f4a72619d27fba45aa182d4488be061) Importer(815301076,1909f56bfc062723c751e8b465ee728b)
Start importing Assets/PandazoleHome/Prefabs/Prop_WaterGallon.prefab using Guid(4f4a72619d27fba45aa182d4488be061) Importer(815301076,1909f56bfc062723c751e8b465ee728b)  -> (artifact id: '28f79cf84130c10c996fe6aa2fdf8835') in 0.007002 seconds
Number of updated asset objects reloaded before import = 0
Number of asset objects unloaded after import = 10
========================================================================
Received Import Request.
  Time since last request: 414.498328 seconds.
  path: Assets/PandazoleHome/Models/Demo/Pandazole Home Interior.fbx
  artifactKey: Guid(2bdcb97bba847364597be0c630dac82a) Importer(815301076,1909f56bfc062723c751e8b465ee728b)
Start importing Assets/PandazoleHome/Models/Demo/Pandazole Home Interior.fbx using Guid(2bdcb97bba847364597be0c630dac82a) Importer(815301076,1909f56bfc062723c751e8b465ee728b)  -> (artifact id: 'db2f239ba6725ba184ca47a369befae5') in 1.829011 seconds
Number of updated asset objects reloaded before import = 0
Number of asset objects unloaded after import = 1966
========================================================================
Received Import Request.
  Time since last request: 127.835547 seconds.
  path: Assets/prefabs/chair Variant.prefab
  artifactKey: Guid(c91c32152af993543b457aafb9b7e9bb) Importer(815301076,1909f56bfc062723c751e8b465ee728b)
Start importing Assets/prefabs/chair Variant.prefab using Guid(c91c32152af993543b457aafb9b7e9bb) Importer(815301076,1909f56bfc062723c751e8b465ee728b)  -> (artifact id: 'd1e28de00d049062c321d29c39463f74') in 0.009764 seconds
Number of updated asset objects reloaded before import = 0
Number of asset objects unloaded after import = 26
========================================================================
Received Import Request.
  Time since last request: 0.005776 seconds.
  path: Assets/prefabs/laptop Variant.prefab
  artifactKey: Guid(dac823bdb9e35fe439f8020be58577c0) Importer(815301076,1909f56bfc062723c751e8b465ee728b)
Start importing Assets/prefabs/laptop Variant.prefab using Guid(dac823bdb9e35fe439f8020be58577c0) Importer(815301076,1909f56bfc062723c751e8b465ee728b)  -> (artifact id: '9ba661df81c6109fdee5b61bbde44ff5') in 0.005179 seconds
Number of updated asset objects reloaded before import = 0
Number of asset objects unloaded after import = 26
========================================================================
Received Import Request.
  Time since last request: 0.004970 seconds.
  path: Assets/prefabs/mousepad Variant.prefab
  artifactKey: Guid(4fbf81c8207f9b14b83eccb83d89fca0) Importer(815301076,1909f56bfc062723c751e8b465ee728b)
Start importing Assets/prefabs/mousepad Variant.prefab using Guid(4fbf81c8207f9b14b83eccb83d89fca0) Importer(815301076,1909f56bfc062723c751e8b465ee728b)  -> (artifact id: '1114dc744fca00d52bc9f2d5eafb00d7') in 0.006250 seconds
Number of updated asset objects reloaded before import = 0
Number of asset objects unloaded after import = 26
========================================================================
Received Import Request.
  Time since last request: 0.003475 seconds.
  path: Assets/prefabs/pencil Variant.prefab
  artifactKey: Guid(0c8b0df037817c94b9fd771f1b46e719) Importer(815301076,1909f56bfc062723c751e8b465ee728b)
Start importing Assets/prefabs/pencil Variant.prefab using Guid(0c8b0df037817c94b9fd771f1b46e719) Importer(815301076,1909f56bfc062723c751e8b465ee728b)  -> (artifact id: '19df9a6ac464153bfbc4f08d6e2a8457') in 0.006990 seconds
Number of updated asset objects reloaded before import = 0
Number of asset objects unloaded after import = 26
========================================================================
Received Import Request.
  Time since last request: 0.002929 seconds.
  path: Assets/prefabs/Setup 1.prefab
  artifactKey: Guid(e2397f324a5b80f4b99a7a40a050591e) Importer(815301076,1909f56bfc062723c751e8b465ee728b)
Start importing Assets/prefabs/Setup 1.prefab using Guid(e2397f324a5b80f4b99a7a40a050591e) Importer(815301076,1909f56bfc062723c751e8b465ee728b)  -> (artifact id: 'f7a7b03ea064bcd6a64c61603f89bfc3') in 0.027733 seconds
Number of updated asset objects reloaded before import = 0
Number of asset objects unloaded after import = 399
========================================================================
Received Import Request.
  Time since last request: 0.000020 seconds.
  path: Assets/prefabs/display.004 Variant.prefab
  artifactKey: Guid(fcb82ee373914d64da0302be2f4cfbd4) Importer(815301076,1909f56bfc062723c751e8b465ee728b)
Start importing Assets/prefabs/display.004 Variant.prefab using Guid(fcb82ee373914d64da0302be2f4cfbd4) Importer(815301076,1909f56bfc062723c751e8b465ee728b)  -> (artifact id: '41882b8bd18d0c1ef462521e5dda3f2d') in 0.008539 seconds
Number of updated asset objects reloaded before import = 0
Number of asset objects unloaded after import = 26
========================================================================
Received Import Request.
  Time since last request: 0.000020 seconds.
  path: Assets/prefabs/pencil (1) Variant.prefab
  artifactKey: Guid(5b9da11d581b5ab43bc680fcb6d7559f) Importer(815301076,1909f56bfc062723c751e8b465ee728b)
Start importing Assets/prefabs/pencil (1) Variant.prefab using Guid(5b9da11d581b5ab43bc680fcb6d7559f) Importer(815301076,1909f56bfc062723c751e8b465ee728b)  -> (artifact id: '4abc3a52d9d4f19263163b1b81e727d9') in 0.006266 seconds
Number of updated asset objects reloaded before import = 0
Number of asset objects unloaded after import = 26
========================================================================
Received Import Request.
  Time since last request: 0.000017 seconds.
  path: Assets/prefabs/desk Variant.prefab
  artifactKey: Guid(eb2ced21aae055445aef9ed4e7d75869) Importer(815301076,1909f56bfc062723c751e8b465ee728b)
Start importing Assets/prefabs/desk Variant.prefab using Guid(eb2ced21aae055445aef9ed4e7d75869) Importer(815301076,1909f56bfc062723c751e8b465ee728b)  -> (artifact id: '3302658e39bb57db4a47bbe5ff9ae72b') in 0.009026 seconds
Number of updated asset objects reloaded before import = 0
Number of asset objects unloaded after import = 146
========================================================================
Received Import Request.
  Time since last request: 0.000020 seconds.
  path: Assets/prefabs/pc Variant.prefab
  artifactKey: Guid(4f1fba319df296f4aad76873d2e92239) Importer(815301076,1909f56bfc062723c751e8b465ee728b)
Start importing Assets/prefabs/pc Variant.prefab using Guid(4f1fba319df296f4aad76873d2e92239) Importer(815301076,1909f56bfc062723c751e8b465ee728b)  -> (artifact id: '404a85ee6308c30472214915eb870b98') in 0.010153 seconds
Number of updated asset objects reloaded before import = 0
Number of asset objects unloaded after import = 26
========================================================================
Received Import Request.
  Time since last request: 0.000015 seconds.
  path: Assets/prefabs/display Variant.prefab
  artifactKey: Guid(7f2186696f3e6214daafd2625a496d08) Importer(815301076,1909f56bfc062723c751e8b465ee728b)
Start importing Assets/prefabs/display Variant.prefab using Guid(7f2186696f3e6214daafd2625a496d08) Importer(815301076,1909f56bfc062723c751e8b465ee728b)  -> (artifact id: '15b9e1d50fa475c31d38fc5457ce3135') in 0.007030 seconds
Number of updated asset objects reloaded before import = 0
Number of asset objects unloaded after import = 26
========================================================================
Received Import Request.
  Time since last request: 6.626248 seconds.
  path: Assets/iPoly3D/Server Room/Prefabs/airvent.prefab
  artifactKey: Guid(d7cd5c7975835a14cae4bcbafa34bd4b) Importer(815301076,1909f56bfc062723c751e8b465ee728b)
Start importing Assets/iPoly3D/Server Room/Prefabs/airvent.prefab using Guid(d7cd5c7975835a14cae4bcbafa34bd4b) Importer(815301076,1909f56bfc062723c751e8b465ee728b)  -> (artifact id: '22d7b63200957ceb2d17003b0591e381') in 0.012127 seconds
Number of updated asset objects reloaded before import = 0
Number of asset objects unloaded after import = 19
========================================================================
Received Import Request.
  Time since last request: 0.000374 seconds.
  path: Assets/iPoly3D/Server Room/Prefabs/electric cable.prefab
  artifactKey: Guid(62e70069d36571e41b6fa07f1eeb764b) Importer(815301076,1909f56bfc062723c751e8b465ee728b)
Start importing Assets/iPoly3D/Server Room/Prefabs/electric cable.prefab using Guid(62e70069d36571e41b6fa07f1eeb764b) Importer(815301076,1909f56bfc062723c751e8b465ee728b)  -> (artifact id: 'a98dad13663d49f1fb1f9e0acf104609') in 0.007636 seconds
Number of updated asset objects reloaded before import = 0
Number of asset objects unloaded after import = 19
========================================================================
Received Import Request.
  Time since last request: 0.000010 seconds.
  path: Assets/iPoly3D/Server Room/Prefabs/pc.prefab
  artifactKey: Guid(424622fb2f5ecf54b87e7c616e7ec1dd) Importer(815301076,1909f56bfc062723c751e8b465ee728b)
Start importing Assets/iPoly3D/Server Room/Prefabs/pc.prefab using Guid(424622fb2f5ecf54b87e7c616e7ec1dd) Importer(815301076,1909f56bfc062723c751e8b465ee728b)  -> (artifact id: '76ee7dfeee80a02f9d3032f92ee955be') in 0.016525 seconds
Number of updated asset objects reloaded before import = 0
Number of asset objects unloaded after import = 19
========================================================================
Received Import Request.
  Time since last request: 0.000016 seconds.
  path: Assets/iPoly3D/Server Room/Prefabs/display.004.prefab
  artifactKey: Guid(f78cb5e3a28483a41b34edc8c1b57ca1) Importer(815301076,1909f56bfc062723c751e8b465ee728b)
Start importing Assets/iPoly3D/Server Room/Prefabs/display.004.prefab using Guid(f78cb5e3a28483a41b34edc8c1b57ca1) Importer(815301076,1909f56bfc062723c751e8b465ee728b)  -> (artifact id: '6d9b8162d4c1a8b04d9adcbe9d121a53') in 0.028181 seconds
Number of updated asset objects reloaded before import = 0
Number of asset objects unloaded after import = 19
========================================================================
Received Import Request.
  Time since last request: 0.000012 seconds.
  path: Assets/iPoly3D/Server Room/Prefabs/panel.prefab
  artifactKey: Guid(5eb59992ccf63a945806038868d7263a) Importer(815301076,1909f56bfc062723c751e8b465ee728b)
Start importing Assets/iPoly3D/Server Room/Prefabs/panel.prefab using Guid(5eb59992ccf63a945806038868d7263a) Importer(815301076,1909f56bfc062723c751e8b465ee728b)  -> (artifact id: 'bd20ca06d882d9c6aeb91a78046a3af4') in 0.044412 seconds
Number of updated asset objects reloaded before import = 0
Number of asset objects unloaded after import = 19
========================================================================
Received Import Request.
  Time since last request: 0.000017 seconds.
  path: Assets/iPoly3D/Server Room/Prefabs/display.prefab
  artifactKey: Guid(74be82cbd3349a44d90866b7cbaed00c) Importer(815301076,1909f56bfc062723c751e8b465ee728b)
Start importing Assets/iPoly3D/Server Room/Prefabs/display.prefab using Guid(74be82cbd3349a44d90866b7cbaed00c) Importer(815301076,1909f56bfc062723c751e8b465ee728b)  -> (artifact id: 'b3e5c86e0d386e9412a3b82139b6dc3f') in 0.029526 seconds
Number of updated asset objects reloaded before import = 0
Number of asset objects unloaded after import = 19
========================================================================
Received Import Request.
  Time since last request: 0.000015 seconds.
  path: Assets/iPoly3D/Server Room/Prefabs/mousepad.prefab
  artifactKey: Guid(756f878363fcf1a4f89e45fa167dd3ed) Importer(815301076,1909f56bfc062723c751e8b465ee728b)
Start importing Assets/iPoly3D/Server Room/Prefabs/mousepad.prefab using Guid(756f878363fcf1a4f89e45fa167dd3ed) Importer(815301076,1909f56bfc062723c751e8b465ee728b)  -> (artifact id: 'cc2544819188c68439449942ce2293c4') in 0.048372 seconds
Number of updated asset objects reloaded before import = 0
Number of asset objects unloaded after import = 19
========================================================================
Received Import Request.
  Time since last request: 0.000024 seconds.
  path: Assets/iPoly3D/Server Room/Prefabs/server.prefab
  artifactKey: Guid(2f3fe288da751a2428fc82d8e5ed9f7e) Importer(815301076,1909f56bfc062723c751e8b465ee728b)
Start importing Assets/iPoly3D/Server Room/Prefabs/server.prefab using Guid(2f3fe288da751a2428fc82d8e5ed9f7e) Importer(815301076,1909f56bfc062723c751e8b465ee728b)  -> (artifact id: '5d470e73dc41892892c32271b01daafc') in 0.029398 seconds
Number of updated asset objects reloaded before import = 0
Number of asset objects unloaded after import = 31
Editor requested this worker to shutdown with reason: Scaling down because of idle timeout
TcpMessagingSession - receive error: operation aborted. errorcode: 995, details: The I/O operation has been aborted because of either a thread exit or an application request.
AssetImportWorker is now disconnected from the server
Process exiting
Exiting without the bug reporter. Application will terminate with return code 0